[0.009s] Invoking command in '/home/emmm/Desktop/rm/ROS2/learn/chapter3/interface_ws/build/example_ros2_interfaces': CMAKE_PREFIX_PATH=${CMAKE_PREFIX_PATH}:/opt/ros/humble /usr/bin/cmake --build /home/emmm/Desktop/rm/ROS2/learn/chapter3/interface_ws/build/example_ros2_interfaces -- -j12 -l12
[0.064s] [  2%] Built target example_ros2_interfaces__cpp
[0.070s] [ 12%] Built target example_ros2_interfaces__rosidl_generator_c
[0.086s] [ 12%] Built target ament_cmake_python_copy_example_ros2_interfaces
[0.103s] [ 23%] Built target example_ros2_interfaces__rosidl_typesupport_fastrtps_c
[0.106s] [ 34%] Built target example_ros2_interfaces__rosidl_typesupport_introspection_cpp
[0.110s] [ 44%] Built target example_ros2_interfaces__rosidl_typesupport_cpp
[0.111s] [ 55%] Built target example_ros2_interfaces__rosidl_typesupport_introspection_c
[0.111s] [ 65%] Built target example_ros2_interfaces__rosidl_typesupport_fastrtps_cpp
[0.115s] [ 76%] Built target example_ros2_interfaces__rosidl_typesupport_c
[0.136s] [ 76%] Built target example_ros2_interfaces
[0.155s] [ 78%] Built target example_ros2_interfaces__py
[0.179s] [ 87%] Built target example_ros2_interfaces__rosidl_generator_py
[0.202s] [ 91%] Built target example_ros2_interfaces__rosidl_typesupport_introspection_c__pyext
[0.203s] [100%] Built target example_ros2_interfaces__rosidl_typesupport_c__pyext
[0.203s] [100%] Built target example_ros2_interfaces__rosidl_typesupport_fastrtps_c__pyext
[0.300s] running egg_info
[0.301s] writing example_ros2_interfaces.egg-info/PKG-INFO
[0.301s] writing dependency_links to example_ros2_interfaces.egg-info/dependency_links.txt
[0.301s] writing top-level names to example_ros2_interfaces.egg-info/top_level.txt
[0.302s] reading manifest file 'example_ros2_interfaces.egg-info/SOURCES.txt'
[0.303s] writing manifest file 'example_ros2_interfaces.egg-info/SOURCES.txt'
[0.322s] [100%] Built target ament_cmake_python_build_example_ros2_interfaces_egg
[0.333s] Invoked command in '/home/emmm/Desktop/rm/ROS2/learn/chapter3/interface_ws/build/example_ros2_interfaces' returned '0': CMAKE_PREFIX_PATH=${CMAKE_PREFIX_PATH}:/opt/ros/humble /usr/bin/cmake --build /home/emmm/Desktop/rm/ROS2/learn/chapter3/interface_ws/build/example_ros2_interfaces -- -j12 -l12
[0.344s] Invoking command in '/home/emmm/Desktop/rm/ROS2/learn/chapter3/interface_ws/build/example_ros2_interfaces': CMAKE_PREFIX_PATH=${CMAKE_PREFIX_PATH}:/opt/ros/humble /usr/bin/cmake --install /home/emmm/Desktop/rm/ROS2/learn/chapter3/interface_ws/build/example_ros2_interfaces
[0.356s] -- Install configuration: ""
[0.356s] -- Up-to-date: /home/emmm/Desktop/rm/ROS2/learn/chapter3/interface_ws/install/example_ros2_interfaces/share/ament_index/resource_index/rosidl_interfaces/example_ros2_interfaces
[0.356s] -- Up-to-date: /home/emmm/Desktop/rm/ROS2/learn/chapter3/interface_ws/install/example_ros2_interfaces/include/example_ros2_interfaces/example_ros2_interfaces
[0.356s] -- Up-to-date: /home/emmm/Desktop/rm/ROS2/learn/chapter3/interface_ws/install/example_ros2_interfaces/include/example_ros2_interfaces/example_ros2_interfaces/srv
[0.357s] -- Up-to-date: /home/emmm/Desktop/rm/ROS2/learn/chapter3/interface_ws/install/example_ros2_interfaces/include/example_ros2_interfaces/example_ros2_interfaces/srv/move_robot.h
[0.357s] -- Up-to-date: /home/emmm/Desktop/rm/ROS2/learn/chapter3/interface_ws/install/example_ros2_interfaces/include/example_ros2_interfaces/example_ros2_interfaces/srv/detail
[0.357s] -- Up-to-date: /home/emmm/Desktop/rm/ROS2/learn/chapter3/interface_ws/install/example_ros2_interfaces/include/example_ros2_interfaces/example_ros2_interfaces/srv/detail/move_robot__functions.c
[0.357s] -- Up-to-date: /home/emmm/Desktop/rm/ROS2/learn/chapter3/interface_ws/install/example_ros2_interfaces/include/example_ros2_interfaces/example_ros2_interfaces/srv/detail/move_robot__functions.h
[0.357s] -- Up-to-date: /home/emmm/Desktop/rm/ROS2/learn/chapter3/interface_ws/install/example_ros2_interfaces/include/example_ros2_interfaces/example_ros2_interfaces/srv/detail/move_robot__type_support.h
[0.358s] -- Up-to-date: /home/emmm/Desktop/rm/ROS2/learn/chapter3/interface_ws/install/example_ros2_interfaces/include/example_ros2_interfaces/example_ros2_interfaces/srv/detail/move_robot__struct.h
[0.358s] -- Up-to-date: /home/emmm/Desktop/rm/ROS2/learn/chapter3/interface_ws/install/example_ros2_interfaces/include/example_ros2_interfaces/example_ros2_interfaces/msg
[0.358s] -- Up-to-date: /home/emmm/Desktop/rm/ROS2/learn/chapter3/interface_ws/install/example_ros2_interfaces/include/example_ros2_interfaces/example_ros2_interfaces/msg/robot_status.h
[0.358s] -- Up-to-date: /home/emmm/Desktop/rm/ROS2/learn/chapter3/interface_ws/install/example_ros2_interfaces/include/example_ros2_interfaces/example_ros2_interfaces/msg/rosidl_generator_c__visibility_control.h
[0.358s] -- Up-to-date: /home/emmm/Desktop/rm/ROS2/learn/chapter3/interface_ws/install/example_ros2_interfaces/include/example_ros2_interfaces/example_ros2_interfaces/msg/robot_pose.h
[0.358s] -- Up-to-date: /home/emmm/Desktop/rm/ROS2/learn/chapter3/interface_ws/install/example_ros2_interfaces/include/example_ros2_interfaces/example_ros2_interfaces/msg/detail
[0.359s] -- Up-to-date: /home/emmm/Desktop/rm/ROS2/learn/chapter3/interface_ws/install/example_ros2_interfaces/include/example_ros2_interfaces/example_ros2_interfaces/msg/detail/robot_pose__struct.h
[0.359s] -- Up-to-date: /home/emmm/Desktop/rm/ROS2/learn/chapter3/interface_ws/install/example_ros2_interfaces/include/example_ros2_interfaces/example_ros2_interfaces/msg/detail/robot_pose__type_support.h
[0.359s] -- Up-to-date: /home/emmm/Desktop/rm/ROS2/learn/chapter3/interface_ws/install/example_ros2_interfaces/include/example_ros2_interfaces/example_ros2_interfaces/msg/detail/robot_status__functions.h
[0.359s] -- Up-to-date: /home/emmm/Desktop/rm/ROS2/learn/chapter3/interface_ws/install/example_ros2_interfaces/include/example_ros2_interfaces/example_ros2_interfaces/msg/detail/robot_status__functions.c
[0.359s] -- Up-to-date: /home/emmm/Desktop/rm/ROS2/learn/chapter3/interface_ws/install/example_ros2_interfaces/include/example_ros2_interfaces/example_ros2_interfaces/msg/detail/robot_status__struct.h
[0.359s] -- Up-to-date: /home/emmm/Desktop/rm/ROS2/learn/chapter3/interface_ws/install/example_ros2_interfaces/include/example_ros2_interfaces/example_ros2_interfaces/msg/detail/robot_pose__functions.c
[0.359s] -- Up-to-date: /home/emmm/Desktop/rm/ROS2/learn/chapter3/interface_ws/install/example_ros2_interfaces/include/example_ros2_interfaces/example_ros2_interfaces/msg/detail/robot_pose__functions.h
[0.359s] -- Up-to-date: /home/emmm/Desktop/rm/ROS2/learn/chapter3/interface_ws/install/example_ros2_interfaces/include/example_ros2_interfaces/example_ros2_interfaces/msg/detail/robot_status__type_support.h
[0.360s] -- Up-to-date: /home/emmm/Desktop/rm/ROS2/learn/chapter3/interface_ws/install/example_ros2_interfaces/share/example_ros2_interfaces/environment/library_path.sh
[0.360s] -- Up-to-date: /home/emmm/Desktop/rm/ROS2/learn/chapter3/interface_ws/install/example_ros2_interfaces/share/example_ros2_interfaces/environment/library_path.dsv
[0.360s] -- Up-to-date: /home/emmm/Desktop/rm/ROS2/learn/chapter3/interface_ws/install/example_ros2_interfaces/lib/libexample_ros2_interfaces__rosidl_generator_c.so
[0.360s] -- Up-to-date: /home/emmm/Desktop/rm/ROS2/learn/chapter3/interface_ws/install/example_ros2_interfaces/include/example_ros2_interfaces/example_ros2_interfaces
[0.360s] -- Up-to-date: /home/emmm/Desktop/rm/ROS2/learn/chapter3/interface_ws/install/example_ros2_interfaces/include/example_ros2_interfaces/example_ros2_interfaces/srv
[0.360s] -- Up-to-date: /home/emmm/Desktop/rm/ROS2/learn/chapter3/interface_ws/install/example_ros2_interfaces/include/example_ros2_interfaces/example_ros2_interfaces/srv/detail
[0.360s] -- Up-to-date: /home/emmm/Desktop/rm/ROS2/learn/chapter3/interface_ws/install/example_ros2_interfaces/include/example_ros2_interfaces/example_ros2_interfaces/srv/detail/move_robot__rosidl_typesupport_fastrtps_c.h
[0.361s] -- Up-to-date: /home/emmm/Desktop/rm/ROS2/learn/chapter3/interface_ws/install/example_ros2_interfaces/include/example_ros2_interfaces/example_ros2_interfaces/msg
[0.361s] -- Up-to-date: /home/emmm/Desktop/rm/ROS2/learn/chapter3/interface_ws/install/example_ros2_interfaces/include/example_ros2_interfaces/example_ros2_interfaces/msg/rosidl_typesupport_fastrtps_c__visibility_control.h
[0.361s] -- Up-to-date: /home/emmm/Desktop/rm/ROS2/learn/chapter3/interface_ws/install/example_ros2_interfaces/include/example_ros2_interfaces/example_ros2_interfaces/msg/detail
[0.361s] -- Up-to-date: /home/emmm/Desktop/rm/ROS2/learn/chapter3/interface_ws/install/example_ros2_interfaces/include/example_ros2_interfaces/example_ros2_interfaces/msg/detail/robot_pose__rosidl_typesupport_fastrtps_c.h
[0.361s] -- Up-to-date: /home/emmm/Desktop/rm/ROS2/learn/chapter3/interface_ws/install/example_ros2_interfaces/include/example_ros2_interfaces/example_ros2_interfaces/msg/detail/robot_status__rosidl_typesupport_fastrtps_c.h
[0.361s] -- Up-to-date: /home/emmm/Desktop/rm/ROS2/learn/chapter3/interface_ws/install/example_ros2_interfaces/lib/libexample_ros2_interfaces__rosidl_typesupport_fastrtps_c.so
[0.361s] -- Up-to-date: /home/emmm/Desktop/rm/ROS2/learn/chapter3/interface_ws/install/example_ros2_interfaces/include/example_ros2_interfaces/example_ros2_interfaces
[0.361s] -- Up-to-date: /home/emmm/Desktop/rm/ROS2/learn/chapter3/interface_ws/install/example_ros2_interfaces/include/example_ros2_interfaces/example_ros2_interfaces/srv
[0.361s] -- Up-to-date: /home/emmm/Desktop/rm/ROS2/learn/chapter3/interface_ws/install/example_ros2_interfaces/include/example_ros2_interfaces/example_ros2_interfaces/srv/detail
[0.362s] -- Up-to-date: /home/emmm/Desktop/rm/ROS2/learn/chapter3/interface_ws/install/example_ros2_interfaces/include/example_ros2_interfaces/example_ros2_interfaces/srv/detail/move_robot__rosidl_typesupport_introspection_c.h
[0.362s] -- Up-to-date: /home/emmm/Desktop/rm/ROS2/learn/chapter3/interface_ws/install/example_ros2_interfaces/include/example_ros2_interfaces/example_ros2_interfaces/srv/detail/move_robot__type_support.c
[0.362s] -- Up-to-date: /home/emmm/Desktop/rm/ROS2/learn/chapter3/interface_ws/install/example_ros2_interfaces/include/example_ros2_interfaces/example_ros2_interfaces/msg
[0.362s] -- Up-to-date: /home/emmm/Desktop/rm/ROS2/learn/chapter3/interface_ws/install/example_ros2_interfaces/include/example_ros2_interfaces/example_ros2_interfaces/msg/rosidl_typesupport_introspection_c__visibility_control.h
[0.362s] -- Up-to-date: /home/emmm/Desktop/rm/ROS2/learn/chapter3/interface_ws/install/example_ros2_interfaces/include/example_ros2_interfaces/example_ros2_interfaces/msg/detail
[0.362s] -- Up-to-date: /home/emmm/Desktop/rm/ROS2/learn/chapter3/interface_ws/install/example_ros2_interfaces/include/example_ros2_interfaces/example_ros2_interfaces/msg/detail/robot_status__type_support.c
[0.362s] -- Up-to-date: /home/emmm/Desktop/rm/ROS2/learn/chapter3/interface_ws/install/example_ros2_interfaces/include/example_ros2_interfaces/example_ros2_interfaces/msg/detail/robot_pose__rosidl_typesupport_introspection_c.h
[0.362s] -- Up-to-date: /home/emmm/Desktop/rm/ROS2/learn/chapter3/interface_ws/install/example_ros2_interfaces/include/example_ros2_interfaces/example_ros2_interfaces/msg/detail/robot_pose__type_support.c
[0.363s] -- Up-to-date: /home/emmm/Desktop/rm/ROS2/learn/chapter3/interface_ws/install/example_ros2_interfaces/include/example_ros2_interfaces/example_ros2_interfaces/msg/detail/robot_status__rosidl_typesupport_introspection_c.h
[0.363s] -- Up-to-date: /home/emmm/Desktop/rm/ROS2/learn/chapter3/interface_ws/install/example_ros2_interfaces/lib/libexample_ros2_interfaces__rosidl_typesupport_introspection_c.so
[0.363s] -- Up-to-date: /home/emmm/Desktop/rm/ROS2/learn/chapter3/interface_ws/install/example_ros2_interfaces/lib/libexample_ros2_interfaces__rosidl_typesupport_c.so
[0.363s] -- Up-to-date: /home/emmm/Desktop/rm/ROS2/learn/chapter3/interface_ws/install/example_ros2_interfaces/include/example_ros2_interfaces/example_ros2_interfaces
[0.363s] -- Up-to-date: /home/emmm/Desktop/rm/ROS2/learn/chapter3/interface_ws/install/example_ros2_interfaces/include/example_ros2_interfaces/example_ros2_interfaces/srv
[0.363s] -- Up-to-date: /home/emmm/Desktop/rm/ROS2/learn/chapter3/interface_ws/install/example_ros2_interfaces/include/example_ros2_interfaces/example_ros2_interfaces/srv/move_robot.hpp
[0.363s] -- Up-to-date: /home/emmm/Desktop/rm/ROS2/learn/chapter3/interface_ws/install/example_ros2_interfaces/include/example_ros2_interfaces/example_ros2_interfaces/srv/detail
[0.363s] -- Up-to-date: /home/emmm/Desktop/rm/ROS2/learn/chapter3/interface_ws/install/example_ros2_interfaces/include/example_ros2_interfaces/example_ros2_interfaces/srv/detail/move_robot__type_support.hpp
[0.364s] -- Up-to-date: /home/emmm/Desktop/rm/ROS2/learn/chapter3/interface_ws/install/example_ros2_interfaces/include/example_ros2_interfaces/example_ros2_interfaces/srv/detail/move_robot__traits.hpp
[0.364s] -- Up-to-date: /home/emmm/Desktop/rm/ROS2/learn/chapter3/interface_ws/install/example_ros2_interfaces/include/example_ros2_interfaces/example_ros2_interfaces/srv/detail/move_robot__builder.hpp
[0.364s] -- Up-to-date: /home/emmm/Desktop/rm/ROS2/learn/chapter3/interface_ws/install/example_ros2_interfaces/include/example_ros2_interfaces/example_ros2_interfaces/srv/detail/move_robot__struct.hpp
[0.364s] -- Up-to-date: /home/emmm/Desktop/rm/ROS2/learn/chapter3/interface_ws/install/example_ros2_interfaces/include/example_ros2_interfaces/example_ros2_interfaces/msg
[0.364s] -- Up-to-date: /home/emmm/Desktop/rm/ROS2/learn/chapter3/interface_ws/install/example_ros2_interfaces/include/example_ros2_interfaces/example_ros2_interfaces/msg/robot_pose.hpp
[0.364s] -- Up-to-date: /home/emmm/Desktop/rm/ROS2/learn/chapter3/interface_ws/install/example_ros2_interfaces/include/example_ros2_interfaces/example_ros2_interfaces/msg/rosidl_generator_cpp__visibility_control.hpp
[0.364s] -- Up-to-date: /home/emmm/Desktop/rm/ROS2/learn/chapter3/interface_ws/install/example_ros2_interfaces/include/example_ros2_interfaces/example_ros2_interfaces/msg/robot_status.hpp
[0.364s] -- Up-to-date: /home/emmm/Desktop/rm/ROS2/learn/chapter3/interface_ws/install/example_ros2_interfaces/include/example_ros2_interfaces/example_ros2_interfaces/msg/detail
[0.364s] -- Up-to-date: /home/emmm/Desktop/rm/ROS2/learn/chapter3/interface_ws/install/example_ros2_interfaces/include/example_ros2_interfaces/example_ros2_interfaces/msg/detail/robot_status__struct.hpp
[0.365s] -- Up-to-date: /home/emmm/Desktop/rm/ROS2/learn/chapter3/interface_ws/install/example_ros2_interfaces/include/example_ros2_interfaces/example_ros2_interfaces/msg/detail/robot_pose__traits.hpp
[0.365s] -- Up-to-date: /home/emmm/Desktop/rm/ROS2/learn/chapter3/interface_ws/install/example_ros2_interfaces/include/example_ros2_interfaces/example_ros2_interfaces/msg/detail/robot_pose__type_support.hpp
[0.365s] -- Up-to-date: /home/emmm/Desktop/rm/ROS2/learn/chapter3/interface_ws/install/example_ros2_interfaces/include/example_ros2_interfaces/example_ros2_interfaces/msg/detail/robot_status__type_support.hpp
[0.365s] -- Up-to-date: /home/emmm/Desktop/rm/ROS2/learn/chapter3/interface_ws/install/example_ros2_interfaces/include/example_ros2_interfaces/example_ros2_interfaces/msg/detail/robot_status__builder.hpp
[0.365s] -- Up-to-date: /home/emmm/Desktop/rm/ROS2/learn/chapter3/interface_ws/install/example_ros2_interfaces/include/example_ros2_interfaces/example_ros2_interfaces/msg/detail/robot_pose__struct.hpp
[0.365s] -- Up-to-date: /home/emmm/Desktop/rm/ROS2/learn/chapter3/interface_ws/install/example_ros2_interfaces/include/example_ros2_interfaces/example_ros2_interfaces/msg/detail/robot_pose__builder.hpp
[0.365s] -- Up-to-date: /home/emmm/Desktop/rm/ROS2/learn/chapter3/interface_ws/install/example_ros2_interfaces/include/example_ros2_interfaces/example_ros2_interfaces/msg/detail/robot_status__traits.hpp
[0.365s] -- Up-to-date: /home/emmm/Desktop/rm/ROS2/learn/chapter3/interface_ws/install/example_ros2_interfaces/include/example_ros2_interfaces/example_ros2_interfaces
[0.365s] -- Up-to-date: /home/emmm/Desktop/rm/ROS2/learn/chapter3/interface_ws/install/example_ros2_interfaces/include/example_ros2_interfaces/example_ros2_interfaces/srv
[0.366s] -- Up-to-date: /home/emmm/Desktop/rm/ROS2/learn/chapter3/interface_ws/install/example_ros2_interfaces/include/example_ros2_interfaces/example_ros2_interfaces/srv/detail
[0.366s] -- Up-to-date: /home/emmm/Desktop/rm/ROS2/learn/chapter3/interface_ws/install/example_ros2_interfaces/include/example_ros2_interfaces/example_ros2_interfaces/srv/detail/move_robot__rosidl_typesupport_fastrtps_cpp.hpp
[0.366s] -- Up-to-date: /home/emmm/Desktop/rm/ROS2/learn/chapter3/interface_ws/install/example_ros2_interfaces/include/example_ros2_interfaces/example_ros2_interfaces/srv/detail/dds_fastrtps
[0.366s] -- Up-to-date: /home/emmm/Desktop/rm/ROS2/learn/chapter3/interface_ws/install/example_ros2_interfaces/include/example_ros2_interfaces/example_ros2_interfaces/msg
[0.366s] -- Up-to-date: /home/emmm/Desktop/rm/ROS2/learn/chapter3/interface_ws/install/example_ros2_interfaces/include/example_ros2_interfaces/example_ros2_interfaces/msg/rosidl_typesupport_fastrtps_cpp__visibility_control.h
[0.366s] -- Up-to-date: /home/emmm/Desktop/rm/ROS2/learn/chapter3/interface_ws/install/example_ros2_interfaces/include/example_ros2_interfaces/example_ros2_interfaces/msg/detail
[0.366s] -- Up-to-date: /home/emmm/Desktop/rm/ROS2/learn/chapter3/interface_ws/install/example_ros2_interfaces/include/example_ros2_interfaces/example_ros2_interfaces/msg/detail/dds_fastrtps
[0.366s] -- Up-to-date: /home/emmm/Desktop/rm/ROS2/learn/chapter3/interface_ws/install/example_ros2_interfaces/include/example_ros2_interfaces/example_ros2_interfaces/msg/detail/robot_pose__rosidl_typesupport_fastrtps_cpp.hpp
[0.366s] -- Up-to-date: /home/emmm/Desktop/rm/ROS2/learn/chapter3/interface_ws/install/example_ros2_interfaces/include/example_ros2_interfaces/example_ros2_interfaces/msg/detail/robot_status__rosidl_typesupport_fastrtps_cpp.hpp
[0.366s] -- Up-to-date: /home/emmm/Desktop/rm/ROS2/learn/chapter3/interface_ws/install/example_ros2_interfaces/lib/libexample_ros2_interfaces__rosidl_typesupport_fastrtps_cpp.so
[0.367s] -- Up-to-date: /home/emmm/Desktop/rm/ROS2/learn/chapter3/interface_ws/install/example_ros2_interfaces/include/example_ros2_interfaces/example_ros2_interfaces
[0.367s] -- Up-to-date: /home/emmm/Desktop/rm/ROS2/learn/chapter3/interface_ws/install/example_ros2_interfaces/include/example_ros2_interfaces/example_ros2_interfaces/srv
[0.367s] -- Up-to-date: /home/emmm/Desktop/rm/ROS2/learn/chapter3/interface_ws/install/example_ros2_interfaces/include/example_ros2_interfaces/example_ros2_interfaces/srv/detail
[0.367s] -- Up-to-date: /home/emmm/Desktop/rm/ROS2/learn/chapter3/interface_ws/install/example_ros2_interfaces/include/example_ros2_interfaces/example_ros2_interfaces/srv/detail/move_robot__rosidl_typesupport_introspection_cpp.hpp
[0.367s] -- Up-to-date: /home/emmm/Desktop/rm/ROS2/learn/chapter3/interface_ws/install/example_ros2_interfaces/include/example_ros2_interfaces/example_ros2_interfaces/srv/detail/move_robot__type_support.cpp
[0.367s] -- Up-to-date: /home/emmm/Desktop/rm/ROS2/learn/chapter3/interface_ws/install/example_ros2_interfaces/include/example_ros2_interfaces/example_ros2_interfaces/msg
[0.367s] -- Up-to-date: /home/emmm/Desktop/rm/ROS2/learn/chapter3/interface_ws/install/example_ros2_interfaces/include/example_ros2_interfaces/example_ros2_interfaces/msg/detail
[0.367s] -- Up-to-date: /home/emmm/Desktop/rm/ROS2/learn/chapter3/interface_ws/install/example_ros2_interfaces/include/example_ros2_interfaces/example_ros2_interfaces/msg/detail/robot_status__rosidl_typesupport_introspection_cpp.hpp
[0.367s] -- Up-to-date: /home/emmm/Desktop/rm/ROS2/learn/chapter3/interface_ws/install/example_ros2_interfaces/include/example_ros2_interfaces/example_ros2_interfaces/msg/detail/robot_pose__type_support.cpp
[0.367s] -- Up-to-date: /home/emmm/Desktop/rm/ROS2/learn/chapter3/interface_ws/install/example_ros2_interfaces/include/example_ros2_interfaces/example_ros2_interfaces/msg/detail/robot_status__type_support.cpp
[0.367s] -- Up-to-date: /home/emmm/Desktop/rm/ROS2/learn/chapter3/interface_ws/install/example_ros2_interfaces/include/example_ros2_interfaces/example_ros2_interfaces/msg/detail/robot_pose__rosidl_typesupport_introspection_cpp.hpp
[0.368s] -- Up-to-date: /home/emmm/Desktop/rm/ROS2/learn/chapter3/interface_ws/install/example_ros2_interfaces/lib/libexample_ros2_interfaces__rosidl_typesupport_introspection_cpp.so
[0.368s] -- Up-to-date: /home/emmm/Desktop/rm/ROS2/learn/chapter3/interface_ws/install/example_ros2_interfaces/lib/libexample_ros2_interfaces__rosidl_typesupport_cpp.so
[0.368s] -- Up-to-date: /home/emmm/Desktop/rm/ROS2/learn/chapter3/interface_ws/install/example_ros2_interfaces/share/example_ros2_interfaces/environment/pythonpath.sh
[0.368s] -- Up-to-date: /home/emmm/Desktop/rm/ROS2/learn/chapter3/interface_ws/install/example_ros2_interfaces/share/example_ros2_interfaces/environment/pythonpath.dsv
[0.368s] -- Up-to-date: /home/emmm/Desktop/rm/ROS2/learn/chapter3/interface_ws/install/example_ros2_interfaces/local/lib/python3.10/dist-packages/example_ros2_interfaces-0.0.0-py3.10.egg-info
[0.368s] -- Installing: /home/emmm/Desktop/rm/ROS2/learn/chapter3/interface_ws/install/example_ros2_interfaces/local/lib/python3.10/dist-packages/example_ros2_interfaces-0.0.0-py3.10.egg-info/PKG-INFO
[0.368s] -- Installing: /home/emmm/Desktop/rm/ROS2/learn/chapter3/interface_ws/install/example_ros2_interfaces/local/lib/python3.10/dist-packages/example_ros2_interfaces-0.0.0-py3.10.egg-info/dependency_links.txt
[0.368s] -- Installing: /home/emmm/Desktop/rm/ROS2/learn/chapter3/interface_ws/install/example_ros2_interfaces/local/lib/python3.10/dist-packages/example_ros2_interfaces-0.0.0-py3.10.egg-info/SOURCES.txt
[0.368s] -- Installing: /home/emmm/Desktop/rm/ROS2/learn/chapter3/interface_ws/install/example_ros2_interfaces/local/lib/python3.10/dist-packages/example_ros2_interfaces-0.0.0-py3.10.egg-info/top_level.txt
[0.368s] -- Up-to-date: /home/emmm/Desktop/rm/ROS2/learn/chapter3/interface_ws/install/example_ros2_interfaces/local/lib/python3.10/dist-packages/example_ros2_interfaces
[0.368s] -- Up-to-date: /home/emmm/Desktop/rm/ROS2/learn/chapter3/interface_ws/install/example_ros2_interfaces/local/lib/python3.10/dist-packages/example_ros2_interfaces/_example_ros2_interfaces_s.ep.rosidl_typesupport_fastrtps_c.c
[0.368s] -- Up-to-date: /home/emmm/Desktop/rm/ROS2/learn/chapter3/interface_ws/install/example_ros2_interfaces/local/lib/python3.10/dist-packages/example_ros2_interfaces/example_ros2_interfaces_s__rosidl_typesupport_c.cpython-310-x86_64-linux-gnu.so
[0.369s] -- Up-to-date: /home/emmm/Desktop/rm/ROS2/learn/chapter3/interface_ws/install/example_ros2_interfaces/local/lib/python3.10/dist-packages/example_ros2_interfaces/libexample_ros2_interfaces__rosidl_generator_py.so
[0.369s] -- Up-to-date: /home/emmm/Desktop/rm/ROS2/learn/chapter3/interface_ws/install/example_ros2_interfaces/local/lib/python3.10/dist-packages/example_ros2_interfaces/example_ros2_interfaces_s__rosidl_typesupport_fastrtps_c.cpython-310-x86_64-linux-gnu.so
[0.369s] -- Up-to-date: /home/emmm/Desktop/rm/ROS2/learn/chapter3/interface_ws/install/example_ros2_interfaces/local/lib/python3.10/dist-packages/example_ros2_interfaces/srv
[0.369s] -- Up-to-date: /home/emmm/Desktop/rm/ROS2/learn/chapter3/interface_ws/install/example_ros2_interfaces/local/lib/python3.10/dist-packages/example_ros2_interfaces/srv/_move_robot_s.c
[0.369s] -- Up-to-date: /home/emmm/Desktop/rm/ROS2/learn/chapter3/interface_ws/install/example_ros2_interfaces/local/lib/python3.10/dist-packages/example_ros2_interfaces/srv/_move_robot.py
[0.369s] -- Up-to-date: /home/emmm/Desktop/rm/ROS2/learn/chapter3/interface_ws/install/example_ros2_interfaces/local/lib/python3.10/dist-packages/example_ros2_interfaces/srv/__init__.py
[0.369s] -- Up-to-date: /home/emmm/Desktop/rm/ROS2/learn/chapter3/interface_ws/install/example_ros2_interfaces/local/lib/python3.10/dist-packages/example_ros2_interfaces/msg
[0.369s] -- Up-to-date: /home/emmm/Desktop/rm/ROS2/learn/chapter3/interface_ws/install/example_ros2_interfaces/local/lib/python3.10/dist-packages/example_ros2_interfaces/msg/_robot_pose.py
[0.369s] -- Up-to-date: /home/emmm/Desktop/rm/ROS2/learn/chapter3/interface_ws/install/example_ros2_interfaces/local/lib/python3.10/dist-packages/example_ros2_interfaces/msg/_robot_status_s.c
[0.369s] -- Up-to-date: /home/emmm/Desktop/rm/ROS2/learn/chapter3/interface_ws/install/example_ros2_interfaces/local/lib/python3.10/dist-packages/example_ros2_interfaces/msg/__init__.py
[0.369s] -- Up-to-date: /home/emmm/Desktop/rm/ROS2/learn/chapter3/interface_ws/install/example_ros2_interfaces/local/lib/python3.10/dist-packages/example_ros2_interfaces/msg/_robot_status.py
[0.369s] -- Up-to-date: /home/emmm/Desktop/rm/ROS2/learn/chapter3/interface_ws/install/example_ros2_interfaces/local/lib/python3.10/dist-packages/example_ros2_interfaces/msg/_robot_pose_s.c
[0.369s] -- Up-to-date: /home/emmm/Desktop/rm/ROS2/learn/chapter3/interface_ws/install/example_ros2_interfaces/local/lib/python3.10/dist-packages/example_ros2_interfaces/_example_ros2_interfaces_s.ep.rosidl_typesupport_c.c
[0.370s] -- Up-to-date: /home/emmm/Desktop/rm/ROS2/learn/chapter3/interface_ws/install/example_ros2_interfaces/local/lib/python3.10/dist-packages/example_ros2_interfaces/__init__.py
[0.370s] -- Up-to-date: /home/emmm/Desktop/rm/ROS2/learn/chapter3/interface_ws/install/example_ros2_interfaces/local/lib/python3.10/dist-packages/example_ros2_interfaces/example_ros2_interfaces_s__rosidl_typesupport_introspection_c.cpython-310-x86_64-linux-gnu.so
[0.370s] -- Up-to-date: /home/emmm/Desktop/rm/ROS2/learn/chapter3/interface_ws/install/example_ros2_interfaces/local/lib/python3.10/dist-packages/example_ros2_interfaces/_example_ros2_interfaces_s.ep.rosidl_typesupport_introspection_c.c
[0.383s] Listing '/home/emmm/Desktop/rm/ROS2/learn/chapter3/interface_ws/install/example_ros2_interfaces/local/lib/python3.10/dist-packages/example_ros2_interfaces'...
[0.384s] Listing '/home/emmm/Desktop/rm/ROS2/learn/chapter3/interface_ws/install/example_ros2_interfaces/local/lib/python3.10/dist-packages/example_ros2_interfaces/msg'...
[0.384s] Listing '/home/emmm/Desktop/rm/ROS2/learn/chapter3/interface_ws/install/example_ros2_interfaces/local/lib/python3.10/dist-packages/example_ros2_interfaces/srv'...
[0.387s] -- Up-to-date: /home/emmm/Desktop/rm/ROS2/learn/chapter3/interface_ws/install/example_ros2_interfaces/local/lib/python3.10/dist-packages/example_ros2_interfaces/example_ros2_interfaces_s__rosidl_typesupport_fastrtps_c.cpython-310-x86_64-linux-gnu.so
[0.387s] -- Up-to-date: /home/emmm/Desktop/rm/ROS2/learn/chapter3/interface_ws/install/example_ros2_interfaces/local/lib/python3.10/dist-packages/example_ros2_interfaces/example_ros2_interfaces_s__rosidl_typesupport_introspection_c.cpython-310-x86_64-linux-gnu.so
[0.387s] -- Up-to-date: /home/emmm/Desktop/rm/ROS2/learn/chapter3/interface_ws/install/example_ros2_interfaces/local/lib/python3.10/dist-packages/example_ros2_interfaces/example_ros2_interfaces_s__rosidl_typesupport_c.cpython-310-x86_64-linux-gnu.so
[0.388s] -- Up-to-date: /home/emmm/Desktop/rm/ROS2/learn/chapter3/interface_ws/install/example_ros2_interfaces/lib/libexample_ros2_interfaces__rosidl_generator_py.so
[0.388s] -- Up-to-date: /home/emmm/Desktop/rm/ROS2/learn/chapter3/interface_ws/install/example_ros2_interfaces/share/example_ros2_interfaces/msg/RobotPose.idl
[0.388s] -- Up-to-date: /home/emmm/Desktop/rm/ROS2/learn/chapter3/interface_ws/install/example_ros2_interfaces/share/example_ros2_interfaces/msg/RobotStatus.idl
[0.388s] -- Up-to-date: /home/emmm/Desktop/rm/ROS2/learn/chapter3/interface_ws/install/example_ros2_interfaces/share/example_ros2_interfaces/srv/MoveRobot.idl
[0.388s] -- Up-to-date: /home/emmm/Desktop/rm/ROS2/learn/chapter3/interface_ws/install/example_ros2_interfaces/share/example_ros2_interfaces/msg/RobotPose.msg
[0.388s] -- Up-to-date: /home/emmm/Desktop/rm/ROS2/learn/chapter3/interface_ws/install/example_ros2_interfaces/share/example_ros2_interfaces/msg/RobotStatus.msg
[0.389s] -- Up-to-date: /home/emmm/Desktop/rm/ROS2/learn/chapter3/interface_ws/install/example_ros2_interfaces/share/example_ros2_interfaces/srv/MoveRobot.srv
[0.389s] -- Up-to-date: /home/emmm/Desktop/rm/ROS2/learn/chapter3/interface_ws/install/example_ros2_interfaces/share/example_ros2_interfaces/srv/MoveRobot_Request.msg
[0.389s] -- Up-to-date: /home/emmm/Desktop/rm/ROS2/learn/chapter3/interface_ws/install/example_ros2_interfaces/share/example_ros2_interfaces/srv/MoveRobot_Response.msg
[0.389s] -- Up-to-date: /home/emmm/Desktop/rm/ROS2/learn/chapter3/interface_ws/install/example_ros2_interfaces/share/ament_index/resource_index/package_run_dependencies/example_ros2_interfaces
[0.389s] -- Up-to-date: /home/emmm/Desktop/rm/ROS2/learn/chapter3/interface_ws/install/example_ros2_interfaces/share/ament_index/resource_index/parent_prefix_path/example_ros2_interfaces
[0.389s] -- Up-to-date: /home/emmm/Desktop/rm/ROS2/learn/chapter3/interface_ws/install/example_ros2_interfaces/share/example_ros2_interfaces/environment/ament_prefix_path.sh
[0.389s] -- Up-to-date: /home/emmm/Desktop/rm/ROS2/learn/chapter3/interface_ws/install/example_ros2_interfaces/share/example_ros2_interfaces/environment/ament_prefix_path.dsv
[0.389s] -- Up-to-date: /home/emmm/Desktop/rm/ROS2/learn/chapter3/interface_ws/install/example_ros2_interfaces/share/example_ros2_interfaces/environment/path.sh
[0.389s] -- Up-to-date: /home/emmm/Desktop/rm/ROS2/learn/chapter3/interface_ws/install/example_ros2_interfaces/share/example_ros2_interfaces/environment/path.dsv
[0.389s] -- Up-to-date: /home/emmm/Desktop/rm/ROS2/learn/chapter3/interface_ws/install/example_ros2_interfaces/share/example_ros2_interfaces/local_setup.bash
[0.389s] -- Up-to-date: /home/emmm/Desktop/rm/ROS2/learn/chapter3/interface_ws/install/example_ros2_interfaces/share/example_ros2_interfaces/local_setup.sh
[0.390s] -- Up-to-date: /home/emmm/Desktop/rm/ROS2/learn/chapter3/interface_ws/install/example_ros2_interfaces/share/example_ros2_interfaces/local_setup.zsh
[0.390s] -- Up-to-date: /home/emmm/Desktop/rm/ROS2/learn/chapter3/interface_ws/install/example_ros2_interfaces/share/example_ros2_interfaces/local_setup.dsv
[0.390s] -- Installing: /home/emmm/Desktop/rm/ROS2/learn/chapter3/interface_ws/install/example_ros2_interfaces/share/example_ros2_interfaces/package.dsv
[0.390s] -- Up-to-date: /home/emmm/Desktop/rm/ROS2/learn/chapter3/interface_ws/install/example_ros2_interfaces/share/ament_index/resource_index/packages/example_ros2_interfaces
[0.390s] -- Up-to-date: /home/emmm/Desktop/rm/ROS2/learn/chapter3/interface_ws/install/example_ros2_interfaces/share/example_ros2_interfaces/cmake/export_example_ros2_interfaces__rosidl_generator_cExport.cmake
[0.390s] -- Up-to-date: /home/emmm/Desktop/rm/ROS2/learn/chapter3/interface_ws/install/example_ros2_interfaces/share/example_ros2_interfaces/cmake/export_example_ros2_interfaces__rosidl_generator_cExport-noconfig.cmake
[0.390s] -- Up-to-date: /home/emmm/Desktop/rm/ROS2/learn/chapter3/interface_ws/install/example_ros2_interfaces/share/example_ros2_interfaces/cmake/export_example_ros2_interfaces__rosidl_typesupport_fastrtps_cExport.cmake
[0.390s] -- Up-to-date: /home/emmm/Desktop/rm/ROS2/learn/chapter3/interface_ws/install/example_ros2_interfaces/share/example_ros2_interfaces/cmake/export_example_ros2_interfaces__rosidl_typesupport_fastrtps_cExport-noconfig.cmake
[0.390s] -- Up-to-date: /home/emmm/Desktop/rm/ROS2/learn/chapter3/interface_ws/install/example_ros2_interfaces/share/example_ros2_interfaces/cmake/example_ros2_interfaces__rosidl_typesupport_introspection_cExport.cmake
[0.391s] -- Up-to-date: /home/emmm/Desktop/rm/ROS2/learn/chapter3/interface_ws/install/example_ros2_interfaces/share/example_ros2_interfaces/cmake/example_ros2_interfaces__rosidl_typesupport_introspection_cExport-noconfig.cmake
[0.391s] -- Up-to-date: /home/emmm/Desktop/rm/ROS2/learn/chapter3/interface_ws/install/example_ros2_interfaces/share/example_ros2_interfaces/cmake/example_ros2_interfaces__rosidl_typesupport_cExport.cmake
[0.391s] -- Up-to-date: /home/emmm/Desktop/rm/ROS2/learn/chapter3/interface_ws/install/example_ros2_interfaces/share/example_ros2_interfaces/cmake/example_ros2_interfaces__rosidl_typesupport_cExport-noconfig.cmake
[0.391s] -- Up-to-date: /home/emmm/Desktop/rm/ROS2/learn/chapter3/interface_ws/install/example_ros2_interfaces/share/example_ros2_interfaces/cmake/export_example_ros2_interfaces__rosidl_generator_cppExport.cmake
[0.391s] -- Up-to-date: /home/emmm/Desktop/rm/ROS2/learn/chapter3/interface_ws/install/example_ros2_interfaces/share/example_ros2_interfaces/cmake/export_example_ros2_interfaces__rosidl_typesupport_fastrtps_cppExport.cmake
[0.391s] -- Up-to-date: /home/emmm/Desktop/rm/ROS2/learn/chapter3/interface_ws/install/example_ros2_interfaces/share/example_ros2_interfaces/cmake/export_example_ros2_interfaces__rosidl_typesupport_fastrtps_cppExport-noconfig.cmake
[0.391s] -- Up-to-date: /home/emmm/Desktop/rm/ROS2/learn/chapter3/interface_ws/install/example_ros2_interfaces/share/example_ros2_interfaces/cmake/example_ros2_interfaces__rosidl_typesupport_introspection_cppExport.cmake
[0.391s] -- Up-to-date: /home/emmm/Desktop/rm/ROS2/learn/chapter3/interface_ws/install/example_ros2_interfaces/share/example_ros2_interfaces/cmake/example_ros2_interfaces__rosidl_typesupport_introspection_cppExport-noconfig.cmake
[0.391s] -- Up-to-date: /home/emmm/Desktop/rm/ROS2/learn/chapter3/interface_ws/install/example_ros2_interfaces/share/example_ros2_interfaces/cmake/example_ros2_interfaces__rosidl_typesupport_cppExport.cmake
[0.391s] -- Up-to-date: /home/emmm/Desktop/rm/ROS2/learn/chapter3/interface_ws/install/example_ros2_interfaces/share/example_ros2_interfaces/cmake/example_ros2_interfaces__rosidl_typesupport_cppExport-noconfig.cmake
[0.391s] -- Up-to-date: /home/emmm/Desktop/rm/ROS2/learn/chapter3/interface_ws/install/example_ros2_interfaces/share/example_ros2_interfaces/cmake/export_example_ros2_interfaces__rosidl_generator_pyExport.cmake
[0.392s] -- Up-to-date: /home/emmm/Desktop/rm/ROS2/learn/chapter3/interface_ws/install/example_ros2_interfaces/share/example_ros2_interfaces/cmake/export_example_ros2_interfaces__rosidl_generator_pyExport-noconfig.cmake
[0.392s] -- Up-to-date: /home/emmm/Desktop/rm/ROS2/learn/chapter3/interface_ws/install/example_ros2_interfaces/share/example_ros2_interfaces/cmake/rosidl_cmake-extras.cmake
[0.392s] -- Up-to-date: /home/emmm/Desktop/rm/ROS2/learn/chapter3/interface_ws/install/example_ros2_interfaces/share/example_ros2_interfaces/cmake/ament_cmake_export_dependencies-extras.cmake
[0.392s] -- Up-to-date: /home/emmm/Desktop/rm/ROS2/learn/chapter3/interface_ws/install/example_ros2_interfaces/share/example_ros2_interfaces/cmake/ament_cmake_export_include_directories-extras.cmake
[0.392s] -- Up-to-date: /home/emmm/Desktop/rm/ROS2/learn/chapter3/interface_ws/install/example_ros2_interfaces/share/example_ros2_interfaces/cmake/ament_cmake_export_libraries-extras.cmake
[0.392s] -- Up-to-date: /home/emmm/Desktop/rm/ROS2/learn/chapter3/interface_ws/install/example_ros2_interfaces/share/example_ros2_interfaces/cmake/ament_cmake_export_targets-extras.cmake
[0.392s] -- Up-to-date: /home/emmm/Desktop/rm/ROS2/learn/chapter3/interface_ws/install/example_ros2_interfaces/share/example_ros2_interfaces/cmake/rosidl_cmake_export_typesupport_targets-extras.cmake
[0.392s] -- Up-to-date: /home/emmm/Desktop/rm/ROS2/learn/chapter3/interface_ws/install/example_ros2_interfaces/share/example_ros2_interfaces/cmake/rosidl_cmake_export_typesupport_libraries-extras.cmake
[0.392s] -- Up-to-date: /home/emmm/Desktop/rm/ROS2/learn/chapter3/interface_ws/install/example_ros2_interfaces/share/example_ros2_interfaces/cmake/example_ros2_interfacesConfig.cmake
[0.392s] -- Up-to-date: /home/emmm/Desktop/rm/ROS2/learn/chapter3/interface_ws/install/example_ros2_interfaces/share/example_ros2_interfaces/cmake/example_ros2_interfacesConfig-version.cmake
[0.392s] -- Up-to-date: /home/emmm/Desktop/rm/ROS2/learn/chapter3/interface_ws/install/example_ros2_interfaces/share/example_ros2_interfaces/package.xml
[0.394s] Invoked command in '/home/emmm/Desktop/rm/ROS2/learn/chapter3/interface_ws/build/example_ros2_interfaces' returned '0': CMAKE_PREFIX_PATH=${CMAKE_PREFIX_PATH}:/opt/ros/humble /usr/bin/cmake --install /home/emmm/Desktop/rm/ROS2/learn/chapter3/interface_ws/build/example_ros2_interfaces
