[0.015s] Invoking command in '/home/emmm/Desktop/rm/ROS2/learn/chapter3/topic_ws/build/demo_turtlesim': CMAKE_PREFIX_PATH=${CMAKE_PREFIX_PATH}:/opt/ros/humble /usr/bin/cmake /home/emmm/Desktop/rm/ROS2/learn/chapter3/topic_ws/src/demo_turtlesim -DCMAKE_INSTALL_PREFIX=/home/emmm/Desktop/rm/ROS2/learn/chapter3/topic_ws/install/demo_turtlesim
[0.090s] -- The C compiler identification is GNU 11.4.0
[0.149s] -- The CXX compiler identification is GNU 11.4.0
[0.158s] -- Detecting C compiler ABI info
[0.222s] -- Detecting C compiler ABI info - done
[0.228s] -- Check for working C compiler: /usr/bin/cc - skipped
[0.228s] -- Detecting C compile features
[0.228s] -- Detecting C compile features - done
[0.230s] -- Detecting CXX compiler ABI info
[0.299s] -- Detecting CXX compiler ABI info - done
[0.304s] -- Check for working CXX compiler: /usr/bin/c++ - skipped
[0.304s] -- Detecting CXX compile features
[0.305s] -- Detecting CXX compile features - done
[0.306s] -- Found ament_cmake: 1.3.12 (/opt/ros/humble/share/ament_cmake/cmake)
[0.461s] -- Found Python3: /usr/bin/python3 (found version "3.10.12") found components: Interpreter 
[0.541s] -- Found rclcpp: 16.0.17 (/opt/ros/humble/share/rclcpp/cmake)
[0.587s] -- Found rosidl_generator_c: 3.1.8 (/opt/ros/humble/share/rosidl_generator_c/cmake)
[0.590s] -- Found rosidl_adapter: 3.1.8 (/opt/ros/humble/share/rosidl_adapter/cmake)
[0.596s] -- Found rosidl_generator_cpp: 3.1.8 (/opt/ros/humble/share/rosidl_generator_cpp/cmake)
[0.604s] -- Using all available rosidl_typesupport_c: rosidl_typesupport_fastrtps_c;rosidl_typesupport_introspection_c
[0.614s] -- Using all available rosidl_typesupport_cpp: rosidl_typesupport_fastrtps_cpp;rosidl_typesupport_introspection_cpp
[0.644s] -- Found rmw_implementation_cmake: 6.1.2 (/opt/ros/humble/share/rmw_implementation_cmake/cmake)
[0.645s] -- Found rmw_fastrtps_cpp: 6.2.9 (/opt/ros/humble/share/rmw_fastrtps_cpp/cmake)
[0.724s] -- Found OpenSSL: /usr/lib/x86_64-linux-gnu/libcrypto.so (found version "3.0.2")  
[0.757s] -- Found FastRTPS: /opt/ros/humble/include  
[0.805s] -- Using RMW implementation 'rmw_fastrtps_cpp' as default
[0.811s] -- Looking for pthread.h
[0.890s] -- Looking for pthread.h - found
[0.891s] -- Performing Test CMAKE_HAVE_LIBC_PTHREAD
[0.966s] -- Performing Test CMAKE_HAVE_LIBC_PTHREAD - Success
[0.967s] -- Found Threads: TRUE  
[1.005s] -- Found geometry_msgs: 4.9.0 (/opt/ros/humble/share/geometry_msgs/cmake)
[1.016s] -- Found turtlesim: 1.4.3 (/opt/ros/humble/share/turtlesim/cmake)
[1.076s] -- Found ament_lint_auto: 0.12.14 (/opt/ros/humble/share/ament_lint_auto/cmake)
[1.142s] -- Added test 'cppcheck' to perform static code analysis on C / C++ code
[1.142s] -- Configured cppcheck include dirs: 
[1.142s] -- Configured cppcheck exclude dirs and/or files: 
[1.143s] -- Added test 'lint_cmake' to check CMake code style
[1.145s] -- Added test 'uncrustify' to check C / C++ code style
[1.145s] -- Configured uncrustify additional arguments: 
[1.145s] -- Added test 'xmllint' to check XML markup files
[1.146s] -- Configuring done
[1.162s] -- Generating done
[1.168s] -- Build files have been written to: /home/emmm/Desktop/rm/ROS2/learn/chapter3/topic_ws/build/demo_turtlesim
[1.178s] Invoked command in '/home/emmm/Desktop/rm/ROS2/learn/chapter3/topic_ws/build/demo_turtlesim' returned '0': CMAKE_PREFIX_PATH=${CMAKE_PREFIX_PATH}:/opt/ros/humble /usr/bin/cmake /home/emmm/Desktop/rm/ROS2/learn/chapter3/topic_ws/src/demo_turtlesim -DCMAKE_INSTALL_PREFIX=/home/emmm/Desktop/rm/ROS2/learn/chapter3/topic_ws/install/demo_turtlesim
[1.180s] Invoking command in '/home/emmm/Desktop/rm/ROS2/learn/chapter3/topic_ws/build/demo_turtlesim': CMAKE_PREFIX_PATH=${CMAKE_PREFIX_PATH}:/opt/ros/humble /usr/bin/cmake --build /home/emmm/Desktop/rm/ROS2/learn/chapter3/topic_ws/build/demo_turtlesim -- -j12 -l12
[1.242s] [ 50%] [32mBuilding CXX object CMakeFiles/turtle_circle.dir/src/turtle_circle.cpp.o[0m
[1.242s] [ 50%] [32mBuilding CXX object CMakeFiles/turtle_control.dir/src/turtle_control.cpp.o[0m
[6.212s] [ 75%] [32m[1mLinking CXX executable turtle_circle[0m
[6.447s] [ 75%] Built target turtle_circle
[9.345s] [100%] [32m[1mLinking CXX executable turtle_control[0m
[9.694s] [100%] Built target turtle_control
[9.709s] Invoked command in '/home/emmm/Desktop/rm/ROS2/learn/chapter3/topic_ws/build/demo_turtlesim' returned '0': CMAKE_PREFIX_PATH=${CMAKE_PREFIX_PATH}:/opt/ros/humble /usr/bin/cmake --build /home/emmm/Desktop/rm/ROS2/learn/chapter3/topic_ws/build/demo_turtlesim -- -j12 -l12
[9.711s] Invoking command in '/home/emmm/Desktop/rm/ROS2/learn/chapter3/topic_ws/build/demo_turtlesim': CMAKE_PREFIX_PATH=${CMAKE_PREFIX_PATH}:/opt/ros/humble /usr/bin/cmake --install /home/emmm/Desktop/rm/ROS2/learn/chapter3/topic_ws/build/demo_turtlesim
[9.720s] -- Install configuration: ""
[9.721s] -- Installing: /home/emmm/Desktop/rm/ROS2/learn/chapter3/topic_ws/install/demo_turtlesim/lib/demo_turtlesim/turtle_circle
[9.722s] -- Set runtime path of "/home/emmm/Desktop/rm/ROS2/learn/chapter3/topic_ws/install/demo_turtlesim/lib/demo_turtlesim/turtle_circle" to ""
[9.722s] -- Installing: /home/emmm/Desktop/rm/ROS2/learn/chapter3/topic_ws/install/demo_turtlesim/lib/demo_turtlesim/turtle_control
[9.726s] -- Set runtime path of "/home/emmm/Desktop/rm/ROS2/learn/chapter3/topic_ws/install/demo_turtlesim/lib/demo_turtlesim/turtle_control" to ""
[9.727s] -- Installing: /home/emmm/Desktop/rm/ROS2/learn/chapter3/topic_ws/install/demo_turtlesim/share/ament_index/resource_index/package_run_dependencies/demo_turtlesim
[9.727s] -- Installing: /home/emmm/Desktop/rm/ROS2/learn/chapter3/topic_ws/install/demo_turtlesim/share/ament_index/resource_index/parent_prefix_path/demo_turtlesim
[9.727s] -- Installing: /home/emmm/Desktop/rm/ROS2/learn/chapter3/topic_ws/install/demo_turtlesim/share/demo_turtlesim/environment/ament_prefix_path.sh
[9.727s] -- Installing: /home/emmm/Desktop/rm/ROS2/learn/chapter3/topic_ws/install/demo_turtlesim/share/demo_turtlesim/environment/ament_prefix_path.dsv
[9.727s] -- Installing: /home/emmm/Desktop/rm/ROS2/learn/chapter3/topic_ws/install/demo_turtlesim/share/demo_turtlesim/environment/path.sh
[9.727s] -- Installing: /home/emmm/Desktop/rm/ROS2/learn/chapter3/topic_ws/install/demo_turtlesim/share/demo_turtlesim/environment/path.dsv
[9.728s] -- Installing: /home/emmm/Desktop/rm/ROS2/learn/chapter3/topic_ws/install/demo_turtlesim/share/demo_turtlesim/local_setup.bash
[9.728s] -- Installing: /home/emmm/Desktop/rm/ROS2/learn/chapter3/topic_ws/install/demo_turtlesim/share/demo_turtlesim/local_setup.sh
[9.728s] -- Installing: /home/emmm/Desktop/rm/ROS2/learn/chapter3/topic_ws/install/demo_turtlesim/share/demo_turtlesim/local_setup.zsh
[9.728s] -- Installing: /home/emmm/Desktop/rm/ROS2/learn/chapter3/topic_ws/install/demo_turtlesim/share/demo_turtlesim/local_setup.dsv
[9.728s] -- Installing: /home/emmm/Desktop/rm/ROS2/learn/chapter3/topic_ws/install/demo_turtlesim/share/demo_turtlesim/package.dsv
[9.728s] -- Installing: /home/emmm/Desktop/rm/ROS2/learn/chapter3/topic_ws/install/demo_turtlesim/share/ament_index/resource_index/packages/demo_turtlesim
[9.729s] -- Installing: /home/emmm/Desktop/rm/ROS2/learn/chapter3/topic_ws/install/demo_turtlesim/share/demo_turtlesim/cmake/demo_turtlesimConfig.cmake
[9.729s] -- Installing: /home/emmm/Desktop/rm/ROS2/learn/chapter3/topic_ws/install/demo_turtlesim/share/demo_turtlesim/cmake/demo_turtlesimConfig-version.cmake
[9.729s] -- Installing: /home/emmm/Desktop/rm/ROS2/learn/chapter3/topic_ws/install/demo_turtlesim/share/demo_turtlesim/package.xml
[9.732s] Invoked command in '/home/emmm/Desktop/rm/ROS2/learn/chapter3/topic_ws/build/demo_turtlesim' returned '0': CMAKE_PREFIX_PATH=${CMAKE_PREFIX_PATH}:/opt/ros/humble /usr/bin/cmake --install /home/emmm/Desktop/rm/ROS2/learn/chapter3/topic_ws/build/demo_turtlesim
