[0.010s] Invoking command in '/home/emmm/Desktop/rm/ROS2/learn/chapter2/session3_ws/build/learn_pkg': CMAKE_PREFIX_PATH=${CMAKE_PREFIX_PATH}:/opt/ros/humble /usr/bin/cmake --build /home/emmm/Desktop/rm/ROS2/learn/chapter2/session3_ws/build/learn_pkg -- -j12 -l12
[0.059s] [35m[1mConsolidate compiler generated dependencies of target learn_thread[0m
[0.073s] [ 20%] Built target learn_shared_ptr
[0.074s] [ 30%] [32mBuilding CXX object CMakeFiles/learn_thread.dir/src/learn_thread.cpp.o[0m
[0.080s] [ 50%] Built target learn_lambda
[0.080s] [ 70%] Built target learn_functional
[0.081s] [ 90%] Built target learn_auto
[3.357s] [100%] [32m[1mLinking CXX executable learn_thread[0m
[3.514s] [100%] Built target learn_thread
[3.529s] Invoked command in '/home/emmm/Desktop/rm/ROS2/learn/chapter2/session3_ws/build/learn_pkg' returned '0': CMAKE_PREFIX_PATH=${CMAKE_PREFIX_PATH}:/opt/ros/humble /usr/bin/cmake --build /home/emmm/Desktop/rm/ROS2/learn/chapter2/session3_ws/build/learn_pkg -- -j12 -l12
[3.551s] Invoking command in '/home/emmm/Desktop/rm/ROS2/learn/chapter2/session3_ws/build/learn_pkg': CMAKE_PREFIX_PATH=${CMAKE_PREFIX_PATH}:/opt/ros/humble /usr/bin/cmake --install /home/emmm/Desktop/rm/ROS2/learn/chapter2/session3_ws/build/learn_pkg
[3.570s] -- Install configuration: ""
[3.571s] -- Up-to-date: /home/emmm/Desktop/rm/ROS2/learn/chapter2/session3_ws/install/learn_pkg/lib/learn_pkg/learn_auto
[3.571s] -- Up-to-date: /home/emmm/Desktop/rm/ROS2/learn/chapter2/session3_ws/install/learn_pkg/lib/learn_pkg/learn_shared_ptr
[3.572s] -- Up-to-date: /home/emmm/Desktop/rm/ROS2/learn/chapter2/session3_ws/install/learn_pkg/lib/learn_pkg/learn_lambda
[3.573s] -- Up-to-date: /home/emmm/Desktop/rm/ROS2/learn/chapter2/session3_ws/install/learn_pkg/lib/learn_pkg/learn_functional
[3.574s] -- Installing: /home/emmm/Desktop/rm/ROS2/learn/chapter2/session3_ws/install/learn_pkg/lib/learn_pkg/learn_thread
[3.579s] -- Set runtime path of "/home/emmm/Desktop/rm/ROS2/learn/chapter2/session3_ws/install/learn_pkg/lib/learn_pkg/learn_thread" to ""
[3.580s] -- Up-to-date: /home/emmm/Desktop/rm/ROS2/learn/chapter2/session3_ws/install/learn_pkg/share/ament_index/resource_index/package_run_dependencies/learn_pkg
[3.580s] -- Up-to-date: /home/emmm/Desktop/rm/ROS2/learn/chapter2/session3_ws/install/learn_pkg/share/ament_index/resource_index/parent_prefix_path/learn_pkg
[3.580s] -- Up-to-date: /home/emmm/Desktop/rm/ROS2/learn/chapter2/session3_ws/install/learn_pkg/share/learn_pkg/environment/ament_prefix_path.sh
[3.581s] -- Up-to-date: /home/emmm/Desktop/rm/ROS2/learn/chapter2/session3_ws/install/learn_pkg/share/learn_pkg/environment/ament_prefix_path.dsv
[3.582s] -- Up-to-date: /home/emmm/Desktop/rm/ROS2/learn/chapter2/session3_ws/install/learn_pkg/share/learn_pkg/environment/path.sh
[3.582s] -- Up-to-date: /home/emmm/Desktop/rm/ROS2/learn/chapter2/session3_ws/install/learn_pkg/share/learn_pkg/environment/path.dsv
[3.583s] -- Up-to-date: /home/emmm/Desktop/rm/ROS2/learn/chapter2/session3_ws/install/learn_pkg/share/learn_pkg/local_setup.bash
[3.583s] -- Up-to-date: /home/emmm/Desktop/rm/ROS2/learn/chapter2/session3_ws/install/learn_pkg/share/learn_pkg/local_setup.sh
[3.583s] -- Up-to-date: /home/emmm/Desktop/rm/ROS2/learn/chapter2/session3_ws/install/learn_pkg/share/learn_pkg/local_setup.zsh
[3.583s] -- Up-to-date: /home/emmm/Desktop/rm/ROS2/learn/chapter2/session3_ws/install/learn_pkg/share/learn_pkg/local_setup.dsv
[3.588s] -- Installing: /home/emmm/Desktop/rm/ROS2/learn/chapter2/session3_ws/install/learn_pkg/share/learn_pkg/package.dsv
[3.589s] -- Up-to-date: /home/emmm/Desktop/rm/ROS2/learn/chapter2/session3_ws/install/learn_pkg/share/ament_index/resource_index/packages/learn_pkg
[3.591s] -- Up-to-date: /home/emmm/Desktop/rm/ROS2/learn/chapter2/session3_ws/install/learn_pkg/share/learn_pkg/cmake/learn_pkgConfig.cmake
[3.591s] -- Up-to-date: /home/emmm/Desktop/rm/ROS2/learn/chapter2/session3_ws/install/learn_pkg/share/learn_pkg/cmake/learn_pkgConfig-version.cmake
[3.592s] -- Up-to-date: /home/emmm/Desktop/rm/ROS2/learn/chapter2/session3_ws/install/learn_pkg/share/learn_pkg/package.xml
[3.592s] Invoked command in '/home/emmm/Desktop/rm/ROS2/learn/chapter2/session3_ws/build/learn_pkg' returned '0': CMAKE_PREFIX_PATH=${CMAKE_PREFIX_PATH}:/opt/ros/humble /usr/bin/cmake --install /home/emmm/Desktop/rm/ROS2/learn/chapter2/session3_ws/build/learn_pkg
