[0.009s] Invoking command in '/home/emmm/Desktop/rm/ROS2/learn/chapter5/tf_ws/build/demo_cpp_tf': CMAKE_PREFIX_PATH=/opt/ros/humble /usr/bin/cmake /home/emmm/Desktop/rm/ROS2/learn/chapter5/tf_ws/src/demo_cpp_tf -DCMAKE_INSTALL_PREFIX=/home/emmm/Desktop/rm/ROS2/learn/chapter5/tf_ws/install/demo_cpp_tf
[0.021s] -- Found ament_cmake: 1.3.12 (/opt/ros/humble/share/ament_cmake/cmake)
[0.136s] -- Found rclcpp: 16.0.17 (/opt/ros/humble/share/rclcpp/cmake)
[0.157s] -- Found rosidl_generator_c: 3.1.8 (/opt/ros/humble/share/rosidl_generator_c/cmake)
[0.159s] -- Found rosidl_adapter: 3.1.8 (/opt/ros/humble/share/rosidl_adapter/cmake)
[0.162s] -- Found rosidl_generator_cpp: 3.1.8 (/opt/ros/humble/share/rosidl_generator_cpp/cmake)
[0.169s] -- Using all available rosidl_typesupport_c: rosidl_typesupport_fastrtps_c;rosidl_typesupport_introspection_c
[0.177s] -- Using all available rosidl_typesupport_cpp: rosidl_typesupport_fastrtps_cpp;rosidl_typesupport_introspection_cpp
[0.199s] -- Found rmw_implementation_cmake: 6.1.2 (/opt/ros/humble/share/rmw_implementation_cmake/cmake)
[0.199s] -- Found rmw_fastrtps_cpp: 6.2.9 (/opt/ros/humble/share/rmw_fastrtps_cpp/cmake)
[0.288s] -- Using RMW implementation 'rmw_fastrtps_cpp' as default
[0.321s] -- Found tf2_ros: 0.25.18 (/opt/ros/humble/share/tf2_ros/cmake)
[0.382s] -- Found tf2_geometry_msgs: 0.25.18 (/opt/ros/humble/share/tf2_geometry_msgs/cmake)
[0.384s] -- Found eigen3_cmake_module: 0.1.1 (/opt/ros/humble/share/eigen3_cmake_module/cmake)
[0.385s] -- Ensuring Eigen3 include directory is part of orocos-kdl CMake target
[0.386s] -- Found ament_lint_auto: 0.12.14 (/opt/ros/humble/share/ament_lint_auto/cmake)
[0.438s] -- Added test 'cppcheck' to perform static code analysis on C / C++ code
[0.438s] -- Configured cppcheck include dirs: 
[0.438s] -- Configured cppcheck exclude dirs and/or files: 
[0.438s] -- Added test 'lint_cmake' to check CMake code style
[0.438s] -- Added test 'uncrustify' to check C / C++ code style
[0.439s] -- Configured uncrustify additional arguments: 
[0.439s] -- Added test 'xmllint' to check XML markup files
[0.439s] -- Configuring done
[0.447s] -- Generating done
[0.450s] -- Build files have been written to: /home/emmm/Desktop/rm/ROS2/learn/chapter5/tf_ws/build/demo_cpp_tf
[0.457s] Invoked command in '/home/emmm/Desktop/rm/ROS2/learn/chapter5/tf_ws/build/demo_cpp_tf' returned '0': CMAKE_PREFIX_PATH=/opt/ros/humble /usr/bin/cmake /home/emmm/Desktop/rm/ROS2/learn/chapter5/tf_ws/src/demo_cpp_tf -DCMAKE_INSTALL_PREFIX=/home/emmm/Desktop/rm/ROS2/learn/chapter5/tf_ws/install/demo_cpp_tf
[0.459s] Invoking command in '/home/emmm/Desktop/rm/ROS2/learn/chapter5/tf_ws/build/demo_cpp_tf': CMAKE_PREFIX_PATH=/opt/ros/humble /usr/bin/cmake --build /home/emmm/Desktop/rm/ROS2/learn/chapter5/tf_ws/build/demo_cpp_tf -- -j12 -l12
[0.531s] [ 50%] [32mBuilding CXX object CMakeFiles/static_tf_broadcaster.dir/src/static_tf_broadcaster.cpp.o[0m
[3.425s] [100%] [32m[1mLinking CXX executable static_tf_broadcaster[0m
[3.625s] [100%] Built target static_tf_broadcaster
[3.634s] Invoked command in '/home/emmm/Desktop/rm/ROS2/learn/chapter5/tf_ws/build/demo_cpp_tf' returned '0': CMAKE_PREFIX_PATH=/opt/ros/humble /usr/bin/cmake --build /home/emmm/Desktop/rm/ROS2/learn/chapter5/tf_ws/build/demo_cpp_tf -- -j12 -l12
[3.644s] Invoking command in '/home/emmm/Desktop/rm/ROS2/learn/chapter5/tf_ws/build/demo_cpp_tf': CMAKE_PREFIX_PATH=/opt/ros/humble /usr/bin/cmake --install /home/emmm/Desktop/rm/ROS2/learn/chapter5/tf_ws/build/demo_cpp_tf
[3.651s] -- Install configuration: ""
[3.651s] -- Installing: /home/emmm/Desktop/rm/ROS2/learn/chapter5/tf_ws/install/demo_cpp_tf/lib/demo_cpp_tf/static_tf_broadcaster
[3.652s] -- Set runtime path of "/home/emmm/Desktop/rm/ROS2/learn/chapter5/tf_ws/install/demo_cpp_tf/lib/demo_cpp_tf/static_tf_broadcaster" to ""
[3.652s] -- Installing: /home/emmm/Desktop/rm/ROS2/learn/chapter5/tf_ws/install/demo_cpp_tf/share/ament_index/resource_index/package_run_dependencies/demo_cpp_tf
[3.652s] -- Installing: /home/emmm/Desktop/rm/ROS2/learn/chapter5/tf_ws/install/demo_cpp_tf/share/ament_index/resource_index/parent_prefix_path/demo_cpp_tf
[3.652s] -- Installing: /home/emmm/Desktop/rm/ROS2/learn/chapter5/tf_ws/install/demo_cpp_tf/share/demo_cpp_tf/environment/ament_prefix_path.sh
[3.652s] -- Installing: /home/emmm/Desktop/rm/ROS2/learn/chapter5/tf_ws/install/demo_cpp_tf/share/demo_cpp_tf/environment/ament_prefix_path.dsv
[3.653s] -- Installing: /home/emmm/Desktop/rm/ROS2/learn/chapter5/tf_ws/install/demo_cpp_tf/share/demo_cpp_tf/environment/path.sh
[3.653s] -- Installing: /home/emmm/Desktop/rm/ROS2/learn/chapter5/tf_ws/install/demo_cpp_tf/share/demo_cpp_tf/environment/path.dsv
[3.653s] -- Installing: /home/emmm/Desktop/rm/ROS2/learn/chapter5/tf_ws/install/demo_cpp_tf/share/demo_cpp_tf/local_setup.bash
[3.653s] -- Installing: /home/emmm/Desktop/rm/ROS2/learn/chapter5/tf_ws/install/demo_cpp_tf/share/demo_cpp_tf/local_setup.sh
[3.653s] -- Installing: /home/emmm/Desktop/rm/ROS2/learn/chapter5/tf_ws/install/demo_cpp_tf/share/demo_cpp_tf/local_setup.zsh
[3.653s] -- Installing: /home/emmm/Desktop/rm/ROS2/learn/chapter5/tf_ws/install/demo_cpp_tf/share/demo_cpp_tf/local_setup.dsv
[3.653s] -- Installing: /home/emmm/Desktop/rm/ROS2/learn/chapter5/tf_ws/install/demo_cpp_tf/share/demo_cpp_tf/package.dsv
[3.653s] -- Installing: /home/emmm/Desktop/rm/ROS2/learn/chapter5/tf_ws/install/demo_cpp_tf/share/ament_index/resource_index/packages/demo_cpp_tf
[3.653s] -- Installing: /home/emmm/Desktop/rm/ROS2/learn/chapter5/tf_ws/install/demo_cpp_tf/share/demo_cpp_tf/cmake/demo_cpp_tfConfig.cmake
[3.653s] -- Installing: /home/emmm/Desktop/rm/ROS2/learn/chapter5/tf_ws/install/demo_cpp_tf/share/demo_cpp_tf/cmake/demo_cpp_tfConfig-version.cmake
[3.653s] -- Installing: /home/emmm/Desktop/rm/ROS2/learn/chapter5/tf_ws/install/demo_cpp_tf/share/demo_cpp_tf/package.xml
[3.656s] Invoked command in '/home/emmm/Desktop/rm/ROS2/learn/chapter5/tf_ws/build/demo_cpp_tf' returned '0': CMAKE_PREFIX_PATH=/opt/ros/humble /usr/bin/cmake --install /home/emmm/Desktop/rm/ROS2/learn/chapter5/tf_ws/build/demo_cpp_tf
