[0.010s] Invoking command in '/home/emmm/Desktop/rm/ROS2/learn/chapter4/action_ws/build/robot_control_interfaces': CMAKE_PREFIX_PATH=/opt/ros/humble /usr/bin/cmake --build /home/emmm/Desktop/rm/ROS2/learn/chapter4/action_ws/build/robot_control_interfaces -- -j12 -l12
[0.077s] [  9%] Built target robot_control_interfaces__rosidl_generator_c
[0.087s] [ 12%] Built target robot_control_interfaces__cpp
[0.117s] [ 12%] Built target ament_cmake_python_copy_robot_control_interfaces
[0.128s] [ 22%] Built target robot_control_interfaces__rosidl_typesupport_c
[0.128s] [ 32%] Built target robot_control_interfaces__rosidl_typesupport_introspection_c
[0.134s] [ 41%] Built target robot_control_interfaces__rosidl_typesupport_fastrtps_c
[0.142s] [ 54%] Built target robot_control_interfaces__rosidl_typesupport_cpp
[0.142s] [ 61%] Built target robot_control_interfaces__rosidl_typesupport_introspection_cpp
[0.143s] [ 70%] Built target robot_control_interfaces__rosidl_typesupport_fastrtps_cpp
[0.166s] [ 70%] Built target robot_control_interfaces
[0.187s] [ 74%] Built target robot_control_interfaces__py
[0.212s] [ 80%] Built target robot_control_interfaces__rosidl_generator_py
[0.239s] [100%] Built target robot_control_interfaces__rosidl_typesupport_fastrtps_c__pyext
[0.239s] [100%] Built target robot_control_interfaces__rosidl_typesupport_c__pyext
[0.239s] [100%] Built target robot_control_interfaces__rosidl_typesupport_introspection_c__pyext
[0.282s] running egg_info
[0.283s] writing robot_control_interfaces.egg-info/PKG-INFO
[0.283s] writing dependency_links to robot_control_interfaces.egg-info/dependency_links.txt
[0.283s] writing top-level names to robot_control_interfaces.egg-info/top_level.txt
[0.284s] reading manifest file 'robot_control_interfaces.egg-info/SOURCES.txt'
[0.285s] writing manifest file 'robot_control_interfaces.egg-info/SOURCES.txt'
[0.308s] [100%] Built target ament_cmake_python_build_robot_control_interfaces_egg
[0.322s] Invoked command in '/home/emmm/Desktop/rm/ROS2/learn/chapter4/action_ws/build/robot_control_interfaces' returned '0': CMAKE_PREFIX_PATH=/opt/ros/humble /usr/bin/cmake --build /home/emmm/Desktop/rm/ROS2/learn/chapter4/action_ws/build/robot_control_interfaces -- -j12 -l12
[0.331s] Invoking command in '/home/emmm/Desktop/rm/ROS2/learn/chapter4/action_ws/build/robot_control_interfaces': CMAKE_PREFIX_PATH=/opt/ros/humble /usr/bin/cmake --install /home/emmm/Desktop/rm/ROS2/learn/chapter4/action_ws/build/robot_control_interfaces
[0.340s] -- Install configuration: ""
[0.340s] -- Up-to-date: /home/emmm/Desktop/rm/ROS2/learn/chapter4/action_ws/install/robot_control_interfaces/share/ament_index/resource_index/rosidl_interfaces/robot_control_interfaces
[0.341s] -- Up-to-date: /home/emmm/Desktop/rm/ROS2/learn/chapter4/action_ws/install/robot_control_interfaces/include/robot_control_interfaces/robot_control_interfaces
[0.341s] -- Up-to-date: /home/emmm/Desktop/rm/ROS2/learn/chapter4/action_ws/install/robot_control_interfaces/include/robot_control_interfaces/robot_control_interfaces/msg
[0.341s] -- Up-to-date: /home/emmm/Desktop/rm/ROS2/learn/chapter4/action_ws/install/robot_control_interfaces/include/robot_control_interfaces/robot_control_interfaces/msg/rosidl_generator_c__visibility_control.h
[0.341s] -- Up-to-date: /home/emmm/Desktop/rm/ROS2/learn/chapter4/action_ws/install/robot_control_interfaces/include/robot_control_interfaces/robot_control_interfaces/action
[0.341s] -- Up-to-date: /home/emmm/Desktop/rm/ROS2/learn/chapter4/action_ws/install/robot_control_interfaces/include/robot_control_interfaces/robot_control_interfaces/action/move_robot.h
[0.341s] -- Up-to-date: /home/emmm/Desktop/rm/ROS2/learn/chapter4/action_ws/install/robot_control_interfaces/include/robot_control_interfaces/robot_control_interfaces/action/detail
[0.341s] -- Up-to-date: /home/emmm/Desktop/rm/ROS2/learn/chapter4/action_ws/install/robot_control_interfaces/include/robot_control_interfaces/robot_control_interfaces/action/detail/move_robot__functions.c
[0.341s] -- Up-to-date: /home/emmm/Desktop/rm/ROS2/learn/chapter4/action_ws/install/robot_control_interfaces/include/robot_control_interfaces/robot_control_interfaces/action/detail/move_robot__functions.h
[0.341s] -- Up-to-date: /home/emmm/Desktop/rm/ROS2/learn/chapter4/action_ws/install/robot_control_interfaces/include/robot_control_interfaces/robot_control_interfaces/action/detail/move_robot__type_support.h
[0.342s] -- Up-to-date: /home/emmm/Desktop/rm/ROS2/learn/chapter4/action_ws/install/robot_control_interfaces/include/robot_control_interfaces/robot_control_interfaces/action/detail/move_robot__struct.h
[0.342s] -- Up-to-date: /home/emmm/Desktop/rm/ROS2/learn/chapter4/action_ws/install/robot_control_interfaces/share/robot_control_interfaces/environment/library_path.sh
[0.342s] -- Up-to-date: /home/emmm/Desktop/rm/ROS2/learn/chapter4/action_ws/install/robot_control_interfaces/share/robot_control_interfaces/environment/library_path.dsv
[0.342s] -- Up-to-date: /home/emmm/Desktop/rm/ROS2/learn/chapter4/action_ws/install/robot_control_interfaces/lib/librobot_control_interfaces__rosidl_generator_c.so
[0.342s] -- Up-to-date: /home/emmm/Desktop/rm/ROS2/learn/chapter4/action_ws/install/robot_control_interfaces/include/robot_control_interfaces/robot_control_interfaces
[0.342s] -- Up-to-date: /home/emmm/Desktop/rm/ROS2/learn/chapter4/action_ws/install/robot_control_interfaces/include/robot_control_interfaces/robot_control_interfaces/msg
[0.342s] -- Up-to-date: /home/emmm/Desktop/rm/ROS2/learn/chapter4/action_ws/install/robot_control_interfaces/include/robot_control_interfaces/robot_control_interfaces/msg/rosidl_typesupport_fastrtps_c__visibility_control.h
[0.343s] -- Up-to-date: /home/emmm/Desktop/rm/ROS2/learn/chapter4/action_ws/install/robot_control_interfaces/include/robot_control_interfaces/robot_control_interfaces/action
[0.343s] -- Up-to-date: /home/emmm/Desktop/rm/ROS2/learn/chapter4/action_ws/install/robot_control_interfaces/include/robot_control_interfaces/robot_control_interfaces/action/detail
[0.343s] -- Up-to-date: /home/emmm/Desktop/rm/ROS2/learn/chapter4/action_ws/install/robot_control_interfaces/include/robot_control_interfaces/robot_control_interfaces/action/detail/move_robot__rosidl_typesupport_fastrtps_c.h
[0.343s] -- Up-to-date: /home/emmm/Desktop/rm/ROS2/learn/chapter4/action_ws/install/robot_control_interfaces/lib/librobot_control_interfaces__rosidl_typesupport_fastrtps_c.so
[0.343s] -- Up-to-date: /home/emmm/Desktop/rm/ROS2/learn/chapter4/action_ws/install/robot_control_interfaces/include/robot_control_interfaces/robot_control_interfaces
[0.343s] -- Up-to-date: /home/emmm/Desktop/rm/ROS2/learn/chapter4/action_ws/install/robot_control_interfaces/include/robot_control_interfaces/robot_control_interfaces/msg
[0.344s] -- Up-to-date: /home/emmm/Desktop/rm/ROS2/learn/chapter4/action_ws/install/robot_control_interfaces/include/robot_control_interfaces/robot_control_interfaces/msg/rosidl_typesupport_introspection_c__visibility_control.h
[0.344s] -- Up-to-date: /home/emmm/Desktop/rm/ROS2/learn/chapter4/action_ws/install/robot_control_interfaces/include/robot_control_interfaces/robot_control_interfaces/action
[0.344s] -- Up-to-date: /home/emmm/Desktop/rm/ROS2/learn/chapter4/action_ws/install/robot_control_interfaces/include/robot_control_interfaces/robot_control_interfaces/action/detail
[0.344s] -- Up-to-date: /home/emmm/Desktop/rm/ROS2/learn/chapter4/action_ws/install/robot_control_interfaces/include/robot_control_interfaces/robot_control_interfaces/action/detail/move_robot__rosidl_typesupport_introspection_c.h
[0.344s] -- Up-to-date: /home/emmm/Desktop/rm/ROS2/learn/chapter4/action_ws/install/robot_control_interfaces/include/robot_control_interfaces/robot_control_interfaces/action/detail/move_robot__type_support.c
[0.344s] -- Up-to-date: /home/emmm/Desktop/rm/ROS2/learn/chapter4/action_ws/install/robot_control_interfaces/lib/librobot_control_interfaces__rosidl_typesupport_introspection_c.so
[0.344s] -- Up-to-date: /home/emmm/Desktop/rm/ROS2/learn/chapter4/action_ws/install/robot_control_interfaces/lib/librobot_control_interfaces__rosidl_typesupport_c.so
[0.345s] -- Up-to-date: /home/emmm/Desktop/rm/ROS2/learn/chapter4/action_ws/install/robot_control_interfaces/include/robot_control_interfaces/robot_control_interfaces
[0.345s] -- Up-to-date: /home/emmm/Desktop/rm/ROS2/learn/chapter4/action_ws/install/robot_control_interfaces/include/robot_control_interfaces/robot_control_interfaces/msg
[0.345s] -- Up-to-date: /home/emmm/Desktop/rm/ROS2/learn/chapter4/action_ws/install/robot_control_interfaces/include/robot_control_interfaces/robot_control_interfaces/msg/rosidl_generator_cpp__visibility_control.hpp
[0.345s] -- Up-to-date: /home/emmm/Desktop/rm/ROS2/learn/chapter4/action_ws/install/robot_control_interfaces/include/robot_control_interfaces/robot_control_interfaces/action
[0.345s] -- Up-to-date: /home/emmm/Desktop/rm/ROS2/learn/chapter4/action_ws/install/robot_control_interfaces/include/robot_control_interfaces/robot_control_interfaces/action/move_robot.hpp
[0.345s] -- Up-to-date: /home/emmm/Desktop/rm/ROS2/learn/chapter4/action_ws/install/robot_control_interfaces/include/robot_control_interfaces/robot_control_interfaces/action/detail
[0.345s] -- Up-to-date: /home/emmm/Desktop/rm/ROS2/learn/chapter4/action_ws/install/robot_control_interfaces/include/robot_control_interfaces/robot_control_interfaces/action/detail/move_robot__type_support.hpp
[0.345s] -- Up-to-date: /home/emmm/Desktop/rm/ROS2/learn/chapter4/action_ws/install/robot_control_interfaces/include/robot_control_interfaces/robot_control_interfaces/action/detail/move_robot__traits.hpp
[0.346s] -- Up-to-date: /home/emmm/Desktop/rm/ROS2/learn/chapter4/action_ws/install/robot_control_interfaces/include/robot_control_interfaces/robot_control_interfaces/action/detail/move_robot__builder.hpp
[0.346s] -- Up-to-date: /home/emmm/Desktop/rm/ROS2/learn/chapter4/action_ws/install/robot_control_interfaces/include/robot_control_interfaces/robot_control_interfaces/action/detail/move_robot__struct.hpp
[0.346s] -- Up-to-date: /home/emmm/Desktop/rm/ROS2/learn/chapter4/action_ws/install/robot_control_interfaces/include/robot_control_interfaces/robot_control_interfaces
[0.346s] -- Up-to-date: /home/emmm/Desktop/rm/ROS2/learn/chapter4/action_ws/install/robot_control_interfaces/include/robot_control_interfaces/robot_control_interfaces/msg
[0.346s] -- Up-to-date: /home/emmm/Desktop/rm/ROS2/learn/chapter4/action_ws/install/robot_control_interfaces/include/robot_control_interfaces/robot_control_interfaces/msg/rosidl_typesupport_fastrtps_cpp__visibility_control.h
[0.346s] -- Up-to-date: /home/emmm/Desktop/rm/ROS2/learn/chapter4/action_ws/install/robot_control_interfaces/include/robot_control_interfaces/robot_control_interfaces/action
[0.346s] -- Up-to-date: /home/emmm/Desktop/rm/ROS2/learn/chapter4/action_ws/install/robot_control_interfaces/include/robot_control_interfaces/robot_control_interfaces/action/detail
[0.346s] -- Up-to-date: /home/emmm/Desktop/rm/ROS2/learn/chapter4/action_ws/install/robot_control_interfaces/include/robot_control_interfaces/robot_control_interfaces/action/detail/move_robot__rosidl_typesupport_fastrtps_cpp.hpp
[0.346s] -- Up-to-date: /home/emmm/Desktop/rm/ROS2/learn/chapter4/action_ws/install/robot_control_interfaces/include/robot_control_interfaces/robot_control_interfaces/action/detail/dds_fastrtps
[0.346s] -- Up-to-date: /home/emmm/Desktop/rm/ROS2/learn/chapter4/action_ws/install/robot_control_interfaces/lib/librobot_control_interfaces__rosidl_typesupport_fastrtps_cpp.so
[0.346s] -- Up-to-date: /home/emmm/Desktop/rm/ROS2/learn/chapter4/action_ws/install/robot_control_interfaces/include/robot_control_interfaces/robot_control_interfaces
[0.347s] -- Up-to-date: /home/emmm/Desktop/rm/ROS2/learn/chapter4/action_ws/install/robot_control_interfaces/include/robot_control_interfaces/robot_control_interfaces/action
[0.347s] -- Up-to-date: /home/emmm/Desktop/rm/ROS2/learn/chapter4/action_ws/install/robot_control_interfaces/include/robot_control_interfaces/robot_control_interfaces/action/detail
[0.347s] -- Up-to-date: /home/emmm/Desktop/rm/ROS2/learn/chapter4/action_ws/install/robot_control_interfaces/include/robot_control_interfaces/robot_control_interfaces/action/detail/move_robot__rosidl_typesupport_introspection_cpp.hpp
[0.347s] -- Up-to-date: /home/emmm/Desktop/rm/ROS2/learn/chapter4/action_ws/install/robot_control_interfaces/include/robot_control_interfaces/robot_control_interfaces/action/detail/move_robot__type_support.cpp
[0.347s] -- Up-to-date: /home/emmm/Desktop/rm/ROS2/learn/chapter4/action_ws/install/robot_control_interfaces/lib/librobot_control_interfaces__rosidl_typesupport_introspection_cpp.so
[0.347s] -- Up-to-date: /home/emmm/Desktop/rm/ROS2/learn/chapter4/action_ws/install/robot_control_interfaces/lib/librobot_control_interfaces__rosidl_typesupport_cpp.so
[0.347s] -- Up-to-date: /home/emmm/Desktop/rm/ROS2/learn/chapter4/action_ws/install/robot_control_interfaces/share/robot_control_interfaces/environment/pythonpath.sh
[0.347s] -- Up-to-date: /home/emmm/Desktop/rm/ROS2/learn/chapter4/action_ws/install/robot_control_interfaces/share/robot_control_interfaces/environment/pythonpath.dsv
[0.347s] -- Up-to-date: /home/emmm/Desktop/rm/ROS2/learn/chapter4/action_ws/install/robot_control_interfaces/local/lib/python3.10/dist-packages/robot_control_interfaces-0.0.0-py3.10.egg-info
[0.347s] -- Installing: /home/emmm/Desktop/rm/ROS2/learn/chapter4/action_ws/install/robot_control_interfaces/local/lib/python3.10/dist-packages/robot_control_interfaces-0.0.0-py3.10.egg-info/PKG-INFO
[0.348s] -- Installing: /home/emmm/Desktop/rm/ROS2/learn/chapter4/action_ws/install/robot_control_interfaces/local/lib/python3.10/dist-packages/robot_control_interfaces-0.0.0-py3.10.egg-info/dependency_links.txt
[0.348s] -- Installing: /home/emmm/Desktop/rm/ROS2/learn/chapter4/action_ws/install/robot_control_interfaces/local/lib/python3.10/dist-packages/robot_control_interfaces-0.0.0-py3.10.egg-info/SOURCES.txt
[0.348s] -- Installing: /home/emmm/Desktop/rm/ROS2/learn/chapter4/action_ws/install/robot_control_interfaces/local/lib/python3.10/dist-packages/robot_control_interfaces-0.0.0-py3.10.egg-info/top_level.txt
[0.348s] -- Up-to-date: /home/emmm/Desktop/rm/ROS2/learn/chapter4/action_ws/install/robot_control_interfaces/local/lib/python3.10/dist-packages/robot_control_interfaces
[0.348s] -- Up-to-date: /home/emmm/Desktop/rm/ROS2/learn/chapter4/action_ws/install/robot_control_interfaces/local/lib/python3.10/dist-packages/robot_control_interfaces/_robot_control_interfaces_s.ep.rosidl_typesupport_c.c
[0.348s] -- Up-to-date: /home/emmm/Desktop/rm/ROS2/learn/chapter4/action_ws/install/robot_control_interfaces/local/lib/python3.10/dist-packages/robot_control_interfaces/robot_control_interfaces_s__rosidl_typesupport_introspection_c.cpython-310-x86_64-linux-gnu.so
[0.348s] -- Up-to-date: /home/emmm/Desktop/rm/ROS2/learn/chapter4/action_ws/install/robot_control_interfaces/local/lib/python3.10/dist-packages/robot_control_interfaces/_robot_control_interfaces_s.ep.rosidl_typesupport_fastrtps_c.c
[0.348s] -- Up-to-date: /home/emmm/Desktop/rm/ROS2/learn/chapter4/action_ws/install/robot_control_interfaces/local/lib/python3.10/dist-packages/robot_control_interfaces/librobot_control_interfaces__rosidl_generator_py.so
[0.349s] -- Up-to-date: /home/emmm/Desktop/rm/ROS2/learn/chapter4/action_ws/install/robot_control_interfaces/local/lib/python3.10/dist-packages/robot_control_interfaces/action
[0.349s] -- Up-to-date: /home/emmm/Desktop/rm/ROS2/learn/chapter4/action_ws/install/robot_control_interfaces/local/lib/python3.10/dist-packages/robot_control_interfaces/action/_move_robot_s.c
[0.349s] -- Up-to-date: /home/emmm/Desktop/rm/ROS2/learn/chapter4/action_ws/install/robot_control_interfaces/local/lib/python3.10/dist-packages/robot_control_interfaces/action/_move_robot.py
[0.349s] -- Up-to-date: /home/emmm/Desktop/rm/ROS2/learn/chapter4/action_ws/install/robot_control_interfaces/local/lib/python3.10/dist-packages/robot_control_interfaces/action/__init__.py
[0.349s] -- Up-to-date: /home/emmm/Desktop/rm/ROS2/learn/chapter4/action_ws/install/robot_control_interfaces/local/lib/python3.10/dist-packages/robot_control_interfaces/robot_control_interfaces_s__rosidl_typesupport_fastrtps_c.cpython-310-x86_64-linux-gnu.so
[0.349s] -- Up-to-date: /home/emmm/Desktop/rm/ROS2/learn/chapter4/action_ws/install/robot_control_interfaces/local/lib/python3.10/dist-packages/robot_control_interfaces/_robot_control_interfaces_s.ep.rosidl_typesupport_introspection_c.c
[0.349s] -- Up-to-date: /home/emmm/Desktop/rm/ROS2/learn/chapter4/action_ws/install/robot_control_interfaces/local/lib/python3.10/dist-packages/robot_control_interfaces/__init__.py
[0.349s] -- Up-to-date: /home/emmm/Desktop/rm/ROS2/learn/chapter4/action_ws/install/robot_control_interfaces/local/lib/python3.10/dist-packages/robot_control_interfaces/robot_control_interfaces_s__rosidl_typesupport_c.cpython-310-x86_64-linux-gnu.so
[0.378s] Listing '/home/emmm/Desktop/rm/ROS2/learn/chapter4/action_ws/install/robot_control_interfaces/local/lib/python3.10/dist-packages/robot_control_interfaces'...
[0.378s] Listing '/home/emmm/Desktop/rm/ROS2/learn/chapter4/action_ws/install/robot_control_interfaces/local/lib/python3.10/dist-packages/robot_control_interfaces/action'...
[0.384s] -- Up-to-date: /home/emmm/Desktop/rm/ROS2/learn/chapter4/action_ws/install/robot_control_interfaces/local/lib/python3.10/dist-packages/robot_control_interfaces/robot_control_interfaces_s__rosidl_typesupport_fastrtps_c.cpython-310-x86_64-linux-gnu.so
[0.384s] -- Up-to-date: /home/emmm/Desktop/rm/ROS2/learn/chapter4/action_ws/install/robot_control_interfaces/local/lib/python3.10/dist-packages/robot_control_interfaces/robot_control_interfaces_s__rosidl_typesupport_introspection_c.cpython-310-x86_64-linux-gnu.so
[0.385s] -- Up-to-date: /home/emmm/Desktop/rm/ROS2/learn/chapter4/action_ws/install/robot_control_interfaces/local/lib/python3.10/dist-packages/robot_control_interfaces/robot_control_interfaces_s__rosidl_typesupport_c.cpython-310-x86_64-linux-gnu.so
[0.385s] -- Up-to-date: /home/emmm/Desktop/rm/ROS2/learn/chapter4/action_ws/install/robot_control_interfaces/lib/librobot_control_interfaces__rosidl_generator_py.so
[0.386s] -- Up-to-date: /home/emmm/Desktop/rm/ROS2/learn/chapter4/action_ws/install/robot_control_interfaces/share/robot_control_interfaces/action/MoveRobot.idl
[0.386s] -- Up-to-date: /home/emmm/Desktop/rm/ROS2/learn/chapter4/action_ws/install/robot_control_interfaces/share/robot_control_interfaces/action/MoveRobot.action
[0.386s] -- Up-to-date: /home/emmm/Desktop/rm/ROS2/learn/chapter4/action_ws/install/robot_control_interfaces/share/ament_index/resource_index/package_run_dependencies/robot_control_interfaces
[0.386s] -- Up-to-date: /home/emmm/Desktop/rm/ROS2/learn/chapter4/action_ws/install/robot_control_interfaces/share/ament_index/resource_index/parent_prefix_path/robot_control_interfaces
[0.386s] -- Up-to-date: /home/emmm/Desktop/rm/ROS2/learn/chapter4/action_ws/install/robot_control_interfaces/share/robot_control_interfaces/environment/ament_prefix_path.sh
[0.386s] -- Up-to-date: /home/emmm/Desktop/rm/ROS2/learn/chapter4/action_ws/install/robot_control_interfaces/share/robot_control_interfaces/environment/ament_prefix_path.dsv
[0.386s] -- Up-to-date: /home/emmm/Desktop/rm/ROS2/learn/chapter4/action_ws/install/robot_control_interfaces/share/robot_control_interfaces/environment/path.sh
[0.386s] -- Up-to-date: /home/emmm/Desktop/rm/ROS2/learn/chapter4/action_ws/install/robot_control_interfaces/share/robot_control_interfaces/environment/path.dsv
[0.387s] -- Up-to-date: /home/emmm/Desktop/rm/ROS2/learn/chapter4/action_ws/install/robot_control_interfaces/share/robot_control_interfaces/local_setup.bash
[0.387s] -- Up-to-date: /home/emmm/Desktop/rm/ROS2/learn/chapter4/action_ws/install/robot_control_interfaces/share/robot_control_interfaces/local_setup.sh
[0.387s] -- Up-to-date: /home/emmm/Desktop/rm/ROS2/learn/chapter4/action_ws/install/robot_control_interfaces/share/robot_control_interfaces/local_setup.zsh
[0.387s] -- Up-to-date: /home/emmm/Desktop/rm/ROS2/learn/chapter4/action_ws/install/robot_control_interfaces/share/robot_control_interfaces/local_setup.dsv
[0.387s] -- Installing: /home/emmm/Desktop/rm/ROS2/learn/chapter4/action_ws/install/robot_control_interfaces/share/robot_control_interfaces/package.dsv
[0.387s] -- Up-to-date: /home/emmm/Desktop/rm/ROS2/learn/chapter4/action_ws/install/robot_control_interfaces/share/ament_index/resource_index/packages/robot_control_interfaces
[0.387s] -- Up-to-date: /home/emmm/Desktop/rm/ROS2/learn/chapter4/action_ws/install/robot_control_interfaces/share/robot_control_interfaces/cmake/export_robot_control_interfaces__rosidl_generator_cExport.cmake
[0.387s] -- Up-to-date: /home/emmm/Desktop/rm/ROS2/learn/chapter4/action_ws/install/robot_control_interfaces/share/robot_control_interfaces/cmake/export_robot_control_interfaces__rosidl_generator_cExport-noconfig.cmake
[0.387s] -- Up-to-date: /home/emmm/Desktop/rm/ROS2/learn/chapter4/action_ws/install/robot_control_interfaces/share/robot_control_interfaces/cmake/export_robot_control_interfaces__rosidl_typesupport_fastrtps_cExport.cmake
[0.387s] -- Up-to-date: /home/emmm/Desktop/rm/ROS2/learn/chapter4/action_ws/install/robot_control_interfaces/share/robot_control_interfaces/cmake/export_robot_control_interfaces__rosidl_typesupport_fastrtps_cExport-noconfig.cmake
[0.388s] -- Up-to-date: /home/emmm/Desktop/rm/ROS2/learn/chapter4/action_ws/install/robot_control_interfaces/share/robot_control_interfaces/cmake/robot_control_interfaces__rosidl_typesupport_introspection_cExport.cmake
[0.388s] -- Up-to-date: /home/emmm/Desktop/rm/ROS2/learn/chapter4/action_ws/install/robot_control_interfaces/share/robot_control_interfaces/cmake/robot_control_interfaces__rosidl_typesupport_introspection_cExport-noconfig.cmake
[0.388s] -- Up-to-date: /home/emmm/Desktop/rm/ROS2/learn/chapter4/action_ws/install/robot_control_interfaces/share/robot_control_interfaces/cmake/robot_control_interfaces__rosidl_typesupport_cExport.cmake
[0.388s] -- Up-to-date: /home/emmm/Desktop/rm/ROS2/learn/chapter4/action_ws/install/robot_control_interfaces/share/robot_control_interfaces/cmake/robot_control_interfaces__rosidl_typesupport_cExport-noconfig.cmake
[0.388s] -- Up-to-date: /home/emmm/Desktop/rm/ROS2/learn/chapter4/action_ws/install/robot_control_interfaces/share/robot_control_interfaces/cmake/export_robot_control_interfaces__rosidl_generator_cppExport.cmake
[0.389s] -- Up-to-date: /home/emmm/Desktop/rm/ROS2/learn/chapter4/action_ws/install/robot_control_interfaces/share/robot_control_interfaces/cmake/export_robot_control_interfaces__rosidl_typesupport_fastrtps_cppExport.cmake
[0.389s] -- Up-to-date: /home/emmm/Desktop/rm/ROS2/learn/chapter4/action_ws/install/robot_control_interfaces/share/robot_control_interfaces/cmake/export_robot_control_interfaces__rosidl_typesupport_fastrtps_cppExport-noconfig.cmake
[0.389s] -- Up-to-date: /home/emmm/Desktop/rm/ROS2/learn/chapter4/action_ws/install/robot_control_interfaces/share/robot_control_interfaces/cmake/robot_control_interfaces__rosidl_typesupport_introspection_cppExport.cmake
[0.389s] -- Up-to-date: /home/emmm/Desktop/rm/ROS2/learn/chapter4/action_ws/install/robot_control_interfaces/share/robot_control_interfaces/cmake/robot_control_interfaces__rosidl_typesupport_introspection_cppExport-noconfig.cmake
[0.390s] -- Up-to-date: /home/emmm/Desktop/rm/ROS2/learn/chapter4/action_ws/install/robot_control_interfaces/share/robot_control_interfaces/cmake/robot_control_interfaces__rosidl_typesupport_cppExport.cmake
[0.390s] -- Up-to-date: /home/emmm/Desktop/rm/ROS2/learn/chapter4/action_ws/install/robot_control_interfaces/share/robot_control_interfaces/cmake/robot_control_interfaces__rosidl_typesupport_cppExport-noconfig.cmake
[0.390s] -- Up-to-date: /home/emmm/Desktop/rm/ROS2/learn/chapter4/action_ws/install/robot_control_interfaces/share/robot_control_interfaces/cmake/export_robot_control_interfaces__rosidl_generator_pyExport.cmake
[0.390s] -- Up-to-date: /home/emmm/Desktop/rm/ROS2/learn/chapter4/action_ws/install/robot_control_interfaces/share/robot_control_interfaces/cmake/export_robot_control_interfaces__rosidl_generator_pyExport-noconfig.cmake
[0.390s] -- Up-to-date: /home/emmm/Desktop/rm/ROS2/learn/chapter4/action_ws/install/robot_control_interfaces/share/robot_control_interfaces/cmake/rosidl_cmake-extras.cmake
[0.390s] -- Up-to-date: /home/emmm/Desktop/rm/ROS2/learn/chapter4/action_ws/install/robot_control_interfaces/share/robot_control_interfaces/cmake/ament_cmake_export_dependencies-extras.cmake
[0.391s] -- Up-to-date: /home/emmm/Desktop/rm/ROS2/learn/chapter4/action_ws/install/robot_control_interfaces/share/robot_control_interfaces/cmake/ament_cmake_export_include_directories-extras.cmake
[0.391s] -- Up-to-date: /home/emmm/Desktop/rm/ROS2/learn/chapter4/action_ws/install/robot_control_interfaces/share/robot_control_interfaces/cmake/ament_cmake_export_libraries-extras.cmake
[0.391s] -- Up-to-date: /home/emmm/Desktop/rm/ROS2/learn/chapter4/action_ws/install/robot_control_interfaces/share/robot_control_interfaces/cmake/ament_cmake_export_targets-extras.cmake
[0.391s] -- Up-to-date: /home/emmm/Desktop/rm/ROS2/learn/chapter4/action_ws/install/robot_control_interfaces/share/robot_control_interfaces/cmake/rosidl_cmake_export_typesupport_targets-extras.cmake
[0.391s] -- Up-to-date: /home/emmm/Desktop/rm/ROS2/learn/chapter4/action_ws/install/robot_control_interfaces/share/robot_control_interfaces/cmake/rosidl_cmake_export_typesupport_libraries-extras.cmake
[0.391s] -- Up-to-date: /home/emmm/Desktop/rm/ROS2/learn/chapter4/action_ws/install/robot_control_interfaces/share/robot_control_interfaces/cmake/robot_control_interfacesConfig.cmake
[0.391s] -- Up-to-date: /home/emmm/Desktop/rm/ROS2/learn/chapter4/action_ws/install/robot_control_interfaces/share/robot_control_interfaces/cmake/robot_control_interfacesConfig-version.cmake
[0.391s] -- Up-to-date: /home/emmm/Desktop/rm/ROS2/learn/chapter4/action_ws/install/robot_control_interfaces/share/robot_control_interfaces/package.xml
[0.393s] Invoked command in '/home/emmm/Desktop/rm/ROS2/learn/chapter4/action_ws/build/robot_control_interfaces' returned '0': CMAKE_PREFIX_PATH=/opt/ros/humble /usr/bin/cmake --install /home/emmm/Desktop/rm/ROS2/learn/chapter4/action_ws/build/robot_control_interfaces
