-- The C compiler identification is GNU 11.4.0
-- The CXX compiler identification is GNU 11.4.0
-- Detecting C compiler ABI info
-- Detecting C compiler ABI info - done
-- Check for working C compiler: /usr/bin/cc - skipped
-- Detecting C compile features
-- Detecting C compile features - done
-- Detecting CXX compiler ABI info
-- Detecting CXX compiler ABI info - done
-- Check for working CXX compiler: /usr/bin/c++ - skipped
-- Detecting CXX compile features
-- Detecting CXX compile features - done
-- Found ament_cmake: 1.3.12 (/opt/ros/humble/share/ament_cmake/cmake)
-- Found Python3: /usr/bin/python3 (found version "3.10.12") found components: Interpreter 
-- Found rclcpp: 16.0.17 (/opt/ros/humble/share/rclcpp/cmake)
-- Found rosidl_generator_c: 3.1.8 (/opt/ros/humble/share/rosidl_generator_c/cmake)
-- Found rosidl_adapter: 3.1.8 (/opt/ros/humble/share/rosidl_adapter/cmake)
-- Found rosidl_generator_cpp: 3.1.8 (/opt/ros/humble/share/rosidl_generator_cpp/cmake)
-- Using all available rosidl_typesupport_c: rosidl_typesupport_fastrtps_c;rosidl_typesupport_introspection_c
-- Using all available rosidl_typesupport_cpp: rosidl_typesupport_fastrtps_cpp;rosidl_typesupport_introspection_cpp
-- Found rmw_implementation_cmake: 6.1.2 (/opt/ros/humble/share/rmw_implementation_cmake/cmake)
-- Found rmw_fastrtps_cpp: 6.2.9 (/opt/ros/humble/share/rmw_fastrtps_cpp/cmake)
-- Found OpenSSL: /usr/lib/x86_64-linux-gnu/libcrypto.so (found version "3.0.2")  
-- Found FastRTPS: /opt/ros/humble/include  
-- Using RMW implementation 'rmw_fastrtps_cpp' as default
-- Looking for pthread.h
-- Looking for pthread.h - found
-- Performing Test CMAKE_HAVE_LIBC_PTHREAD
-- Performing Test CMAKE_HAVE_LIBC_PTHREAD - Success
-- Found Threads: TRUE  
-- Found example_ros2_interfaces: 0.0.0 (/home/emmm/Desktop/rm/ROS2/learn/chapter3/interface_ws/install/example_ros2_interfaces/share/example_ros2_interfaces/cmake)
-- Found ament_lint_auto: 0.12.14 (/opt/ros/humble/share/ament_lint_auto/cmake)
-- Added test 'cppcheck' to perform static code analysis on C / C++ code
-- Configured cppcheck include dirs: $<BUILD_INTERFACE:/home/emmm/Desktop/rm/ROS2/learn/chapter3/interface_ws/src/example_interfaces_rclcpp/include>
-- Configured cppcheck exclude dirs and/or files: 
-- Added test 'lint_cmake' to check CMake code style
-- Added test 'uncrustify' to check C / C++ code style
-- Configured uncrustify additional arguments: 
-- Added test 'xmllint' to check XML markup files
-- Configuring done
-- Generating done
-- Build files have been written to: /home/emmm/Desktop/rm/ROS2/learn/chapter3/interface_ws/build/example_interfaces_rclcpp
[ 25%] [32mBuilding CXX object CMakeFiles/example_interfaces_control.dir/src/example_interfaces_control.cpp.o[0m
[ 50%] [32mBuilding CXX object CMakeFiles/example_interfaces_robot.dir/src/example_interfaces_robot.cpp.o[0m
[ 75%] [32m[1mLinking CXX executable example_interfaces_robot[0m
[100%] [32m[1mLinking CXX executable example_interfaces_control[0m
[100%] Built target example_interfaces_robot
[100%] Built target example_interfaces_control
-- Install configuration: ""
-- Installing: /home/emmm/Desktop/rm/ROS2/learn/chapter3/interface_ws/install/example_interfaces_rclcpp/lib/example_interfaces_rclcpp/example_interfaces_robot
-- Set runtime path of "/home/emmm/Desktop/rm/ROS2/learn/chapter3/interface_ws/install/example_interfaces_rclcpp/lib/example_interfaces_rclcpp/example_interfaces_robot" to ""
-- Installing: /home/emmm/Desktop/rm/ROS2/learn/chapter3/interface_ws/install/example_interfaces_rclcpp/lib/example_interfaces_rclcpp/example_interfaces_control
-- Set runtime path of "/home/emmm/Desktop/rm/ROS2/learn/chapter3/interface_ws/install/example_interfaces_rclcpp/lib/example_interfaces_rclcpp/example_interfaces_control" to ""
-- Installing: /home/emmm/Desktop/rm/ROS2/learn/chapter3/interface_ws/install/example_interfaces_rclcpp/share/ament_index/resource_index/package_run_dependencies/example_interfaces_rclcpp
-- Installing: /home/emmm/Desktop/rm/ROS2/learn/chapter3/interface_ws/install/example_interfaces_rclcpp/share/ament_index/resource_index/parent_prefix_path/example_interfaces_rclcpp
-- Installing: /home/emmm/Desktop/rm/ROS2/learn/chapter3/interface_ws/install/example_interfaces_rclcpp/share/example_interfaces_rclcpp/environment/ament_prefix_path.sh
-- Installing: /home/emmm/Desktop/rm/ROS2/learn/chapter3/interface_ws/install/example_interfaces_rclcpp/share/example_interfaces_rclcpp/environment/ament_prefix_path.dsv
-- Installing: /home/emmm/Desktop/rm/ROS2/learn/chapter3/interface_ws/install/example_interfaces_rclcpp/share/example_interfaces_rclcpp/environment/path.sh
-- Installing: /home/emmm/Desktop/rm/ROS2/learn/chapter3/interface_ws/install/example_interfaces_rclcpp/share/example_interfaces_rclcpp/environment/path.dsv
-- Installing: /home/emmm/Desktop/rm/ROS2/learn/chapter3/interface_ws/install/example_interfaces_rclcpp/share/example_interfaces_rclcpp/local_setup.bash
-- Installing: /home/emmm/Desktop/rm/ROS2/learn/chapter3/interface_ws/install/example_interfaces_rclcpp/share/example_interfaces_rclcpp/local_setup.sh
-- Installing: /home/emmm/Desktop/rm/ROS2/learn/chapter3/interface_ws/install/example_interfaces_rclcpp/share/example_interfaces_rclcpp/local_setup.zsh
-- Installing: /home/emmm/Desktop/rm/ROS2/learn/chapter3/interface_ws/install/example_interfaces_rclcpp/share/example_interfaces_rclcpp/local_setup.dsv
-- Installing: /home/emmm/Desktop/rm/ROS2/learn/chapter3/interface_ws/install/example_interfaces_rclcpp/share/example_interfaces_rclcpp/package.dsv
-- Installing: /home/emmm/Desktop/rm/ROS2/learn/chapter3/interface_ws/install/example_interfaces_rclcpp/share/ament_index/resource_index/packages/example_interfaces_rclcpp
-- Installing: /home/emmm/Desktop/rm/ROS2/learn/chapter3/interface_ws/install/example_interfaces_rclcpp/share/example_interfaces_rclcpp/cmake/example_interfaces_rclcppConfig.cmake
-- Installing: /home/emmm/Desktop/rm/ROS2/learn/chapter3/interface_ws/install/example_interfaces_rclcpp/share/example_interfaces_rclcpp/cmake/example_interfaces_rclcppConfig-version.cmake
-- Installing: /home/emmm/Desktop/rm/ROS2/learn/chapter3/interface_ws/install/example_interfaces_rclcpp/share/example_interfaces_rclcpp/package.xml
