[0.064s] DEBUG:colcon:Command line arguments: ['/usr/bin/colcon', 'build', '--packages-select', 'add_service']
[0.064s] DEBUG:colcon:Parsed command line arguments: Namespace(log_base=None, log_level=None, verb_name='build', build_base='build', install_base='install', merge_install=False, symlink_install=False, test_result_base=None, continue_on_error=False, executor='parallel', parallel_workers=12, event_handlers=None, ignore_user_meta=False, metas=['./colcon.meta'], base_paths=['.'], packages_ignore=None, packages_ignore_regex=None, paths=None, packages_up_to=None, packages_up_to_regex=None, packages_above=None, packages_above_and_dependencies=None, packages_above_depth=None, packages_select_by_dep=None, packages_skip_by_dep=None, packages_skip_up_to=None, packages_select_build_failed=False, packages_skip_build_finished=False, packages_select_test_failures=False, packages_skip_test_passed=False, packages_select=['add_service'], packages_skip=None, packages_select_regex=None, packages_skip_regex=None, packages_start=None, packages_end=None, allow_overriding=[], cmake_args=None, cmake_target=None, cmake_target_skip_unavailable=False, cmake_clean_cache=False, cmake_clean_first=False, cmake_force_configure=False, ament_cmake_args=None, catkin_cmake_args=None, catkin_skip_building_tests=False, verb_parser=<colcon_defaults.argument_parser.defaults.DefaultArgumentsDecorator object at 0x753c6004c310>, verb_extension=<colcon_core.verb.build.BuildVerb object at 0x753c601c1b70>, main=<bound method BuildVerb.main of <colcon_core.verb.build.BuildVerb object at 0x753c601c1b70>>)
[0.159s] Level 1:colcon.colcon_core.package_discovery:discover_packages(colcon_meta) check parameters
[0.159s] Level 1:colcon.colcon_core.package_discovery:discover_packages(recursive) check parameters
[0.159s] Level 1:colcon.colcon_core.package_discovery:discover_packages(ignore) check parameters
[0.159s] Level 1:colcon.colcon_core.package_discovery:discover_packages(path) check parameters
[0.159s] Level 1:colcon.colcon_core.package_discovery:discover_packages(colcon_meta) discover
[0.159s] Level 1:colcon.colcon_core.package_discovery:discover_packages(recursive) discover
[0.159s] INFO:colcon.colcon_core.package_discovery:Crawling recursively for packages in '/home/emmm/Desktop/rm/ROS2/learn/chapter3/service_ws'
[0.159s] Level 1:colcon.colcon_core.package_identification:_identify(.) by extensions ['ignore', 'ignore_ament_install']
[0.159s] Level 1:colcon.colcon_core.package_identification:_identify(.) by extension 'ignore'
[0.159s] Level 1:colcon.colcon_core.package_identification:_identify(.) by extension 'ignore_ament_install'
[0.159s] Level 1:colcon.colcon_core.package_identification:_identify(.) by extensions ['colcon_pkg']
[0.159s] Level 1:colcon.colcon_core.package_identification:_identify(.) by extension 'colcon_pkg'
[0.159s] Level 1:colcon.colcon_core.package_identification:_identify(.) by extensions ['colcon_meta']
[0.159s] Level 1:colcon.colcon_core.package_identification:_identify(.) by extension 'colcon_meta'
[0.159s] Level 1:colcon.colcon_core.package_identification:_identify(.) by extensions ['ros']
[0.159s] Level 1:colcon.colcon_core.package_identification:_identify(.) by extension 'ros'
[0.167s] Level 1:colcon.colcon_core.package_identification:_identify(.) by extensions ['cmake', 'python']
[0.167s] Level 1:colcon.colcon_core.package_identification:_identify(.) by extension 'cmake'
[0.167s] Level 1:colcon.colcon_core.package_identification:_identify(.) by extension 'python'
[0.167s] Level 1:colcon.colcon_core.package_identification:_identify(.) by extensions ['python_setup_py']
[0.167s] Level 1:colcon.colcon_core.package_identification:_identify(.) by extension 'python_setup_py'
[0.167s] Level 1:colcon.colcon_core.package_identification:_identify(build) by extensions ['ignore', 'ignore_ament_install']
[0.167s] Level 1:colcon.colcon_core.package_identification:_identify(build) by extension 'ignore'
[0.167s] Level 1:colcon.colcon_core.package_identification:_identify(build) ignored
[0.167s] Level 1:colcon.colcon_core.package_identification:_identify(install) by extensions ['ignore', 'ignore_ament_install']
[0.167s] Level 1:colcon.colcon_core.package_identification:_identify(install) by extension 'ignore'
[0.167s] Level 1:colcon.colcon_core.package_identification:_identify(install) ignored
[0.167s] Level 1:colcon.colcon_core.package_identification:_identify(log) by extensions ['ignore', 'ignore_ament_install']
[0.167s] Level 1:colcon.colcon_core.package_identification:_identify(log) by extension 'ignore'
[0.167s] Level 1:colcon.colcon_core.package_identification:_identify(log) ignored
[0.167s] Level 1:colcon.colcon_core.package_identification:_identify(src) by extensions ['ignore', 'ignore_ament_install']
[0.167s] Level 1:colcon.colcon_core.package_identification:_identify(src) by extension 'ignore'
[0.167s] Level 1:colcon.colcon_core.package_identification:_identify(src) by extension 'ignore_ament_install'
[0.167s] Level 1:colcon.colcon_core.package_identification:_identify(src) by extensions ['colcon_pkg']
[0.168s] Level 1:colcon.colcon_core.package_identification:_identify(src) by extension 'colcon_pkg'
[0.168s] Level 1:colcon.colcon_core.package_identification:_identify(src) by extensions ['colcon_meta']
[0.168s] Level 1:colcon.colcon_core.package_identification:_identify(src) by extension 'colcon_meta'
[0.168s] Level 1:colcon.colcon_core.package_identification:_identify(src) by extensions ['ros']
[0.168s] Level 1:colcon.colcon_core.package_identification:_identify(src) by extension 'ros'
[0.168s] Level 1:colcon.colcon_core.package_identification:_identify(src) by extensions ['cmake', 'python']
[0.168s] Level 1:colcon.colcon_core.package_identification:_identify(src) by extension 'cmake'
[0.168s] Level 1:colcon.colcon_core.package_identification:_identify(src) by extension 'python'
[0.168s] Level 1:colcon.colcon_core.package_identification:_identify(src) by extensions ['python_setup_py']
[0.168s] Level 1:colcon.colcon_core.package_identification:_identify(src) by extension 'python_setup_py'
[0.168s] Level 1:colcon.colcon_core.package_identification:_identify(src/add_service) by extensions ['ignore', 'ignore_ament_install']
[0.168s] Level 1:colcon.colcon_core.package_identification:_identify(src/add_service) by extension 'ignore'
[0.168s] Level 1:colcon.colcon_core.package_identification:_identify(src/add_service) by extension 'ignore_ament_install'
[0.168s] Level 1:colcon.colcon_core.package_identification:_identify(src/add_service) by extensions ['colcon_pkg']
[0.168s] Level 1:colcon.colcon_core.package_identification:_identify(src/add_service) by extension 'colcon_pkg'
[0.168s] Level 1:colcon.colcon_core.package_identification:_identify(src/add_service) by extensions ['colcon_meta']
[0.168s] Level 1:colcon.colcon_core.package_identification:_identify(src/add_service) by extension 'colcon_meta'
[0.168s] Level 1:colcon.colcon_core.package_identification:_identify(src/add_service) by extensions ['ros']
[0.168s] Level 1:colcon.colcon_core.package_identification:_identify(src/add_service) by extension 'ros'
[0.170s] DEBUG:colcon.colcon_core.package_identification:Package 'src/add_service' with type 'ros.ament_cmake' and name 'add_service'
[0.170s] Level 1:colcon.colcon_core.package_identification:_identify(src/demo_service) by extensions ['ignore', 'ignore_ament_install']
[0.170s] Level 1:colcon.colcon_core.package_identification:_identify(src/demo_service) by extension 'ignore'
[0.170s] Level 1:colcon.colcon_core.package_identification:_identify(src/demo_service) by extension 'ignore_ament_install'
[0.170s] Level 1:colcon.colcon_core.package_identification:_identify(src/demo_service) by extensions ['colcon_pkg']
[0.170s] Level 1:colcon.colcon_core.package_identification:_identify(src/demo_service) by extension 'colcon_pkg'
[0.170s] Level 1:colcon.colcon_core.package_identification:_identify(src/demo_service) by extensions ['colcon_meta']
[0.170s] Level 1:colcon.colcon_core.package_identification:_identify(src/demo_service) by extension 'colcon_meta'
[0.170s] Level 1:colcon.colcon_core.package_identification:_identify(src/demo_service) by extensions ['ros']
[0.170s] Level 1:colcon.colcon_core.package_identification:_identify(src/demo_service) by extension 'ros'
[0.170s] DEBUG:colcon.colcon_core.package_identification:Package 'src/demo_service' with type 'ros.ament_cmake' and name 'demo_service'
[0.171s] Level 1:colcon.colcon_core.package_identification:_identify(src/service_interfaces) by extensions ['ignore', 'ignore_ament_install']
[0.171s] Level 1:colcon.colcon_core.package_identification:_identify(src/service_interfaces) by extension 'ignore'
[0.171s] Level 1:colcon.colcon_core.package_identification:_identify(src/service_interfaces) by extension 'ignore_ament_install'
[0.171s] Level 1:colcon.colcon_core.package_identification:_identify(src/service_interfaces) by extensions ['colcon_pkg']
[0.171s] Level 1:colcon.colcon_core.package_identification:_identify(src/service_interfaces) by extension 'colcon_pkg'
[0.171s] Level 1:colcon.colcon_core.package_identification:_identify(src/service_interfaces) by extensions ['colcon_meta']
[0.171s] Level 1:colcon.colcon_core.package_identification:_identify(src/service_interfaces) by extension 'colcon_meta'
[0.171s] Level 1:colcon.colcon_core.package_identification:_identify(src/service_interfaces) by extensions ['ros']
[0.171s] Level 1:colcon.colcon_core.package_identification:_identify(src/service_interfaces) by extension 'ros'
[0.171s] DEBUG:colcon.colcon_core.package_identification:Package 'src/service_interfaces' with type 'ros.ament_cmake' and name 'service_interfaces'
[0.171s] Level 1:colcon.colcon_core.package_discovery:discover_packages(recursive) using defaults
[0.171s] Level 1:colcon.colcon_core.package_discovery:discover_packages(ignore) discover
[0.171s] Level 1:colcon.colcon_core.package_discovery:discover_packages(ignore) using defaults
[0.171s] Level 1:colcon.colcon_core.package_discovery:discover_packages(path) discover
[0.171s] Level 1:colcon.colcon_core.package_discovery:discover_packages(path) using defaults
[0.185s] INFO:colcon.colcon_core.package_selection:Skipping not selected package 'service_interfaces' in 'src/service_interfaces'
[0.185s] INFO:colcon.colcon_core.package_selection:Skipping not selected package 'demo_service' in 'src/demo_service'
[0.185s] Level 1:colcon.colcon_core.package_discovery:discover_packages(prefix_path) check parameters
[0.185s] Level 1:colcon.colcon_core.package_discovery:discover_packages(prefix_path) discover
[0.186s] DEBUG:colcon.colcon_installed_package_information.package_discovery:Found 3 installed packages in /home/emmm/Desktop/rm/ROS2/learn/chapter3/service_ws/install
[0.187s] DEBUG:colcon.colcon_installed_package_information.package_discovery:Found 323 installed packages in /opt/ros/humble
[0.196s] Level 1:colcon.colcon_core.package_discovery:discover_packages(prefix_path) using defaults
[0.221s] Level 5:colcon.colcon_core.verb:set package 'add_service' build argument 'cmake_args' from command line to 'None'
[0.221s] Level 5:colcon.colcon_core.verb:set package 'add_service' build argument 'cmake_target' from command line to 'None'
[0.221s] Level 5:colcon.colcon_core.verb:set package 'add_service' build argument 'cmake_target_skip_unavailable' from command line to 'False'
[0.221s] Level 5:colcon.colcon_core.verb:set package 'add_service' build argument 'cmake_clean_cache' from command line to 'False'
[0.221s] Level 5:colcon.colcon_core.verb:set package 'add_service' build argument 'cmake_clean_first' from command line to 'False'
[0.221s] Level 5:colcon.colcon_core.verb:set package 'add_service' build argument 'cmake_force_configure' from command line to 'False'
[0.221s] Level 5:colcon.colcon_core.verb:set package 'add_service' build argument 'ament_cmake_args' from command line to 'None'
[0.221s] Level 5:colcon.colcon_core.verb:set package 'add_service' build argument 'catkin_cmake_args' from command line to 'None'
[0.221s] Level 5:colcon.colcon_core.verb:set package 'add_service' build argument 'catkin_skip_building_tests' from command line to 'False'
[0.221s] DEBUG:colcon.colcon_core.verb:Building package 'add_service' with the following arguments: {'ament_cmake_args': None, 'build_base': '/home/emmm/Desktop/rm/ROS2/learn/chapter3/service_ws/build/add_service', 'catkin_cmake_args': None, 'catkin_skip_building_tests': False, 'cmake_args': None, 'cmake_clean_cache': False, 'cmake_clean_first': False, 'cmake_force_configure': False, 'cmake_target': None, 'cmake_target_skip_unavailable': False, 'install_base': '/home/emmm/Desktop/rm/ROS2/learn/chapter3/service_ws/install/add_service', 'merge_install': False, 'path': '/home/emmm/Desktop/rm/ROS2/learn/chapter3/service_ws/src/add_service', 'symlink_install': False, 'test_result_base': None}
[0.221s] INFO:colcon.colcon_core.executor:Executing jobs using 'parallel' executor
[0.222s] DEBUG:colcon.colcon_parallel_executor.executor.parallel:run_until_complete
[0.222s] INFO:colcon.colcon_ros.task.ament_cmake.build:Building ROS package in '/home/emmm/Desktop/rm/ROS2/learn/chapter3/service_ws/src/add_service' with build type 'ament_cmake'
[0.222s] INFO:colcon.colcon_cmake.task.cmake.build:Building CMake package in '/home/emmm/Desktop/rm/ROS2/learn/chapter3/service_ws/src/add_service'
[0.224s] INFO:colcon.colcon_core.plugin_system:Skipping extension 'colcon_core.shell.bat': Not used on non-Windows systems
[0.224s] INFO:colcon.colcon_core.shell:Skip shell extension 'powershell' for command environment: Not usable outside of PowerShell
[0.224s] DEBUG:colcon.colcon_core.shell:Skip shell extension 'dsv' for command environment
[0.231s] DEBUG:colcon.colcon_core.event_handler.log_command:Invoking command in '/home/emmm/Desktop/rm/ROS2/learn/chapter3/service_ws/build/add_service': CMAKE_PREFIX_PATH=${CMAKE_PREFIX_PATH}:/opt/ros/humble /usr/bin/cmake --build /home/emmm/Desktop/rm/ROS2/learn/chapter3/service_ws/build/add_service -- -j12 -l12
[2.771s] DEBUG:colcon.colcon_core.event_handler.log_command:Invoked command in '/home/emmm/Desktop/rm/ROS2/learn/chapter3/service_ws/build/add_service' returned '0': CMAKE_PREFIX_PATH=${CMAKE_PREFIX_PATH}:/opt/ros/humble /usr/bin/cmake --build /home/emmm/Desktop/rm/ROS2/learn/chapter3/service_ws/build/add_service -- -j12 -l12
[2.786s] DEBUG:colcon.colcon_core.event_handler.log_command:Invoking command in '/home/emmm/Desktop/rm/ROS2/learn/chapter3/service_ws/build/add_service': CMAKE_PREFIX_PATH=${CMAKE_PREFIX_PATH}:/opt/ros/humble /usr/bin/cmake --install /home/emmm/Desktop/rm/ROS2/learn/chapter3/service_ws/build/add_service
[2.798s] Level 1:colcon.colcon_core.environment:create_environment_scripts_only(add_service)
[2.798s] DEBUG:colcon.colcon_core.event_handler.log_command:Invoked command in '/home/emmm/Desktop/rm/ROS2/learn/chapter3/service_ws/build/add_service' returned '0': CMAKE_PREFIX_PATH=${CMAKE_PREFIX_PATH}:/opt/ros/humble /usr/bin/cmake --install /home/emmm/Desktop/rm/ROS2/learn/chapter3/service_ws/build/add_service
[2.802s] Level 1:colcon.colcon_core.environment:checking '/home/emmm/Desktop/rm/ROS2/learn/chapter3/service_ws/install/add_service' for CMake module files
[2.802s] Level 1:colcon.colcon_core.environment:checking '/home/emmm/Desktop/rm/ROS2/learn/chapter3/service_ws/install/add_service' for CMake config files
[2.802s] Level 1:colcon.colcon_core.shell:create_environment_hook('add_service', 'cmake_prefix_path')
[2.803s] INFO:colcon.colcon_core.shell:Creating environment hook '/home/emmm/Desktop/rm/ROS2/learn/chapter3/service_ws/install/add_service/share/add_service/hook/cmake_prefix_path.ps1'
[2.803s] INFO:colcon.colcon_core.shell:Creating environment descriptor '/home/emmm/Desktop/rm/ROS2/learn/chapter3/service_ws/install/add_service/share/add_service/hook/cmake_prefix_path.dsv'
[2.804s] INFO:colcon.colcon_core.shell:Creating environment hook '/home/emmm/Desktop/rm/ROS2/learn/chapter3/service_ws/install/add_service/share/add_service/hook/cmake_prefix_path.sh'
[2.805s] Level 1:colcon.colcon_core.environment:checking '/home/emmm/Desktop/rm/ROS2/learn/chapter3/service_ws/install/add_service/lib'
[2.805s] Level 1:colcon.colcon_core.environment:checking '/home/emmm/Desktop/rm/ROS2/learn/chapter3/service_ws/install/add_service/bin'
[2.805s] Level 1:colcon.colcon_core.environment:checking '/home/emmm/Desktop/rm/ROS2/learn/chapter3/service_ws/install/add_service/lib/pkgconfig/add_service.pc'
[2.805s] Level 1:colcon.colcon_core.environment:checking '/home/emmm/Desktop/rm/ROS2/learn/chapter3/service_ws/install/add_service/lib/python3.10/site-packages'
[2.805s] Level 1:colcon.colcon_core.environment:checking '/home/emmm/Desktop/rm/ROS2/learn/chapter3/service_ws/install/add_service/bin'
[2.806s] INFO:colcon.colcon_core.shell:Creating package script '/home/emmm/Desktop/rm/ROS2/learn/chapter3/service_ws/install/add_service/share/add_service/package.ps1'
[2.806s] INFO:colcon.colcon_core.shell:Creating package descriptor '/home/emmm/Desktop/rm/ROS2/learn/chapter3/service_ws/install/add_service/share/add_service/package.dsv'
[2.807s] INFO:colcon.colcon_core.shell:Creating package script '/home/emmm/Desktop/rm/ROS2/learn/chapter3/service_ws/install/add_service/share/add_service/package.sh'
[2.807s] INFO:colcon.colcon_core.shell:Creating package script '/home/emmm/Desktop/rm/ROS2/learn/chapter3/service_ws/install/add_service/share/add_service/package.bash'
[2.808s] INFO:colcon.colcon_core.shell:Creating package script '/home/emmm/Desktop/rm/ROS2/learn/chapter3/service_ws/install/add_service/share/add_service/package.zsh'
[2.808s] Level 1:colcon.colcon_core.environment:create_file_with_runtime_dependencies(/home/emmm/Desktop/rm/ROS2/learn/chapter3/service_ws/install/add_service/share/colcon-core/packages/add_service)
[2.809s] Level 1:colcon.colcon_core.environment:create_environment_scripts_only(add_service)
[2.809s] Level 1:colcon.colcon_core.environment:checking '/home/emmm/Desktop/rm/ROS2/learn/chapter3/service_ws/install/add_service' for CMake module files
[2.809s] Level 1:colcon.colcon_core.environment:checking '/home/emmm/Desktop/rm/ROS2/learn/chapter3/service_ws/install/add_service' for CMake config files
[2.809s] Level 1:colcon.colcon_core.shell:create_environment_hook('add_service', 'cmake_prefix_path')
[2.809s] INFO:colcon.colcon_core.shell:Creating environment hook '/home/emmm/Desktop/rm/ROS2/learn/chapter3/service_ws/install/add_service/share/add_service/hook/cmake_prefix_path.ps1'
[2.809s] INFO:colcon.colcon_core.shell:Creating environment descriptor '/home/emmm/Desktop/rm/ROS2/learn/chapter3/service_ws/install/add_service/share/add_service/hook/cmake_prefix_path.dsv'
[2.810s] INFO:colcon.colcon_core.shell:Creating environment hook '/home/emmm/Desktop/rm/ROS2/learn/chapter3/service_ws/install/add_service/share/add_service/hook/cmake_prefix_path.sh'
[2.810s] Level 1:colcon.colcon_core.environment:checking '/home/emmm/Desktop/rm/ROS2/learn/chapter3/service_ws/install/add_service/lib'
[2.810s] Level 1:colcon.colcon_core.environment:checking '/home/emmm/Desktop/rm/ROS2/learn/chapter3/service_ws/install/add_service/bin'
[2.810s] Level 1:colcon.colcon_core.environment:checking '/home/emmm/Desktop/rm/ROS2/learn/chapter3/service_ws/install/add_service/lib/pkgconfig/add_service.pc'
[2.810s] Level 1:colcon.colcon_core.environment:checking '/home/emmm/Desktop/rm/ROS2/learn/chapter3/service_ws/install/add_service/lib/python3.10/site-packages'
[2.810s] Level 1:colcon.colcon_core.environment:checking '/home/emmm/Desktop/rm/ROS2/learn/chapter3/service_ws/install/add_service/bin'
[2.810s] INFO:colcon.colcon_core.shell:Creating package script '/home/emmm/Desktop/rm/ROS2/learn/chapter3/service_ws/install/add_service/share/add_service/package.ps1'
[2.811s] INFO:colcon.colcon_core.shell:Creating package descriptor '/home/emmm/Desktop/rm/ROS2/learn/chapter3/service_ws/install/add_service/share/add_service/package.dsv'
[2.811s] INFO:colcon.colcon_core.shell:Creating package script '/home/emmm/Desktop/rm/ROS2/learn/chapter3/service_ws/install/add_service/share/add_service/package.sh'
[2.811s] INFO:colcon.colcon_core.shell:Creating package script '/home/emmm/Desktop/rm/ROS2/learn/chapter3/service_ws/install/add_service/share/add_service/package.bash'
[2.811s] INFO:colcon.colcon_core.shell:Creating package script '/home/emmm/Desktop/rm/ROS2/learn/chapter3/service_ws/install/add_service/share/add_service/package.zsh'
[2.812s] Level 1:colcon.colcon_core.environment:create_file_with_runtime_dependencies(/home/emmm/Desktop/rm/ROS2/learn/chapter3/service_ws/install/add_service/share/colcon-core/packages/add_service)
[2.812s] DEBUG:colcon.colcon_parallel_executor.executor.parallel:closing loop
[2.812s] DEBUG:colcon.colcon_parallel_executor.executor.parallel:loop closed
[2.812s] DEBUG:colcon.colcon_parallel_executor.executor.parallel:run_until_complete finished with '0'
[2.812s] DEBUG:colcon.colcon_core.event_reactor:joining thread
[2.815s] INFO:colcon.colcon_core.plugin_system:Skipping extension 'colcon_notification.desktop_notification.terminal_notifier': Not used on non-Darwin systems
[2.815s] INFO:colcon.colcon_core.plugin_system:Skipping extension 'colcon_notification.desktop_notification.win32': Not used on non-Windows systems
[2.815s] INFO:colcon.colcon_notification.desktop_notification:Sending desktop notification using 'notify2'
[2.827s] DEBUG:colcon.colcon_core.event_reactor:joined thread
[2.827s] INFO:colcon.colcon_core.shell:Creating prefix script '/home/emmm/Desktop/rm/ROS2/learn/chapter3/service_ws/install/local_setup.ps1'
[2.828s] INFO:colcon.colcon_core.shell:Creating prefix util module '/home/emmm/Desktop/rm/ROS2/learn/chapter3/service_ws/install/_local_setup_util_ps1.py'
[2.829s] INFO:colcon.colcon_core.shell:Creating prefix chain script '/home/emmm/Desktop/rm/ROS2/learn/chapter3/service_ws/install/setup.ps1'
[2.831s] INFO:colcon.colcon_core.shell:Creating prefix script '/home/emmm/Desktop/rm/ROS2/learn/chapter3/service_ws/install/local_setup.sh'
[2.831s] INFO:colcon.colcon_core.shell:Creating prefix util module '/home/emmm/Desktop/rm/ROS2/learn/chapter3/service_ws/install/_local_setup_util_sh.py'
[2.831s] INFO:colcon.colcon_core.shell:Creating prefix chain script '/home/emmm/Desktop/rm/ROS2/learn/chapter3/service_ws/install/setup.sh'
[2.832s] INFO:colcon.colcon_core.shell:Creating prefix script '/home/emmm/Desktop/rm/ROS2/learn/chapter3/service_ws/install/local_setup.bash'
[2.832s] INFO:colcon.colcon_core.shell:Creating prefix chain script '/home/emmm/Desktop/rm/ROS2/learn/chapter3/service_ws/install/setup.bash'
[2.833s] INFO:colcon.colcon_core.shell:Creating prefix script '/home/emmm/Desktop/rm/ROS2/learn/chapter3/service_ws/install/local_setup.zsh'
[2.833s] INFO:colcon.colcon_core.shell:Creating prefix chain script '/home/emmm/Desktop/rm/ROS2/learn/chapter3/service_ws/install/setup.zsh'
