[35m[1mConsolidate compiler generated dependencies of target add_server[0m
[35m[1mConsolidate compiler generated dependencies of target add_client[0m
[ 25%] [32mBuilding CXX object CMakeFiles/add_server.dir/src/add_server.cpp.o[0m
[ 50%] [32mBuilding CXX object CMakeFiles/add_client.dir/src/add_client.cpp.o[0m
[ 75%] [32m[1mLinking CXX executable add_server[0m
[100%] [32m[1mLinking CXX executable add_client[0m
[100%] Built target add_server
[100%] Built target add_client
-- Install configuration: ""
-- Installing: /home/emmm/Desktop/rm/ROS2/learn/chapter3/service_ws/install/add_service/lib/add_service/add_server
-- Set runtime path of "/home/emmm/Desktop/rm/ROS2/learn/chapter3/service_ws/install/add_service/lib/add_service/add_server" to ""
-- Installing: /home/emmm/Desktop/rm/ROS2/learn/chapter3/service_ws/install/add_service/lib/add_service/add_client
-- Set runtime path of "/home/emmm/Desktop/rm/ROS2/learn/chapter3/service_ws/install/add_service/lib/add_service/add_client" to ""
-- Up-to-date: /home/emmm/Desktop/rm/ROS2/learn/chapter3/service_ws/install/add_service/share/ament_index/resource_index/package_run_dependencies/add_service
-- Up-to-date: /home/emmm/Desktop/rm/ROS2/learn/chapter3/service_ws/install/add_service/share/ament_index/resource_index/parent_prefix_path/add_service
-- Up-to-date: /home/emmm/Desktop/rm/ROS2/learn/chapter3/service_ws/install/add_service/share/add_service/environment/ament_prefix_path.sh
-- Up-to-date: /home/emmm/Desktop/rm/ROS2/learn/chapter3/service_ws/install/add_service/share/add_service/environment/ament_prefix_path.dsv
-- Up-to-date: /home/emmm/Desktop/rm/ROS2/learn/chapter3/service_ws/install/add_service/share/add_service/environment/path.sh
-- Up-to-date: /home/emmm/Desktop/rm/ROS2/learn/chapter3/service_ws/install/add_service/share/add_service/environment/path.dsv
-- Up-to-date: /home/emmm/Desktop/rm/ROS2/learn/chapter3/service_ws/install/add_service/share/add_service/local_setup.bash
-- Up-to-date: /home/emmm/Desktop/rm/ROS2/learn/chapter3/service_ws/install/add_service/share/add_service/local_setup.sh
-- Up-to-date: /home/emmm/Desktop/rm/ROS2/learn/chapter3/service_ws/install/add_service/share/add_service/local_setup.zsh
-- Up-to-date: /home/emmm/Desktop/rm/ROS2/learn/chapter3/service_ws/install/add_service/share/add_service/local_setup.dsv
-- Installing: /home/emmm/Desktop/rm/ROS2/learn/chapter3/service_ws/install/add_service/share/add_service/package.dsv
-- Up-to-date: /home/emmm/Desktop/rm/ROS2/learn/chapter3/service_ws/install/add_service/share/ament_index/resource_index/packages/add_service
-- Up-to-date: /home/emmm/Desktop/rm/ROS2/learn/chapter3/service_ws/install/add_service/share/add_service/cmake/add_serviceConfig.cmake
-- Up-to-date: /home/emmm/Desktop/rm/ROS2/learn/chapter3/service_ws/install/add_service/share/add_service/cmake/add_serviceConfig-version.cmake
-- Up-to-date: /home/emmm/Desktop/rm/ROS2/learn/chapter3/service_ws/install/add_service/share/add_service/package.xml
