[0.009s] Invoking command in '/home/emmm/Desktop/rm/ROS2/learn/chapter3/service_ws/build/demo_service': AMENT_PREFIX_PATH=/home/emmm/Desktop/rm/ROS2/learn/chapter3/service_ws/install/service_interfaces:${AMENT_PREFIX_PATH} CMAKE_PREFIX_PATH=/home/emmm/Desktop/rm/ROS2/learn/chapter3/service_ws/install/service_interfaces:/opt/ros/humble LD_LIBRARY_PATH=/home/emmm/Desktop/rm/ROS2/learn/chapter3/service_ws/install/service_interfaces/lib:${LD_LIBRARY_PATH} PYTHONPATH=/home/emmm/Desktop/rm/ROS2/learn/chapter3/service_ws/install/service_interfaces/local/lib/python3.10/dist-packages:${PYTHONPATH} /usr/bin/cmake /home/emmm/Desktop/rm/ROS2/learn/chapter3/service_ws/src/demo_service -DCMAKE_INSTALL_PREFIX=/home/emmm/Desktop/rm/ROS2/learn/chapter3/service_ws/install/demo_service
[0.065s] -- The C compiler identification is GNU 11.4.0
[0.108s] -- The CXX compiler identification is GNU 11.4.0
[0.114s] -- Detecting C compiler ABI info
[0.193s] -- Detecting C compiler ABI info - done
[0.208s] -- Check for working C compiler: /usr/bin/cc - skipped
[0.208s] -- Detecting C compile features
[0.209s] -- Detecting C compile features - done
[0.214s] -- Detecting CXX compiler ABI info
[0.322s] -- Detecting CXX compiler ABI info - done
[0.335s] -- Check for working CXX compiler: /usr/bin/c++ - skipped
[0.335s] -- Detecting CXX compile features
[0.336s] -- Detecting CXX compile features - done
[0.338s] -- Found ament_cmake: 1.3.12 (/opt/ros/humble/share/ament_cmake/cmake)
[0.499s] -- Found Python3: /usr/bin/python3 (found version "3.10.12") found components: Interpreter 
[0.565s] -- Found service_interfaces: 0.0.0 (/home/emmm/Desktop/rm/ROS2/learn/chapter3/service_ws/install/service_interfaces/share/service_interfaces/cmake)
[0.591s] -- Found rosidl_generator_c: 3.1.8 (/opt/ros/humble/share/rosidl_generator_c/cmake)
[0.594s] -- Found rosidl_adapter: 3.1.8 (/opt/ros/humble/share/rosidl_adapter/cmake)
[0.600s] -- Found rosidl_generator_cpp: 3.1.8 (/opt/ros/humble/share/rosidl_generator_cpp/cmake)
[0.607s] -- Using all available rosidl_typesupport_c: rosidl_typesupport_fastrtps_c;rosidl_typesupport_introspection_c
[0.618s] -- Using all available rosidl_typesupport_cpp: rosidl_typesupport_fastrtps_cpp;rosidl_typesupport_introspection_cpp
[0.625s] -- Found rclcpp: 16.0.17 (/opt/ros/humble/share/rclcpp/cmake)
[0.657s] -- Found rmw_implementation_cmake: 6.1.2 (/opt/ros/humble/share/rmw_implementation_cmake/cmake)
[0.658s] -- Found rmw_fastrtps_cpp: 6.2.9 (/opt/ros/humble/share/rmw_fastrtps_cpp/cmake)
[0.735s] -- Found OpenSSL: /usr/lib/x86_64-linux-gnu/libcrypto.so (found version "3.0.2")  
[0.754s] -- Found FastRTPS: /opt/ros/humble/include  
[0.785s] -- Using RMW implementation 'rmw_fastrtps_cpp' as default
[0.794s] -- Looking for pthread.h
[0.886s] -- Looking for pthread.h - found
[0.886s] -- Performing Test CMAKE_HAVE_LIBC_PTHREAD
[0.966s] -- Performing Test CMAKE_HAVE_LIBC_PTHREAD - Success
[0.967s] -- Found Threads: TRUE  
[1.003s] -- Found geometry_msgs: 4.9.0 (/opt/ros/humble/share/geometry_msgs/cmake)
[1.019s] -- Found turtlesim: 1.4.3 (/opt/ros/humble/share/turtlesim/cmake)
[1.055s] -- Found ament_lint_auto: 0.12.14 (/opt/ros/humble/share/ament_lint_auto/cmake)
[1.125s] -- Added test 'cppcheck' to perform static code analysis on C / C++ code
[1.125s] -- Configured cppcheck include dirs: 
[1.126s] -- Configured cppcheck exclude dirs and/or files: 
[1.126s] -- Added test 'lint_cmake' to check CMake code style
[1.126s] -- Added test 'uncrustify' to check C / C++ code style
[1.126s] -- Configured uncrustify additional arguments: 
[1.126s] -- Added test 'xmllint' to check XML markup files
[1.127s] -- Configuring done
[1.135s] -- Generating done
[1.139s] -- Build files have been written to: /home/emmm/Desktop/rm/ROS2/learn/chapter3/service_ws/build/demo_service
[1.145s] Invoked command in '/home/emmm/Desktop/rm/ROS2/learn/chapter3/service_ws/build/demo_service' returned '0': AMENT_PREFIX_PATH=/home/emmm/Desktop/rm/ROS2/learn/chapter3/service_ws/install/service_interfaces:${AMENT_PREFIX_PATH} CMAKE_PREFIX_PATH=/home/emmm/Desktop/rm/ROS2/learn/chapter3/service_ws/install/service_interfaces:/opt/ros/humble LD_LIBRARY_PATH=/home/emmm/Desktop/rm/ROS2/learn/chapter3/service_ws/install/service_interfaces/lib:${LD_LIBRARY_PATH} PYTHONPATH=/home/emmm/Desktop/rm/ROS2/learn/chapter3/service_ws/install/service_interfaces/local/lib/python3.10/dist-packages:${PYTHONPATH} /usr/bin/cmake /home/emmm/Desktop/rm/ROS2/learn/chapter3/service_ws/src/demo_service -DCMAKE_INSTALL_PREFIX=/home/emmm/Desktop/rm/ROS2/learn/chapter3/service_ws/install/demo_service
[1.146s] Invoking command in '/home/emmm/Desktop/rm/ROS2/learn/chapter3/service_ws/build/demo_service': AMENT_PREFIX_PATH=/home/emmm/Desktop/rm/ROS2/learn/chapter3/service_ws/install/service_interfaces:${AMENT_PREFIX_PATH} CMAKE_PREFIX_PATH=/home/emmm/Desktop/rm/ROS2/learn/chapter3/service_ws/install/service_interfaces:/opt/ros/humble LD_LIBRARY_PATH=/home/emmm/Desktop/rm/ROS2/learn/chapter3/service_ws/install/service_interfaces/lib:${LD_LIBRARY_PATH} PYTHONPATH=/home/emmm/Desktop/rm/ROS2/learn/chapter3/service_ws/install/service_interfaces/local/lib/python3.10/dist-packages:${PYTHONPATH} /usr/bin/cmake --build /home/emmm/Desktop/rm/ROS2/learn/chapter3/service_ws/build/demo_service -- -j12 -l12
[1.206s] [ 25%] [32mBuilding CXX object CMakeFiles/patrol_client.dir/src/patrol_client.cpp.o[0m
[1.210s] [ 50%] [32mBuilding CXX object CMakeFiles/turtle_control.dir/src/turtle_control.cpp.o[0m
[3.555s] [ 75%] [32m[1mLinking CXX executable patrol_client[0m
[3.668s] [ 75%] Built target patrol_client
[6.969s] [100%] [32m[1mLinking CXX executable turtle_control[0m
[7.290s] [100%] Built target turtle_control
[7.307s] Invoked command in '/home/emmm/Desktop/rm/ROS2/learn/chapter3/service_ws/build/demo_service' returned '0': AMENT_PREFIX_PATH=/home/emmm/Desktop/rm/ROS2/learn/chapter3/service_ws/install/service_interfaces:${AMENT_PREFIX_PATH} CMAKE_PREFIX_PATH=/home/emmm/Desktop/rm/ROS2/learn/chapter3/service_ws/install/service_interfaces:/opt/ros/humble LD_LIBRARY_PATH=/home/emmm/Desktop/rm/ROS2/learn/chapter3/service_ws/install/service_interfaces/lib:${LD_LIBRARY_PATH} PYTHONPATH=/home/emmm/Desktop/rm/ROS2/learn/chapter3/service_ws/install/service_interfaces/local/lib/python3.10/dist-packages:${PYTHONPATH} /usr/bin/cmake --build /home/emmm/Desktop/rm/ROS2/learn/chapter3/service_ws/build/demo_service -- -j12 -l12
[7.310s] Invoking command in '/home/emmm/Desktop/rm/ROS2/learn/chapter3/service_ws/build/demo_service': AMENT_PREFIX_PATH=/home/emmm/Desktop/rm/ROS2/learn/chapter3/service_ws/install/service_interfaces:${AMENT_PREFIX_PATH} CMAKE_PREFIX_PATH=/home/emmm/Desktop/rm/ROS2/learn/chapter3/service_ws/install/service_interfaces:/opt/ros/humble LD_LIBRARY_PATH=/home/emmm/Desktop/rm/ROS2/learn/chapter3/service_ws/install/service_interfaces/lib:${LD_LIBRARY_PATH} PYTHONPATH=/home/emmm/Desktop/rm/ROS2/learn/chapter3/service_ws/install/service_interfaces/local/lib/python3.10/dist-packages:${PYTHONPATH} /usr/bin/cmake --install /home/emmm/Desktop/rm/ROS2/learn/chapter3/service_ws/build/demo_service
[7.319s] -- Install configuration: ""
[7.319s] -- Installing: /home/emmm/Desktop/rm/ROS2/learn/chapter3/service_ws/install/demo_service/lib/demo_service/turtle_control
[7.321s] -- Set runtime path of "/home/emmm/Desktop/rm/ROS2/learn/chapter3/service_ws/install/demo_service/lib/demo_service/turtle_control" to ""
[7.321s] -- Installing: /home/emmm/Desktop/rm/ROS2/learn/chapter3/service_ws/install/demo_service/lib/demo_service/patrol_client
[7.322s] -- Set runtime path of "/home/emmm/Desktop/rm/ROS2/learn/chapter3/service_ws/install/demo_service/lib/demo_service/patrol_client" to ""
[7.322s] -- Installing: /home/emmm/Desktop/rm/ROS2/learn/chapter3/service_ws/install/demo_service/share/ament_index/resource_index/package_run_dependencies/demo_service
[7.322s] -- Installing: /home/emmm/Desktop/rm/ROS2/learn/chapter3/service_ws/install/demo_service/share/ament_index/resource_index/parent_prefix_path/demo_service
[7.323s] -- Installing: /home/emmm/Desktop/rm/ROS2/learn/chapter3/service_ws/install/demo_service/share/demo_service/environment/ament_prefix_path.sh
[7.323s] -- Installing: /home/emmm/Desktop/rm/ROS2/learn/chapter3/service_ws/install/demo_service/share/demo_service/environment/ament_prefix_path.dsv
[7.323s] -- Installing: /home/emmm/Desktop/rm/ROS2/learn/chapter3/service_ws/install/demo_service/share/demo_service/environment/path.sh
[7.323s] -- Installing: /home/emmm/Desktop/rm/ROS2/learn/chapter3/service_ws/install/demo_service/share/demo_service/environment/path.dsv
[7.323s] -- Installing: /home/emmm/Desktop/rm/ROS2/learn/chapter3/service_ws/install/demo_service/share/demo_service/local_setup.bash
[7.323s] -- Installing: /home/emmm/Desktop/rm/ROS2/learn/chapter3/service_ws/install/demo_service/share/demo_service/local_setup.sh
[7.323s] -- Installing: /home/emmm/Desktop/rm/ROS2/learn/chapter3/service_ws/install/demo_service/share/demo_service/local_setup.zsh
[7.324s] -- Installing: /home/emmm/Desktop/rm/ROS2/learn/chapter3/service_ws/install/demo_service/share/demo_service/local_setup.dsv
[7.324s] -- Installing: /home/emmm/Desktop/rm/ROS2/learn/chapter3/service_ws/install/demo_service/share/demo_service/package.dsv
[7.324s] -- Installing: /home/emmm/Desktop/rm/ROS2/learn/chapter3/service_ws/install/demo_service/share/ament_index/resource_index/packages/demo_service
[7.324s] -- Installing: /home/emmm/Desktop/rm/ROS2/learn/chapter3/service_ws/install/demo_service/share/demo_service/cmake/demo_serviceConfig.cmake
[7.324s] -- Installing: /home/emmm/Desktop/rm/ROS2/learn/chapter3/service_ws/install/demo_service/share/demo_service/cmake/demo_serviceConfig-version.cmake
[7.324s] -- Installing: /home/emmm/Desktop/rm/ROS2/learn/chapter3/service_ws/install/demo_service/share/demo_service/package.xml
[7.326s] Invoked command in '/home/emmm/Desktop/rm/ROS2/learn/chapter3/service_ws/build/demo_service' returned '0': AMENT_PREFIX_PATH=/home/emmm/Desktop/rm/ROS2/learn/chapter3/service_ws/install/service_interfaces:${AMENT_PREFIX_PATH} CMAKE_PREFIX_PATH=/home/emmm/Desktop/rm/ROS2/learn/chapter3/service_ws/install/service_interfaces:/opt/ros/humble LD_LIBRARY_PATH=/home/emmm/Desktop/rm/ROS2/learn/chapter3/service_ws/install/service_interfaces/lib:${LD_LIBRARY_PATH} PYTHONPATH=/home/emmm/Desktop/rm/ROS2/learn/chapter3/service_ws/install/service_interfaces/local/lib/python3.10/dist-packages:${PYTHONPATH} /usr/bin/cmake --install /home/emmm/Desktop/rm/ROS2/learn/chapter3/service_ws/build/demo_service
