[0.009s] Invoking command in '/home/emmm/Desktop/rm/ROS2/learn/chapter3/service_ws/build/add_service': CMAKE_PREFIX_PATH=${CMAKE_PREFIX_PATH}:/opt/ros/humble /usr/bin/cmake --build /home/emmm/Desktop/rm/ROS2/learn/chapter3/service_ws/build/add_service -- -j12 -l12
[0.032s] -- Found ament_cmake: 1.3.12 (/opt/ros/humble/share/ament_cmake/cmake)
[0.127s] -- Found rclcpp: 16.0.17 (/opt/ros/humble/share/rclcpp/cmake)
[0.145s] -- Found rosidl_generator_c: 3.1.8 (/opt/ros/humble/share/rosidl_generator_c/cmake)
[0.146s] -- Found rosidl_adapter: 3.1.8 (/opt/ros/humble/share/rosidl_adapter/cmake)
[0.150s] -- Found rosidl_generator_cpp: 3.1.8 (/opt/ros/humble/share/rosidl_generator_cpp/cmake)
[0.156s] -- Using all available rosidl_typesupport_c: rosidl_typesupport_fastrtps_c;rosidl_typesupport_introspection_c
[0.165s] -- Using all available rosidl_typesupport_cpp: rosidl_typesupport_fastrtps_cpp;rosidl_typesupport_introspection_cpp
[0.186s] -- Found rmw_implementation_cmake: 6.1.2 (/opt/ros/humble/share/rmw_implementation_cmake/cmake)
[0.186s] -- Found rmw_fastrtps_cpp: 6.2.9 (/opt/ros/humble/share/rmw_fastrtps_cpp/cmake)
[0.255s] -- Using RMW implementation 'rmw_fastrtps_cpp' as default
[0.296s] -- Found example_interfaces: 0.9.3 (/opt/ros/humble/share/example_interfaces/cmake)
[0.321s] -- Found ament_lint_auto: 0.12.14 (/opt/ros/humble/share/ament_lint_auto/cmake)
[0.367s] -- Added test 'cppcheck' to perform static code analysis on C / C++ code
[0.367s] -- Configured cppcheck include dirs: 
[0.367s] -- Configured cppcheck exclude dirs and/or files: 
[0.367s] -- Added test 'lint_cmake' to check CMake code style
[0.367s] -- Added test 'uncrustify' to check C / C++ code style
[0.367s] -- Configured uncrustify additional arguments: 
[0.367s] -- Added test 'xmllint' to check XML markup files
[0.368s] -- Configuring done
[0.375s] -- Generating done
[0.378s] -- Build files have been written to: /home/emmm/Desktop/rm/ROS2/learn/chapter3/service_ws/build/add_service
[0.398s] [35m[1mConsolidate compiler generated dependencies of target add_server[0m
[0.398s] [35m[1mConsolidate compiler generated dependencies of target add_client[0m
[0.415s] [ 50%] [32mBuilding CXX object CMakeFiles/add_server.dir/src/add_server.cpp.o[0m
[0.416s] [ 50%] [32mBuilding CXX object CMakeFiles/add_client.dir/src/add_client.cpp.o[0m
[2.322s] [ 75%] [32m[1mLinking CXX executable add_client[0m
[2.412s] [ 75%] Built target add_client
[2.625s] [100%] [32m[1mLinking CXX executable add_server[0m
[2.740s] [100%] Built target add_server
[2.755s] Invoked command in '/home/emmm/Desktop/rm/ROS2/learn/chapter3/service_ws/build/add_service' returned '0': CMAKE_PREFIX_PATH=${CMAKE_PREFIX_PATH}:/opt/ros/humble /usr/bin/cmake --build /home/emmm/Desktop/rm/ROS2/learn/chapter3/service_ws/build/add_service -- -j12 -l12
[2.768s] Invoking command in '/home/emmm/Desktop/rm/ROS2/learn/chapter3/service_ws/build/add_service': CMAKE_PREFIX_PATH=${CMAKE_PREFIX_PATH}:/opt/ros/humble /usr/bin/cmake --install /home/emmm/Desktop/rm/ROS2/learn/chapter3/service_ws/build/add_service
[2.779s] -- Install configuration: ""
[2.780s] -- Installing: /home/emmm/Desktop/rm/ROS2/learn/chapter3/service_ws/install/add_service/lib/add_service/add_server
[2.780s] -- Set runtime path of "/home/emmm/Desktop/rm/ROS2/learn/chapter3/service_ws/install/add_service/lib/add_service/add_server" to ""
[2.780s] -- Installing: /home/emmm/Desktop/rm/ROS2/learn/chapter3/service_ws/install/add_service/lib/add_service/add_client
[2.781s] -- Set runtime path of "/home/emmm/Desktop/rm/ROS2/learn/chapter3/service_ws/install/add_service/lib/add_service/add_client" to ""
[2.781s] -- Installing: /home/emmm/Desktop/rm/ROS2/learn/chapter3/service_ws/install/add_service/share/ament_index/resource_index/package_run_dependencies/add_service
[2.781s] -- Installing: /home/emmm/Desktop/rm/ROS2/learn/chapter3/service_ws/install/add_service/share/ament_index/resource_index/parent_prefix_path/add_service
[2.781s] -- Up-to-date: /home/emmm/Desktop/rm/ROS2/learn/chapter3/service_ws/install/add_service/share/add_service/environment/ament_prefix_path.sh
[2.781s] -- Installing: /home/emmm/Desktop/rm/ROS2/learn/chapter3/service_ws/install/add_service/share/add_service/environment/ament_prefix_path.dsv
[2.782s] -- Up-to-date: /home/emmm/Desktop/rm/ROS2/learn/chapter3/service_ws/install/add_service/share/add_service/environment/path.sh
[2.782s] -- Installing: /home/emmm/Desktop/rm/ROS2/learn/chapter3/service_ws/install/add_service/share/add_service/environment/path.dsv
[2.782s] -- Up-to-date: /home/emmm/Desktop/rm/ROS2/learn/chapter3/service_ws/install/add_service/share/add_service/local_setup.bash
[2.782s] -- Up-to-date: /home/emmm/Desktop/rm/ROS2/learn/chapter3/service_ws/install/add_service/share/add_service/local_setup.sh
[2.782s] -- Up-to-date: /home/emmm/Desktop/rm/ROS2/learn/chapter3/service_ws/install/add_service/share/add_service/local_setup.zsh
[2.782s] -- Installing: /home/emmm/Desktop/rm/ROS2/learn/chapter3/service_ws/install/add_service/share/add_service/local_setup.dsv
[2.782s] -- Installing: /home/emmm/Desktop/rm/ROS2/learn/chapter3/service_ws/install/add_service/share/add_service/package.dsv
[2.782s] -- Up-to-date: /home/emmm/Desktop/rm/ROS2/learn/chapter3/service_ws/install/add_service/share/ament_index/resource_index/packages/add_service
[2.783s] -- Up-to-date: /home/emmm/Desktop/rm/ROS2/learn/chapter3/service_ws/install/add_service/share/add_service/cmake/add_serviceConfig.cmake
[2.783s] -- Up-to-date: /home/emmm/Desktop/rm/ROS2/learn/chapter3/service_ws/install/add_service/share/add_service/cmake/add_serviceConfig-version.cmake
[2.783s] -- Installing: /home/emmm/Desktop/rm/ROS2/learn/chapter3/service_ws/install/add_service/share/add_service/package.xml
[2.784s] Invoked command in '/home/emmm/Desktop/rm/ROS2/learn/chapter3/service_ws/build/add_service' returned '0': CMAKE_PREFIX_PATH=${CMAKE_PREFIX_PATH}:/opt/ros/humble /usr/bin/cmake --install /home/emmm/Desktop/rm/ROS2/learn/chapter3/service_ws/build/add_service
