[0.018s] Invoking command in '/home/emmm/Desktop/rm/ROS2/learn/chapter3/topic_ws/build/example_topic': CMAKE_PREFIX_PATH=${CMAKE_PREFIX_PATH}:/opt/ros/humble /usr/bin/cmake --build /home/emmm/Desktop/rm/ROS2/learn/chapter3/topic_ws/build/example_topic -- -j12 -l12
[0.080s] [35m[1mConsolidate compiler generated dependencies of target one_message_publisher[0m
[0.097s] [ 25%] Built target topic_subscribe
[0.099s] [ 50%] Built target one_message_subscribe
[0.099s] [ 75%] Built target topic_publisher
[0.107s] [ 87%] [32mBuilding CXX object CMakeFiles/one_message_publisher.dir/src/one_message_publisher.cpp.o[0m
[4.216s] [100%] [32m[1mLinking CXX executable one_message_publisher[0m
[4.424s] [100%] Built target one_message_publisher
[4.438s] Invoked command in '/home/emmm/Desktop/rm/ROS2/learn/chapter3/topic_ws/build/example_topic' returned '0': CMAKE_PREFIX_PATH=${CMAKE_PREFIX_PATH}:/opt/ros/humble /usr/bin/cmake --build /home/emmm/Desktop/rm/ROS2/learn/chapter3/topic_ws/build/example_topic -- -j12 -l12
[4.440s] Invoking command in '/home/emmm/Desktop/rm/ROS2/learn/chapter3/topic_ws/build/example_topic': CMAKE_PREFIX_PATH=${CMAKE_PREFIX_PATH}:/opt/ros/humble /usr/bin/cmake --install /home/emmm/Desktop/rm/ROS2/learn/chapter3/topic_ws/build/example_topic
[4.449s] -- Install configuration: ""
[4.449s] -- Up-to-date: /home/emmm/Desktop/rm/ROS2/learn/chapter3/topic_ws/install/example_topic/lib/example_topic/topic_publisher
[4.449s] -- Up-to-date: /home/emmm/Desktop/rm/ROS2/learn/chapter3/topic_ws/install/example_topic/lib/example_topic/topic_subscribe
[4.450s] -- Installing: /home/emmm/Desktop/rm/ROS2/learn/chapter3/topic_ws/install/example_topic/lib/example_topic/one_message_publisher
[4.451s] -- Set runtime path of "/home/emmm/Desktop/rm/ROS2/learn/chapter3/topic_ws/install/example_topic/lib/example_topic/one_message_publisher" to ""
[4.451s] -- Up-to-date: /home/emmm/Desktop/rm/ROS2/learn/chapter3/topic_ws/install/example_topic/lib/example_topic/one_message_subscribe
[4.451s] -- Up-to-date: /home/emmm/Desktop/rm/ROS2/learn/chapter3/topic_ws/install/example_topic/share/ament_index/resource_index/package_run_dependencies/example_topic
[4.451s] -- Up-to-date: /home/emmm/Desktop/rm/ROS2/learn/chapter3/topic_ws/install/example_topic/share/ament_index/resource_index/parent_prefix_path/example_topic
[4.452s] -- Up-to-date: /home/emmm/Desktop/rm/ROS2/learn/chapter3/topic_ws/install/example_topic/share/example_topic/environment/ament_prefix_path.sh
[4.452s] -- Up-to-date: /home/emmm/Desktop/rm/ROS2/learn/chapter3/topic_ws/install/example_topic/share/example_topic/environment/ament_prefix_path.dsv
[4.452s] -- Up-to-date: /home/emmm/Desktop/rm/ROS2/learn/chapter3/topic_ws/install/example_topic/share/example_topic/environment/path.sh
[4.452s] -- Up-to-date: /home/emmm/Desktop/rm/ROS2/learn/chapter3/topic_ws/install/example_topic/share/example_topic/environment/path.dsv
[4.452s] -- Up-to-date: /home/emmm/Desktop/rm/ROS2/learn/chapter3/topic_ws/install/example_topic/share/example_topic/local_setup.bash
[4.452s] -- Up-to-date: /home/emmm/Desktop/rm/ROS2/learn/chapter3/topic_ws/install/example_topic/share/example_topic/local_setup.sh
[4.453s] -- Up-to-date: /home/emmm/Desktop/rm/ROS2/learn/chapter3/topic_ws/install/example_topic/share/example_topic/local_setup.zsh
[4.453s] -- Up-to-date: /home/emmm/Desktop/rm/ROS2/learn/chapter3/topic_ws/install/example_topic/share/example_topic/local_setup.dsv
[4.453s] -- Installing: /home/emmm/Desktop/rm/ROS2/learn/chapter3/topic_ws/install/example_topic/share/example_topic/package.dsv
[4.453s] -- Up-to-date: /home/emmm/Desktop/rm/ROS2/learn/chapter3/topic_ws/install/example_topic/share/ament_index/resource_index/packages/example_topic
[4.453s] -- Up-to-date: /home/emmm/Desktop/rm/ROS2/learn/chapter3/topic_ws/install/example_topic/share/example_topic/cmake/example_topicConfig.cmake
[4.453s] -- Up-to-date: /home/emmm/Desktop/rm/ROS2/learn/chapter3/topic_ws/install/example_topic/share/example_topic/cmake/example_topicConfig-version.cmake
[4.453s] -- Up-to-date: /home/emmm/Desktop/rm/ROS2/learn/chapter3/topic_ws/install/example_topic/share/example_topic/package.xml
[4.456s] Invoked command in '/home/emmm/Desktop/rm/ROS2/learn/chapter3/topic_ws/build/example_topic' returned '0': CMAKE_PREFIX_PATH=${CMAKE_PREFIX_PATH}:/opt/ros/humble /usr/bin/cmake --install /home/emmm/Desktop/rm/ROS2/learn/chapter3/topic_ws/build/example_topic
