[0.010s] Invoking command in '/home/emmm/Desktop/rm/ROS2/learn/chapter3/topic_ws/build/example_topic': CMAKE_PREFIX_PATH=${CMAKE_PREFIX_PATH}:/opt/ros/humble /usr/bin/cmake --build /home/emmm/Desktop/rm/ROS2/learn/chapter3/topic_ws/build/example_topic -- -j12 -l12
[0.070s] [35m[1mConsolidate compiler generated dependencies of target one_message_publisher[0m
[0.084s] [ 25%] Built target topic_publisher
[0.091s] [ 50%] Built target one_message_subscribe
[0.092s] [ 75%] Built target topic_subscribe
[0.102s] [ 87%] [32mBuilding CXX object CMakeFiles/one_message_publisher.dir/src/one_message_publisher.cpp.o[0m
[2.891s] [100%] [32m[1mLinking CXX executable one_message_publisher[0m
[3.020s] [100%] Built target one_message_publisher
[3.036s] Invoked command in '/home/emmm/Desktop/rm/ROS2/learn/chapter3/topic_ws/build/example_topic' returned '0': CMAKE_PREFIX_PATH=${CMAKE_PREFIX_PATH}:/opt/ros/humble /usr/bin/cmake --build /home/emmm/Desktop/rm/ROS2/learn/chapter3/topic_ws/build/example_topic -- -j12 -l12
[3.052s] Invoking command in '/home/emmm/Desktop/rm/ROS2/learn/chapter3/topic_ws/build/example_topic': CMAKE_PREFIX_PATH=${CMAKE_PREFIX_PATH}:/opt/ros/humble /usr/bin/cmake --install /home/emmm/Desktop/rm/ROS2/learn/chapter3/topic_ws/build/example_topic
[3.065s] -- Install configuration: ""
[3.065s] -- Up-to-date: /home/emmm/Desktop/rm/ROS2/learn/chapter3/topic_ws/install/example_topic/lib/example_topic/topic_publisher
[3.065s] -- Up-to-date: /home/emmm/Desktop/rm/ROS2/learn/chapter3/topic_ws/install/example_topic/lib/example_topic/topic_subscribe
[3.065s] -- Installing: /home/emmm/Desktop/rm/ROS2/learn/chapter3/topic_ws/install/example_topic/lib/example_topic/one_message_publisher
[3.066s] -- Set runtime path of "/home/emmm/Desktop/rm/ROS2/learn/chapter3/topic_ws/install/example_topic/lib/example_topic/one_message_publisher" to ""
[3.067s] -- Up-to-date: /home/emmm/Desktop/rm/ROS2/learn/chapter3/topic_ws/install/example_topic/lib/example_topic/one_message_subscribe
[3.067s] -- Up-to-date: /home/emmm/Desktop/rm/ROS2/learn/chapter3/topic_ws/install/example_topic/share/ament_index/resource_index/package_run_dependencies/example_topic
[3.067s] -- Up-to-date: /home/emmm/Desktop/rm/ROS2/learn/chapter3/topic_ws/install/example_topic/share/ament_index/resource_index/parent_prefix_path/example_topic
[3.067s] -- Up-to-date: /home/emmm/Desktop/rm/ROS2/learn/chapter3/topic_ws/install/example_topic/share/example_topic/environment/ament_prefix_path.sh
[3.067s] -- Up-to-date: /home/emmm/Desktop/rm/ROS2/learn/chapter3/topic_ws/install/example_topic/share/example_topic/environment/ament_prefix_path.dsv
[3.068s] -- Up-to-date: /home/emmm/Desktop/rm/ROS2/learn/chapter3/topic_ws/install/example_topic/share/example_topic/environment/path.sh
[3.068s] -- Up-to-date: /home/emmm/Desktop/rm/ROS2/learn/chapter3/topic_ws/install/example_topic/share/example_topic/environment/path.dsv
[3.068s] -- Up-to-date: /home/emmm/Desktop/rm/ROS2/learn/chapter3/topic_ws/install/example_topic/share/example_topic/local_setup.bash
[3.068s] -- Up-to-date: /home/emmm/Desktop/rm/ROS2/learn/chapter3/topic_ws/install/example_topic/share/example_topic/local_setup.sh
[3.068s] -- Up-to-date: /home/emmm/Desktop/rm/ROS2/learn/chapter3/topic_ws/install/example_topic/share/example_topic/local_setup.zsh
[3.068s] -- Up-to-date: /home/emmm/Desktop/rm/ROS2/learn/chapter3/topic_ws/install/example_topic/share/example_topic/local_setup.dsv
[3.069s] -- Installing: /home/emmm/Desktop/rm/ROS2/learn/chapter3/topic_ws/install/example_topic/share/example_topic/package.dsv
[3.069s] -- Up-to-date: /home/emmm/Desktop/rm/ROS2/learn/chapter3/topic_ws/install/example_topic/share/ament_index/resource_index/packages/example_topic
[3.069s] -- Up-to-date: /home/emmm/Desktop/rm/ROS2/learn/chapter3/topic_ws/install/example_topic/share/example_topic/cmake/example_topicConfig.cmake
[3.069s] -- Up-to-date: /home/emmm/Desktop/rm/ROS2/learn/chapter3/topic_ws/install/example_topic/share/example_topic/cmake/example_topicConfig-version.cmake
[3.070s] -- Up-to-date: /home/emmm/Desktop/rm/ROS2/learn/chapter3/topic_ws/install/example_topic/share/example_topic/package.xml
[3.071s] Invoked command in '/home/emmm/Desktop/rm/ROS2/learn/chapter3/topic_ws/build/example_topic' returned '0': CMAKE_PREFIX_PATH=${CMAKE_PREFIX_PATH}:/opt/ros/humble /usr/bin/cmake --install /home/emmm/Desktop/rm/ROS2/learn/chapter3/topic_ws/build/example_topic
