-- The C compiler identification is GNU 11.4.0
-- The CXX compiler identification is GNU 11.4.0
-- Detecting C compiler ABI info
-- Detecting C compiler ABI info - done
-- Check for working C compiler: /usr/bin/cc - skipped
-- Detecting C compile features
-- Detecting C compile features - done
-- Detecting CXX compiler ABI info
-- Detecting CXX compiler ABI info - done
-- Check for working CXX compiler: /usr/bin/c++ - skipped
-- Detecting CXX compile features
-- Detecting CXX compile features - done
-- Found OpenSSL: /usr/lib/x86_64-linux-gnu/libcrypto.so (found version "3.0.2")  
-- Performing Test SUPPORTS_CXX11
-- Performing Test SUPPORTS_CXX11 - Success
-- Configuring HelloFishRos publisher/subscriber example...
-- Configuring done
-- Generating done
-- Build files have been written to: /home/emmm/Desktop/rm/ROS2/learn/chapter3/fastdds_ws/build/DDSHelloFishRos
[ 25%] [32mBuilding CXX object CMakeFiles/DDSHelloFishRosSubscribe.dir/src/HelloFishRosSubscribe.cpp.o[0m
[ 25%] [32mBuilding CXX object CMakeFiles/DDSHelloFishRosSubscribe.dir/src/idl_generate/HelloFishRosPubSubTypes.cxx.o[0m
[ 37%] [32mBuilding CXX object CMakeFiles/DDSHelloFishRosSubscribe.dir/src/idl_generate/HelloFishRos.cxx.o[0m
[ 50%] [32mBuilding CXX object CMakeFiles/DDSHelloFishRosPublisher.dir/src/HelloFishRosPublisher.cpp.o[0m
[ 62%] [32mBuilding CXX object CMakeFiles/DDSHelloFishRosPublisher.dir/src/idl_generate/HelloFishRos.cxx.o[0m
[ 75%] [32mBuilding CXX object CMakeFiles/DDSHelloFishRosPublisher.dir/src/idl_generate/HelloFishRosPubSubTypes.cxx.o[0m
