[35m[1mConsolidate compiler generated dependencies of target fastcdr[0m
[100%] Built target fastcdr
-- Install configuration: "Release"
-- Up-to-date: /home/emmm/Desktop/rm/ROS2/learn/chapter3/fastdds_ws/install/fastcdr/include/fastcdr
-- Up-to-date: /home/emmm/Desktop/rm/ROS2/learn/chapter3/fastdds_ws/install/fastcdr/include/fastcdr/cdr
-- Up-to-date: /home/emmm/Desktop/rm/ROS2/learn/chapter3/fastdds_ws/install/fastcdr/include/fastcdr/cdr/fixed_size_string.hpp
-- Up-to-date: /home/emmm/Desktop/rm/ROS2/learn/chapter3/fastdds_ws/install/fastcdr/include/fastcdr/FastCdr.h
-- Up-to-date: /home/emmm/Desktop/rm/ROS2/learn/chapter3/fastdds_ws/install/fastcdr/include/fastcdr/config
-- Up-to-date: /home/emmm/Desktop/rm/ROS2/learn/chapter3/fastdds_ws/install/fastcdr/include/fastcdr/config/doxygen_modules.h
-- Up-to-date: /home/emmm/Desktop/rm/ROS2/learn/chapter3/fastdds_ws/install/fastcdr/include/fastcdr/eProsima_auto_link.h
-- Up-to-date: /home/emmm/Desktop/rm/ROS2/learn/chapter3/fastdds_ws/install/fastcdr/include/fastcdr/FastBuffer.h
-- Up-to-date: /home/emmm/Desktop/rm/ROS2/learn/chapter3/fastdds_ws/install/fastcdr/include/fastcdr/exceptions
-- Up-to-date: /home/emmm/Desktop/rm/ROS2/learn/chapter3/fastdds_ws/install/fastcdr/include/fastcdr/exceptions/Exception.h
-- Up-to-date: /home/emmm/Desktop/rm/ROS2/learn/chapter3/fastdds_ws/install/fastcdr/include/fastcdr/exceptions/LockedExternalAccessException.hpp
-- Up-to-date: /home/emmm/Desktop/rm/ROS2/learn/chapter3/fastdds_ws/install/fastcdr/include/fastcdr/exceptions/BadOptionalAccessException.hpp
-- Up-to-date: /home/emmm/Desktop/rm/ROS2/learn/chapter3/fastdds_ws/install/fastcdr/include/fastcdr/exceptions/NotEnoughMemoryException.h
-- Up-to-date: /home/emmm/Desktop/rm/ROS2/learn/chapter3/fastdds_ws/install/fastcdr/include/fastcdr/exceptions/BadParamException.h
-- Up-to-date: /home/emmm/Desktop/rm/ROS2/learn/chapter3/fastdds_ws/install/fastcdr/include/fastcdr/xcdr
-- Up-to-date: /home/emmm/Desktop/rm/ROS2/learn/chapter3/fastdds_ws/install/fastcdr/include/fastcdr/xcdr/external.hpp
-- Up-to-date: /home/emmm/Desktop/rm/ROS2/learn/chapter3/fastdds_ws/install/fastcdr/include/fastcdr/xcdr/optional.hpp
-- Up-to-date: /home/emmm/Desktop/rm/ROS2/learn/chapter3/fastdds_ws/install/fastcdr/include/fastcdr/xcdr/detail
-- Up-to-date: /home/emmm/Desktop/rm/ROS2/learn/chapter3/fastdds_ws/install/fastcdr/include/fastcdr/xcdr/detail/optional.hpp
-- Up-to-date: /home/emmm/Desktop/rm/ROS2/learn/chapter3/fastdds_ws/install/fastcdr/include/fastcdr/xcdr/MemberId.hpp
-- Up-to-date: /home/emmm/Desktop/rm/ROS2/learn/chapter3/fastdds_ws/install/fastcdr/include/fastcdr/fastcdr_dll.h
-- Up-to-date: /home/emmm/Desktop/rm/ROS2/learn/chapter3/fastdds_ws/install/fastcdr/include/fastcdr/CdrSizeCalculator.hpp
-- Up-to-date: /home/emmm/Desktop/rm/ROS2/learn/chapter3/fastdds_ws/install/fastcdr/include/fastcdr/CdrEncoding.hpp
-- Up-to-date: /home/emmm/Desktop/rm/ROS2/learn/chapter3/fastdds_ws/install/fastcdr/include/fastcdr/Cdr.h
-- Up-to-date: /home/emmm/Desktop/rm/ROS2/learn/chapter3/fastdds_ws/install/fastcdr/include/fastcdr/detail
-- Up-to-date: /home/emmm/Desktop/rm/ROS2/learn/chapter3/fastdds_ws/install/fastcdr/include/fastcdr/detail/container_recursive_inspector.hpp
-- Up-to-date: /home/emmm/Desktop/rm/ROS2/learn/chapter3/fastdds_ws/install/fastcdr/include/fastcdr/config.h
-- Up-to-date: /home/emmm/Desktop/rm/ROS2/learn/chapter3/fastdds_ws/install/fastcdr/lib/libfastcdr.so.2.3.5
-- Up-to-date: /home/emmm/Desktop/rm/ROS2/learn/chapter3/fastdds_ws/install/fastcdr/lib/libfastcdr.so.2
-- Up-to-date: /home/emmm/Desktop/rm/ROS2/learn/chapter3/fastdds_ws/install/fastcdr/lib/libfastcdr.so
-- Up-to-date: /home/emmm/Desktop/rm/ROS2/learn/chapter3/fastdds_ws/install/fastcdr/lib/cmake/fastcdr/fastcdr-shared-targets.cmake
-- Up-to-date: /home/emmm/Desktop/rm/ROS2/learn/chapter3/fastdds_ws/install/fastcdr/lib/cmake/fastcdr/fastcdr-shared-targets-release.cmake
-- Up-to-date: /home/emmm/Desktop/rm/ROS2/learn/chapter3/fastdds_ws/install/fastcdr/lib/cmake/fastcdr/fastcdr-config.cmake
-- Up-to-date: /home/emmm/Desktop/rm/ROS2/learn/chapter3/fastdds_ws/install/fastcdr/lib/cmake/fastcdr/fastcdr-config-version.cmake
-- Up-to-date: /home/emmm/Desktop/rm/ROS2/learn/chapter3/fastdds_ws/install/fastcdr/share/fastcdr/LICENSE
