[0.008s] Invoking command in '/home/emmm/Desktop/rm/ROS2/learn/chapter2/session3_ws/build/learn_pkg': CMAKE_PREFIX_PATH=/opt/ros/humble /usr/bin/cmake /home/emmm/Desktop/rm/ROS2/learn/chapter2/session3_ws/src/learn_pkg -DCMAKE_INSTALL_PREFIX=/home/emmm/Desktop/rm/ROS2/learn/chapter2/session3_ws/install/learn_pkg
[0.061s] -- The C compiler identification is GNU 11.4.0
[0.124s] -- The CXX compiler identification is GNU 11.4.0
[0.134s] -- Detecting C compiler ABI info
[0.203s] -- Detecting C compiler ABI info - done
[0.208s] -- Check for working C compiler: /usr/bin/cc - skipped
[0.208s] -- Detecting C compile features
[0.208s] -- Detecting C compile features - done
[0.210s] -- Detecting CXX compiler ABI info
[0.287s] -- Detecting CXX compiler ABI info - done
[0.293s] -- Check for working CXX compiler: /usr/bin/c++ - skipped
[0.294s] -- Detecting CXX compile features
[0.294s] -- Detecting CXX compile features - done
[0.295s] -- Found ament_cmake: 1.3.12 (/opt/ros/humble/share/ament_cmake/cmake)
[0.419s] -- Found Python3: /usr/bin/python3 (found version "3.10.12") found components: Interpreter 
[0.495s] -- Found rclcpp: 16.0.17 (/opt/ros/humble/share/rclcpp/cmake)
[0.518s] -- Found rosidl_generator_c: 3.1.8 (/opt/ros/humble/share/rosidl_generator_c/cmake)
[0.521s] -- Found rosidl_adapter: 3.1.8 (/opt/ros/humble/share/rosidl_adapter/cmake)
[0.526s] -- Found rosidl_generator_cpp: 3.1.8 (/opt/ros/humble/share/rosidl_generator_cpp/cmake)
[0.533s] -- Using all available rosidl_typesupport_c: rosidl_typesupport_fastrtps_c;rosidl_typesupport_introspection_c
[0.542s] -- Using all available rosidl_typesupport_cpp: rosidl_typesupport_fastrtps_cpp;rosidl_typesupport_introspection_cpp
[0.567s] -- Found rmw_implementation_cmake: 6.1.2 (/opt/ros/humble/share/rmw_implementation_cmake/cmake)
[0.569s] -- Found rmw_fastrtps_cpp: 6.2.9 (/opt/ros/humble/share/rmw_fastrtps_cpp/cmake)
[0.651s] -- Found OpenSSL: /usr/lib/x86_64-linux-gnu/libcrypto.so (found version "3.0.2")  
[0.679s] -- Found FastRTPS: /opt/ros/humble/include  
[0.715s] -- Using RMW implementation 'rmw_fastrtps_cpp' as default
[0.724s] -- Looking for pthread.h
[0.795s] -- Looking for pthread.h - found
[0.795s] -- Performing Test CMAKE_HAVE_LIBC_PTHREAD
[0.871s] -- Performing Test CMAKE_HAVE_LIBC_PTHREAD - Success
[0.872s] -- Found Threads: TRUE  
[0.910s] -- Found ament_lint_auto: 0.12.14 (/opt/ros/humble/share/ament_lint_auto/cmake)
[0.967s] -- Added test 'cppcheck' to perform static code analysis on C / C++ code
[0.967s] -- Configured cppcheck include dirs: 
[0.968s] -- Configured cppcheck exclude dirs and/or files: 
[0.968s] -- Added test 'lint_cmake' to check CMake code style
[0.969s] -- Added test 'uncrustify' to check C / C++ code style
[0.969s] -- Configured uncrustify additional arguments: 
[0.969s] -- Added test 'xmllint' to check XML markup files
[0.970s] -- Configuring done
[0.979s] -- Generating done
[0.983s] -- Build files have been written to: /home/emmm/Desktop/rm/ROS2/learn/chapter2/session3_ws/build/learn_pkg
[0.990s] Invoked command in '/home/emmm/Desktop/rm/ROS2/learn/chapter2/session3_ws/build/learn_pkg' returned '0': CMAKE_PREFIX_PATH=/opt/ros/humble /usr/bin/cmake /home/emmm/Desktop/rm/ROS2/learn/chapter2/session3_ws/src/learn_pkg -DCMAKE_INSTALL_PREFIX=/home/emmm/Desktop/rm/ROS2/learn/chapter2/session3_ws/install/learn_pkg
[0.992s] Invoking command in '/home/emmm/Desktop/rm/ROS2/learn/chapter2/session3_ws/build/learn_pkg': CMAKE_PREFIX_PATH=/opt/ros/humble /usr/bin/cmake --build /home/emmm/Desktop/rm/ROS2/learn/chapter2/session3_ws/build/learn_pkg -- -j12 -l12
[1.043s] [ 12%] [32mBuilding CXX object CMakeFiles/learn_lambda.dir/src/learn_lambda.cpp.o[0m
[1.046s] [ 25%] [32mBuilding CXX object CMakeFiles/learn_shared_ptr.dir/src/learn_shared_ptr.cpp.o[0m
[1.047s] [ 37%] [32mBuilding CXX object CMakeFiles/learn_auto.dir/src/learn_auto.cpp.o[0m
[1.047s] [ 50%] [32mBuilding CXX object CMakeFiles/learn_functional.dir/src/learn_functional.cpp.o[0m
[1.253s] [ 62%] [32m[1mLinking CXX executable learn_auto[0m
[1.302s] [ 75%] [32m[1mLinking CXX executable learn_lambda[0m
[1.387s] [ 75%] Built target learn_auto
[1.442s] [ 75%] Built target learn_lambda
[1.474s] [ 87%] [32m[1mLinking CXX executable learn_functional[0m
[1.504s] [100%] [32m[1mLinking CXX executable learn_shared_ptr[0m
[1.556s] [100%] Built target learn_functional
[1.597s] [100%] Built target learn_shared_ptr
[1.610s] Invoked command in '/home/emmm/Desktop/rm/ROS2/learn/chapter2/session3_ws/build/learn_pkg' returned '0': CMAKE_PREFIX_PATH=/opt/ros/humble /usr/bin/cmake --build /home/emmm/Desktop/rm/ROS2/learn/chapter2/session3_ws/build/learn_pkg -- -j12 -l12
[1.622s] Invoking command in '/home/emmm/Desktop/rm/ROS2/learn/chapter2/session3_ws/build/learn_pkg': CMAKE_PREFIX_PATH=/opt/ros/humble /usr/bin/cmake --install /home/emmm/Desktop/rm/ROS2/learn/chapter2/session3_ws/build/learn_pkg
[1.632s] -- Install configuration: ""
[1.632s] -- Installing: /home/emmm/Desktop/rm/ROS2/learn/chapter2/session3_ws/install/learn_pkg/lib/learn_pkg/learn_auto
[1.632s] -- Set runtime path of "/home/emmm/Desktop/rm/ROS2/learn/chapter2/session3_ws/install/learn_pkg/lib/learn_pkg/learn_auto" to ""
[1.632s] -- Installing: /home/emmm/Desktop/rm/ROS2/learn/chapter2/session3_ws/install/learn_pkg/lib/learn_pkg/learn_shared_ptr
[1.633s] -- Set runtime path of "/home/emmm/Desktop/rm/ROS2/learn/chapter2/session3_ws/install/learn_pkg/lib/learn_pkg/learn_shared_ptr" to ""
[1.633s] -- Installing: /home/emmm/Desktop/rm/ROS2/learn/chapter2/session3_ws/install/learn_pkg/lib/learn_pkg/learn_lambda
[1.633s] -- Set runtime path of "/home/emmm/Desktop/rm/ROS2/learn/chapter2/session3_ws/install/learn_pkg/lib/learn_pkg/learn_lambda" to ""
[1.633s] -- Installing: /home/emmm/Desktop/rm/ROS2/learn/chapter2/session3_ws/install/learn_pkg/lib/learn_pkg/learn_functional
[1.634s] -- Set runtime path of "/home/emmm/Desktop/rm/ROS2/learn/chapter2/session3_ws/install/learn_pkg/lib/learn_pkg/learn_functional" to ""
[1.634s] -- Installing: /home/emmm/Desktop/rm/ROS2/learn/chapter2/session3_ws/install/learn_pkg/share/ament_index/resource_index/package_run_dependencies/learn_pkg
[1.634s] -- Installing: /home/emmm/Desktop/rm/ROS2/learn/chapter2/session3_ws/install/learn_pkg/share/ament_index/resource_index/parent_prefix_path/learn_pkg
[1.635s] -- Installing: /home/emmm/Desktop/rm/ROS2/learn/chapter2/session3_ws/install/learn_pkg/share/learn_pkg/environment/ament_prefix_path.sh
[1.635s] -- Installing: /home/emmm/Desktop/rm/ROS2/learn/chapter2/session3_ws/install/learn_pkg/share/learn_pkg/environment/ament_prefix_path.dsv
[1.635s] -- Installing: /home/emmm/Desktop/rm/ROS2/learn/chapter2/session3_ws/install/learn_pkg/share/learn_pkg/environment/path.sh
[1.635s] -- Installing: /home/emmm/Desktop/rm/ROS2/learn/chapter2/session3_ws/install/learn_pkg/share/learn_pkg/environment/path.dsv
[1.635s] -- Installing: /home/emmm/Desktop/rm/ROS2/learn/chapter2/session3_ws/install/learn_pkg/share/learn_pkg/local_setup.bash
[1.635s] -- Installing: /home/emmm/Desktop/rm/ROS2/learn/chapter2/session3_ws/install/learn_pkg/share/learn_pkg/local_setup.sh
[1.635s] -- Installing: /home/emmm/Desktop/rm/ROS2/learn/chapter2/session3_ws/install/learn_pkg/share/learn_pkg/local_setup.zsh
[1.636s] -- Installing: /home/emmm/Desktop/rm/ROS2/learn/chapter2/session3_ws/install/learn_pkg/share/learn_pkg/local_setup.dsv
[1.636s] -- Installing: /home/emmm/Desktop/rm/ROS2/learn/chapter2/session3_ws/install/learn_pkg/share/learn_pkg/package.dsv
[1.636s] -- Installing: /home/emmm/Desktop/rm/ROS2/learn/chapter2/session3_ws/install/learn_pkg/share/ament_index/resource_index/packages/learn_pkg
[1.636s] -- Installing: /home/emmm/Desktop/rm/ROS2/learn/chapter2/session3_ws/install/learn_pkg/share/learn_pkg/cmake/learn_pkgConfig.cmake
[1.636s] -- Installing: /home/emmm/Desktop/rm/ROS2/learn/chapter2/session3_ws/install/learn_pkg/share/learn_pkg/cmake/learn_pkgConfig-version.cmake
[1.636s] -- Installing: /home/emmm/Desktop/rm/ROS2/learn/chapter2/session3_ws/install/learn_pkg/share/learn_pkg/package.xml
[1.639s] Invoked command in '/home/emmm/Desktop/rm/ROS2/learn/chapter2/session3_ws/build/learn_pkg' returned '0': CMAKE_PREFIX_PATH=/opt/ros/humble /usr/bin/cmake --install /home/emmm/Desktop/rm/ROS2/learn/chapter2/session3_ws/build/learn_pkg
