-- The C compiler identification is GNU 11.4.0
-- The CXX compiler identification is GNU 11.4.0
-- Detecting C compiler ABI info
-- Detecting C compiler ABI info - done
-- Check for working C compiler: /usr/bin/cc - skipped
-- Detecting C compile features
-- Detecting C compile features - done
-- Detecting CXX compiler ABI info
-- Detecting CXX compiler ABI info - done
-- Check for working CXX compiler: /usr/bin/c++ - skipped
-- Detecting CXX compile features
-- Detecting CXX compile features - done
-- Found ament_cmake: 1.3.12 (/opt/ros/humble/share/ament_cmake/cmake)
-- Found Python3: /usr/bin/python3 (found version "3.10.12") found components: Interpreter 
-- Found rosidl_default_generators: 1.2.0 (/opt/ros/humble/share/rosidl_default_generators/cmake)
-- Using all available rosidl_typesupport_c: rosidl_typesupport_fastrtps_c;rosidl_typesupport_introspection_c
-- Found rosidl_adapter: 3.1.8 (/opt/ros/humble/share/rosidl_adapter/cmake)
-- Using all available rosidl_typesupport_cpp: rosidl_typesupport_fastrtps_cpp;rosidl_typesupport_introspection_cpp
-- Found ament_cmake_ros: 0.10.0 (/opt/ros/humble/share/ament_cmake_ros/cmake)
-- Using all available rosidl_typesupport_c: rosidl_typesupport_fastrtps_c;rosidl_typesupport_introspection_c
-- Using all available rosidl_typesupport_cpp: rosidl_typesupport_fastrtps_cpp;rosidl_typesupport_introspection_cpp
-- Found PythonInterp: /usr/bin/python3 (found suitable version "3.10.12", minimum required is "3.6") 
-- Found python_cmake_module: 0.10.0 (/opt/ros/humble/share/python_cmake_module/cmake)
-- Found PythonLibs: /usr/lib/x86_64-linux-gnu/libpython3.10.so (found suitable version "3.10.12", minimum required is "3.5") 
-- Using PYTHON_EXECUTABLE: /usr/bin/python3
-- Using PYTHON_INCLUDE_DIRS: /usr/include/python3.10
-- Using PYTHON_LIBRARIES: /usr/lib/x86_64-linux-gnu/libpython3.10.so
-- Found PythonExtra: .so  
-- Found ament_lint_auto: 0.12.14 (/opt/ros/humble/share/ament_lint_auto/cmake)
-- Added test 'lint_cmake' to check CMake code style
-- Added test 'xmllint' to check XML markup files
-- Configuring done
-- Generating done
-- Build files have been written to: /home/emmm/Desktop/rm/ROS2/learn/chapter4/action_ws/build/robot_control_interfaces
[  3%] [34m[1mGenerating C code for ROS interfaces[0m
[  6%] [34m[1mGenerating C++ code for ROS interfaces[0m
[  6%] Built target ament_cmake_python_copy_robot_control_interfaces
running egg_info
creating robot_control_interfaces.egg-info
writing robot_control_interfaces.egg-info/PKG-INFO
writing dependency_links to robot_control_interfaces.egg-info/dependency_links.txt
writing top-level names to robot_control_interfaces.egg-info/top_level.txt
writing manifest file 'robot_control_interfaces.egg-info/SOURCES.txt'
reading manifest file 'robot_control_interfaces.egg-info/SOURCES.txt'
writing manifest file 'robot_control_interfaces.egg-info/SOURCES.txt'
[  6%] Built target ament_cmake_python_build_robot_control_interfaces_egg
[  6%] Built target robot_control_interfaces__cpp
[ 12%] [34m[1mGenerating C++ type support for eProsima Fast-RTPS[0m
[ 16%] [34m[1mGenerating C++ type support dispatch for ROS interfaces[0m
[ 12%] [34m[1mGenerating C++ introspection for ROS interfaces[0m
[ 19%] [32mBuilding C object CMakeFiles/robot_control_interfaces__rosidl_generator_c.dir/rosidl_generator_c/robot_control_interfaces/action/detail/move_robot__functions.c.o[0m
[ 22%] [32mBuilding CXX object CMakeFiles/robot_control_interfaces__rosidl_typesupport_cpp.dir/rosidl_typesupport_cpp/robot_control_interfaces/action/move_robot__type_support.cpp.o[0m
[ 25%] [32m[1mLinking C shared library librobot_control_interfaces__rosidl_generator_c.so[0m
[ 25%] Built target robot_control_interfaces__rosidl_generator_c
[ 29%] [34m[1mGenerating C type support dispatch for ROS interfaces[0m
[ 32%] [34m[1mGenerating C introspection for ROS interfaces[0m
[ 35%] [34m[1mGenerating C type support for eProsima Fast-RTPS[0m
[ 38%] [32mBuilding CXX object CMakeFiles/robot_control_interfaces__rosidl_typesupport_fastrtps_cpp.dir/rosidl_typesupport_fastrtps_cpp/robot_control_interfaces/action/detail/dds_fastrtps/move_robot__type_support.cpp.o[0m
[ 41%] [32mBuilding CXX object CMakeFiles/robot_control_interfaces__rosidl_typesupport_introspection_cpp.dir/rosidl_typesupport_introspection_cpp/robot_control_interfaces/action/detail/move_robot__type_support.cpp.o[0m
[ 45%] [32mBuilding CXX object CMakeFiles/robot_control_interfaces__rosidl_typesupport_fastrtps_c.dir/rosidl_typesupport_fastrtps_c/robot_control_interfaces/action/detail/move_robot__type_support_c.cpp.o[0m
[ 48%] [32mBuilding CXX object CMakeFiles/robot_control_interfaces__rosidl_typesupport_c.dir/rosidl_typesupport_c/robot_control_interfaces/action/move_robot__type_support.cpp.o[0m
[ 51%] [32m[1mLinking CXX shared library librobot_control_interfaces__rosidl_typesupport_cpp.so[0m
[ 54%] [32m[1mLinking CXX shared library librobot_control_interfaces__rosidl_typesupport_c.so[0m
[ 54%] Built target robot_control_interfaces__rosidl_typesupport_c
[ 54%] Built target robot_control_interfaces__rosidl_typesupport_cpp
[ 58%] [32mBuilding C object CMakeFiles/robot_control_interfaces__rosidl_typesupport_introspection_c.dir/rosidl_typesupport_introspection_c/robot_control_interfaces/action/detail/move_robot__type_support.c.o[0m
[ 61%] [32m[1mLinking C shared library librobot_control_interfaces__rosidl_typesupport_introspection_c.so[0m
[ 61%] Built target robot_control_interfaces__rosidl_typesupport_introspection_c
[ 64%] [32m[1mLinking CXX shared library librobot_control_interfaces__rosidl_typesupport_fastrtps_c.so[0m
[ 67%] [32m[1mLinking CXX shared library librobot_control_interfaces__rosidl_typesupport_fastrtps_cpp.so[0m
[ 67%] Built target robot_control_interfaces__rosidl_typesupport_fastrtps_c
[ 67%] Built target robot_control_interfaces__rosidl_typesupport_fastrtps_cpp
[ 70%] [32m[1mLinking CXX shared library librobot_control_interfaces__rosidl_typesupport_introspection_cpp.so[0m
[ 70%] Built target robot_control_interfaces__rosidl_typesupport_introspection_cpp
[ 70%] Built target robot_control_interfaces
[ 74%] [34m[1mGenerating Python code for ROS interfaces[0m
[ 74%] Built target robot_control_interfaces__py
[ 77%] [32mBuilding C object CMakeFiles/robot_control_interfaces__rosidl_generator_py.dir/rosidl_generator_py/robot_control_interfaces/action/_move_robot_s.c.o[0m
[ 80%] [32m[1mLinking C shared library rosidl_generator_py/robot_control_interfaces/librobot_control_interfaces__rosidl_generator_py.so[0m
[ 80%] Built target robot_control_interfaces__rosidl_generator_py
[ 83%] [32mBuilding C object CMakeFiles/robot_control_interfaces__rosidl_typesupport_fastrtps_c__pyext.dir/rosidl_generator_py/robot_control_interfaces/_robot_control_interfaces_s.ep.rosidl_typesupport_fastrtps_c.c.o[0m
[ 87%] [32mBuilding C object CMakeFiles/robot_control_interfaces__rosidl_typesupport_introspection_c__pyext.dir/rosidl_generator_py/robot_control_interfaces/_robot_control_interfaces_s.ep.rosidl_typesupport_introspection_c.c.o[0m
[ 90%] [32mBuilding C object CMakeFiles/robot_control_interfaces__rosidl_typesupport_c__pyext.dir/rosidl_generator_py/robot_control_interfaces/_robot_control_interfaces_s.ep.rosidl_typesupport_c.c.o[0m
[ 93%] [32m[1mLinking C shared library rosidl_generator_py/robot_control_interfaces/robot_control_interfaces_s__rosidl_typesupport_fastrtps_c.cpython-310-x86_64-linux-gnu.so[0m
[ 96%] [32m[1mLinking C shared library rosidl_generator_py/robot_control_interfaces/robot_control_interfaces_s__rosidl_typesupport_introspection_c.cpython-310-x86_64-linux-gnu.so[0m
[ 96%] Built target robot_control_interfaces__rosidl_typesupport_fastrtps_c__pyext
[ 96%] Built target robot_control_interfaces__rosidl_typesupport_introspection_c__pyext
[100%] [32m[1mLinking C shared library rosidl_generator_py/robot_control_interfaces/robot_control_interfaces_s__rosidl_typesupport_c.cpython-310-x86_64-linux-gnu.so[0m
[100%] Built target robot_control_interfaces__rosidl_typesupport_c__pyext
-- Install configuration: ""
-- Installing: /home/emmm/Desktop/rm/ROS2/learn/chapter4/action_ws/install/robot_control_interfaces/share/ament_index/resource_index/rosidl_interfaces/robot_control_interfaces
-- Installing: /home/emmm/Desktop/rm/ROS2/learn/chapter4/action_ws/install/robot_control_interfaces/include/robot_control_interfaces/robot_control_interfaces
-- Installing: /home/emmm/Desktop/rm/ROS2/learn/chapter4/action_ws/install/robot_control_interfaces/include/robot_control_interfaces/robot_control_interfaces/msg
-- Installing: /home/emmm/Desktop/rm/ROS2/learn/chapter4/action_ws/install/robot_control_interfaces/include/robot_control_interfaces/robot_control_interfaces/msg/rosidl_generator_c__visibility_control.h
-- Installing: /home/emmm/Desktop/rm/ROS2/learn/chapter4/action_ws/install/robot_control_interfaces/include/robot_control_interfaces/robot_control_interfaces/action
-- Installing: /home/emmm/Desktop/rm/ROS2/learn/chapter4/action_ws/install/robot_control_interfaces/include/robot_control_interfaces/robot_control_interfaces/action/move_robot.h
-- Installing: /home/emmm/Desktop/rm/ROS2/learn/chapter4/action_ws/install/robot_control_interfaces/include/robot_control_interfaces/robot_control_interfaces/action/detail
-- Installing: /home/emmm/Desktop/rm/ROS2/learn/chapter4/action_ws/install/robot_control_interfaces/include/robot_control_interfaces/robot_control_interfaces/action/detail/move_robot__functions.c
-- Installing: /home/emmm/Desktop/rm/ROS2/learn/chapter4/action_ws/install/robot_control_interfaces/include/robot_control_interfaces/robot_control_interfaces/action/detail/move_robot__functions.h
-- Installing: /home/emmm/Desktop/rm/ROS2/learn/chapter4/action_ws/install/robot_control_interfaces/include/robot_control_interfaces/robot_control_interfaces/action/detail/move_robot__type_support.h
-- Installing: /home/emmm/Desktop/rm/ROS2/learn/chapter4/action_ws/install/robot_control_interfaces/include/robot_control_interfaces/robot_control_interfaces/action/detail/move_robot__struct.h
-- Installing: /home/emmm/Desktop/rm/ROS2/learn/chapter4/action_ws/install/robot_control_interfaces/share/robot_control_interfaces/environment/library_path.sh
-- Installing: /home/emmm/Desktop/rm/ROS2/learn/chapter4/action_ws/install/robot_control_interfaces/share/robot_control_interfaces/environment/library_path.dsv
-- Installing: /home/emmm/Desktop/rm/ROS2/learn/chapter4/action_ws/install/robot_control_interfaces/lib/librobot_control_interfaces__rosidl_generator_c.so
-- Set runtime path of "/home/emmm/Desktop/rm/ROS2/learn/chapter4/action_ws/install/robot_control_interfaces/lib/librobot_control_interfaces__rosidl_generator_c.so" to ""
-- Up-to-date: /home/emmm/Desktop/rm/ROS2/learn/chapter4/action_ws/install/robot_control_interfaces/include/robot_control_interfaces/robot_control_interfaces
-- Up-to-date: /home/emmm/Desktop/rm/ROS2/learn/chapter4/action_ws/install/robot_control_interfaces/include/robot_control_interfaces/robot_control_interfaces/msg
-- Installing: /home/emmm/Desktop/rm/ROS2/learn/chapter4/action_ws/install/robot_control_interfaces/include/robot_control_interfaces/robot_control_interfaces/msg/rosidl_typesupport_fastrtps_c__visibility_control.h
-- Up-to-date: /home/emmm/Desktop/rm/ROS2/learn/chapter4/action_ws/install/robot_control_interfaces/include/robot_control_interfaces/robot_control_interfaces/action
-- Up-to-date: /home/emmm/Desktop/rm/ROS2/learn/chapter4/action_ws/install/robot_control_interfaces/include/robot_control_interfaces/robot_control_interfaces/action/detail
-- Installing: /home/emmm/Desktop/rm/ROS2/learn/chapter4/action_ws/install/robot_control_interfaces/include/robot_control_interfaces/robot_control_interfaces/action/detail/move_robot__rosidl_typesupport_fastrtps_c.h
-- Installing: /home/emmm/Desktop/rm/ROS2/learn/chapter4/action_ws/install/robot_control_interfaces/lib/librobot_control_interfaces__rosidl_typesupport_fastrtps_c.so
-- Set runtime path of "/home/emmm/Desktop/rm/ROS2/learn/chapter4/action_ws/install/robot_control_interfaces/lib/librobot_control_interfaces__rosidl_typesupport_fastrtps_c.so" to ""
-- Up-to-date: /home/emmm/Desktop/rm/ROS2/learn/chapter4/action_ws/install/robot_control_interfaces/include/robot_control_interfaces/robot_control_interfaces
-- Up-to-date: /home/emmm/Desktop/rm/ROS2/learn/chapter4/action_ws/install/robot_control_interfaces/include/robot_control_interfaces/robot_control_interfaces/msg
-- Installing: /home/emmm/Desktop/rm/ROS2/learn/chapter4/action_ws/install/robot_control_interfaces/include/robot_control_interfaces/robot_control_interfaces/msg/rosidl_typesupport_introspection_c__visibility_control.h
-- Up-to-date: /home/emmm/Desktop/rm/ROS2/learn/chapter4/action_ws/install/robot_control_interfaces/include/robot_control_interfaces/robot_control_interfaces/action
-- Up-to-date: /home/emmm/Desktop/rm/ROS2/learn/chapter4/action_ws/install/robot_control_interfaces/include/robot_control_interfaces/robot_control_interfaces/action/detail
-- Installing: /home/emmm/Desktop/rm/ROS2/learn/chapter4/action_ws/install/robot_control_interfaces/include/robot_control_interfaces/robot_control_interfaces/action/detail/move_robot__rosidl_typesupport_introspection_c.h
-- Installing: /home/emmm/Desktop/rm/ROS2/learn/chapter4/action_ws/install/robot_control_interfaces/include/robot_control_interfaces/robot_control_interfaces/action/detail/move_robot__type_support.c
-- Installing: /home/emmm/Desktop/rm/ROS2/learn/chapter4/action_ws/install/robot_control_interfaces/lib/librobot_control_interfaces__rosidl_typesupport_introspection_c.so
-- Set runtime path of "/home/emmm/Desktop/rm/ROS2/learn/chapter4/action_ws/install/robot_control_interfaces/lib/librobot_control_interfaces__rosidl_typesupport_introspection_c.so" to ""
-- Installing: /home/emmm/Desktop/rm/ROS2/learn/chapter4/action_ws/install/robot_control_interfaces/lib/librobot_control_interfaces__rosidl_typesupport_c.so
-- Set runtime path of "/home/emmm/Desktop/rm/ROS2/learn/chapter4/action_ws/install/robot_control_interfaces/lib/librobot_control_interfaces__rosidl_typesupport_c.so" to ""
-- Up-to-date: /home/emmm/Desktop/rm/ROS2/learn/chapter4/action_ws/install/robot_control_interfaces/include/robot_control_interfaces/robot_control_interfaces
-- Up-to-date: /home/emmm/Desktop/rm/ROS2/learn/chapter4/action_ws/install/robot_control_interfaces/include/robot_control_interfaces/robot_control_interfaces/msg
-- Installing: /home/emmm/Desktop/rm/ROS2/learn/chapter4/action_ws/install/robot_control_interfaces/include/robot_control_interfaces/robot_control_interfaces/msg/rosidl_generator_cpp__visibility_control.hpp
-- Up-to-date: /home/emmm/Desktop/rm/ROS2/learn/chapter4/action_ws/install/robot_control_interfaces/include/robot_control_interfaces/robot_control_interfaces/action
-- Installing: /home/emmm/Desktop/rm/ROS2/learn/chapter4/action_ws/install/robot_control_interfaces/include/robot_control_interfaces/robot_control_interfaces/action/move_robot.hpp
-- Up-to-date: /home/emmm/Desktop/rm/ROS2/learn/chapter4/action_ws/install/robot_control_interfaces/include/robot_control_interfaces/robot_control_interfaces/action/detail
-- Installing: /home/emmm/Desktop/rm/ROS2/learn/chapter4/action_ws/install/robot_control_interfaces/include/robot_control_interfaces/robot_control_interfaces/action/detail/move_robot__type_support.hpp
-- Installing: /home/emmm/Desktop/rm/ROS2/learn/chapter4/action_ws/install/robot_control_interfaces/include/robot_control_interfaces/robot_control_interfaces/action/detail/move_robot__traits.hpp
-- Installing: /home/emmm/Desktop/rm/ROS2/learn/chapter4/action_ws/install/robot_control_interfaces/include/robot_control_interfaces/robot_control_interfaces/action/detail/move_robot__builder.hpp
-- Installing: /home/emmm/Desktop/rm/ROS2/learn/chapter4/action_ws/install/robot_control_interfaces/include/robot_control_interfaces/robot_control_interfaces/action/detail/move_robot__struct.hpp
-- Up-to-date: /home/emmm/Desktop/rm/ROS2/learn/chapter4/action_ws/install/robot_control_interfaces/include/robot_control_interfaces/robot_control_interfaces
-- Up-to-date: /home/emmm/Desktop/rm/ROS2/learn/chapter4/action_ws/install/robot_control_interfaces/include/robot_control_interfaces/robot_control_interfaces/msg
-- Installing: /home/emmm/Desktop/rm/ROS2/learn/chapter4/action_ws/install/robot_control_interfaces/include/robot_control_interfaces/robot_control_interfaces/msg/rosidl_typesupport_fastrtps_cpp__visibility_control.h
-- Up-to-date: /home/emmm/Desktop/rm/ROS2/learn/chapter4/action_ws/install/robot_control_interfaces/include/robot_control_interfaces/robot_control_interfaces/action
-- Up-to-date: /home/emmm/Desktop/rm/ROS2/learn/chapter4/action_ws/install/robot_control_interfaces/include/robot_control_interfaces/robot_control_interfaces/action/detail
-- Installing: /home/emmm/Desktop/rm/ROS2/learn/chapter4/action_ws/install/robot_control_interfaces/include/robot_control_interfaces/robot_control_interfaces/action/detail/move_robot__rosidl_typesupport_fastrtps_cpp.hpp
-- Installing: /home/emmm/Desktop/rm/ROS2/learn/chapter4/action_ws/install/robot_control_interfaces/include/robot_control_interfaces/robot_control_interfaces/action/detail/dds_fastrtps
-- Installing: /home/emmm/Desktop/rm/ROS2/learn/chapter4/action_ws/install/robot_control_interfaces/lib/librobot_control_interfaces__rosidl_typesupport_fastrtps_cpp.so
-- Set runtime path of "/home/emmm/Desktop/rm/ROS2/learn/chapter4/action_ws/install/robot_control_interfaces/lib/librobot_control_interfaces__rosidl_typesupport_fastrtps_cpp.so" to ""
-- Up-to-date: /home/emmm/Desktop/rm/ROS2/learn/chapter4/action_ws/install/robot_control_interfaces/include/robot_control_interfaces/robot_control_interfaces
-- Up-to-date: /home/emmm/Desktop/rm/ROS2/learn/chapter4/action_ws/install/robot_control_interfaces/include/robot_control_interfaces/robot_control_interfaces/action
-- Up-to-date: /home/emmm/Desktop/rm/ROS2/learn/chapter4/action_ws/install/robot_control_interfaces/include/robot_control_interfaces/robot_control_interfaces/action/detail
-- Installing: /home/emmm/Desktop/rm/ROS2/learn/chapter4/action_ws/install/robot_control_interfaces/include/robot_control_interfaces/robot_control_interfaces/action/detail/move_robot__rosidl_typesupport_introspection_cpp.hpp
-- Installing: /home/emmm/Desktop/rm/ROS2/learn/chapter4/action_ws/install/robot_control_interfaces/include/robot_control_interfaces/robot_control_interfaces/action/detail/move_robot__type_support.cpp
-- Installing: /home/emmm/Desktop/rm/ROS2/learn/chapter4/action_ws/install/robot_control_interfaces/lib/librobot_control_interfaces__rosidl_typesupport_introspection_cpp.so
-- Set runtime path of "/home/emmm/Desktop/rm/ROS2/learn/chapter4/action_ws/install/robot_control_interfaces/lib/librobot_control_interfaces__rosidl_typesupport_introspection_cpp.so" to ""
-- Installing: /home/emmm/Desktop/rm/ROS2/learn/chapter4/action_ws/install/robot_control_interfaces/lib/librobot_control_interfaces__rosidl_typesupport_cpp.so
-- Set runtime path of "/home/emmm/Desktop/rm/ROS2/learn/chapter4/action_ws/install/robot_control_interfaces/lib/librobot_control_interfaces__rosidl_typesupport_cpp.so" to ""
-- Installing: /home/emmm/Desktop/rm/ROS2/learn/chapter4/action_ws/install/robot_control_interfaces/share/robot_control_interfaces/environment/pythonpath.sh
-- Installing: /home/emmm/Desktop/rm/ROS2/learn/chapter4/action_ws/install/robot_control_interfaces/share/robot_control_interfaces/environment/pythonpath.dsv
-- Installing: /home/emmm/Desktop/rm/ROS2/learn/chapter4/action_ws/install/robot_control_interfaces/local/lib/python3.10/dist-packages/robot_control_interfaces-0.0.0-py3.10.egg-info
-- Installing: /home/emmm/Desktop/rm/ROS2/learn/chapter4/action_ws/install/robot_control_interfaces/local/lib/python3.10/dist-packages/robot_control_interfaces-0.0.0-py3.10.egg-info/PKG-INFO
-- Installing: /home/emmm/Desktop/rm/ROS2/learn/chapter4/action_ws/install/robot_control_interfaces/local/lib/python3.10/dist-packages/robot_control_interfaces-0.0.0-py3.10.egg-info/dependency_links.txt
-- Installing: /home/emmm/Desktop/rm/ROS2/learn/chapter4/action_ws/install/robot_control_interfaces/local/lib/python3.10/dist-packages/robot_control_interfaces-0.0.0-py3.10.egg-info/SOURCES.txt
-- Installing: /home/emmm/Desktop/rm/ROS2/learn/chapter4/action_ws/install/robot_control_interfaces/local/lib/python3.10/dist-packages/robot_control_interfaces-0.0.0-py3.10.egg-info/top_level.txt
-- Installing: /home/emmm/Desktop/rm/ROS2/learn/chapter4/action_ws/install/robot_control_interfaces/local/lib/python3.10/dist-packages/robot_control_interfaces
-- Installing: /home/emmm/Desktop/rm/ROS2/learn/chapter4/action_ws/install/robot_control_interfaces/local/lib/python3.10/dist-packages/robot_control_interfaces/_robot_control_interfaces_s.ep.rosidl_typesupport_c.c
-- Installing: /home/emmm/Desktop/rm/ROS2/learn/chapter4/action_ws/install/robot_control_interfaces/local/lib/python3.10/dist-packages/robot_control_interfaces/robot_control_interfaces_s__rosidl_typesupport_introspection_c.cpython-310-x86_64-linux-gnu.so
-- Installing: /home/emmm/Desktop/rm/ROS2/learn/chapter4/action_ws/install/robot_control_interfaces/local/lib/python3.10/dist-packages/robot_control_interfaces/_robot_control_interfaces_s.ep.rosidl_typesupport_fastrtps_c.c
-- Installing: /home/emmm/Desktop/rm/ROS2/learn/chapter4/action_ws/install/robot_control_interfaces/local/lib/python3.10/dist-packages/robot_control_interfaces/librobot_control_interfaces__rosidl_generator_py.so
-- Installing: /home/emmm/Desktop/rm/ROS2/learn/chapter4/action_ws/install/robot_control_interfaces/local/lib/python3.10/dist-packages/robot_control_interfaces/action
-- Installing: /home/emmm/Desktop/rm/ROS2/learn/chapter4/action_ws/install/robot_control_interfaces/local/lib/python3.10/dist-packages/robot_control_interfaces/action/_move_robot_s.c
-- Installing: /home/emmm/Desktop/rm/ROS2/learn/chapter4/action_ws/install/robot_control_interfaces/local/lib/python3.10/dist-packages/robot_control_interfaces/action/_move_robot.py
-- Installing: /home/emmm/Desktop/rm/ROS2/learn/chapter4/action_ws/install/robot_control_interfaces/local/lib/python3.10/dist-packages/robot_control_interfaces/action/__init__.py
-- Installing: /home/emmm/Desktop/rm/ROS2/learn/chapter4/action_ws/install/robot_control_interfaces/local/lib/python3.10/dist-packages/robot_control_interfaces/robot_control_interfaces_s__rosidl_typesupport_fastrtps_c.cpython-310-x86_64-linux-gnu.so
-- Installing: /home/emmm/Desktop/rm/ROS2/learn/chapter4/action_ws/install/robot_control_interfaces/local/lib/python3.10/dist-packages/robot_control_interfaces/_robot_control_interfaces_s.ep.rosidl_typesupport_introspection_c.c
-- Installing: /home/emmm/Desktop/rm/ROS2/learn/chapter4/action_ws/install/robot_control_interfaces/local/lib/python3.10/dist-packages/robot_control_interfaces/__init__.py
-- Installing: /home/emmm/Desktop/rm/ROS2/learn/chapter4/action_ws/install/robot_control_interfaces/local/lib/python3.10/dist-packages/robot_control_interfaces/robot_control_interfaces_s__rosidl_typesupport_c.cpython-310-x86_64-linux-gnu.so
Listing '/home/emmm/Desktop/rm/ROS2/learn/chapter4/action_ws/install/robot_control_interfaces/local/lib/python3.10/dist-packages/robot_control_interfaces'...
Compiling '/home/emmm/Desktop/rm/ROS2/learn/chapter4/action_ws/install/robot_control_interfaces/local/lib/python3.10/dist-packages/robot_control_interfaces/__init__.py'...
Listing '/home/emmm/Desktop/rm/ROS2/learn/chapter4/action_ws/install/robot_control_interfaces/local/lib/python3.10/dist-packages/robot_control_interfaces/action'...
Compiling '/home/emmm/Desktop/rm/ROS2/learn/chapter4/action_ws/install/robot_control_interfaces/local/lib/python3.10/dist-packages/robot_control_interfaces/action/__init__.py'...
Compiling '/home/emmm/Desktop/rm/ROS2/learn/chapter4/action_ws/install/robot_control_interfaces/local/lib/python3.10/dist-packages/robot_control_interfaces/action/_move_robot.py'...
-- Installing: /home/emmm/Desktop/rm/ROS2/learn/chapter4/action_ws/install/robot_control_interfaces/local/lib/python3.10/dist-packages/robot_control_interfaces/robot_control_interfaces_s__rosidl_typesupport_fastrtps_c.cpython-310-x86_64-linux-gnu.so
-- Set runtime path of "/home/emmm/Desktop/rm/ROS2/learn/chapter4/action_ws/install/robot_control_interfaces/local/lib/python3.10/dist-packages/robot_control_interfaces/robot_control_interfaces_s__rosidl_typesupport_fastrtps_c.cpython-310-x86_64-linux-gnu.so" to ""
-- Installing: /home/emmm/Desktop/rm/ROS2/learn/chapter4/action_ws/install/robot_control_interfaces/local/lib/python3.10/dist-packages/robot_control_interfaces/robot_control_interfaces_s__rosidl_typesupport_introspection_c.cpython-310-x86_64-linux-gnu.so
-- Set runtime path of "/home/emmm/Desktop/rm/ROS2/learn/chapter4/action_ws/install/robot_control_interfaces/local/lib/python3.10/dist-packages/robot_control_interfaces/robot_control_interfaces_s__rosidl_typesupport_introspection_c.cpython-310-x86_64-linux-gnu.so" to ""
-- Installing: /home/emmm/Desktop/rm/ROS2/learn/chapter4/action_ws/install/robot_control_interfaces/local/lib/python3.10/dist-packages/robot_control_interfaces/robot_control_interfaces_s__rosidl_typesupport_c.cpython-310-x86_64-linux-gnu.so
-- Set runtime path of "/home/emmm/Desktop/rm/ROS2/learn/chapter4/action_ws/install/robot_control_interfaces/local/lib/python3.10/dist-packages/robot_control_interfaces/robot_control_interfaces_s__rosidl_typesupport_c.cpython-310-x86_64-linux-gnu.so" to ""
-- Installing: /home/emmm/Desktop/rm/ROS2/learn/chapter4/action_ws/install/robot_control_interfaces/lib/librobot_control_interfaces__rosidl_generator_py.so
-- Set runtime path of "/home/emmm/Desktop/rm/ROS2/learn/chapter4/action_ws/install/robot_control_interfaces/lib/librobot_control_interfaces__rosidl_generator_py.so" to ""
-- Installing: /home/emmm/Desktop/rm/ROS2/learn/chapter4/action_ws/install/robot_control_interfaces/share/robot_control_interfaces/action/MoveRobot.idl
-- Installing: /home/emmm/Desktop/rm/ROS2/learn/chapter4/action_ws/install/robot_control_interfaces/share/robot_control_interfaces/action/MoveRobot.action
-- Installing: /home/emmm/Desktop/rm/ROS2/learn/chapter4/action_ws/install/robot_control_interfaces/share/ament_index/resource_index/package_run_dependencies/robot_control_interfaces
-- Installing: /home/emmm/Desktop/rm/ROS2/learn/chapter4/action_ws/install/robot_control_interfaces/share/ament_index/resource_index/parent_prefix_path/robot_control_interfaces
-- Installing: /home/emmm/Desktop/rm/ROS2/learn/chapter4/action_ws/install/robot_control_interfaces/share/robot_control_interfaces/environment/ament_prefix_path.sh
-- Installing: /home/emmm/Desktop/rm/ROS2/learn/chapter4/action_ws/install/robot_control_interfaces/share/robot_control_interfaces/environment/ament_prefix_path.dsv
-- Installing: /home/emmm/Desktop/rm/ROS2/learn/chapter4/action_ws/install/robot_control_interfaces/share/robot_control_interfaces/environment/path.sh
-- Installing: /home/emmm/Desktop/rm/ROS2/learn/chapter4/action_ws/install/robot_control_interfaces/share/robot_control_interfaces/environment/path.dsv
-- Installing: /home/emmm/Desktop/rm/ROS2/learn/chapter4/action_ws/install/robot_control_interfaces/share/robot_control_interfaces/local_setup.bash
-- Installing: /home/emmm/Desktop/rm/ROS2/learn/chapter4/action_ws/install/robot_control_interfaces/share/robot_control_interfaces/local_setup.sh
-- Installing: /home/emmm/Desktop/rm/ROS2/learn/chapter4/action_ws/install/robot_control_interfaces/share/robot_control_interfaces/local_setup.zsh
-- Installing: /home/emmm/Desktop/rm/ROS2/learn/chapter4/action_ws/install/robot_control_interfaces/share/robot_control_interfaces/local_setup.dsv
-- Installing: /home/emmm/Desktop/rm/ROS2/learn/chapter4/action_ws/install/robot_control_interfaces/share/robot_control_interfaces/package.dsv
-- Installing: /home/emmm/Desktop/rm/ROS2/learn/chapter4/action_ws/install/robot_control_interfaces/share/ament_index/resource_index/packages/robot_control_interfaces
-- Installing: /home/emmm/Desktop/rm/ROS2/learn/chapter4/action_ws/install/robot_control_interfaces/share/robot_control_interfaces/cmake/export_robot_control_interfaces__rosidl_generator_cExport.cmake
-- Installing: /home/emmm/Desktop/rm/ROS2/learn/chapter4/action_ws/install/robot_control_interfaces/share/robot_control_interfaces/cmake/export_robot_control_interfaces__rosidl_generator_cExport-noconfig.cmake
-- Installing: /home/emmm/Desktop/rm/ROS2/learn/chapter4/action_ws/install/robot_control_interfaces/share/robot_control_interfaces/cmake/export_robot_control_interfaces__rosidl_typesupport_fastrtps_cExport.cmake
-- Installing: /home/emmm/Desktop/rm/ROS2/learn/chapter4/action_ws/install/robot_control_interfaces/share/robot_control_interfaces/cmake/export_robot_control_interfaces__rosidl_typesupport_fastrtps_cExport-noconfig.cmake
-- Installing: /home/emmm/Desktop/rm/ROS2/learn/chapter4/action_ws/install/robot_control_interfaces/share/robot_control_interfaces/cmake/robot_control_interfaces__rosidl_typesupport_introspection_cExport.cmake
-- Installing: /home/emmm/Desktop/rm/ROS2/learn/chapter4/action_ws/install/robot_control_interfaces/share/robot_control_interfaces/cmake/robot_control_interfaces__rosidl_typesupport_introspection_cExport-noconfig.cmake
-- Installing: /home/emmm/Desktop/rm/ROS2/learn/chapter4/action_ws/install/robot_control_interfaces/share/robot_control_interfaces/cmake/robot_control_interfaces__rosidl_typesupport_cExport.cmake
-- Installing: /home/emmm/Desktop/rm/ROS2/learn/chapter4/action_ws/install/robot_control_interfaces/share/robot_control_interfaces/cmake/robot_control_interfaces__rosidl_typesupport_cExport-noconfig.cmake
-- Installing: /home/emmm/Desktop/rm/ROS2/learn/chapter4/action_ws/install/robot_control_interfaces/share/robot_control_interfaces/cmake/export_robot_control_interfaces__rosidl_generator_cppExport.cmake
-- Installing: /home/emmm/Desktop/rm/ROS2/learn/chapter4/action_ws/install/robot_control_interfaces/share/robot_control_interfaces/cmake/export_robot_control_interfaces__rosidl_typesupport_fastrtps_cppExport.cmake
-- Installing: /home/emmm/Desktop/rm/ROS2/learn/chapter4/action_ws/install/robot_control_interfaces/share/robot_control_interfaces/cmake/export_robot_control_interfaces__rosidl_typesupport_fastrtps_cppExport-noconfig.cmake
-- Installing: /home/emmm/Desktop/rm/ROS2/learn/chapter4/action_ws/install/robot_control_interfaces/share/robot_control_interfaces/cmake/robot_control_interfaces__rosidl_typesupport_introspection_cppExport.cmake
-- Installing: /home/emmm/Desktop/rm/ROS2/learn/chapter4/action_ws/install/robot_control_interfaces/share/robot_control_interfaces/cmake/robot_control_interfaces__rosidl_typesupport_introspection_cppExport-noconfig.cmake
-- Installing: /home/emmm/Desktop/rm/ROS2/learn/chapter4/action_ws/install/robot_control_interfaces/share/robot_control_interfaces/cmake/robot_control_interfaces__rosidl_typesupport_cppExport.cmake
-- Installing: /home/emmm/Desktop/rm/ROS2/learn/chapter4/action_ws/install/robot_control_interfaces/share/robot_control_interfaces/cmake/robot_control_interfaces__rosidl_typesupport_cppExport-noconfig.cmake
-- Installing: /home/emmm/Desktop/rm/ROS2/learn/chapter4/action_ws/install/robot_control_interfaces/share/robot_control_interfaces/cmake/export_robot_control_interfaces__rosidl_generator_pyExport.cmake
-- Installing: /home/emmm/Desktop/rm/ROS2/learn/chapter4/action_ws/install/robot_control_interfaces/share/robot_control_interfaces/cmake/export_robot_control_interfaces__rosidl_generator_pyExport-noconfig.cmake
-- Installing: /home/emmm/Desktop/rm/ROS2/learn/chapter4/action_ws/install/robot_control_interfaces/share/robot_control_interfaces/cmake/rosidl_cmake-extras.cmake
-- Installing: /home/emmm/Desktop/rm/ROS2/learn/chapter4/action_ws/install/robot_control_interfaces/share/robot_control_interfaces/cmake/ament_cmake_export_dependencies-extras.cmake
-- Installing: /home/emmm/Desktop/rm/ROS2/learn/chapter4/action_ws/install/robot_control_interfaces/share/robot_control_interfaces/cmake/ament_cmake_export_include_directories-extras.cmake
-- Installing: /home/emmm/Desktop/rm/ROS2/learn/chapter4/action_ws/install/robot_control_interfaces/share/robot_control_interfaces/cmake/ament_cmake_export_libraries-extras.cmake
-- Installing: /home/emmm/Desktop/rm/ROS2/learn/chapter4/action_ws/install/robot_control_interfaces/share/robot_control_interfaces/cmake/ament_cmake_export_targets-extras.cmake
-- Installing: /home/emmm/Desktop/rm/ROS2/learn/chapter4/action_ws/install/robot_control_interfaces/share/robot_control_interfaces/cmake/rosidl_cmake_export_typesupport_targets-extras.cmake
-- Installing: /home/emmm/Desktop/rm/ROS2/learn/chapter4/action_ws/install/robot_control_interfaces/share/robot_control_interfaces/cmake/rosidl_cmake_export_typesupport_libraries-extras.cmake
-- Installing: /home/emmm/Desktop/rm/ROS2/learn/chapter4/action_ws/install/robot_control_interfaces/share/robot_control_interfaces/cmake/robot_control_interfacesConfig.cmake
-- Installing: /home/emmm/Desktop/rm/ROS2/learn/chapter4/action_ws/install/robot_control_interfaces/share/robot_control_interfaces/cmake/robot_control_interfacesConfig-version.cmake
-- Installing: /home/emmm/Desktop/rm/ROS2/learn/chapter4/action_ws/install/robot_control_interfaces/share/robot_control_interfaces/package.xml
