[0.010s] Invoking command in '/home/emmm/Desktop/rm/ROS2/learn/chapter4/action_ws/build/robot_control_interfaces': CMAKE_PREFIX_PATH=/opt/ros/humble /usr/bin/cmake /home/emmm/Desktop/rm/ROS2/learn/chapter4/action_ws/src/robot_control_interfaces -DCMAKE_INSTALL_PREFIX=/home/emmm/Desktop/rm/ROS2/learn/chapter4/action_ws/install/robot_control_interfaces
[0.071s] -- The C compiler identification is GNU 11.4.0
[0.121s] -- The CXX compiler identification is GNU 11.4.0
[0.128s] -- Detecting C compiler ABI info
[0.201s] -- Detecting C compiler ABI info - done
[0.213s] -- Check for working C compiler: /usr/bin/cc - skipped
[0.214s] -- Detecting C compile features
[0.214s] -- Detecting C compile features - done
[0.218s] -- Detecting CXX compiler ABI info
[0.320s] -- Detecting CXX compiler ABI info - done
[0.330s] -- Check for working CXX compiler: /usr/bin/c++ - skipped
[0.330s] -- Detecting CXX compile features
[0.331s] -- Detecting CXX compile features - done
[0.334s] -- Found ament_cmake: 1.3.12 (/opt/ros/humble/share/ament_cmake/cmake)
[0.482s] -- Found Python3: /usr/bin/python3 (found version "3.10.12") found components: Interpreter 
[0.550s] -- Found rosidl_default_generators: 1.2.0 (/opt/ros/humble/share/rosidl_default_generators/cmake)
[0.552s] -- Using all available rosidl_typesupport_c: rosidl_typesupport_fastrtps_c;rosidl_typesupport_introspection_c
[0.556s] -- Found rosidl_adapter: 3.1.8 (/opt/ros/humble/share/rosidl_adapter/cmake)
[0.581s] -- Using all available rosidl_typesupport_cpp: rosidl_typesupport_fastrtps_cpp;rosidl_typesupport_introspection_cpp
[0.814s] -- Found ament_cmake_ros: 0.10.0 (/opt/ros/humble/share/ament_cmake_ros/cmake)
[0.982s] -- Using all available rosidl_typesupport_c: rosidl_typesupport_fastrtps_c;rosidl_typesupport_introspection_c
[1.195s] -- Using all available rosidl_typesupport_cpp: rosidl_typesupport_fastrtps_cpp;rosidl_typesupport_introspection_cpp
[1.210s] -- Found PythonInterp: /usr/bin/python3 (found suitable version "3.10.12", minimum required is "3.6") 
[1.211s] -- Found python_cmake_module: 0.10.0 (/opt/ros/humble/share/python_cmake_module/cmake)
[1.229s] -- Found PythonLibs: /usr/lib/x86_64-linux-gnu/libpython3.10.so (found suitable version "3.10.12", minimum required is "3.5") 
[1.229s] -- Using PYTHON_EXECUTABLE: /usr/bin/python3
[1.229s] -- Using PYTHON_INCLUDE_DIRS: /usr/include/python3.10
[1.229s] -- Using PYTHON_LIBRARIES: /usr/lib/x86_64-linux-gnu/libpython3.10.so
[1.247s] -- Found PythonExtra: .so  
[1.275s] -- Found ament_lint_auto: 0.12.14 (/opt/ros/humble/share/ament_lint_auto/cmake)
[1.286s] -- Added test 'lint_cmake' to check CMake code style
[1.286s] -- Added test 'xmllint' to check XML markup files
[1.288s] -- Configuring done
[1.306s] -- Generating done
[1.313s] -- Build files have been written to: /home/emmm/Desktop/rm/ROS2/learn/chapter4/action_ws/build/robot_control_interfaces
[1.318s] Invoked command in '/home/emmm/Desktop/rm/ROS2/learn/chapter4/action_ws/build/robot_control_interfaces' returned '0': CMAKE_PREFIX_PATH=/opt/ros/humble /usr/bin/cmake /home/emmm/Desktop/rm/ROS2/learn/chapter4/action_ws/src/robot_control_interfaces -DCMAKE_INSTALL_PREFIX=/home/emmm/Desktop/rm/ROS2/learn/chapter4/action_ws/install/robot_control_interfaces
[1.321s] Invoking command in '/home/emmm/Desktop/rm/ROS2/learn/chapter4/action_ws/build/robot_control_interfaces': CMAKE_PREFIX_PATH=/opt/ros/humble /usr/bin/cmake --build /home/emmm/Desktop/rm/ROS2/learn/chapter4/action_ws/build/robot_control_interfaces -- -j12 -l12
[1.368s] [  3%] [34m[1mGenerating C code for ROS interfaces[0m
[1.377s] [  6%] [34m[1mGenerating C++ code for ROS interfaces[0m
[1.386s] [  6%] Built target ament_cmake_python_copy_robot_control_interfaces
[1.539s] running egg_info
[1.539s] creating robot_control_interfaces.egg-info
[1.539s] writing robot_control_interfaces.egg-info/PKG-INFO
[1.540s] writing dependency_links to robot_control_interfaces.egg-info/dependency_links.txt
[1.540s] writing top-level names to robot_control_interfaces.egg-info/top_level.txt
[1.540s] writing manifest file 'robot_control_interfaces.egg-info/SOURCES.txt'
[1.541s] reading manifest file 'robot_control_interfaces.egg-info/SOURCES.txt'
[1.541s] writing manifest file 'robot_control_interfaces.egg-info/SOURCES.txt'
[1.562s] [  6%] Built target ament_cmake_python_build_robot_control_interfaces_egg
[1.660s] [  6%] Built target robot_control_interfaces__cpp
[1.672s] [ 12%] [34m[1mGenerating C++ type support for eProsima Fast-RTPS[0m
[1.672s] [ 16%] [34m[1mGenerating C++ type support dispatch for ROS interfaces[0m
[1.672s] [ 12%] [34m[1mGenerating C++ introspection for ROS interfaces[0m
[1.755s] [ 19%] [32mBuilding C object CMakeFiles/robot_control_interfaces__rosidl_generator_c.dir/rosidl_generator_c/robot_control_interfaces/action/detail/move_robot__functions.c.o[0m
[1.882s] [ 22%] [32mBuilding CXX object CMakeFiles/robot_control_interfaces__rosidl_typesupport_cpp.dir/rosidl_typesupport_cpp/robot_control_interfaces/action/move_robot__type_support.cpp.o[0m
[1.900s] [ 25%] [32m[1mLinking C shared library librobot_control_interfaces__rosidl_generator_c.so[0m
[1.932s] [ 25%] Built target robot_control_interfaces__rosidl_generator_c
[1.940s] [ 29%] [34m[1mGenerating C type support dispatch for ROS interfaces[0m
[1.942s] [ 32%] [34m[1mGenerating C introspection for ROS interfaces[0m
[1.943s] [ 35%] [34m[1mGenerating C type support for eProsima Fast-RTPS[0m
[2.104s] [ 38%] [32mBuilding CXX object CMakeFiles/robot_control_interfaces__rosidl_typesupport_fastrtps_cpp.dir/rosidl_typesupport_fastrtps_cpp/robot_control_interfaces/action/detail/dds_fastrtps/move_robot__type_support.cpp.o[0m
[2.112s] [ 41%] [32mBuilding CXX object CMakeFiles/robot_control_interfaces__rosidl_typesupport_introspection_cpp.dir/rosidl_typesupport_introspection_cpp/robot_control_interfaces/action/detail/move_robot__type_support.cpp.o[0m
[2.209s] [ 45%] [32mBuilding CXX object CMakeFiles/robot_control_interfaces__rosidl_typesupport_fastrtps_c.dir/rosidl_typesupport_fastrtps_c/robot_control_interfaces/action/detail/move_robot__type_support_c.cpp.o[0m
[2.209s] [ 48%] [32mBuilding CXX object CMakeFiles/robot_control_interfaces__rosidl_typesupport_c.dir/rosidl_typesupport_c/robot_control_interfaces/action/move_robot__type_support.cpp.o[0m
[2.257s] [ 51%] [32m[1mLinking CXX shared library librobot_control_interfaces__rosidl_typesupport_cpp.so[0m
[2.262s] [ 54%] [32m[1mLinking CXX shared library librobot_control_interfaces__rosidl_typesupport_c.so[0m
[2.292s] [ 54%] Built target robot_control_interfaces__rosidl_typesupport_c
[2.303s] [ 54%] Built target robot_control_interfaces__rosidl_typesupport_cpp
[2.413s] [ 58%] [32mBuilding C object CMakeFiles/robot_control_interfaces__rosidl_typesupport_introspection_c.dir/rosidl_typesupport_introspection_c/robot_control_interfaces/action/detail/move_robot__type_support.c.o[0m
[2.462s] [ 61%] [32m[1mLinking C shared library librobot_control_interfaces__rosidl_typesupport_introspection_c.so[0m
[2.488s] [ 61%] Built target robot_control_interfaces__rosidl_typesupport_introspection_c
[2.520s] [ 64%] [32m[1mLinking CXX shared library librobot_control_interfaces__rosidl_typesupport_fastrtps_c.so[0m
[2.549s] [ 67%] [32m[1mLinking CXX shared library librobot_control_interfaces__rosidl_typesupport_fastrtps_cpp.so[0m
[2.576s] [ 67%] Built target robot_control_interfaces__rosidl_typesupport_fastrtps_c
[2.618s] [ 67%] Built target robot_control_interfaces__rosidl_typesupport_fastrtps_cpp
[2.692s] [ 70%] [32m[1mLinking CXX shared library librobot_control_interfaces__rosidl_typesupport_introspection_cpp.so[0m
[2.754s] [ 70%] Built target robot_control_interfaces__rosidl_typesupport_introspection_cpp
[2.779s] [ 70%] Built target robot_control_interfaces
[2.806s] [ 74%] [34m[1mGenerating Python code for ROS interfaces[0m
[3.268s] [ 74%] Built target robot_control_interfaces__py
[3.296s] [ 77%] [32mBuilding C object CMakeFiles/robot_control_interfaces__rosidl_generator_py.dir/rosidl_generator_py/robot_control_interfaces/action/_move_robot_s.c.o[0m
[3.397s] [ 80%] [32m[1mLinking C shared library rosidl_generator_py/robot_control_interfaces/librobot_control_interfaces__rosidl_generator_py.so[0m
[3.433s] [ 80%] Built target robot_control_interfaces__rosidl_generator_py
[3.461s] [ 83%] [32mBuilding C object CMakeFiles/robot_control_interfaces__rosidl_typesupport_fastrtps_c__pyext.dir/rosidl_generator_py/robot_control_interfaces/_robot_control_interfaces_s.ep.rosidl_typesupport_fastrtps_c.c.o[0m
[3.462s] [ 87%] [32mBuilding C object CMakeFiles/robot_control_interfaces__rosidl_typesupport_introspection_c__pyext.dir/rosidl_generator_py/robot_control_interfaces/_robot_control_interfaces_s.ep.rosidl_typesupport_introspection_c.c.o[0m
[3.462s] [ 90%] [32mBuilding C object CMakeFiles/robot_control_interfaces__rosidl_typesupport_c__pyext.dir/rosidl_generator_py/robot_control_interfaces/_robot_control_interfaces_s.ep.rosidl_typesupport_c.c.o[0m
[3.546s] [ 93%] [32m[1mLinking C shared library rosidl_generator_py/robot_control_interfaces/robot_control_interfaces_s__rosidl_typesupport_fastrtps_c.cpython-310-x86_64-linux-gnu.so[0m
[3.546s] [ 96%] [32m[1mLinking C shared library rosidl_generator_py/robot_control_interfaces/robot_control_interfaces_s__rosidl_typesupport_introspection_c.cpython-310-x86_64-linux-gnu.so[0m
[3.582s] [ 96%] Built target robot_control_interfaces__rosidl_typesupport_fastrtps_c__pyext
[3.586s] [ 96%] Built target robot_control_interfaces__rosidl_typesupport_introspection_c__pyext
[3.599s] [100%] [32m[1mLinking C shared library rosidl_generator_py/robot_control_interfaces/robot_control_interfaces_s__rosidl_typesupport_c.cpython-310-x86_64-linux-gnu.so[0m
[3.650s] [100%] Built target robot_control_interfaces__rosidl_typesupport_c__pyext
[3.665s] Invoked command in '/home/emmm/Desktop/rm/ROS2/learn/chapter4/action_ws/build/robot_control_interfaces' returned '0': CMAKE_PREFIX_PATH=/opt/ros/humble /usr/bin/cmake --build /home/emmm/Desktop/rm/ROS2/learn/chapter4/action_ws/build/robot_control_interfaces -- -j12 -l12
[3.682s] Invoking command in '/home/emmm/Desktop/rm/ROS2/learn/chapter4/action_ws/build/robot_control_interfaces': CMAKE_PREFIX_PATH=/opt/ros/humble /usr/bin/cmake --install /home/emmm/Desktop/rm/ROS2/learn/chapter4/action_ws/build/robot_control_interfaces
[3.694s] -- Install configuration: ""
[3.694s] -- Installing: /home/emmm/Desktop/rm/ROS2/learn/chapter4/action_ws/install/robot_control_interfaces/share/ament_index/resource_index/rosidl_interfaces/robot_control_interfaces
[3.694s] -- Installing: /home/emmm/Desktop/rm/ROS2/learn/chapter4/action_ws/install/robot_control_interfaces/include/robot_control_interfaces/robot_control_interfaces
[3.694s] -- Installing: /home/emmm/Desktop/rm/ROS2/learn/chapter4/action_ws/install/robot_control_interfaces/include/robot_control_interfaces/robot_control_interfaces/msg
[3.695s] -- Installing: /home/emmm/Desktop/rm/ROS2/learn/chapter4/action_ws/install/robot_control_interfaces/include/robot_control_interfaces/robot_control_interfaces/msg/rosidl_generator_c__visibility_control.h
[3.695s] -- Installing: /home/emmm/Desktop/rm/ROS2/learn/chapter4/action_ws/install/robot_control_interfaces/include/robot_control_interfaces/robot_control_interfaces/action
[3.695s] -- Installing: /home/emmm/Desktop/rm/ROS2/learn/chapter4/action_ws/install/robot_control_interfaces/include/robot_control_interfaces/robot_control_interfaces/action/move_robot.h
[3.695s] -- Installing: /home/emmm/Desktop/rm/ROS2/learn/chapter4/action_ws/install/robot_control_interfaces/include/robot_control_interfaces/robot_control_interfaces/action/detail
[3.695s] -- Installing: /home/emmm/Desktop/rm/ROS2/learn/chapter4/action_ws/install/robot_control_interfaces/include/robot_control_interfaces/robot_control_interfaces/action/detail/move_robot__functions.c
[3.695s] -- Installing: /home/emmm/Desktop/rm/ROS2/learn/chapter4/action_ws/install/robot_control_interfaces/include/robot_control_interfaces/robot_control_interfaces/action/detail/move_robot__functions.h
[3.695s] -- Installing: /home/emmm/Desktop/rm/ROS2/learn/chapter4/action_ws/install/robot_control_interfaces/include/robot_control_interfaces/robot_control_interfaces/action/detail/move_robot__type_support.h
[3.695s] -- Installing: /home/emmm/Desktop/rm/ROS2/learn/chapter4/action_ws/install/robot_control_interfaces/include/robot_control_interfaces/robot_control_interfaces/action/detail/move_robot__struct.h
[3.696s] -- Installing: /home/emmm/Desktop/rm/ROS2/learn/chapter4/action_ws/install/robot_control_interfaces/share/robot_control_interfaces/environment/library_path.sh
[3.696s] -- Installing: /home/emmm/Desktop/rm/ROS2/learn/chapter4/action_ws/install/robot_control_interfaces/share/robot_control_interfaces/environment/library_path.dsv
[3.696s] -- Installing: /home/emmm/Desktop/rm/ROS2/learn/chapter4/action_ws/install/robot_control_interfaces/lib/librobot_control_interfaces__rosidl_generator_c.so
[3.696s] -- Set runtime path of "/home/emmm/Desktop/rm/ROS2/learn/chapter4/action_ws/install/robot_control_interfaces/lib/librobot_control_interfaces__rosidl_generator_c.so" to ""
[3.696s] -- Up-to-date: /home/emmm/Desktop/rm/ROS2/learn/chapter4/action_ws/install/robot_control_interfaces/include/robot_control_interfaces/robot_control_interfaces
[3.696s] -- Up-to-date: /home/emmm/Desktop/rm/ROS2/learn/chapter4/action_ws/install/robot_control_interfaces/include/robot_control_interfaces/robot_control_interfaces/msg
[3.696s] -- Installing: /home/emmm/Desktop/rm/ROS2/learn/chapter4/action_ws/install/robot_control_interfaces/include/robot_control_interfaces/robot_control_interfaces/msg/rosidl_typesupport_fastrtps_c__visibility_control.h
[3.696s] -- Up-to-date: /home/emmm/Desktop/rm/ROS2/learn/chapter4/action_ws/install/robot_control_interfaces/include/robot_control_interfaces/robot_control_interfaces/action
[3.697s] -- Up-to-date: /home/emmm/Desktop/rm/ROS2/learn/chapter4/action_ws/install/robot_control_interfaces/include/robot_control_interfaces/robot_control_interfaces/action/detail
[3.697s] -- Installing: /home/emmm/Desktop/rm/ROS2/learn/chapter4/action_ws/install/robot_control_interfaces/include/robot_control_interfaces/robot_control_interfaces/action/detail/move_robot__rosidl_typesupport_fastrtps_c.h
[3.697s] -- Installing: /home/emmm/Desktop/rm/ROS2/learn/chapter4/action_ws/install/robot_control_interfaces/lib/librobot_control_interfaces__rosidl_typesupport_fastrtps_c.so
[3.697s] -- Set runtime path of "/home/emmm/Desktop/rm/ROS2/learn/chapter4/action_ws/install/robot_control_interfaces/lib/librobot_control_interfaces__rosidl_typesupport_fastrtps_c.so" to ""
[3.697s] -- Up-to-date: /home/emmm/Desktop/rm/ROS2/learn/chapter4/action_ws/install/robot_control_interfaces/include/robot_control_interfaces/robot_control_interfaces
[3.697s] -- Up-to-date: /home/emmm/Desktop/rm/ROS2/learn/chapter4/action_ws/install/robot_control_interfaces/include/robot_control_interfaces/robot_control_interfaces/msg
[3.697s] -- Installing: /home/emmm/Desktop/rm/ROS2/learn/chapter4/action_ws/install/robot_control_interfaces/include/robot_control_interfaces/robot_control_interfaces/msg/rosidl_typesupport_introspection_c__visibility_control.h
[3.697s] -- Up-to-date: /home/emmm/Desktop/rm/ROS2/learn/chapter4/action_ws/install/robot_control_interfaces/include/robot_control_interfaces/robot_control_interfaces/action
[3.698s] -- Up-to-date: /home/emmm/Desktop/rm/ROS2/learn/chapter4/action_ws/install/robot_control_interfaces/include/robot_control_interfaces/robot_control_interfaces/action/detail
[3.698s] -- Installing: /home/emmm/Desktop/rm/ROS2/learn/chapter4/action_ws/install/robot_control_interfaces/include/robot_control_interfaces/robot_control_interfaces/action/detail/move_robot__rosidl_typesupport_introspection_c.h
[3.698s] -- Installing: /home/emmm/Desktop/rm/ROS2/learn/chapter4/action_ws/install/robot_control_interfaces/include/robot_control_interfaces/robot_control_interfaces/action/detail/move_robot__type_support.c
[3.698s] -- Installing: /home/emmm/Desktop/rm/ROS2/learn/chapter4/action_ws/install/robot_control_interfaces/lib/librobot_control_interfaces__rosidl_typesupport_introspection_c.so
[3.698s] -- Set runtime path of "/home/emmm/Desktop/rm/ROS2/learn/chapter4/action_ws/install/robot_control_interfaces/lib/librobot_control_interfaces__rosidl_typesupport_introspection_c.so" to ""
[3.698s] -- Installing: /home/emmm/Desktop/rm/ROS2/learn/chapter4/action_ws/install/robot_control_interfaces/lib/librobot_control_interfaces__rosidl_typesupport_c.so
[3.698s] -- Set runtime path of "/home/emmm/Desktop/rm/ROS2/learn/chapter4/action_ws/install/robot_control_interfaces/lib/librobot_control_interfaces__rosidl_typesupport_c.so" to ""
[3.698s] -- Up-to-date: /home/emmm/Desktop/rm/ROS2/learn/chapter4/action_ws/install/robot_control_interfaces/include/robot_control_interfaces/robot_control_interfaces
[3.699s] -- Up-to-date: /home/emmm/Desktop/rm/ROS2/learn/chapter4/action_ws/install/robot_control_interfaces/include/robot_control_interfaces/robot_control_interfaces/msg
[3.699s] -- Installing: /home/emmm/Desktop/rm/ROS2/learn/chapter4/action_ws/install/robot_control_interfaces/include/robot_control_interfaces/robot_control_interfaces/msg/rosidl_generator_cpp__visibility_control.hpp
[3.699s] -- Up-to-date: /home/emmm/Desktop/rm/ROS2/learn/chapter4/action_ws/install/robot_control_interfaces/include/robot_control_interfaces/robot_control_interfaces/action
[3.699s] -- Installing: /home/emmm/Desktop/rm/ROS2/learn/chapter4/action_ws/install/robot_control_interfaces/include/robot_control_interfaces/robot_control_interfaces/action/move_robot.hpp
[3.699s] -- Up-to-date: /home/emmm/Desktop/rm/ROS2/learn/chapter4/action_ws/install/robot_control_interfaces/include/robot_control_interfaces/robot_control_interfaces/action/detail
[3.699s] -- Installing: /home/emmm/Desktop/rm/ROS2/learn/chapter4/action_ws/install/robot_control_interfaces/include/robot_control_interfaces/robot_control_interfaces/action/detail/move_robot__type_support.hpp
[3.699s] -- Installing: /home/emmm/Desktop/rm/ROS2/learn/chapter4/action_ws/install/robot_control_interfaces/include/robot_control_interfaces/robot_control_interfaces/action/detail/move_robot__traits.hpp
[3.699s] -- Installing: /home/emmm/Desktop/rm/ROS2/learn/chapter4/action_ws/install/robot_control_interfaces/include/robot_control_interfaces/robot_control_interfaces/action/detail/move_robot__builder.hpp
[3.700s] -- Installing: /home/emmm/Desktop/rm/ROS2/learn/chapter4/action_ws/install/robot_control_interfaces/include/robot_control_interfaces/robot_control_interfaces/action/detail/move_robot__struct.hpp
[3.700s] -- Up-to-date: /home/emmm/Desktop/rm/ROS2/learn/chapter4/action_ws/install/robot_control_interfaces/include/robot_control_interfaces/robot_control_interfaces
[3.700s] -- Up-to-date: /home/emmm/Desktop/rm/ROS2/learn/chapter4/action_ws/install/robot_control_interfaces/include/robot_control_interfaces/robot_control_interfaces/msg
[3.700s] -- Installing: /home/emmm/Desktop/rm/ROS2/learn/chapter4/action_ws/install/robot_control_interfaces/include/robot_control_interfaces/robot_control_interfaces/msg/rosidl_typesupport_fastrtps_cpp__visibility_control.h
[3.700s] -- Up-to-date: /home/emmm/Desktop/rm/ROS2/learn/chapter4/action_ws/install/robot_control_interfaces/include/robot_control_interfaces/robot_control_interfaces/action
[3.700s] -- Up-to-date: /home/emmm/Desktop/rm/ROS2/learn/chapter4/action_ws/install/robot_control_interfaces/include/robot_control_interfaces/robot_control_interfaces/action/detail
[3.700s] -- Installing: /home/emmm/Desktop/rm/ROS2/learn/chapter4/action_ws/install/robot_control_interfaces/include/robot_control_interfaces/robot_control_interfaces/action/detail/move_robot__rosidl_typesupport_fastrtps_cpp.hpp
[3.700s] -- Installing: /home/emmm/Desktop/rm/ROS2/learn/chapter4/action_ws/install/robot_control_interfaces/include/robot_control_interfaces/robot_control_interfaces/action/detail/dds_fastrtps
[3.701s] -- Installing: /home/emmm/Desktop/rm/ROS2/learn/chapter4/action_ws/install/robot_control_interfaces/lib/librobot_control_interfaces__rosidl_typesupport_fastrtps_cpp.so
[3.701s] -- Set runtime path of "/home/emmm/Desktop/rm/ROS2/learn/chapter4/action_ws/install/robot_control_interfaces/lib/librobot_control_interfaces__rosidl_typesupport_fastrtps_cpp.so" to ""
[3.701s] -- Up-to-date: /home/emmm/Desktop/rm/ROS2/learn/chapter4/action_ws/install/robot_control_interfaces/include/robot_control_interfaces/robot_control_interfaces
[3.701s] -- Up-to-date: /home/emmm/Desktop/rm/ROS2/learn/chapter4/action_ws/install/robot_control_interfaces/include/robot_control_interfaces/robot_control_interfaces/action
[3.701s] -- Up-to-date: /home/emmm/Desktop/rm/ROS2/learn/chapter4/action_ws/install/robot_control_interfaces/include/robot_control_interfaces/robot_control_interfaces/action/detail
[3.702s] -- Installing: /home/emmm/Desktop/rm/ROS2/learn/chapter4/action_ws/install/robot_control_interfaces/include/robot_control_interfaces/robot_control_interfaces/action/detail/move_robot__rosidl_typesupport_introspection_cpp.hpp
[3.702s] -- Installing: /home/emmm/Desktop/rm/ROS2/learn/chapter4/action_ws/install/robot_control_interfaces/include/robot_control_interfaces/robot_control_interfaces/action/detail/move_robot__type_support.cpp
[3.702s] -- Installing: /home/emmm/Desktop/rm/ROS2/learn/chapter4/action_ws/install/robot_control_interfaces/lib/librobot_control_interfaces__rosidl_typesupport_introspection_cpp.so
[3.702s] -- Set runtime path of "/home/emmm/Desktop/rm/ROS2/learn/chapter4/action_ws/install/robot_control_interfaces/lib/librobot_control_interfaces__rosidl_typesupport_introspection_cpp.so" to ""
[3.702s] -- Installing: /home/emmm/Desktop/rm/ROS2/learn/chapter4/action_ws/install/robot_control_interfaces/lib/librobot_control_interfaces__rosidl_typesupport_cpp.so
[3.702s] -- Set runtime path of "/home/emmm/Desktop/rm/ROS2/learn/chapter4/action_ws/install/robot_control_interfaces/lib/librobot_control_interfaces__rosidl_typesupport_cpp.so" to ""
[3.702s] -- Installing: /home/emmm/Desktop/rm/ROS2/learn/chapter4/action_ws/install/robot_control_interfaces/share/robot_control_interfaces/environment/pythonpath.sh
[3.702s] -- Installing: /home/emmm/Desktop/rm/ROS2/learn/chapter4/action_ws/install/robot_control_interfaces/share/robot_control_interfaces/environment/pythonpath.dsv
[3.702s] -- Installing: /home/emmm/Desktop/rm/ROS2/learn/chapter4/action_ws/install/robot_control_interfaces/local/lib/python3.10/dist-packages/robot_control_interfaces-0.0.0-py3.10.egg-info
[3.702s] -- Installing: /home/emmm/Desktop/rm/ROS2/learn/chapter4/action_ws/install/robot_control_interfaces/local/lib/python3.10/dist-packages/robot_control_interfaces-0.0.0-py3.10.egg-info/PKG-INFO
[3.703s] -- Installing: /home/emmm/Desktop/rm/ROS2/learn/chapter4/action_ws/install/robot_control_interfaces/local/lib/python3.10/dist-packages/robot_control_interfaces-0.0.0-py3.10.egg-info/dependency_links.txt
[3.703s] -- Installing: /home/emmm/Desktop/rm/ROS2/learn/chapter4/action_ws/install/robot_control_interfaces/local/lib/python3.10/dist-packages/robot_control_interfaces-0.0.0-py3.10.egg-info/SOURCES.txt
[3.703s] -- Installing: /home/emmm/Desktop/rm/ROS2/learn/chapter4/action_ws/install/robot_control_interfaces/local/lib/python3.10/dist-packages/robot_control_interfaces-0.0.0-py3.10.egg-info/top_level.txt
[3.703s] -- Installing: /home/emmm/Desktop/rm/ROS2/learn/chapter4/action_ws/install/robot_control_interfaces/local/lib/python3.10/dist-packages/robot_control_interfaces
[3.703s] -- Installing: /home/emmm/Desktop/rm/ROS2/learn/chapter4/action_ws/install/robot_control_interfaces/local/lib/python3.10/dist-packages/robot_control_interfaces/_robot_control_interfaces_s.ep.rosidl_typesupport_c.c
[3.703s] -- Installing: /home/emmm/Desktop/rm/ROS2/learn/chapter4/action_ws/install/robot_control_interfaces/local/lib/python3.10/dist-packages/robot_control_interfaces/robot_control_interfaces_s__rosidl_typesupport_introspection_c.cpython-310-x86_64-linux-gnu.so
[3.703s] -- Installing: /home/emmm/Desktop/rm/ROS2/learn/chapter4/action_ws/install/robot_control_interfaces/local/lib/python3.10/dist-packages/robot_control_interfaces/_robot_control_interfaces_s.ep.rosidl_typesupport_fastrtps_c.c
[3.703s] -- Installing: /home/emmm/Desktop/rm/ROS2/learn/chapter4/action_ws/install/robot_control_interfaces/local/lib/python3.10/dist-packages/robot_control_interfaces/librobot_control_interfaces__rosidl_generator_py.so
[3.703s] -- Installing: /home/emmm/Desktop/rm/ROS2/learn/chapter4/action_ws/install/robot_control_interfaces/local/lib/python3.10/dist-packages/robot_control_interfaces/action
[3.703s] -- Installing: /home/emmm/Desktop/rm/ROS2/learn/chapter4/action_ws/install/robot_control_interfaces/local/lib/python3.10/dist-packages/robot_control_interfaces/action/_move_robot_s.c
[3.704s] -- Installing: /home/emmm/Desktop/rm/ROS2/learn/chapter4/action_ws/install/robot_control_interfaces/local/lib/python3.10/dist-packages/robot_control_interfaces/action/_move_robot.py
[3.704s] -- Installing: /home/emmm/Desktop/rm/ROS2/learn/chapter4/action_ws/install/robot_control_interfaces/local/lib/python3.10/dist-packages/robot_control_interfaces/action/__init__.py
[3.704s] -- Installing: /home/emmm/Desktop/rm/ROS2/learn/chapter4/action_ws/install/robot_control_interfaces/local/lib/python3.10/dist-packages/robot_control_interfaces/robot_control_interfaces_s__rosidl_typesupport_fastrtps_c.cpython-310-x86_64-linux-gnu.so
[3.704s] -- Installing: /home/emmm/Desktop/rm/ROS2/learn/chapter4/action_ws/install/robot_control_interfaces/local/lib/python3.10/dist-packages/robot_control_interfaces/_robot_control_interfaces_s.ep.rosidl_typesupport_introspection_c.c
[3.704s] -- Installing: /home/emmm/Desktop/rm/ROS2/learn/chapter4/action_ws/install/robot_control_interfaces/local/lib/python3.10/dist-packages/robot_control_interfaces/__init__.py
[3.704s] -- Installing: /home/emmm/Desktop/rm/ROS2/learn/chapter4/action_ws/install/robot_control_interfaces/local/lib/python3.10/dist-packages/robot_control_interfaces/robot_control_interfaces_s__rosidl_typesupport_c.cpython-310-x86_64-linux-gnu.so
[3.744s] Listing '/home/emmm/Desktop/rm/ROS2/learn/chapter4/action_ws/install/robot_control_interfaces/local/lib/python3.10/dist-packages/robot_control_interfaces'...
[3.744s] Compiling '/home/emmm/Desktop/rm/ROS2/learn/chapter4/action_ws/install/robot_control_interfaces/local/lib/python3.10/dist-packages/robot_control_interfaces/__init__.py'...
[3.744s] Listing '/home/emmm/Desktop/rm/ROS2/learn/chapter4/action_ws/install/robot_control_interfaces/local/lib/python3.10/dist-packages/robot_control_interfaces/action'...
[3.744s] Compiling '/home/emmm/Desktop/rm/ROS2/learn/chapter4/action_ws/install/robot_control_interfaces/local/lib/python3.10/dist-packages/robot_control_interfaces/action/__init__.py'...
[3.744s] Compiling '/home/emmm/Desktop/rm/ROS2/learn/chapter4/action_ws/install/robot_control_interfaces/local/lib/python3.10/dist-packages/robot_control_interfaces/action/_move_robot.py'...
[3.747s] -- Installing: /home/emmm/Desktop/rm/ROS2/learn/chapter4/action_ws/install/robot_control_interfaces/local/lib/python3.10/dist-packages/robot_control_interfaces/robot_control_interfaces_s__rosidl_typesupport_fastrtps_c.cpython-310-x86_64-linux-gnu.so
[3.747s] -- Set runtime path of "/home/emmm/Desktop/rm/ROS2/learn/chapter4/action_ws/install/robot_control_interfaces/local/lib/python3.10/dist-packages/robot_control_interfaces/robot_control_interfaces_s__rosidl_typesupport_fastrtps_c.cpython-310-x86_64-linux-gnu.so" to ""
[3.747s] -- Installing: /home/emmm/Desktop/rm/ROS2/learn/chapter4/action_ws/install/robot_control_interfaces/local/lib/python3.10/dist-packages/robot_control_interfaces/robot_control_interfaces_s__rosidl_typesupport_introspection_c.cpython-310-x86_64-linux-gnu.so
[3.747s] -- Set runtime path of "/home/emmm/Desktop/rm/ROS2/learn/chapter4/action_ws/install/robot_control_interfaces/local/lib/python3.10/dist-packages/robot_control_interfaces/robot_control_interfaces_s__rosidl_typesupport_introspection_c.cpython-310-x86_64-linux-gnu.so" to ""
[3.747s] -- Installing: /home/emmm/Desktop/rm/ROS2/learn/chapter4/action_ws/install/robot_control_interfaces/local/lib/python3.10/dist-packages/robot_control_interfaces/robot_control_interfaces_s__rosidl_typesupport_c.cpython-310-x86_64-linux-gnu.so
[3.747s] -- Set runtime path of "/home/emmm/Desktop/rm/ROS2/learn/chapter4/action_ws/install/robot_control_interfaces/local/lib/python3.10/dist-packages/robot_control_interfaces/robot_control_interfaces_s__rosidl_typesupport_c.cpython-310-x86_64-linux-gnu.so" to ""
[3.748s] -- Installing: /home/emmm/Desktop/rm/ROS2/learn/chapter4/action_ws/install/robot_control_interfaces/lib/librobot_control_interfaces__rosidl_generator_py.so
[3.748s] -- Set runtime path of "/home/emmm/Desktop/rm/ROS2/learn/chapter4/action_ws/install/robot_control_interfaces/lib/librobot_control_interfaces__rosidl_generator_py.so" to ""
[3.748s] -- Installing: /home/emmm/Desktop/rm/ROS2/learn/chapter4/action_ws/install/robot_control_interfaces/share/robot_control_interfaces/action/MoveRobot.idl
[3.748s] -- Installing: /home/emmm/Desktop/rm/ROS2/learn/chapter4/action_ws/install/robot_control_interfaces/share/robot_control_interfaces/action/MoveRobot.action
[3.748s] -- Installing: /home/emmm/Desktop/rm/ROS2/learn/chapter4/action_ws/install/robot_control_interfaces/share/ament_index/resource_index/package_run_dependencies/robot_control_interfaces
[3.748s] -- Installing: /home/emmm/Desktop/rm/ROS2/learn/chapter4/action_ws/install/robot_control_interfaces/share/ament_index/resource_index/parent_prefix_path/robot_control_interfaces
[3.748s] -- Installing: /home/emmm/Desktop/rm/ROS2/learn/chapter4/action_ws/install/robot_control_interfaces/share/robot_control_interfaces/environment/ament_prefix_path.sh
[3.748s] -- Installing: /home/emmm/Desktop/rm/ROS2/learn/chapter4/action_ws/install/robot_control_interfaces/share/robot_control_interfaces/environment/ament_prefix_path.dsv
[3.748s] -- Installing: /home/emmm/Desktop/rm/ROS2/learn/chapter4/action_ws/install/robot_control_interfaces/share/robot_control_interfaces/environment/path.sh
[3.748s] -- Installing: /home/emmm/Desktop/rm/ROS2/learn/chapter4/action_ws/install/robot_control_interfaces/share/robot_control_interfaces/environment/path.dsv
[3.749s] -- Installing: /home/emmm/Desktop/rm/ROS2/learn/chapter4/action_ws/install/robot_control_interfaces/share/robot_control_interfaces/local_setup.bash
[3.749s] -- Installing: /home/emmm/Desktop/rm/ROS2/learn/chapter4/action_ws/install/robot_control_interfaces/share/robot_control_interfaces/local_setup.sh
[3.749s] -- Installing: /home/emmm/Desktop/rm/ROS2/learn/chapter4/action_ws/install/robot_control_interfaces/share/robot_control_interfaces/local_setup.zsh
[3.749s] -- Installing: /home/emmm/Desktop/rm/ROS2/learn/chapter4/action_ws/install/robot_control_interfaces/share/robot_control_interfaces/local_setup.dsv
[3.749s] -- Installing: /home/emmm/Desktop/rm/ROS2/learn/chapter4/action_ws/install/robot_control_interfaces/share/robot_control_interfaces/package.dsv
[3.749s] -- Installing: /home/emmm/Desktop/rm/ROS2/learn/chapter4/action_ws/install/robot_control_interfaces/share/ament_index/resource_index/packages/robot_control_interfaces
[3.749s] -- Installing: /home/emmm/Desktop/rm/ROS2/learn/chapter4/action_ws/install/robot_control_interfaces/share/robot_control_interfaces/cmake/export_robot_control_interfaces__rosidl_generator_cExport.cmake
[3.749s] -- Installing: /home/emmm/Desktop/rm/ROS2/learn/chapter4/action_ws/install/robot_control_interfaces/share/robot_control_interfaces/cmake/export_robot_control_interfaces__rosidl_generator_cExport-noconfig.cmake
[3.749s] -- Installing: /home/emmm/Desktop/rm/ROS2/learn/chapter4/action_ws/install/robot_control_interfaces/share/robot_control_interfaces/cmake/export_robot_control_interfaces__rosidl_typesupport_fastrtps_cExport.cmake
[3.750s] -- Installing: /home/emmm/Desktop/rm/ROS2/learn/chapter4/action_ws/install/robot_control_interfaces/share/robot_control_interfaces/cmake/export_robot_control_interfaces__rosidl_typesupport_fastrtps_cExport-noconfig.cmake
[3.750s] -- Installing: /home/emmm/Desktop/rm/ROS2/learn/chapter4/action_ws/install/robot_control_interfaces/share/robot_control_interfaces/cmake/robot_control_interfaces__rosidl_typesupport_introspection_cExport.cmake
[3.750s] -- Installing: /home/emmm/Desktop/rm/ROS2/learn/chapter4/action_ws/install/robot_control_interfaces/share/robot_control_interfaces/cmake/robot_control_interfaces__rosidl_typesupport_introspection_cExport-noconfig.cmake
[3.750s] -- Installing: /home/emmm/Desktop/rm/ROS2/learn/chapter4/action_ws/install/robot_control_interfaces/share/robot_control_interfaces/cmake/robot_control_interfaces__rosidl_typesupport_cExport.cmake
[3.750s] -- Installing: /home/emmm/Desktop/rm/ROS2/learn/chapter4/action_ws/install/robot_control_interfaces/share/robot_control_interfaces/cmake/robot_control_interfaces__rosidl_typesupport_cExport-noconfig.cmake
[3.750s] -- Installing: /home/emmm/Desktop/rm/ROS2/learn/chapter4/action_ws/install/robot_control_interfaces/share/robot_control_interfaces/cmake/export_robot_control_interfaces__rosidl_generator_cppExport.cmake
[3.750s] -- Installing: /home/emmm/Desktop/rm/ROS2/learn/chapter4/action_ws/install/robot_control_interfaces/share/robot_control_interfaces/cmake/export_robot_control_interfaces__rosidl_typesupport_fastrtps_cppExport.cmake
[3.750s] -- Installing: /home/emmm/Desktop/rm/ROS2/learn/chapter4/action_ws/install/robot_control_interfaces/share/robot_control_interfaces/cmake/export_robot_control_interfaces__rosidl_typesupport_fastrtps_cppExport-noconfig.cmake
[3.750s] -- Installing: /home/emmm/Desktop/rm/ROS2/learn/chapter4/action_ws/install/robot_control_interfaces/share/robot_control_interfaces/cmake/robot_control_interfaces__rosidl_typesupport_introspection_cppExport.cmake
[3.750s] -- Installing: /home/emmm/Desktop/rm/ROS2/learn/chapter4/action_ws/install/robot_control_interfaces/share/robot_control_interfaces/cmake/robot_control_interfaces__rosidl_typesupport_introspection_cppExport-noconfig.cmake
[3.751s] -- Installing: /home/emmm/Desktop/rm/ROS2/learn/chapter4/action_ws/install/robot_control_interfaces/share/robot_control_interfaces/cmake/robot_control_interfaces__rosidl_typesupport_cppExport.cmake
[3.751s] -- Installing: /home/emmm/Desktop/rm/ROS2/learn/chapter4/action_ws/install/robot_control_interfaces/share/robot_control_interfaces/cmake/robot_control_interfaces__rosidl_typesupport_cppExport-noconfig.cmake
[3.751s] -- Installing: /home/emmm/Desktop/rm/ROS2/learn/chapter4/action_ws/install/robot_control_interfaces/share/robot_control_interfaces/cmake/export_robot_control_interfaces__rosidl_generator_pyExport.cmake
[3.751s] -- Installing: /home/emmm/Desktop/rm/ROS2/learn/chapter4/action_ws/install/robot_control_interfaces/share/robot_control_interfaces/cmake/export_robot_control_interfaces__rosidl_generator_pyExport-noconfig.cmake
[3.751s] -- Installing: /home/emmm/Desktop/rm/ROS2/learn/chapter4/action_ws/install/robot_control_interfaces/share/robot_control_interfaces/cmake/rosidl_cmake-extras.cmake
[3.751s] -- Installing: /home/emmm/Desktop/rm/ROS2/learn/chapter4/action_ws/install/robot_control_interfaces/share/robot_control_interfaces/cmake/ament_cmake_export_dependencies-extras.cmake
[3.751s] -- Installing: /home/emmm/Desktop/rm/ROS2/learn/chapter4/action_ws/install/robot_control_interfaces/share/robot_control_interfaces/cmake/ament_cmake_export_include_directories-extras.cmake
[3.751s] -- Installing: /home/emmm/Desktop/rm/ROS2/learn/chapter4/action_ws/install/robot_control_interfaces/share/robot_control_interfaces/cmake/ament_cmake_export_libraries-extras.cmake
[3.751s] -- Installing: /home/emmm/Desktop/rm/ROS2/learn/chapter4/action_ws/install/robot_control_interfaces/share/robot_control_interfaces/cmake/ament_cmake_export_targets-extras.cmake
[3.751s] -- Installing: /home/emmm/Desktop/rm/ROS2/learn/chapter4/action_ws/install/robot_control_interfaces/share/robot_control_interfaces/cmake/rosidl_cmake_export_typesupport_targets-extras.cmake
[3.752s] -- Installing: /home/emmm/Desktop/rm/ROS2/learn/chapter4/action_ws/install/robot_control_interfaces/share/robot_control_interfaces/cmake/rosidl_cmake_export_typesupport_libraries-extras.cmake
[3.752s] -- Installing: /home/emmm/Desktop/rm/ROS2/learn/chapter4/action_ws/install/robot_control_interfaces/share/robot_control_interfaces/cmake/robot_control_interfacesConfig.cmake
[3.752s] -- Installing: /home/emmm/Desktop/rm/ROS2/learn/chapter4/action_ws/install/robot_control_interfaces/share/robot_control_interfaces/cmake/robot_control_interfacesConfig-version.cmake
[3.752s] -- Installing: /home/emmm/Desktop/rm/ROS2/learn/chapter4/action_ws/install/robot_control_interfaces/share/robot_control_interfaces/package.xml
[3.753s] Invoked command in '/home/emmm/Desktop/rm/ROS2/learn/chapter4/action_ws/build/robot_control_interfaces' returned '0': CMAKE_PREFIX_PATH=/opt/ros/humble /usr/bin/cmake --install /home/emmm/Desktop/rm/ROS2/learn/chapter4/action_ws/build/robot_control_interfaces
