[0.014s] Invoking command in '/home/emmm/Desktop/rm/ROS2/learn/chapter3/topic_ws/build/custom_msg_nodes': AMENT_PREFIX_PATH=/home/emmm/Desktop/rm/ROS2/learn/chapter3/topic_ws/install/custom_interfaces:${AMENT_PREFIX_PATH} CMAKE_PREFIX_PATH=/home/emmm/Desktop/rm/ROS2/learn/chapter3/topic_ws/install/custom_interfaces:/home/emmm/Desktop/rm/ROS2/learn/chapter3/topic_ws/install/example_topic:/home/emmm/Desktop/rm/ROS2/learn/chapter3/topic_ws/test_ws/install/topic:/opt/ros/humble LD_LIBRARY_PATH=/home/emmm/Desktop/rm/ROS2/learn/chapter3/topic_ws/install/custom_interfaces/lib:${LD_LIBRARY_PATH} PYTHONPATH=/home/emmm/Desktop/rm/ROS2/learn/chapter3/topic_ws/install/custom_interfaces/local/lib/python3.10/dist-packages:${PYTHONPATH} /usr/bin/cmake /home/emmm/Desktop/rm/ROS2/learn/chapter3/topic_ws/src/custom_msg_nodes -DCMAKE_INSTALL_PREFIX=/home/emmm/Desktop/rm/ROS2/learn/chapter3/topic_ws/install/custom_msg_nodes
[0.088s] -- The C compiler identification is GNU 11.4.0
[0.139s] -- The CXX compiler identification is GNU 11.4.0
[0.148s] -- Detecting C compiler ABI info
[0.231s] -- Detecting C compiler ABI info - done
[0.242s] -- Check for working C compiler: /usr/bin/cc - skipped
[0.242s] -- Detecting C compile features
[0.242s] -- Detecting C compile features - done
[0.246s] -- Detecting CXX compiler ABI info
[0.320s] -- Detecting CXX compiler ABI info - done
[0.326s] -- Check for working CXX compiler: /usr/bin/c++ - skipped
[0.326s] -- Detecting CXX compile features
[0.326s] -- Detecting CXX compile features - done
[0.328s] -- Found ament_cmake: 1.3.12 (/opt/ros/humble/share/ament_cmake/cmake)
[0.505s] -- Found Python3: /usr/bin/python3 (found version "3.10.12") found components: Interpreter 
[0.582s] -- Found rclcpp: 16.0.17 (/opt/ros/humble/share/rclcpp/cmake)
[0.644s] -- Found rosidl_generator_c: 3.1.8 (/opt/ros/humble/share/rosidl_generator_c/cmake)
[0.650s] -- Found rosidl_adapter: 3.1.8 (/opt/ros/humble/share/rosidl_adapter/cmake)
[0.661s] -- Found rosidl_generator_cpp: 3.1.8 (/opt/ros/humble/share/rosidl_generator_cpp/cmake)
[0.675s] -- Using all available rosidl_typesupport_c: rosidl_typesupport_fastrtps_c;rosidl_typesupport_introspection_c
[0.695s] -- Using all available rosidl_typesupport_cpp: rosidl_typesupport_fastrtps_cpp;rosidl_typesupport_introspection_cpp
[0.750s] -- Found rmw_implementation_cmake: 6.1.2 (/opt/ros/humble/share/rmw_implementation_cmake/cmake)
[0.753s] -- Found rmw_fastrtps_cpp: 6.2.9 (/opt/ros/humble/share/rmw_fastrtps_cpp/cmake)
[0.856s] -- Found OpenSSL: /usr/lib/x86_64-linux-gnu/libcrypto.so (found version "3.0.2")  
[0.889s] -- Found FastRTPS: /opt/ros/humble/include  
[0.937s] -- Using RMW implementation 'rmw_fastrtps_cpp' as default
[0.947s] -- Looking for pthread.h
[1.033s] -- Looking for pthread.h - found
[1.033s] -- Performing Test CMAKE_HAVE_LIBC_PTHREAD
[1.101s] -- Performing Test CMAKE_HAVE_LIBC_PTHREAD - Success
[1.102s] -- Found Threads: TRUE  
[1.136s] -- Found custom_interfaces: 0.0.0 (/home/emmm/Desktop/rm/ROS2/learn/chapter3/topic_ws/install/custom_interfaces/share/custom_interfaces/cmake)
[1.149s] -- Found ament_lint_auto: 0.12.14 (/opt/ros/humble/share/ament_lint_auto/cmake)
[1.219s] -- Added test 'cppcheck' to perform static code analysis on C / C++ code
[1.219s] -- Configured cppcheck include dirs: 
[1.219s] -- Configured cppcheck exclude dirs and/or files: 
[1.219s] -- Added test 'lint_cmake' to check CMake code style
[1.219s] -- Added test 'uncrustify' to check C / C++ code style
[1.219s] -- Configured uncrustify additional arguments: 
[1.220s] -- Added test 'xmllint' to check XML markup files
[1.220s] -- Configuring done
[1.227s] -- Generating done
[1.230s] -- Build files have been written to: /home/emmm/Desktop/rm/ROS2/learn/chapter3/topic_ws/build/custom_msg_nodes
[1.237s] Invoked command in '/home/emmm/Desktop/rm/ROS2/learn/chapter3/topic_ws/build/custom_msg_nodes' returned '0': AMENT_PREFIX_PATH=/home/emmm/Desktop/rm/ROS2/learn/chapter3/topic_ws/install/custom_interfaces:${AMENT_PREFIX_PATH} CMAKE_PREFIX_PATH=/home/emmm/Desktop/rm/ROS2/learn/chapter3/topic_ws/install/custom_interfaces:/home/emmm/Desktop/rm/ROS2/learn/chapter3/topic_ws/install/example_topic:/home/emmm/Desktop/rm/ROS2/learn/chapter3/topic_ws/test_ws/install/topic:/opt/ros/humble LD_LIBRARY_PATH=/home/emmm/Desktop/rm/ROS2/learn/chapter3/topic_ws/install/custom_interfaces/lib:${LD_LIBRARY_PATH} PYTHONPATH=/home/emmm/Desktop/rm/ROS2/learn/chapter3/topic_ws/install/custom_interfaces/local/lib/python3.10/dist-packages:${PYTHONPATH} /usr/bin/cmake /home/emmm/Desktop/rm/ROS2/learn/chapter3/topic_ws/src/custom_msg_nodes -DCMAKE_INSTALL_PREFIX=/home/emmm/Desktop/rm/ROS2/learn/chapter3/topic_ws/install/custom_msg_nodes
[1.239s] Invoking command in '/home/emmm/Desktop/rm/ROS2/learn/chapter3/topic_ws/build/custom_msg_nodes': AMENT_PREFIX_PATH=/home/emmm/Desktop/rm/ROS2/learn/chapter3/topic_ws/install/custom_interfaces:${AMENT_PREFIX_PATH} CMAKE_PREFIX_PATH=/home/emmm/Desktop/rm/ROS2/learn/chapter3/topic_ws/install/custom_interfaces:/home/emmm/Desktop/rm/ROS2/learn/chapter3/topic_ws/install/example_topic:/home/emmm/Desktop/rm/ROS2/learn/chapter3/topic_ws/test_ws/install/topic:/opt/ros/humble LD_LIBRARY_PATH=/home/emmm/Desktop/rm/ROS2/learn/chapter3/topic_ws/install/custom_interfaces/lib:${LD_LIBRARY_PATH} PYTHONPATH=/home/emmm/Desktop/rm/ROS2/learn/chapter3/topic_ws/install/custom_interfaces/local/lib/python3.10/dist-packages:${PYTHONPATH} /usr/bin/cmake --build /home/emmm/Desktop/rm/ROS2/learn/chapter3/topic_ws/build/custom_msg_nodes -- -j12 -l12
[1.286s] [ 25%] [32mBuilding CXX object CMakeFiles/publisher.dir/src/publisher.cpp.o[0m
[1.286s] [ 50%] [32mBuilding CXX object CMakeFiles/subscriber.dir/src/subscriber.cpp.o[0m
[4.578s] [ 75%] [32m[1mLinking CXX executable publisher[0m
[4.715s] [ 75%] Built target publisher
[7.299s] [100%] [32m[1mLinking CXX executable subscriber[0m
[7.564s] [100%] Built target subscriber
[7.574s] Invoked command in '/home/emmm/Desktop/rm/ROS2/learn/chapter3/topic_ws/build/custom_msg_nodes' returned '0': AMENT_PREFIX_PATH=/home/emmm/Desktop/rm/ROS2/learn/chapter3/topic_ws/install/custom_interfaces:${AMENT_PREFIX_PATH} CMAKE_PREFIX_PATH=/home/emmm/Desktop/rm/ROS2/learn/chapter3/topic_ws/install/custom_interfaces:/home/emmm/Desktop/rm/ROS2/learn/chapter3/topic_ws/install/example_topic:/home/emmm/Desktop/rm/ROS2/learn/chapter3/topic_ws/test_ws/install/topic:/opt/ros/humble LD_LIBRARY_PATH=/home/emmm/Desktop/rm/ROS2/learn/chapter3/topic_ws/install/custom_interfaces/lib:${LD_LIBRARY_PATH} PYTHONPATH=/home/emmm/Desktop/rm/ROS2/learn/chapter3/topic_ws/install/custom_interfaces/local/lib/python3.10/dist-packages:${PYTHONPATH} /usr/bin/cmake --build /home/emmm/Desktop/rm/ROS2/learn/chapter3/topic_ws/build/custom_msg_nodes -- -j12 -l12
[7.575s] Invoking command in '/home/emmm/Desktop/rm/ROS2/learn/chapter3/topic_ws/build/custom_msg_nodes': AMENT_PREFIX_PATH=/home/emmm/Desktop/rm/ROS2/learn/chapter3/topic_ws/install/custom_interfaces:${AMENT_PREFIX_PATH} CMAKE_PREFIX_PATH=/home/emmm/Desktop/rm/ROS2/learn/chapter3/topic_ws/install/custom_interfaces:/home/emmm/Desktop/rm/ROS2/learn/chapter3/topic_ws/install/example_topic:/home/emmm/Desktop/rm/ROS2/learn/chapter3/topic_ws/test_ws/install/topic:/opt/ros/humble LD_LIBRARY_PATH=/home/emmm/Desktop/rm/ROS2/learn/chapter3/topic_ws/install/custom_interfaces/lib:${LD_LIBRARY_PATH} PYTHONPATH=/home/emmm/Desktop/rm/ROS2/learn/chapter3/topic_ws/install/custom_interfaces/local/lib/python3.10/dist-packages:${PYTHONPATH} /usr/bin/cmake --install /home/emmm/Desktop/rm/ROS2/learn/chapter3/topic_ws/build/custom_msg_nodes
[7.583s] -- Install configuration: ""
[7.583s] -- Installing: /home/emmm/Desktop/rm/ROS2/learn/chapter3/topic_ws/install/custom_msg_nodes/lib/custom_msg_nodes/publisher
[7.583s] -- Set runtime path of "/home/emmm/Desktop/rm/ROS2/learn/chapter3/topic_ws/install/custom_msg_nodes/lib/custom_msg_nodes/publisher" to ""
[7.583s] -- Installing: /home/emmm/Desktop/rm/ROS2/learn/chapter3/topic_ws/install/custom_msg_nodes/lib/custom_msg_nodes/subscriber
[7.586s] -- Set runtime path of "/home/emmm/Desktop/rm/ROS2/learn/chapter3/topic_ws/install/custom_msg_nodes/lib/custom_msg_nodes/subscriber" to ""
[7.586s] -- Installing: /home/emmm/Desktop/rm/ROS2/learn/chapter3/topic_ws/install/custom_msg_nodes/share/ament_index/resource_index/package_run_dependencies/custom_msg_nodes
[7.586s] -- Installing: /home/emmm/Desktop/rm/ROS2/learn/chapter3/topic_ws/install/custom_msg_nodes/share/ament_index/resource_index/parent_prefix_path/custom_msg_nodes
[7.586s] -- Installing: /home/emmm/Desktop/rm/ROS2/learn/chapter3/topic_ws/install/custom_msg_nodes/share/custom_msg_nodes/environment/ament_prefix_path.sh
[7.586s] -- Installing: /home/emmm/Desktop/rm/ROS2/learn/chapter3/topic_ws/install/custom_msg_nodes/share/custom_msg_nodes/environment/ament_prefix_path.dsv
[7.586s] -- Installing: /home/emmm/Desktop/rm/ROS2/learn/chapter3/topic_ws/install/custom_msg_nodes/share/custom_msg_nodes/environment/path.sh
[7.587s] -- Installing: /home/emmm/Desktop/rm/ROS2/learn/chapter3/topic_ws/install/custom_msg_nodes/share/custom_msg_nodes/environment/path.dsv
[7.587s] -- Installing: /home/emmm/Desktop/rm/ROS2/learn/chapter3/topic_ws/install/custom_msg_nodes/share/custom_msg_nodes/local_setup.bash
[7.587s] -- Installing: /home/emmm/Desktop/rm/ROS2/learn/chapter3/topic_ws/install/custom_msg_nodes/share/custom_msg_nodes/local_setup.sh
[7.587s] -- Installing: /home/emmm/Desktop/rm/ROS2/learn/chapter3/topic_ws/install/custom_msg_nodes/share/custom_msg_nodes/local_setup.zsh
[7.587s] -- Installing: /home/emmm/Desktop/rm/ROS2/learn/chapter3/topic_ws/install/custom_msg_nodes/share/custom_msg_nodes/local_setup.dsv
[7.587s] -- Installing: /home/emmm/Desktop/rm/ROS2/learn/chapter3/topic_ws/install/custom_msg_nodes/share/custom_msg_nodes/package.dsv
[7.587s] -- Installing: /home/emmm/Desktop/rm/ROS2/learn/chapter3/topic_ws/install/custom_msg_nodes/share/ament_index/resource_index/packages/custom_msg_nodes
[7.587s] -- Installing: /home/emmm/Desktop/rm/ROS2/learn/chapter3/topic_ws/install/custom_msg_nodes/share/custom_msg_nodes/cmake/custom_msg_nodesConfig.cmake
[7.587s] -- Installing: /home/emmm/Desktop/rm/ROS2/learn/chapter3/topic_ws/install/custom_msg_nodes/share/custom_msg_nodes/cmake/custom_msg_nodesConfig-version.cmake
[7.587s] -- Installing: /home/emmm/Desktop/rm/ROS2/learn/chapter3/topic_ws/install/custom_msg_nodes/share/custom_msg_nodes/package.xml
[7.589s] Invoked command in '/home/emmm/Desktop/rm/ROS2/learn/chapter3/topic_ws/build/custom_msg_nodes' returned '0': AMENT_PREFIX_PATH=/home/emmm/Desktop/rm/ROS2/learn/chapter3/topic_ws/install/custom_interfaces:${AMENT_PREFIX_PATH} CMAKE_PREFIX_PATH=/home/emmm/Desktop/rm/ROS2/learn/chapter3/topic_ws/install/custom_interfaces:/home/emmm/Desktop/rm/ROS2/learn/chapter3/topic_ws/install/example_topic:/home/emmm/Desktop/rm/ROS2/learn/chapter3/topic_ws/test_ws/install/topic:/opt/ros/humble LD_LIBRARY_PATH=/home/emmm/Desktop/rm/ROS2/learn/chapter3/topic_ws/install/custom_interfaces/lib:${LD_LIBRARY_PATH} PYTHONPATH=/home/emmm/Desktop/rm/ROS2/learn/chapter3/topic_ws/install/custom_interfaces/local/lib/python3.10/dist-packages:${PYTHONPATH} /usr/bin/cmake --install /home/emmm/Desktop/rm/ROS2/learn/chapter3/topic_ws/build/custom_msg_nodes
