[0.008s] Invoking command in '/home/emmm/Desktop/rm/ROS2/learn/chapter3/fastdds_ws/build/fastdds': CMAKE_PREFIX_PATH=/home/emmm/Desktop/rm/ROS2/learn/chapter3/fastdds_ws/install/foonathan_memory_vendor:/home/emmm/Desktop/rm/ROS2/learn/chapter3/fastdds_ws/install/fastcdr LD_LIBRARY_PATH=/home/emmm/Desktop/rm/ROS2/learn/chapter3/fastdds_ws/install/fastcdr/lib:${LD_LIBRARY_PATH} PKG_CONFIG_PATH=/home/emmm/Desktop/rm/ROS2/learn/chapter3/fastdds_ws/install/foonathan_memory_vendor/lib/x86_64-linux-gnu/pkgconfig:/home/emmm/Desktop/rm/ROS2/learn/chapter3/fastdds_ws/install/foonathan_memory_vendor/lib/pkgconfig /usr/bin/cmake /home/emmm/Desktop/rm/ROS2/learn/chapter3/fastdds_ws/src/fastrtps -DCMAKE_INSTALL_PREFIX=/home/emmm/Desktop/rm/ROS2/learn/chapter3/fastdds_ws/install/fastdds
[0.015s] -- Setting build type to 'Release' as none was specified.
[0.073s] -- The C compiler identification is GNU 11.4.0
[0.135s] -- The CXX compiler identification is GNU 11.4.0
[0.146s] -- Detecting C compiler ABI info
[0.246s] -- Detecting C compiler ABI info - done
[0.259s] -- Check for working C compiler: /usr/bin/cc - skipped
[0.259s] -- Detecting C compile features
[0.259s] -- Detecting C compile features - done
[0.263s] -- Detecting CXX compiler ABI info
[0.347s] -- Detecting CXX compiler ABI info - done
[0.352s] -- Check for working CXX compiler: /usr/bin/c++ - skipped
[0.352s] -- Detecting CXX compile features
[0.352s] -- Detecting CXX compile features - done
[0.353s] -- Version: 3.4.1.0
[0.354s] -- Performing Test SUPPORTS_NOTFOUND
[0.453s] -- Performing Test SUPPORTS_NOTFOUND - Success
[0.453s] -- Enforced cxx_std_11 CMake feature
[0.453s] -- Setting warnings as errors...
[0.455s] -- Found fastcdr
[0.464s] -- Found Asio 1.18.1: /usr/include
[0.464s] -- Found Asio
[0.478s] -- Found TinyXML2
[0.479s] -- Found foonathan_memory: /opt/ros/humble/lib/foonathan_memory/cmake
[0.481s] -- Looking for pthread.h
[0.568s] -- Looking for pthread.h - found
[0.569s] -- Looking for pthread_kill
[0.604s] -- Looking for pthread_kill - not found
[0.604s] -- Looking for pthread_create in pthreads
[0.686s] -- Looking for pthread_create in pthreads - not found
[0.686s] -- Looking for pthread_create in pthread
[0.792s] -- Looking for pthread_create in pthread - found
[0.794s] -- Found Threads: TRUE  
[1.641s] -- Thirdparty/boost compiled OK
[1.726s] -- Found OpenSSL: /usr/lib/x86_64-linux-gnu/libcrypto.so (found version "3.0.2")  
[1.727s] -- OpenSSL library 3.0.2 found...
[1.727s] -- Not using a GNU compiler on Windows.
[1.732s] -- Performing Test ATOMIC_WITHOUT_LIB
[1.858s] -- Performing Test ATOMIC_WITHOUT_LIB - Success
[2.125s] -- Forcing third party shared_mutex
[2.125s] -- Performing Test HAS_VERSION_SCRIPT_SUPPORT
[2.201s] -- Performing Test HAS_VERSION_SCRIPT_SUPPORT - Success
[2.201s] -- Using linker version script to select exported symbols
[2.208s] -- Enforced cxx_std_14 CMake feature
[2.829s] -- EPROSIMA_TEST_DNS_NOT_SET_UP: '2'
[2.831s] -- Configuring done
[2.872s] -- Generating done
[2.878s] -- Build files have been written to: /home/emmm/Desktop/rm/ROS2/learn/chapter3/fastdds_ws/build/fastdds
[2.885s] Invoked command in '/home/emmm/Desktop/rm/ROS2/learn/chapter3/fastdds_ws/build/fastdds' returned '0': CMAKE_PREFIX_PATH=/home/emmm/Desktop/rm/ROS2/learn/chapter3/fastdds_ws/install/foonathan_memory_vendor:/home/emmm/Desktop/rm/ROS2/learn/chapter3/fastdds_ws/install/fastcdr LD_LIBRARY_PATH=/home/emmm/Desktop/rm/ROS2/learn/chapter3/fastdds_ws/install/fastcdr/lib:${LD_LIBRARY_PATH} PKG_CONFIG_PATH=/home/emmm/Desktop/rm/ROS2/learn/chapter3/fastdds_ws/install/foonathan_memory_vendor/lib/x86_64-linux-gnu/pkgconfig:/home/emmm/Desktop/rm/ROS2/learn/chapter3/fastdds_ws/install/foonathan_memory_vendor/lib/pkgconfig /usr/bin/cmake /home/emmm/Desktop/rm/ROS2/learn/chapter3/fastdds_ws/src/fastrtps -DCMAKE_INSTALL_PREFIX=/home/emmm/Desktop/rm/ROS2/learn/chapter3/fastdds_ws/install/fastdds
[2.887s] Invoking command in '/home/emmm/Desktop/rm/ROS2/learn/chapter3/fastdds_ws/build/fastdds': CMAKE_PREFIX_PATH=/home/emmm/Desktop/rm/ROS2/learn/chapter3/fastdds_ws/install/foonathan_memory_vendor:/home/emmm/Desktop/rm/ROS2/learn/chapter3/fastdds_ws/install/fastcdr LD_LIBRARY_PATH=/home/emmm/Desktop/rm/ROS2/learn/chapter3/fastdds_ws/install/fastcdr/lib:${LD_LIBRARY_PATH} PKG_CONFIG_PATH=/home/emmm/Desktop/rm/ROS2/learn/chapter3/fastdds_ws/install/foonathan_memory_vendor/lib/x86_64-linux-gnu/pkgconfig:/home/emmm/Desktop/rm/ROS2/learn/chapter3/fastdds_ws/install/foonathan_memory_vendor/lib/pkgconfig /usr/bin/cmake --build /home/emmm/Desktop/rm/ROS2/learn/chapter3/fastdds_ws/build/fastdds -- -j12 -l12
[2.950s] [  0%] [32mBuilding CXX object src/cpp/CMakeFiles/fastdds.dir/fastdds/topic/DDSSQLFilter/DDSFilterExpressionParser.cpp.o[0m
[2.953s] [  2%] [32mBuilding CXX object src/cpp/CMakeFiles/fastdds.dir/fastdds/topic/DDSSQLFilter/DDSFilterFactory.cpp.o[0m
[2.953s] [  2%] [32mBuilding CXX object src/cpp/CMakeFiles/fastdds.dir/fastdds/topic/DDSSQLFilter/DDSFilterExpression.cpp.o[0m
[2.953s] [  2%] [32mBuilding CXX object src/cpp/CMakeFiles/fastdds.dir/fastdds/topic/DDSSQLFilter/DDSFilterParameter.cpp.o[0m
[2.953s] [  2%] [32mBuilding CXX object src/cpp/CMakeFiles/fastdds.dir/fastdds/topic/DDSSQLFilter/DDSFilterValue.cpp.o[0m
[2.954s] [  3%] [32mBuilding CXX object src/cpp/CMakeFiles/fastdds.dir/fastdds/topic/DDSSQLFilter/DDSFilterField.cpp.o[0m
[2.955s] [  3%] [32mBuilding CXX object src/cpp/CMakeFiles/fastdds.dir/fastdds/builtin/type_lookup_service/detail/rpc_typesPubSubTypes.cxx.o[0m
[2.955s] [  3%] [32mBuilding CXX object src/cpp/CMakeFiles/fastdds.dir/fastdds/topic/DDSSQLFilter/DDSFilterPredicate.cpp.o[0m
[2.955s] [  3%] [32mBuilding CXX object src/cpp/CMakeFiles/fastdds.dir/fastdds/builtin/type_lookup_service/TypeLookupManager.cpp.o[0m
[2.955s] [  4%] [32mBuilding CXX object src/cpp/CMakeFiles/fastdds.dir/fastdds/builtin/type_lookup_service/detail/TypeLookupTypesPubSubTypes.cxx.o[0m
[2.955s] [  4%] [32mBuilding CXX object src/cpp/CMakeFiles/fastdds.dir/fastdds/topic/DDSSQLFilter/DDSFilterCompoundCondition.cpp.o[0m
[2.957s] [  5%] [32mBuilding CXX object src/cpp/CMakeFiles/fastdds.dir/fastdds/builtin/type_lookup_service/TypeLookupRequestListener.cpp.o[0m
[3.321s] [  5%] [32mBuilding CXX object src/cpp/CMakeFiles/fastdds.dir/fastdds/builtin/type_lookup_service/TypeLookupReplyListener.cpp.o[0m
[3.876s] [  6%] [32mBuilding CXX object src/cpp/CMakeFiles/fastdds.dir/fastdds/core/condition/Condition.cpp.o[0m
[5.167s] [  6%] [32mBuilding CXX object src/cpp/CMakeFiles/fastdds.dir/fastdds/core/condition/ConditionNotifier.cpp.o[0m
[5.355s] [  6%] [32mBuilding CXX object src/cpp/CMakeFiles/fastdds.dir/fastdds/core/condition/GuardCondition.cpp.o[0m
[6.026s] [  7%] [32mBuilding CXX object src/cpp/CMakeFiles/fastdds.dir/fastdds/core/condition/StatusCondition.cpp.o[0m
[6.085s] [  7%] [32mBuilding CXX object src/cpp/CMakeFiles/fastdds.dir/fastdds/core/condition/StatusConditionImpl.cpp.o[0m
[6.427s] [  8%] [32mBuilding CXX object src/cpp/CMakeFiles/fastdds.dir/fastdds/core/condition/WaitSet.cpp.o[0m
[6.524s] [  8%] [32mBuilding CXX object src/cpp/CMakeFiles/fastdds.dir/fastdds/core/condition/WaitSetImpl.cpp.o[0m
[6.670s] [  8%] [32mBuilding CXX object src/cpp/CMakeFiles/fastdds.dir/fastdds/core/Entity.cpp.o[0m
[6.927s] [  9%] [32mBuilding CXX object src/cpp/CMakeFiles/fastdds.dir/fastdds/core/policy/ParameterList.cpp.o[0m
[6.998s] [  9%] [32mBuilding CXX object src/cpp/CMakeFiles/fastdds.dir/fastdds/core/policy/QosPolicyUtils.cpp.o[0m
[7.474s] [ 10%] [32mBuilding CXX object src/cpp/CMakeFiles/fastdds.dir/fastdds/core/Time_t.cpp.o[0m
[7.514s] [ 10%] [32mBuilding CXX object src/cpp/CMakeFiles/fastdds.dir/fastdds/domain/DomainParticipant.cpp.o[0m
[7.789s] [ 10%] [32mBuilding CXX object src/cpp/CMakeFiles/fastdds.dir/fastdds/domain/DomainParticipantFactory.cpp.o[0m
[7.958s] [ 11%] [32mBuilding CXX object src/cpp/CMakeFiles/fastdds.dir/fastdds/domain/DomainParticipantImpl.cpp.o[0m
[7.989s] [ 11%] [32mBuilding CXX object src/cpp/CMakeFiles/fastdds.dir/fastdds/domain/qos/DomainParticipantFactoryQos.cpp.o[0m
[9.509s] [ 12%] [32mBuilding CXX object src/cpp/CMakeFiles/fastdds.dir/fastdds/domain/qos/DomainParticipantQos.cpp.o[0m
[9.819s] [ 12%] [32mBuilding CXX object src/cpp/CMakeFiles/fastdds.dir/fastdds/log/FileConsumer.cpp.o[0m
[10.615s] [ 13%] [32mBuilding CXX object src/cpp/CMakeFiles/fastdds.dir/fastdds/log/Log.cpp.o[0m
[10.785s] [ 13%] [32mBuilding CXX object src/cpp/CMakeFiles/fastdds.dir/fastdds/log/OStreamConsumer.cpp.o[0m
[11.023s] [ 13%] [32mBuilding CXX object src/cpp/CMakeFiles/fastdds.dir/fastdds/log/StdoutConsumer.cpp.o[0m
[11.339s] [ 14%] [32mBuilding CXX object src/cpp/CMakeFiles/fastdds.dir/fastdds/log/StdoutErrConsumer.cpp.o[0m
[11.424s] [ 14%] [32mBuilding CXX object src/cpp/CMakeFiles/fastdds.dir/fastdds/publisher/DataWriter.cpp.o[0m
[11.871s] [ 15%] [32mBuilding CXX object src/cpp/CMakeFiles/fastdds.dir/fastdds/publisher/DataWriterHistory.cpp.o[0m
[11.980s] [ 15%] [32mBuilding CXX object src/cpp/CMakeFiles/fastdds.dir/fastdds/publisher/DataWriterImpl.cpp.o[0m
[12.295s] [ 15%] [32mBuilding CXX object src/cpp/CMakeFiles/fastdds.dir/fastdds/publisher/Publisher.cpp.o[0m
[12.826s] [ 16%] [32mBuilding CXX object src/cpp/CMakeFiles/fastdds.dir/fastdds/publisher/PublisherImpl.cpp.o[0m
[13.169s] [ 16%] [32mBuilding CXX object src/cpp/CMakeFiles/fastdds.dir/fastdds/publisher/qos/DataWriterQos.cpp.o[0m
[13.711s] [ 17%] [32mBuilding CXX object src/cpp/CMakeFiles/fastdds.dir/fastdds/publisher/qos/PublisherQos.cpp.o[0m
[14.000s] [ 17%] [32mBuilding CXX object src/cpp/CMakeFiles/fastdds.dir/fastdds/publisher/qos/WriterQos.cpp.o[0m
[14.209s] [ 18%] [32mBuilding CXX object src/cpp/CMakeFiles/fastdds.dir/fastdds/rpc/ServiceImpl.cpp.o[0m
[14.745s] [ 18%] [32mBuilding CXX object src/cpp/CMakeFiles/fastdds.dir/fastdds/rpc/ReplierImpl.cpp.o[0m
[15.506s] [ 18%] [32mBuilding CXX object src/cpp/CMakeFiles/fastdds.dir/fastdds/rpc/RequesterImpl.cpp.o[0m
[15.788s] [ 19%] [32mBuilding CXX object src/cpp/CMakeFiles/fastdds.dir/fastdds/rpc/RPCTypeObjectSupport.cpp.o[0m
[15.831s] [ 19%] [32mBuilding CXX object src/cpp/CMakeFiles/fastdds.dir/fastdds/rpc/ServiceTypeSupport.cpp.o[0m
[16.344s] [ 20%] [32mBuilding CXX object src/cpp/CMakeFiles/fastdds.dir/fastdds/subscriber/DataReader.cpp.o[0m
[16.648s] [ 20%] [32mBuilding CXX object src/cpp/CMakeFiles/fastdds.dir/fastdds/subscriber/DataReaderImpl.cpp.o[0m
[17.174s] [ 20%] [32mBuilding CXX object src/cpp/CMakeFiles/fastdds.dir/fastdds/subscriber/history/DataReaderHistory.cpp.o[0m
[18.496s] [ 21%] [32mBuilding CXX object src/cpp/CMakeFiles/fastdds.dir/fastdds/subscriber/qos/DataReaderQos.cpp.o[0m
[18.659s] [ 21%] [32mBuilding CXX object src/cpp/CMakeFiles/fastdds.dir/fastdds/subscriber/qos/ReaderQos.cpp.o[0m
[19.113s] [ 22%] [32mBuilding CXX object src/cpp/CMakeFiles/fastdds.dir/fastdds/subscriber/qos/SubscriberQos.cpp.o[0m
[20.333s] [ 22%] [32mBuilding CXX object src/cpp/CMakeFiles/fastdds.dir/fastdds/subscriber/ReadCondition.cpp.o[0m
[20.490s] [ 22%] [32mBuilding CXX object src/cpp/CMakeFiles/fastdds.dir/fastdds/subscriber/Subscriber.cpp.o[0m
[21.209s] [ 23%] [32mBuilding CXX object src/cpp/CMakeFiles/fastdds.dir/fastdds/subscriber/SubscriberImpl.cpp.o[0m
[21.606s] [ 23%] [32mBuilding CXX object src/cpp/CMakeFiles/fastdds.dir/fastdds/topic/ContentFilteredTopic.cpp.o[0m
[21.966s] [ 24%] [32mBuilding CXX object src/cpp/CMakeFiles/fastdds.dir/fastdds/topic/ContentFilteredTopicImpl.cpp.o[0m
[22.202s] [ 24%] [32mBuilding CXX object src/cpp/CMakeFiles/fastdds.dir/fastdds/topic/qos/TopicQos.cpp.o[0m
[22.265s] [ 25%] [32mBuilding CXX object src/cpp/CMakeFiles/fastdds.dir/fastdds/topic/Topic.cpp.o[0m
[22.677s] [ 25%] [32mBuilding CXX object src/cpp/CMakeFiles/fastdds.dir/fastdds/topic/TopicImpl.cpp.o[0m
[23.316s] [ 25%] [32mBuilding CXX object src/cpp/CMakeFiles/fastdds.dir/fastdds/topic/TopicProxyFactory.cpp.o[0m
[24.033s] [ 26%] [32mBuilding CXX object src/cpp/CMakeFiles/fastdds.dir/fastdds/topic/TypeSupport.cpp.o[0m
[24.420s] [ 26%] [32mBuilding CXX object src/cpp/CMakeFiles/fastdds.dir/fastdds/utils/QosConverters.cpp.o[0m
[24.511s] [ 27%] [32mBuilding CXX object src/cpp/CMakeFiles/fastdds.dir/fastdds/utils/TypePropagation.cpp.o[0m
[24.575s] [ 27%] [32mBuilding CXX object src/cpp/CMakeFiles/fastdds.dir/fastdds/xtypes/dynamic_types/AnnotationDescriptorImpl.cpp.o[0m
[24.948s] [ 27%] [32mBuilding CXX object src/cpp/CMakeFiles/fastdds.dir/fastdds/xtypes/dynamic_types/DynamicDataFactory.cpp.o[0m
[25.198s] [ 28%] [32mBuilding CXX object src/cpp/CMakeFiles/fastdds.dir/fastdds/xtypes/dynamic_types/DynamicDataImpl.cpp.o[0m
[25.497s] [ 28%] [32mBuilding CXX object src/cpp/CMakeFiles/fastdds.dir/fastdds/xtypes/dynamic_types/DynamicDataFactoryImpl.cpp.o[0m
[25.690s] [ 29%] [32mBuilding CXX object src/cpp/CMakeFiles/fastdds.dir/fastdds/xtypes/dynamic_types/DynamicPubSubType.cpp.o[0m
[25.714s] [ 29%] [32mBuilding CXX object src/cpp/CMakeFiles/fastdds.dir/fastdds/xtypes/dynamic_types/DynamicTypeImpl.cpp.o[0m
[26.403s] [ 29%] [32mBuilding CXX object src/cpp/CMakeFiles/fastdds.dir/fastdds/xtypes/dynamic_types/DynamicTypeBuilderFactory.cpp.o[0m
[26.483s] [ 30%] [32mBuilding CXX object src/cpp/CMakeFiles/fastdds.dir/fastdds/xtypes/dynamic_types/DynamicTypeBuilderImpl.cpp.o[0m
[26.540s] [ 30%] [32mBuilding CXX object src/cpp/CMakeFiles/fastdds.dir/fastdds/xtypes/dynamic_types/DynamicTypeBuilderFactoryImpl.cpp.o[0m
[26.683s] [ 31%] [32mBuilding CXX object src/cpp/CMakeFiles/fastdds.dir/fastdds/xtypes/dynamic_types/DynamicTypeMemberImpl.cpp.o[0m
[26.877s] [ 31%] [32mBuilding CXX object src/cpp/CMakeFiles/fastdds.dir/fastdds/xtypes/dynamic_types/MemberDescriptorImpl.cpp.o[0m
[27.169s] [ 32%] [32mBuilding CXX object src/cpp/CMakeFiles/fastdds.dir/fastdds/xtypes/dynamic_types/TypeDescriptorImpl.cpp.o[0m
[27.269s] [ 32%] [32mBuilding CXX object src/cpp/CMakeFiles/fastdds.dir/fastdds/xtypes/dynamic_types/VerbatimTextDescriptorImpl.cpp.o[0m
[27.600s] [ 32%] [32mBuilding CXX object src/cpp/CMakeFiles/fastdds.dir/fastdds/xtypes/exception/Exception.cpp.o[0m
[27.793s] [ 33%] [32mBuilding CXX object src/cpp/CMakeFiles/fastdds.dir/fastdds/xtypes/serializers/idl/dynamic_type_idl.cpp.o[0m
[27.833s] [ 33%] [32mBuilding CXX object src/cpp/CMakeFiles/fastdds.dir/fastdds/xtypes/serializers/json/dynamic_data_json.cpp.o[0m
[28.676s] [ 34%] [32mBuilding CXX object src/cpp/CMakeFiles/fastdds.dir/fastdds/xtypes/serializers/json/json_dynamic_data.cpp.o[0m
[28.990s] [ 34%] [32mBuilding CXX object src/cpp/CMakeFiles/fastdds.dir/fastdds/xtypes/type_representation/dds_xtypes_typeobjectPubSubTypes.cxx.o[0m
[29.121s] [ 34%] [32mBuilding CXX object src/cpp/CMakeFiles/fastdds.dir/fastdds/xtypes/type_representation/TypeObjectRegistry.cpp.o[0m
[29.278s] [ 35%] [32mBuilding CXX object src/cpp/CMakeFiles/fastdds.dir/fastdds/xtypes/type_representation/TypeObjectUtils.cpp.o[0m
[29.549s] [ 35%] [32mBuilding CXX object src/cpp/CMakeFiles/fastdds.dir/fastdds/xtypes/utils.cpp.o[0m
[29.888s] [ 36%] [32mBuilding CXX object src/cpp/CMakeFiles/fastdds.dir/rtps/attributes/EndpointSecurityAttributes.cpp.o[0m
[29.897s] [ 36%] [32mBuilding CXX object src/cpp/CMakeFiles/fastdds.dir/rtps/attributes/PropertyPolicy.cpp.o[0m
[29.958s] [ 37%] [32mBuilding CXX object src/cpp/CMakeFiles/fastdds.dir/rtps/attributes/RTPSParticipantAttributes.cpp.o[0m
[30.682s] [ 37%] [32mBuilding CXX object src/cpp/CMakeFiles/fastdds.dir/rtps/attributes/ServerAttributes.cpp.o[0m
[31.253s] [ 37%] [32mBuilding CXX object src/cpp/CMakeFiles/fastdds.dir/rtps/attributes/ThreadSettings.cpp.o[0m
[31.255s] [ 38%] [32mBuilding CXX object src/cpp/CMakeFiles/fastdds.dir/rtps/builtin/BuiltinProtocols.cpp.o[0m
[31.313s] [ 38%] [32mBuilding CXX object src/cpp/CMakeFiles/fastdds.dir/rtps/builtin/data/ParticipantBuiltinTopicData.cpp.o[0m
[33.513s] [ 39%] [32mBuilding CXX object src/cpp/CMakeFiles/fastdds.dir/rtps/builtin/data/ParticipantProxyData.cpp.o[0m
[33.631s] [ 39%] [32mBuilding CXX object src/cpp/CMakeFiles/fastdds.dir/rtps/builtin/data/PublicationBuiltinTopicData.cpp.o[0m
[34.029s] [ 39%] [32mBuilding CXX object src/cpp/CMakeFiles/fastdds.dir/rtps/builtin/data/SubscriptionBuiltinTopicData.cpp.o[0m
[34.259s] [ 40%] [32mBuilding CXX object src/cpp/CMakeFiles/fastdds.dir/rtps/builtin/data/ReaderProxyData.cpp.o[0m
[34.945s] [ 40%] [32mBuilding CXX object src/cpp/CMakeFiles/fastdds.dir/rtps/builtin/data/WriterProxyData.cpp.o[0m
[37.329s] [ 40%] [32mBuilding CXX object src/cpp/CMakeFiles/fastdds.dir/rtps/builtin/discovery/database/DiscoveryDataBase.cpp.o[0m
[37.337s] [ 41%] [32mBuilding CXX object src/cpp/CMakeFiles/fastdds.dir/rtps/builtin/discovery/database/backup/SharedBackupFunctions.cpp.o[0m
[37.873s] [ 41%] [32mBuilding CXX object src/cpp/CMakeFiles/fastdds.dir/rtps/builtin/discovery/database/DiscoveryParticipantInfo.cpp.o[0m
[38.471s] [ 42%] [32mBuilding CXX object src/cpp/CMakeFiles/fastdds.dir/rtps/builtin/discovery/database/DiscoveryParticipantsAckStatus.cpp.o[0m
[39.963s] [ 42%] [32mBuilding CXX object src/cpp/CMakeFiles/fastdds.dir/rtps/builtin/discovery/database/DiscoverySharedInfo.cpp.o[0m
[40.421s] [ 43%] [32mBuilding CXX object src/cpp/CMakeFiles/fastdds.dir/rtps/builtin/discovery/endpoint/EDP.cpp.o[0m
[40.484s] [ 43%] [32mBuilding CXX object src/cpp/CMakeFiles/fastdds.dir/rtps/builtin/discovery/endpoint/EDPClient.cpp.o[0m
[40.582s] [ 44%] [32mBuilding CXX object src/cpp/CMakeFiles/fastdds.dir/rtps/builtin/discovery/endpoint/EDPServer.cpp.o[0m
[41.469s] [ 44%] [32mBuilding CXX object src/cpp/CMakeFiles/fastdds.dir/rtps/builtin/discovery/endpoint/EDPServerListeners.cpp.o[0m
[42.313s] [ 44%] [32mBuilding CXX object src/cpp/CMakeFiles/fastdds.dir/rtps/builtin/discovery/endpoint/EDPSimple.cpp.o[0m
[42.637s] [ 45%] [32mBuilding CXX object src/cpp/CMakeFiles/fastdds.dir/rtps/builtin/discovery/endpoint/EDPSimpleListeners.cpp.o[0m
[44.463s] [ 45%] [32mBuilding CXX object src/cpp/CMakeFiles/fastdds.dir/rtps/builtin/discovery/endpoint/EDPStatic.cpp.o[0m
[45.215s] [ 46%] [32mBuilding CXX object src/cpp/CMakeFiles/fastdds.dir/rtps/builtin/discovery/participant/DirectMessageSender.cpp.o[0m
[45.804s] [ 46%] [32mBuilding CXX object src/cpp/CMakeFiles/fastdds.dir/rtps/builtin/discovery/participant/PDP.cpp.o[0m
[46.086s] [ 46%] [32mBuilding CXX object src/cpp/CMakeFiles/fastdds.dir/rtps/builtin/discovery/participant/PDPClient.cpp.o[0m
[46.812s] [ 47%] [32mBuilding CXX object src/cpp/CMakeFiles/fastdds.dir/rtps/builtin/discovery/participant/PDPClientListener.cpp.o[0m
[46.911s] [ 47%] [32mBuilding CXX object src/cpp/CMakeFiles/fastdds.dir/rtps/builtin/discovery/participant/PDPListener.cpp.o[0m
[47.789s] [ 48%] [32mBuilding CXX object src/cpp/CMakeFiles/fastdds.dir/rtps/builtin/discovery/participant/PDPServer.cpp.o[0m
[47.803s] [ 48%] [32mBuilding CXX object src/cpp/CMakeFiles/fastdds.dir/rtps/builtin/discovery/participant/PDPServerListener.cpp.o[0m
[48.598s] [ 49%] [32mBuilding CXX object src/cpp/CMakeFiles/fastdds.dir/rtps/builtin/discovery/participant/PDPSimple.cpp.o[0m
[49.163s] [ 49%] [32mBuilding CXX object src/cpp/CMakeFiles/fastdds.dir/rtps/builtin/discovery/participant/simple/PDPStatelessWriter.cpp.o[0m
[49.254s] [ 49%] [32mBuilding CXX object src/cpp/CMakeFiles/fastdds.dir/rtps/builtin/discovery/participant/timedevent/DSClientEvent.cpp.o[0m
[50.418s] [ 50%] [32mBuilding CXX object src/cpp/CMakeFiles/fastdds.dir/rtps/builtin/discovery/participant/timedevent/DServerEvent.cpp.o[0m
[50.489s] [ 50%] [32mBuilding CXX object src/cpp/CMakeFiles/fastdds.dir/rtps/builtin/liveliness/WLP.cpp.o[0m
[51.610s] [ 51%] [32mBuilding CXX object src/cpp/CMakeFiles/fastdds.dir/rtps/builtin/liveliness/WLPListener.cpp.o[0m
[52.318s] [ 51%] [32mBuilding CXX object src/cpp/CMakeFiles/fastdds.dir/rtps/common/GuidPrefix_t.cpp.o[0m
[52.759s] [ 51%] [32mBuilding CXX object src/cpp/CMakeFiles/fastdds.dir/rtps/common/SerializedPayload.cpp.o[0m
[53.196s] [ 52%] [32mBuilding CXX object src/cpp/CMakeFiles/fastdds.dir/rtps/common/LocatorWithMask.cpp.o[0m
[53.271s] [ 52%] [32mBuilding CXX object src/cpp/CMakeFiles/fastdds.dir/rtps/common/Time_t.cpp.o[0m
[53.726s] [ 53%] [32mBuilding CXX object src/cpp/CMakeFiles/fastdds.dir/rtps/common/Token.cpp.o[0m
[53.785s] [ 53%] [32mBuilding CXX object src/cpp/CMakeFiles/fastdds.dir/rtps/DataSharing/DataSharingListener.cpp.o[0m
[53.861s] [ 53%] [32mBuilding CXX object src/cpp/CMakeFiles/fastdds.dir/rtps/DataSharing/DataSharingNotification.cpp.o[0m
[54.199s] [ 54%] [32mBuilding CXX object src/cpp/CMakeFiles/fastdds.dir/rtps/DataSharing/DataSharingPayloadPool.cpp.o[0m
[54.213s] [ 54%] [32mBuilding CXX object src/cpp/CMakeFiles/fastdds.dir/rtps/exceptions/Exception.cpp.o[0m
[54.376s] [ 55%] [32mBuilding CXX object src/cpp/CMakeFiles/fastdds.dir/rtps/flowcontrol/FlowControllerConsts.cpp.o[0m
[54.405s] [ 55%] [32mBuilding CXX object src/cpp/CMakeFiles/fastdds.dir/rtps/flowcontrol/FlowControllerFactory.cpp.o[0m
[54.405s] [ 56%] [32mBuilding CXX object src/cpp/CMakeFiles/fastdds.dir/rtps/history/CacheChangePool.cpp.o[0m
[54.503s] [ 56%] [32mBuilding CXX object src/cpp/CMakeFiles/fastdds.dir/rtps/history/History.cpp.o[0m
[54.822s] [ 56%] [32mBuilding CXX object src/cpp/CMakeFiles/fastdds.dir/rtps/history/ReaderHistory.cpp.o[0m
[55.061s] [ 57%] [32mBuilding CXX object src/cpp/CMakeFiles/fastdds.dir/rtps/history/TopicPayloadPool.cpp.o[0m
[55.723s] [ 57%] [32mBuilding CXX object src/cpp/CMakeFiles/fastdds.dir/rtps/history/TopicPayloadPoolRegistry.cpp.o[0m
[55.919s] [ 58%] [32mBuilding CXX object src/cpp/CMakeFiles/fastdds.dir/rtps/history/WriterHistory.cpp.o[0m
[55.957s] [ 58%] [32mBuilding CXX object src/cpp/CMakeFiles/fastdds.dir/rtps/messages/CDRMessage.cpp.o[0m
[56.358s] [ 58%] [32mBuilding CXX object src/cpp/CMakeFiles/fastdds.dir/rtps/messages/MessageReceiver.cpp.o[0m
[56.985s] [ 59%] [32mBuilding CXX object src/cpp/CMakeFiles/fastdds.dir/rtps/messages/RTPSGapBuilder.cpp.o[0m
[57.467s] [ 59%] [32mBuilding CXX object src/cpp/CMakeFiles/fastdds.dir/rtps/messages/RTPSMessageCreator.cpp.o[0m
[58.099s] [ 60%] [32mBuilding CXX object src/cpp/CMakeFiles/fastdds.dir/rtps/messages/RTPSMessageGroup.cpp.o[0m
[58.696s] [ 60%] [32mBuilding CXX object src/cpp/CMakeFiles/fastdds.dir/rtps/messages/SendBuffersManager.cpp.o[0m
[59.201s] [ 60%] [32mBuilding CXX object src/cpp/CMakeFiles/fastdds.dir/rtps/network/NetworkBuffer.cpp.o[0m
[60.703s] [ 61%] [32mBuilding CXX object src/cpp/CMakeFiles/fastdds.dir/rtps/network/NetworkConfiguration.cpp.o[0m
[60.810s] [ 61%] [32mBuilding CXX object src/cpp/CMakeFiles/fastdds.dir/rtps/network/NetworkFactory.cpp.o[0m
[61.241s] [ 62%] [32mBuilding CXX object src/cpp/CMakeFiles/fastdds.dir/rtps/network/ReceiverResource.cpp.o[0m
[61.254s] [ 62%] [32mBuilding CXX object src/cpp/CMakeFiles/fastdds.dir/rtps/network/utils/external_locators.cpp.o[0m
[61.387s] [ 63%] [32mBuilding CXX object src/cpp/CMakeFiles/fastdds.dir/rtps/network/utils/netmask_filter.cpp.o[0m
[61.496s] [ 63%] [32mBuilding CXX object src/cpp/CMakeFiles/fastdds.dir/rtps/network/utils/network.cpp.o[0m
[61.557s] [ 63%] [32mBuilding CXX object src/cpp/CMakeFiles/fastdds.dir/rtps/participant/RTPSParticipant.cpp.o[0m
[61.621s] [ 64%] [32mBuilding CXX object src/cpp/CMakeFiles/fastdds.dir/rtps/participant/RTPSParticipantImpl.cpp.o[0m
[62.672s] [ 64%] [32mBuilding CXX object src/cpp/CMakeFiles/fastdds.dir/rtps/persistence/PersistenceFactory.cpp.o[0m
[62.727s] [ 65%] [32mBuilding CXX object src/cpp/CMakeFiles/fastdds.dir/rtps/reader/BaseReader.cpp.o[0m
[62.923s] [ 65%] [32mBuilding CXX object src/cpp/CMakeFiles/fastdds.dir/rtps/reader/reader_utils.cpp.o[0m
[62.964s] [ 65%] [32mBuilding CXX object src/cpp/CMakeFiles/fastdds.dir/rtps/reader/RTPSReader.cpp.o[0m
[63.730s] [ 66%] [32mBuilding CXX object src/cpp/CMakeFiles/fastdds.dir/rtps/reader/StatefulPersistentReader.cpp.o[0m
[63.930s] [ 66%] [32mBuilding CXX object src/cpp/CMakeFiles/fastdds.dir/rtps/reader/StatefulReader.cpp.o[0m
[64.057s] [ 67%] [32mBuilding CXX object src/cpp/CMakeFiles/fastdds.dir/rtps/reader/StatelessPersistentReader.cpp.o[0m
[64.062s] [ 67%] [32mBuilding CXX object src/cpp/CMakeFiles/fastdds.dir/rtps/reader/StatelessReader.cpp.o[0m
[64.815s] [ 68%] [32mBuilding CXX object src/cpp/CMakeFiles/fastdds.dir/rtps/reader/WriterProxy.cpp.o[0m
[65.041s] [ 68%] [32mBuilding CXX object src/cpp/CMakeFiles/fastdds.dir/rtps/resources/ResourceEvent.cpp.o[0m
[66.099s] [ 68%] [32mBuilding CXX object src/cpp/CMakeFiles/fastdds.dir/rtps/resources/TimedEvent.cpp.o[0m
[66.501s] [ 69%] [32mBuilding CXX object src/cpp/CMakeFiles/fastdds.dir/rtps/resources/TimedEventImpl.cpp.o[0m
[66.581s] [ 69%] [32mBuilding CXX object src/cpp/CMakeFiles/fastdds.dir/rtps/domain/RTPSDomain.cpp.o[0m
[66.823s] [ 70%] [32mBuilding CXX object src/cpp/CMakeFiles/fastdds.dir/rtps/transport/ChainingTransport.cpp.o[0m
[66.860s] [ 70%] [32mBuilding CXX object src/cpp/CMakeFiles/fastdds.dir/rtps/transport/ChannelResource.cpp.o[0m
[66.902s] [ 70%] [32mBuilding CXX object src/cpp/CMakeFiles/fastdds.dir/rtps/transport/network/NetmaskFilterKind.cpp.o[0m
[67.056s] [ 71%] [32mBuilding CXX object src/cpp/CMakeFiles/fastdds.dir/rtps/transport/network/NetworkInterface.cpp.o[0m
[67.219s] [ 71%] [32mBuilding CXX object src/cpp/CMakeFiles/fastdds.dir/rtps/transport/network/NetworkInterfaceWithFilter.cpp.o[0m
[67.316s] [ 72%] [32mBuilding CXX object src/cpp/CMakeFiles/fastdds.dir/rtps/transport/PortBasedTransportDescriptor.cpp.o[0m
[67.773s] [ 72%] [32mBuilding CXX object src/cpp/CMakeFiles/fastdds.dir/rtps/transport/shared_mem/SharedMemTransportDescriptor.cpp.o[0m
[67.841s] [ 72%] [32mBuilding CXX object src/cpp/CMakeFiles/fastdds.dir/rtps/transport/tcp/RTCPMessageManager.cpp.o[0m
[67.883s] [ 73%] [32mBuilding CXX object src/cpp/CMakeFiles/fastdds.dir/rtps/transport/tcp/TCPControlMessage.cpp.o[0m
[67.996s] [ 73%] [32mBuilding CXX object src/cpp/CMakeFiles/fastdds.dir/rtps/transport/TCPAcceptor.cpp.o[0m
[68.696s] [ 74%] [32mBuilding CXX object src/cpp/CMakeFiles/fastdds.dir/rtps/transport/TCPAcceptorBasic.cpp.o[0m
[69.045s] [ 74%] [32mBuilding CXX object src/cpp/CMakeFiles/fastdds.dir/rtps/transport/TCPChannelResource.cpp.o[0m
[69.074s] [ 75%] [32mBuilding CXX object src/cpp/CMakeFiles/fastdds.dir/rtps/transport/TCPChannelResourceBasic.cpp.o[0m
[69.099s] [ 75%] [32mBuilding CXX object src/cpp/CMakeFiles/fastdds.dir/rtps/transport/TCPTransportInterface.cpp.o[0m
[70.730s] [ 75%] [32mBuilding CXX object src/cpp/CMakeFiles/fastdds.dir/rtps/transport/TCPv4Transport.cpp.o[0m
[71.559s] [ 76%] [32mBuilding CXX object src/cpp/CMakeFiles/fastdds.dir/rtps/transport/TCPv6Transport.cpp.o[0m
[72.395s] [ 76%] [32mBuilding CXX object src/cpp/CMakeFiles/fastdds.dir/rtps/transport/test_UDPv4Transport.cpp.o[0m
[73.983s] [ 77%] [32mBuilding CXX object src/cpp/CMakeFiles/fastdds.dir/rtps/transport/TransportInterface.cpp.o[0m
[75.222s] [ 77%] [32mBuilding CXX object src/cpp/CMakeFiles/fastdds.dir/rtps/transport/UDPChannelResource.cpp.o[0m
[75.257s] [ 77%] [32mBuilding CXX object src/cpp/CMakeFiles/fastdds.dir/rtps/transport/UDPTransportInterface.cpp.o[0m
[75.259s] [ 78%] [32mBuilding CXX object src/cpp/CMakeFiles/fastdds.dir/rtps/transport/UDPv4Transport.cpp.o[0m
[76.311s] [ 78%] [32mBuilding CXX object src/cpp/CMakeFiles/fastdds.dir/rtps/transport/UDPv6Transport.cpp.o[0m
[76.915s] [ 79%] [32mBuilding CXX object src/cpp/CMakeFiles/fastdds.dir/rtps/writer/BaseWriter.cpp.o[0m
[77.665s] [ 79%] [32mBuilding CXX object src/cpp/CMakeFiles/fastdds.dir/rtps/writer/LivelinessManager.cpp.o[0m
[77.950s] [ 79%] [32mBuilding CXX object src/cpp/CMakeFiles/fastdds.dir/rtps/writer/LocatorSelectorSender.cpp.o[0m
[78.604s] [ 80%] [32mBuilding CXX object src/cpp/CMakeFiles/fastdds.dir/rtps/writer/PersistentWriter.cpp.o[0m
[78.973s] [ 80%] [32mBuilding CXX object src/cpp/CMakeFiles/fastdds.dir/rtps/writer/ReaderLocator.cpp.o[0m
[79.406s] [ 81%] [32mBuilding CXX object src/cpp/CMakeFiles/fastdds.dir/rtps/writer/ReaderProxy.cpp.o[0m
[79.770s] [ 81%] [32mBuilding CXX object src/cpp/CMakeFiles/fastdds.dir/rtps/writer/RTPSWriter.cpp.o[0m
[80.261s] [ 82%] [32mBuilding CXX object src/cpp/CMakeFiles/fastdds.dir/rtps/writer/StatefulPersistentWriter.cpp.o[0m
[81.002s] [ 82%] [32mBuilding CXX object src/cpp/CMakeFiles/fastdds.dir/rtps/writer/StatefulWriter.cpp.o[0m
[82.373s] [ 82%] [32mBuilding CXX object src/cpp/CMakeFiles/fastdds.dir/rtps/writer/StatelessPersistentWriter.cpp.o[0m
[82.448s] [ 83%] [32mBuilding CXX object src/cpp/CMakeFiles/fastdds.dir/rtps/writer/StatelessWriter.cpp.o[0m
[82.648s] [ 83%] [32mBuilding CXX object src/cpp/CMakeFiles/fastdds.dir/statistics/fastdds/domain/DomainParticipant.cpp.o[0m
[82.728s] [ 84%] [32mBuilding CXX object src/cpp/CMakeFiles/fastdds.dir/statistics/fastdds/publisher/qos/DataWriterQos.cpp.o[0m
[83.038s] [ 84%] [32mBuilding CXX object src/cpp/CMakeFiles/fastdds.dir/statistics/fastdds/subscriber/qos/DataReaderQos.cpp.o[0m
[83.564s] [ 84%] [32mBuilding CXX object src/cpp/CMakeFiles/fastdds.dir/utils/Host.cpp.o[0m
[83.653s] [ 85%] [32mBuilding CXX object src/cpp/CMakeFiles/fastdds.dir/utils/IPFinder.cpp.o[0m
[84.127s] [ 85%] [32mBuilding CXX object src/cpp/CMakeFiles/fastdds.dir/utils/IPLocator.cpp.o[0m
[84.577s] [ 86%] [32mBuilding CXX object src/cpp/CMakeFiles/fastdds.dir/utils/md5.cpp.o[0m
[85.193s] [ 86%] [32mBuilding CXX object src/cpp/CMakeFiles/fastdds.dir/utils/StringMatching.cpp.o[0m
[85.254s] [ 87%] [32mBuilding CXX object src/cpp/CMakeFiles/fastdds.dir/utils/SystemInfo.cpp.o[0m
[85.283s] [ 87%] [32mBuilding CXX object src/cpp/CMakeFiles/fastdds.dir/utils/TimedConditionVariable.cpp.o[0m
[85.556s] [ 87%] [32mBuilding CXX object src/cpp/CMakeFiles/fastdds.dir/utils/UnitsParser.cpp.o[0m
[85.574s] [ 88%] [32mBuilding CXX object src/cpp/CMakeFiles/fastdds.dir/xmlparser/attributes/TopicAttributes.cpp.o[0m
[85.642s] [ 88%] [32mBuilding CXX object src/cpp/CMakeFiles/fastdds.dir/xmlparser/XMLDynamicParser.cpp.o[0m
[85.989s] [ 89%] [32mBuilding CXX object src/cpp/CMakeFiles/fastdds.dir/xmlparser/XMLElementParser.cpp.o[0m
[86.186s] [ 89%] [32mBuilding CXX object src/cpp/CMakeFiles/fastdds.dir/xmlparser/XMLEndpointParser.cpp.o[0m
[86.218s] [ 89%] [32mBuilding CXX object src/cpp/CMakeFiles/fastdds.dir/xmlparser/XMLParser.cpp.o[0m
[86.625s] [ 90%] [32mBuilding CXX object src/cpp/CMakeFiles/fastdds.dir/xmlparser/XMLParserCommon.cpp.o[0m
[86.675s] [ 90%] [32mBuilding CXX object src/cpp/CMakeFiles/fastdds.dir/xmlparser/XMLProfileManager.cpp.o[0m
[86.800s] [ 91%] [32mBuilding CXX object src/cpp/CMakeFiles/fastdds.dir/statistics/fastdds/domain/DomainParticipantImpl.cpp.o[0m
[87.189s] [ 91%] [32mBuilding CXX object src/cpp/CMakeFiles/fastdds.dir/statistics/fastdds/domain/DomainParticipantStatisticsListener.cpp.o[0m
[88.173s] [ 91%] [32mBuilding CXX object src/cpp/CMakeFiles/fastdds.dir/statistics/rtps/monitor-service/MonitorService.cpp.o[0m
[90.248s] [ 92%] [32mBuilding CXX object src/cpp/CMakeFiles/fastdds.dir/statistics/rtps/monitor-service/MonitorServiceListener.cpp.o[0m
[91.023s] [ 92%] [32mBuilding CXX object src/cpp/CMakeFiles/fastdds.dir/statistics/rtps/reader/StatisticsReaderImpl.cpp.o[0m
[91.685s] [ 93%] [32mBuilding CXX object src/cpp/CMakeFiles/fastdds.dir/statistics/rtps/StatisticsBase.cpp.o[0m
[91.733s] [ 93%] [32mBuilding CXX object src/cpp/CMakeFiles/fastdds.dir/statistics/rtps/writer/StatisticsWriterImpl.cpp.o[0m
[91.930s] [ 94%] [32mBuilding CXX object src/cpp/CMakeFiles/fastdds.dir/statistics/types/monitorservice_typesPubSubTypes.cxx.o[0m
[93.090s] [ 94%] [32mBuilding CXX object src/cpp/CMakeFiles/fastdds.dir/statistics/types/monitorservice_typesTypeObjectSupport.cxx.o[0m
[94.317s] [ 94%] [32mBuilding CXX object src/cpp/CMakeFiles/fastdds.dir/statistics/types/typesPubSubTypes.cxx.o[0m
[94.580s] [ 95%] [32mBuilding CXX object src/cpp/CMakeFiles/fastdds.dir/statistics/types/typesTypeObjectSupport.cxx.o[0m
[95.284s] [ 95%] [32mBuilding CXX object src/cpp/CMakeFiles/fastdds.dir/rtps/transport/shared_mem/test_SharedMemTransport.cpp.o[0m
[96.312s] [ 96%] [32mBuilding CXX object src/cpp/CMakeFiles/fastdds.dir/rtps/transport/shared_mem/SharedMemTransport.cpp.o[0m
[96.362s] [ 96%] [32mBuilding CXX object src/cpp/CMakeFiles/fastdds.dir/rtps/transport/TCPChannelResourceSecure.cpp.o[0m
[96.510s] [ 96%] [32mBuilding CXX object src/cpp/CMakeFiles/fastdds.dir/rtps/transport/TCPAcceptorSecure.cpp.o[0m
[97.816s] [ 97%] [32mBuilding CXX object src/cpp/CMakeFiles/fastdds.dir/rtps/persistence/SQLite3PersistenceService.cpp.o[0m
[98.002s] [ 97%] [32mBuilding C object src/cpp/CMakeFiles/fastdds.dir/rtps/persistence/sqlite3.c.o[0m
[98.950s] [ 98%] [32mBuilding CXX object src/cpp/CMakeFiles/fastdds.dir/rtps/domain/RTPSDomainExtras.cpp.o[0m
[99.178s] [ 98%] [32mBuilding CXX object src/cpp/CMakeFiles/fastdds.dir/xmlparser/XMLParserExtras.cpp.o[0m
[122.831s] [ 99%] [32m[1mLinking CXX shared library libfastdds.so[0m
[123.591s] [ 99%] Built target fastdds
[123.612s] [ 99%] [32mBuilding CXX object tools/fds/CMakeFiles/fast-discovery-server.dir/CliDiscoveryManager.cpp.o[0m
[123.615s] [ 99%] [32mBuilding CXX object tools/fds/CMakeFiles/fast-discovery-server.dir/CliDiscoveryEntrypoint.cpp.o[0m
[128.499s] [100%] [32m[1mLinking CXX executable fast-discovery-server-1.0.1[0m
[128.659s] [100%] Built target fast-discovery-server
[128.671s] Invoked command in '/home/emmm/Desktop/rm/ROS2/learn/chapter3/fastdds_ws/build/fastdds' returned '0': CMAKE_PREFIX_PATH=/home/emmm/Desktop/rm/ROS2/learn/chapter3/fastdds_ws/install/foonathan_memory_vendor:/home/emmm/Desktop/rm/ROS2/learn/chapter3/fastdds_ws/install/fastcdr LD_LIBRARY_PATH=/home/emmm/Desktop/rm/ROS2/learn/chapter3/fastdds_ws/install/fastcdr/lib:${LD_LIBRARY_PATH} PKG_CONFIG_PATH=/home/emmm/Desktop/rm/ROS2/learn/chapter3/fastdds_ws/install/foonathan_memory_vendor/lib/x86_64-linux-gnu/pkgconfig:/home/emmm/Desktop/rm/ROS2/learn/chapter3/fastdds_ws/install/foonathan_memory_vendor/lib/pkgconfig /usr/bin/cmake --build /home/emmm/Desktop/rm/ROS2/learn/chapter3/fastdds_ws/build/fastdds -- -j12 -l12
[128.673s] Invoking command in '/home/emmm/Desktop/rm/ROS2/learn/chapter3/fastdds_ws/build/fastdds': CMAKE_PREFIX_PATH=/home/emmm/Desktop/rm/ROS2/learn/chapter3/fastdds_ws/install/foonathan_memory_vendor:/home/emmm/Desktop/rm/ROS2/learn/chapter3/fastdds_ws/install/fastcdr LD_LIBRARY_PATH=/home/emmm/Desktop/rm/ROS2/learn/chapter3/fastdds_ws/install/fastcdr/lib:${LD_LIBRARY_PATH} PKG_CONFIG_PATH=/home/emmm/Desktop/rm/ROS2/learn/chapter3/fastdds_ws/install/foonathan_memory_vendor/lib/x86_64-linux-gnu/pkgconfig:/home/emmm/Desktop/rm/ROS2/learn/chapter3/fastdds_ws/install/foonathan_memory_vendor/lib/pkgconfig /usr/bin/cmake --install /home/emmm/Desktop/rm/ROS2/learn/chapter3/fastdds_ws/build/fastdds
[128.681s] -- Install configuration: "Release"
[128.682s] -- Installing: /home/emmm/Desktop/rm/ROS2/learn/chapter3/fastdds_ws/install/fastdds/include/fastdds
[128.682s] -- Installing: /home/emmm/Desktop/rm/ROS2/learn/chapter3/fastdds_ws/install/fastdds/include/fastdds/LibrarySettings.hpp
[128.682s] -- Installing: /home/emmm/Desktop/rm/ROS2/learn/chapter3/fastdds_ws/install/fastdds/include/fastdds/config
[128.682s] -- Installing: /home/emmm/Desktop/rm/ROS2/learn/chapter3/fastdds_ws/install/fastdds/include/fastdds/config/doxygen_modules.hpp
[128.682s] -- Installing: /home/emmm/Desktop/rm/ROS2/learn/chapter3/fastdds_ws/install/fastdds/include/fastdds/utils
[128.682s] -- Installing: /home/emmm/Desktop/rm/ROS2/learn/chapter3/fastdds_ws/install/fastdds/include/fastdds/utils/IPFinder.hpp
[128.682s] -- Installing: /home/emmm/Desktop/rm/ROS2/learn/chapter3/fastdds_ws/install/fastdds/include/fastdds/utils/TimedConditionVariable.hpp
[128.682s] -- Installing: /home/emmm/Desktop/rm/ROS2/learn/chapter3/fastdds_ws/install/fastdds/include/fastdds/utils/fixed_size_bitmap.hpp
[128.682s] -- Installing: /home/emmm/Desktop/rm/ROS2/learn/chapter3/fastdds_ws/install/fastdds/include/fastdds/utils/md5.hpp
[128.682s] -- Installing: /home/emmm/Desktop/rm/ROS2/learn/chapter3/fastdds_ws/install/fastdds/include/fastdds/utils/TimedMutex.hpp
[128.682s] -- Installing: /home/emmm/Desktop/rm/ROS2/learn/chapter3/fastdds_ws/install/fastdds/include/fastdds/utils/collections
[128.683s] -- Installing: /home/emmm/Desktop/rm/ROS2/learn/chapter3/fastdds_ws/install/fastdds/include/fastdds/utils/collections/ResourceLimitedVector.hpp
[128.683s] -- Installing: /home/emmm/Desktop/rm/ROS2/learn/chapter3/fastdds_ws/install/fastdds/include/fastdds/utils/collections/ResourceLimitedContainerConfig.hpp
[128.683s] -- Installing: /home/emmm/Desktop/rm/ROS2/learn/chapter3/fastdds_ws/install/fastdds/include/fastdds/utils/IPLocator.hpp
[128.683s] -- Installing: /home/emmm/Desktop/rm/ROS2/learn/chapter3/fastdds_ws/install/fastdds/include/fastdds/statistics
[128.683s] -- Installing: /home/emmm/Desktop/rm/ROS2/learn/chapter3/fastdds_ws/install/fastdds/include/fastdds/statistics/IListeners.hpp
[128.683s] -- Installing: /home/emmm/Desktop/rm/ROS2/learn/chapter3/fastdds_ws/install/fastdds/include/fastdds/statistics/rtps
[128.683s] -- Installing: /home/emmm/Desktop/rm/ROS2/learn/chapter3/fastdds_ws/install/fastdds/include/fastdds/statistics/rtps/monitor_service
[128.683s] -- Installing: /home/emmm/Desktop/rm/ROS2/learn/chapter3/fastdds_ws/install/fastdds/include/fastdds/statistics/rtps/monitor_service/connections_fwd.hpp
[128.683s] -- Installing: /home/emmm/Desktop/rm/ROS2/learn/chapter3/fastdds_ws/install/fastdds/include/fastdds/statistics/rtps/StatisticsCommon.hpp
[128.683s] -- Installing: /home/emmm/Desktop/rm/ROS2/learn/chapter3/fastdds_ws/install/fastdds/include/fastdds/statistics/topic_names.hpp
[128.683s] -- Installing: /home/emmm/Desktop/rm/ROS2/learn/chapter3/fastdds_ws/install/fastdds/include/fastdds/statistics/dds
[128.683s] -- Installing: /home/emmm/Desktop/rm/ROS2/learn/chapter3/fastdds_ws/install/fastdds/include/fastdds/statistics/dds/publisher
[128.683s] -- Installing: /home/emmm/Desktop/rm/ROS2/learn/chapter3/fastdds_ws/install/fastdds/include/fastdds/statistics/dds/publisher/qos
[128.683s] -- Installing: /home/emmm/Desktop/rm/ROS2/learn/chapter3/fastdds_ws/install/fastdds/include/fastdds/statistics/dds/publisher/qos/DataWriterQos.hpp
[128.683s] -- Installing: /home/emmm/Desktop/rm/ROS2/learn/chapter3/fastdds_ws/install/fastdds/include/fastdds/statistics/dds/subscriber
[128.683s] -- Installing: /home/emmm/Desktop/rm/ROS2/learn/chapter3/fastdds_ws/install/fastdds/include/fastdds/statistics/dds/subscriber/qos
[128.683s] -- Installing: /home/emmm/Desktop/rm/ROS2/learn/chapter3/fastdds_ws/install/fastdds/include/fastdds/statistics/dds/subscriber/qos/DataReaderQos.hpp
[128.683s] -- Installing: /home/emmm/Desktop/rm/ROS2/learn/chapter3/fastdds_ws/install/fastdds/include/fastdds/statistics/dds/domain
[128.683s] -- Installing: /home/emmm/Desktop/rm/ROS2/learn/chapter3/fastdds_ws/install/fastdds/include/fastdds/statistics/dds/domain/DomainParticipant.hpp
[128.683s] -- Installing: /home/emmm/Desktop/rm/ROS2/learn/chapter3/fastdds_ws/install/fastdds/include/fastdds/rtps
[128.683s] -- Installing: /home/emmm/Desktop/rm/ROS2/learn/chapter3/fastdds_ws/install/fastdds/include/fastdds/rtps/interfaces
[128.683s] -- Installing: /home/emmm/Desktop/rm/ROS2/learn/chapter3/fastdds_ws/install/fastdds/include/fastdds/rtps/interfaces/IReaderDataFilter.hpp
[128.683s] -- Installing: /home/emmm/Desktop/rm/ROS2/learn/chapter3/fastdds_ws/install/fastdds/include/fastdds/rtps/reader
[128.684s] -- Installing: /home/emmm/Desktop/rm/ROS2/learn/chapter3/fastdds_ws/install/fastdds/include/fastdds/rtps/reader/ReaderListener.hpp
[128.684s] -- Installing: /home/emmm/Desktop/rm/ROS2/learn/chapter3/fastdds_ws/install/fastdds/include/fastdds/rtps/reader/ReaderDiscoveryStatus.hpp
[128.684s] -- Installing: /home/emmm/Desktop/rm/ROS2/learn/chapter3/fastdds_ws/install/fastdds/include/fastdds/rtps/reader/RTPSReader.hpp
[128.684s] -- Installing: /home/emmm/Desktop/rm/ROS2/learn/chapter3/fastdds_ws/install/fastdds/include/fastdds/rtps/attributes
[128.684s] -- Installing: /home/emmm/Desktop/rm/ROS2/learn/chapter3/fastdds_ws/install/fastdds/include/fastdds/rtps/attributes/ReaderAttributes.hpp
[128.684s] -- Installing: /home/emmm/Desktop/rm/ROS2/learn/chapter3/fastdds_ws/install/fastdds/include/fastdds/rtps/attributes/HistoryAttributes.hpp
[128.684s] -- Installing: /home/emmm/Desktop/rm/ROS2/learn/chapter3/fastdds_ws/install/fastdds/include/fastdds/rtps/attributes/RTPSParticipantAllocationAttributes.hpp
[128.684s] -- Installing: /home/emmm/Desktop/rm/ROS2/learn/chapter3/fastdds_ws/install/fastdds/include/fastdds/rtps/attributes/ThreadSettings.hpp
[128.684s] -- Installing: /home/emmm/Desktop/rm/ROS2/learn/chapter3/fastdds_ws/install/fastdds/include/fastdds/rtps/attributes/RTPSParticipantAttributes.hpp
[128.684s] -- Installing: /home/emmm/Desktop/rm/ROS2/learn/chapter3/fastdds_ws/install/fastdds/include/fastdds/rtps/attributes/ResourceManagement.hpp
[128.684s] -- Installing: /home/emmm/Desktop/rm/ROS2/learn/chapter3/fastdds_ws/install/fastdds/include/fastdds/rtps/attributes/BuiltinTransports.hpp
[128.684s] -- Installing: /home/emmm/Desktop/rm/ROS2/learn/chapter3/fastdds_ws/install/fastdds/include/fastdds/rtps/attributes/EndpointSecurityAttributes.hpp
[128.684s] -- Installing: /home/emmm/Desktop/rm/ROS2/learn/chapter3/fastdds_ws/install/fastdds/include/fastdds/rtps/attributes/ExternalLocators.hpp
[128.684s] -- Installing: /home/emmm/Desktop/rm/ROS2/learn/chapter3/fastdds_ws/install/fastdds/include/fastdds/rtps/attributes/EndpointAttributes.hpp
[128.684s] -- Installing: /home/emmm/Desktop/rm/ROS2/learn/chapter3/fastdds_ws/install/fastdds/include/fastdds/rtps/attributes/PropertyPolicy.hpp
[128.684s] -- Installing: /home/emmm/Desktop/rm/ROS2/learn/chapter3/fastdds_ws/install/fastdds/include/fastdds/rtps/attributes/WriterAttributes.hpp
[128.684s] -- Installing: /home/emmm/Desktop/rm/ROS2/learn/chapter3/fastdds_ws/install/fastdds/include/fastdds/rtps/builtin
[128.684s] -- Installing: /home/emmm/Desktop/rm/ROS2/learn/chapter3/fastdds_ws/install/fastdds/include/fastdds/rtps/builtin/data
[128.684s] -- Installing: /home/emmm/Desktop/rm/ROS2/learn/chapter3/fastdds_ws/install/fastdds/include/fastdds/rtps/builtin/data/TopicDescription.hpp
[128.684s] -- Installing: /home/emmm/Desktop/rm/ROS2/learn/chapter3/fastdds_ws/install/fastdds/include/fastdds/rtps/builtin/data/BuiltinTopicKey.hpp
[128.684s] -- Installing: /home/emmm/Desktop/rm/ROS2/learn/chapter3/fastdds_ws/install/fastdds/include/fastdds/rtps/builtin/data/BuiltinEndpoints.hpp
[128.684s] -- Installing: /home/emmm/Desktop/rm/ROS2/learn/chapter3/fastdds_ws/install/fastdds/include/fastdds/rtps/builtin/data/PublicationBuiltinTopicData.hpp
[128.684s] -- Installing: /home/emmm/Desktop/rm/ROS2/learn/chapter3/fastdds_ws/install/fastdds/include/fastdds/rtps/builtin/data/ContentFilterProperty.hpp
[128.684s] -- Installing: /home/emmm/Desktop/rm/ROS2/learn/chapter3/fastdds_ws/install/fastdds/include/fastdds/rtps/builtin/data/ParticipantBuiltinTopicData.hpp
[128.685s] -- Installing: /home/emmm/Desktop/rm/ROS2/learn/chapter3/fastdds_ws/install/fastdds/include/fastdds/rtps/builtin/data/SubscriptionBuiltinTopicData.hpp
[128.685s] -- Installing: /home/emmm/Desktop/rm/ROS2/learn/chapter3/fastdds_ws/install/fastdds/include/fastdds/rtps/writer
[128.685s] -- Installing: /home/emmm/Desktop/rm/ROS2/learn/chapter3/fastdds_ws/install/fastdds/include/fastdds/rtps/writer/WriterDiscoveryStatus.hpp
[128.685s] -- Installing: /home/emmm/Desktop/rm/ROS2/learn/chapter3/fastdds_ws/install/fastdds/include/fastdds/rtps/writer/WriterListener.hpp
[128.685s] -- Installing: /home/emmm/Desktop/rm/ROS2/learn/chapter3/fastdds_ws/install/fastdds/include/fastdds/rtps/writer/RTPSWriter.hpp
[128.685s] -- Installing: /home/emmm/Desktop/rm/ROS2/learn/chapter3/fastdds_ws/install/fastdds/include/fastdds/rtps/history
[128.685s] -- Installing: /home/emmm/Desktop/rm/ROS2/learn/chapter3/fastdds_ws/install/fastdds/include/fastdds/rtps/history/IChangePool.hpp
[128.685s] -- Installing: /home/emmm/Desktop/rm/ROS2/learn/chapter3/fastdds_ws/install/fastdds/include/fastdds/rtps/history/History.hpp
[128.685s] -- Installing: /home/emmm/Desktop/rm/ROS2/learn/chapter3/fastdds_ws/install/fastdds/include/fastdds/rtps/history/IPayloadPool.hpp
[128.685s] -- Installing: /home/emmm/Desktop/rm/ROS2/learn/chapter3/fastdds_ws/install/fastdds/include/fastdds/rtps/history/ReaderHistory.hpp
[128.685s] -- Installing: /home/emmm/Desktop/rm/ROS2/learn/chapter3/fastdds_ws/install/fastdds/include/fastdds/rtps/history/WriterHistory.hpp
[128.685s] -- Installing: /home/emmm/Desktop/rm/ROS2/learn/chapter3/fastdds_ws/install/fastdds/include/fastdds/rtps/flowcontrol
[128.685s] -- Installing: /home/emmm/Desktop/rm/ROS2/learn/chapter3/fastdds_ws/install/fastdds/include/fastdds/rtps/flowcontrol/FlowControllerSchedulerPolicy.hpp
[128.685s] -- Installing: /home/emmm/Desktop/rm/ROS2/learn/chapter3/fastdds_ws/install/fastdds/include/fastdds/rtps/flowcontrol/FlowControllerConsts.hpp
[128.685s] -- Installing: /home/emmm/Desktop/rm/ROS2/learn/chapter3/fastdds_ws/install/fastdds/include/fastdds/rtps/flowcontrol/FlowControllerDescriptor.hpp
[128.685s] -- Installing: /home/emmm/Desktop/rm/ROS2/learn/chapter3/fastdds_ws/install/fastdds/include/fastdds/rtps/messages
[128.685s] -- Installing: /home/emmm/Desktop/rm/ROS2/learn/chapter3/fastdds_ws/install/fastdds/include/fastdds/rtps/messages/RTPS_messages.hpp
[128.685s] -- Installing: /home/emmm/Desktop/rm/ROS2/learn/chapter3/fastdds_ws/install/fastdds/include/fastdds/rtps/messages/RTPSMessageSenderInterface.hpp
[128.685s] -- Installing: /home/emmm/Desktop/rm/ROS2/learn/chapter3/fastdds_ws/install/fastdds/include/fastdds/rtps/Endpoint.hpp
[128.685s] -- Installing: /home/emmm/Desktop/rm/ROS2/learn/chapter3/fastdds_ws/install/fastdds/include/fastdds/rtps/common
[128.685s] -- Installing: /home/emmm/Desktop/rm/ROS2/learn/chapter3/fastdds_ws/install/fastdds/include/fastdds/rtps/common/Token.hpp
[128.685s] -- Installing: /home/emmm/Desktop/rm/ROS2/learn/chapter3/fastdds_ws/install/fastdds/include/fastdds/rtps/common/LocatorList.hpp
[128.685s] -- Installing: /home/emmm/Desktop/rm/ROS2/learn/chapter3/fastdds_ws/install/fastdds/include/fastdds/rtps/common/RemoteLocators.hpp
[128.686s] -- Installing: /home/emmm/Desktop/rm/ROS2/learn/chapter3/fastdds_ws/install/fastdds/include/fastdds/rtps/common/OriginalWriterInfo.hpp
[128.686s] -- Installing: /home/emmm/Desktop/rm/ROS2/learn/chapter3/fastdds_ws/install/fastdds/include/fastdds/rtps/common/BinaryProperty.hpp
[128.686s] -- Installing: /home/emmm/Desktop/rm/ROS2/learn/chapter3/fastdds_ws/install/fastdds/include/fastdds/rtps/common/Property.hpp
[128.686s] -- Installing: /home/emmm/Desktop/rm/ROS2/learn/chapter3/fastdds_ws/install/fastdds/include/fastdds/rtps/common/FragmentNumber.hpp
[128.686s] -- Installing: /home/emmm/Desktop/rm/ROS2/learn/chapter3/fastdds_ws/install/fastdds/include/fastdds/rtps/common/PortParameters.hpp
[128.686s] -- Installing: /home/emmm/Desktop/rm/ROS2/learn/chapter3/fastdds_ws/install/fastdds/include/fastdds/rtps/common/MatchingInfo.hpp
[128.686s] -- Installing: /home/emmm/Desktop/rm/ROS2/learn/chapter3/fastdds_ws/install/fastdds/include/fastdds/rtps/common/ProductVersion_t.hpp
[128.686s] -- Installing: /home/emmm/Desktop/rm/ROS2/learn/chapter3/fastdds_ws/install/fastdds/include/fastdds/rtps/common/VendorId_t.hpp
[128.686s] -- Installing: /home/emmm/Desktop/rm/ROS2/learn/chapter3/fastdds_ws/install/fastdds/include/fastdds/rtps/common/InstanceHandle.hpp
[128.686s] -- Installing: /home/emmm/Desktop/rm/ROS2/learn/chapter3/fastdds_ws/install/fastdds/include/fastdds/rtps/common/LocatorListComparisons.hpp
[128.686s] -- Installing: /home/emmm/Desktop/rm/ROS2/learn/chapter3/fastdds_ws/install/fastdds/include/fastdds/rtps/common/CacheChange.hpp
[128.686s] -- Installing: /home/emmm/Desktop/rm/ROS2/learn/chapter3/fastdds_ws/install/fastdds/include/fastdds/rtps/common/LocatorsIterator.hpp
[128.686s] -- Installing: /home/emmm/Desktop/rm/ROS2/learn/chapter3/fastdds_ws/install/fastdds/include/fastdds/rtps/common/LocatorWithMask.hpp
[128.686s] -- Installing: /home/emmm/Desktop/rm/ROS2/learn/chapter3/fastdds_ws/install/fastdds/include/fastdds/rtps/common/Time_t.hpp
[128.686s] -- Installing: /home/emmm/Desktop/rm/ROS2/learn/chapter3/fastdds_ws/install/fastdds/include/fastdds/rtps/common/Guid.hpp
[128.686s] -- Installing: /home/emmm/Desktop/rm/ROS2/learn/chapter3/fastdds_ws/install/fastdds/include/fastdds/rtps/common/SampleIdentity.hpp
[128.686s] -- Installing: /home/emmm/Desktop/rm/ROS2/learn/chapter3/fastdds_ws/install/fastdds/include/fastdds/rtps/common/Locator.hpp
[128.686s] -- Installing: /home/emmm/Desktop/rm/ROS2/learn/chapter3/fastdds_ws/install/fastdds/include/fastdds/rtps/common/LocatorSelectorEntry.hpp
[128.686s] -- Installing: /home/emmm/Desktop/rm/ROS2/learn/chapter3/fastdds_ws/install/fastdds/include/fastdds/rtps/common/WriteParams.hpp
[128.686s] -- Installing: /home/emmm/Desktop/rm/ROS2/learn/chapter3/fastdds_ws/install/fastdds/include/fastdds/rtps/common/SequenceNumber.hpp
[128.686s] -- Installing: /home/emmm/Desktop/rm/ROS2/learn/chapter3/fastdds_ws/install/fastdds/include/fastdds/rtps/common/Types.hpp
[128.686s] -- Installing: /home/emmm/Desktop/rm/ROS2/learn/chapter3/fastdds_ws/install/fastdds/include/fastdds/rtps/common/EntityId_t.hpp
[128.686s] -- Installing: /home/emmm/Desktop/rm/ROS2/learn/chapter3/fastdds_ws/install/fastdds/include/fastdds/rtps/common/CDRMessage_t.hpp
[128.687s] -- Installing: /home/emmm/Desktop/rm/ROS2/learn/chapter3/fastdds_ws/install/fastdds/include/fastdds/rtps/common/GuidPrefix_t.hpp
[128.687s] -- Installing: /home/emmm/Desktop/rm/ROS2/learn/chapter3/fastdds_ws/install/fastdds/include/fastdds/rtps/common/ChangeKind_t.hpp
[128.687s] -- Installing: /home/emmm/Desktop/rm/ROS2/learn/chapter3/fastdds_ws/install/fastdds/include/fastdds/rtps/common/CdrSerialization.hpp
[128.687s] -- Installing: /home/emmm/Desktop/rm/ROS2/learn/chapter3/fastdds_ws/install/fastdds/include/fastdds/rtps/common/LocatorSelector.hpp
[128.687s] -- Installing: /home/emmm/Desktop/rm/ROS2/learn/chapter3/fastdds_ws/install/fastdds/include/fastdds/rtps/common/SerializedPayload.hpp
[128.687s] -- Installing: /home/emmm/Desktop/rm/ROS2/learn/chapter3/fastdds_ws/install/fastdds/include/fastdds/rtps/RTPSDomain.hpp
[128.687s] -- Installing: /home/emmm/Desktop/rm/ROS2/learn/chapter3/fastdds_ws/install/fastdds/include/fastdds/rtps/participant
[128.687s] -- Installing: /home/emmm/Desktop/rm/ROS2/learn/chapter3/fastdds_ws/install/fastdds/include/fastdds/rtps/participant/ParticipantDiscoveryInfo.hpp
[128.687s] -- Installing: /home/emmm/Desktop/rm/ROS2/learn/chapter3/fastdds_ws/install/fastdds/include/fastdds/rtps/participant/RTPSParticipant.hpp
[128.687s] -- Installing: /home/emmm/Desktop/rm/ROS2/learn/chapter3/fastdds_ws/install/fastdds/include/fastdds/rtps/participant/RTPSParticipantListener.hpp
[128.687s] -- Installing: /home/emmm/Desktop/rm/ROS2/learn/chapter3/fastdds_ws/install/fastdds/include/fastdds/rtps/transport
[128.687s] -- Installing: /home/emmm/Desktop/rm/ROS2/learn/chapter3/fastdds_ws/install/fastdds/include/fastdds/rtps/transport/SocketTransportDescriptor.hpp
[128.687s] -- Installing: /home/emmm/Desktop/rm/ROS2/learn/chapter3/fastdds_ws/install/fastdds/include/fastdds/rtps/transport/TransportDescriptorInterface.hpp
[128.687s] -- Installing: /home/emmm/Desktop/rm/ROS2/learn/chapter3/fastdds_ws/install/fastdds/include/fastdds/rtps/transport/TCPTransportDescriptor.hpp
[128.687s] -- Installing: /home/emmm/Desktop/rm/ROS2/learn/chapter3/fastdds_ws/install/fastdds/include/fastdds/rtps/transport/SenderResource.hpp
[128.687s] -- Installing: /home/emmm/Desktop/rm/ROS2/learn/chapter3/fastdds_ws/install/fastdds/include/fastdds/rtps/transport/PortBasedTransportDescriptor.hpp
[128.687s] -- Installing: /home/emmm/Desktop/rm/ROS2/learn/chapter3/fastdds_ws/install/fastdds/include/fastdds/rtps/transport/network
[128.687s] -- Installing: /home/emmm/Desktop/rm/ROS2/learn/chapter3/fastdds_ws/install/fastdds/include/fastdds/rtps/transport/network/NetworkInterfaceWithFilter.hpp
[128.687s] -- Installing: /home/emmm/Desktop/rm/ROS2/learn/chapter3/fastdds_ws/install/fastdds/include/fastdds/rtps/transport/network/NetmaskFilterKind.hpp
[128.687s] -- Installing: /home/emmm/Desktop/rm/ROS2/learn/chapter3/fastdds_ws/install/fastdds/include/fastdds/rtps/transport/network/AllowedNetworkInterface.hpp
[128.687s] -- Installing: /home/emmm/Desktop/rm/ROS2/learn/chapter3/fastdds_ws/install/fastdds/include/fastdds/rtps/transport/network/BlockedNetworkInterface.hpp
[128.687s] -- Installing: /home/emmm/Desktop/rm/ROS2/learn/chapter3/fastdds_ws/install/fastdds/include/fastdds/rtps/transport/network/NetworkInterface.hpp
[128.687s] -- Installing: /home/emmm/Desktop/rm/ROS2/learn/chapter3/fastdds_ws/install/fastdds/include/fastdds/rtps/transport/TransportReceiverInterface.hpp
[128.687s] -- Installing: /home/emmm/Desktop/rm/ROS2/learn/chapter3/fastdds_ws/install/fastdds/include/fastdds/rtps/transport/test_UDPv4TransportDescriptor.hpp
[128.688s] -- Installing: /home/emmm/Desktop/rm/ROS2/learn/chapter3/fastdds_ws/install/fastdds/include/fastdds/rtps/transport/shared_mem
[128.688s] -- Installing: /home/emmm/Desktop/rm/ROS2/learn/chapter3/fastdds_ws/install/fastdds/include/fastdds/rtps/transport/shared_mem/SharedMemTransportDescriptor.hpp
[128.688s] -- Installing: /home/emmm/Desktop/rm/ROS2/learn/chapter3/fastdds_ws/install/fastdds/include/fastdds/rtps/transport/shared_mem/test_SharedMemTransportDescriptor.hpp
[128.688s] -- Installing: /home/emmm/Desktop/rm/ROS2/learn/chapter3/fastdds_ws/install/fastdds/include/fastdds/rtps/transport/TCPv4TransportDescriptor.hpp
[128.688s] -- Installing: /home/emmm/Desktop/rm/ROS2/learn/chapter3/fastdds_ws/install/fastdds/include/fastdds/rtps/transport/TransportInterface.hpp
[128.688s] -- Installing: /home/emmm/Desktop/rm/ROS2/learn/chapter3/fastdds_ws/install/fastdds/include/fastdds/rtps/transport/NetworkBuffer.hpp
[128.688s] -- Installing: /home/emmm/Desktop/rm/ROS2/learn/chapter3/fastdds_ws/install/fastdds/include/fastdds/rtps/transport/UDPv6TransportDescriptor.hpp
[128.688s] -- Installing: /home/emmm/Desktop/rm/ROS2/learn/chapter3/fastdds_ws/install/fastdds/include/fastdds/rtps/transport/ChainingTransportDescriptor.hpp
[128.688s] -- Installing: /home/emmm/Desktop/rm/ROS2/learn/chapter3/fastdds_ws/install/fastdds/include/fastdds/rtps/transport/UDPv4TransportDescriptor.hpp
[128.688s] -- Installing: /home/emmm/Desktop/rm/ROS2/learn/chapter3/fastdds_ws/install/fastdds/include/fastdds/rtps/transport/UDPTransportDescriptor.hpp
[128.688s] -- Installing: /home/emmm/Desktop/rm/ROS2/learn/chapter3/fastdds_ws/install/fastdds/include/fastdds/rtps/transport/TCPv6TransportDescriptor.hpp
[128.688s] -- Installing: /home/emmm/Desktop/rm/ROS2/learn/chapter3/fastdds_ws/install/fastdds/include/fastdds/rtps/transport/ChainingTransport.hpp
[128.688s] -- Installing: /home/emmm/Desktop/rm/ROS2/learn/chapter3/fastdds_ws/install/fastdds/include/fastdds/fastdds_auto_link.hpp
[128.688s] -- Installing: /home/emmm/Desktop/rm/ROS2/learn/chapter3/fastdds_ws/install/fastdds/include/fastdds/fastdds_dll.hpp
[128.688s] -- Installing: /home/emmm/Desktop/rm/ROS2/learn/chapter3/fastdds_ws/install/fastdds/include/fastdds/dds
[128.688s] -- Installing: /home/emmm/Desktop/rm/ROS2/learn/chapter3/fastdds_ws/install/fastdds/include/fastdds/dds/publisher
[128.688s] -- Installing: /home/emmm/Desktop/rm/ROS2/learn/chapter3/fastdds_ws/install/fastdds/include/fastdds/dds/publisher/PublisherListener.hpp
[128.688s] -- Installing: /home/emmm/Desktop/rm/ROS2/learn/chapter3/fastdds_ws/install/fastdds/include/fastdds/dds/publisher/Publisher.hpp
[128.688s] -- Installing: /home/emmm/Desktop/rm/ROS2/learn/chapter3/fastdds_ws/install/fastdds/include/fastdds/dds/publisher/DataWriterListener.hpp
[128.688s] -- Installing: /home/emmm/Desktop/rm/ROS2/learn/chapter3/fastdds_ws/install/fastdds/include/fastdds/dds/publisher/qos
[128.688s] -- Installing: /home/emmm/Desktop/rm/ROS2/learn/chapter3/fastdds_ws/install/fastdds/include/fastdds/dds/publisher/qos/WriterQos.hpp
[128.688s] -- Installing: /home/emmm/Desktop/rm/ROS2/learn/chapter3/fastdds_ws/install/fastdds/include/fastdds/dds/publisher/qos/PublisherQos.hpp
[128.688s] -- Installing: /home/emmm/Desktop/rm/ROS2/learn/chapter3/fastdds_ws/install/fastdds/include/fastdds/dds/publisher/qos/DataWriterQos.hpp
[128.688s] -- Installing: /home/emmm/Desktop/rm/ROS2/learn/chapter3/fastdds_ws/install/fastdds/include/fastdds/dds/publisher/DataWriter.hpp
[128.689s] -- Installing: /home/emmm/Desktop/rm/ROS2/learn/chapter3/fastdds_ws/install/fastdds/include/fastdds/dds/subscriber
[128.689s] -- Installing: /home/emmm/Desktop/rm/ROS2/learn/chapter3/fastdds_ws/install/fastdds/include/fastdds/dds/subscriber/InstanceState.hpp
[128.689s] -- Installing: /home/emmm/Desktop/rm/ROS2/learn/chapter3/fastdds_ws/install/fastdds/include/fastdds/dds/subscriber/SubscriberListener.hpp
[128.689s] -- Installing: /home/emmm/Desktop/rm/ROS2/learn/chapter3/fastdds_ws/install/fastdds/include/fastdds/dds/subscriber/SampleInfo.hpp
[128.689s] -- Installing: /home/emmm/Desktop/rm/ROS2/learn/chapter3/fastdds_ws/install/fastdds/include/fastdds/dds/subscriber/Subscriber.hpp
[128.689s] -- Installing: /home/emmm/Desktop/rm/ROS2/learn/chapter3/fastdds_ws/install/fastdds/include/fastdds/dds/subscriber/DataReader.hpp
[128.689s] -- Installing: /home/emmm/Desktop/rm/ROS2/learn/chapter3/fastdds_ws/install/fastdds/include/fastdds/dds/subscriber/DataReaderListener.hpp
[128.689s] -- Installing: /home/emmm/Desktop/rm/ROS2/learn/chapter3/fastdds_ws/install/fastdds/include/fastdds/dds/subscriber/qos
[128.689s] -- Installing: /home/emmm/Desktop/rm/ROS2/learn/chapter3/fastdds_ws/install/fastdds/include/fastdds/dds/subscriber/qos/SubscriberQos.hpp
[128.690s] -- Installing: /home/emmm/Desktop/rm/ROS2/learn/chapter3/fastdds_ws/install/fastdds/include/fastdds/dds/subscriber/qos/DataReaderQos.hpp
[128.690s] -- Installing: /home/emmm/Desktop/rm/ROS2/learn/chapter3/fastdds_ws/install/fastdds/include/fastdds/dds/subscriber/qos/ReaderQos.hpp
[128.690s] -- Installing: /home/emmm/Desktop/rm/ROS2/learn/chapter3/fastdds_ws/install/fastdds/include/fastdds/dds/subscriber/ReadCondition.hpp
[128.690s] -- Installing: /home/emmm/Desktop/rm/ROS2/learn/chapter3/fastdds_ws/install/fastdds/include/fastdds/dds/subscriber/SampleState.hpp
[128.690s] -- Installing: /home/emmm/Desktop/rm/ROS2/learn/chapter3/fastdds_ws/install/fastdds/include/fastdds/dds/subscriber/ViewState.hpp
[128.690s] -- Installing: /home/emmm/Desktop/rm/ROS2/learn/chapter3/fastdds_ws/install/fastdds/include/fastdds/dds/rpc
[128.690s] -- Installing: /home/emmm/Desktop/rm/ROS2/learn/chapter3/fastdds_ws/install/fastdds/include/fastdds/dds/rpc/interfaces
[128.690s] -- Installing: /home/emmm/Desktop/rm/ROS2/learn/chapter3/fastdds_ws/install/fastdds/include/fastdds/dds/rpc/interfaces/RpcServerSchedulingStrategy.hpp
[128.690s] -- Installing: /home/emmm/Desktop/rm/ROS2/learn/chapter3/fastdds_ws/install/fastdds/include/fastdds/dds/rpc/interfaces/RpcServer.hpp
[128.691s] -- Installing: /home/emmm/Desktop/rm/ROS2/learn/chapter3/fastdds_ws/install/fastdds/include/fastdds/dds/rpc/interfaces/RpcStatusCode.hpp
[128.691s] -- Installing: /home/emmm/Desktop/rm/ROS2/learn/chapter3/fastdds_ws/install/fastdds/include/fastdds/dds/rpc/interfaces/RpcRequest.hpp
[128.691s] -- Installing: /home/emmm/Desktop/rm/ROS2/learn/chapter3/fastdds_ws/install/fastdds/include/fastdds/dds/rpc/interfaces/RpcFuture.hpp
[128.691s] -- Installing: /home/emmm/Desktop/rm/ROS2/learn/chapter3/fastdds_ws/install/fastdds/include/fastdds/dds/rpc/Service.hpp
[128.691s] -- Installing: /home/emmm/Desktop/rm/ROS2/learn/chapter3/fastdds_ws/install/fastdds/include/fastdds/dds/rpc/Requester.hpp
[128.691s] -- Installing: /home/emmm/Desktop/rm/ROS2/learn/chapter3/fastdds_ws/install/fastdds/include/fastdds/dds/rpc/RemoteExceptionCode_t.hpp
[128.691s] -- Installing: /home/emmm/Desktop/rm/ROS2/learn/chapter3/fastdds_ws/install/fastdds/include/fastdds/dds/rpc/RPCEntity.hpp
[128.691s] -- Installing: /home/emmm/Desktop/rm/ROS2/learn/chapter3/fastdds_ws/install/fastdds/include/fastdds/dds/rpc/RequestInfo.hpp
[128.691s] -- Installing: /home/emmm/Desktop/rm/ROS2/learn/chapter3/fastdds_ws/install/fastdds/include/fastdds/dds/rpc/interfaces.hpp
[128.691s] -- Installing: /home/emmm/Desktop/rm/ROS2/learn/chapter3/fastdds_ws/install/fastdds/include/fastdds/dds/rpc/exceptions
[128.692s] -- Installing: /home/emmm/Desktop/rm/ROS2/learn/chapter3/fastdds_ws/install/fastdds/include/fastdds/dds/rpc/exceptions/RpcTimeoutException.hpp
[128.692s] -- Installing: /home/emmm/Desktop/rm/ROS2/learn/chapter3/fastdds_ws/install/fastdds/include/fastdds/dds/rpc/exceptions/RpcOperationError.hpp
[128.692s] -- Installing: /home/emmm/Desktop/rm/ROS2/learn/chapter3/fastdds_ws/install/fastdds/include/fastdds/dds/rpc/exceptions/RemoteInvalidArgumentError.hpp
[128.692s] -- Installing: /home/emmm/Desktop/rm/ROS2/learn/chapter3/fastdds_ws/install/fastdds/include/fastdds/dds/rpc/exceptions/RemoteUnsupportedError.hpp
[128.692s] -- Installing: /home/emmm/Desktop/rm/ROS2/learn/chapter3/fastdds_ws/install/fastdds/include/fastdds/dds/rpc/exceptions/RpcException.hpp
[128.692s] -- Installing: /home/emmm/Desktop/rm/ROS2/learn/chapter3/fastdds_ws/install/fastdds/include/fastdds/dds/rpc/exceptions/RemoteOutOfResourcesError.hpp
[128.692s] -- Installing: /home/emmm/Desktop/rm/ROS2/learn/chapter3/fastdds_ws/install/fastdds/include/fastdds/dds/rpc/exceptions/RemoteUnknownExceptionError.hpp
[128.692s] -- Installing: /home/emmm/Desktop/rm/ROS2/learn/chapter3/fastdds_ws/install/fastdds/include/fastdds/dds/rpc/exceptions/RpcBrokenPipeException.hpp
[128.692s] -- Installing: /home/emmm/Desktop/rm/ROS2/learn/chapter3/fastdds_ws/install/fastdds/include/fastdds/dds/rpc/exceptions/RpcRemoteException.hpp
[128.693s] -- Installing: /home/emmm/Desktop/rm/ROS2/learn/chapter3/fastdds_ws/install/fastdds/include/fastdds/dds/rpc/exceptions/RemoteUnknownOperationError.hpp
[128.693s] -- Installing: /home/emmm/Desktop/rm/ROS2/learn/chapter3/fastdds_ws/install/fastdds/include/fastdds/dds/rpc/exceptions/RpcFeedCancelledException.hpp
[128.693s] -- Installing: /home/emmm/Desktop/rm/ROS2/learn/chapter3/fastdds_ws/install/fastdds/include/fastdds/dds/rpc/Replier.hpp
[128.693s] -- Installing: /home/emmm/Desktop/rm/ROS2/learn/chapter3/fastdds_ws/install/fastdds/include/fastdds/dds/rpc/RPCTypeObjectSupport.hpp
[128.693s] -- Installing: /home/emmm/Desktop/rm/ROS2/learn/chapter3/fastdds_ws/install/fastdds/include/fastdds/dds/rpc/exceptions.hpp
[128.693s] -- Installing: /home/emmm/Desktop/rm/ROS2/learn/chapter3/fastdds_ws/install/fastdds/include/fastdds/dds/rpc/ServiceTypeSupport.hpp
[128.693s] -- Installing: /home/emmm/Desktop/rm/ROS2/learn/chapter3/fastdds_ws/install/fastdds/include/fastdds/dds/builtin
[128.694s] -- Installing: /home/emmm/Desktop/rm/ROS2/learn/chapter3/fastdds_ws/install/fastdds/include/fastdds/dds/builtin/topic
[128.694s] -- Installing: /home/emmm/Desktop/rm/ROS2/learn/chapter3/fastdds_ws/install/fastdds/include/fastdds/dds/builtin/topic/BuiltinTopicKey.hpp
[128.694s] -- Installing: /home/emmm/Desktop/rm/ROS2/learn/chapter3/fastdds_ws/install/fastdds/include/fastdds/dds/builtin/topic/PublicationBuiltinTopicData.hpp
[128.694s] -- Installing: /home/emmm/Desktop/rm/ROS2/learn/chapter3/fastdds_ws/install/fastdds/include/fastdds/dds/builtin/topic/TopicBuiltinTopicData.hpp
[128.694s] -- Installing: /home/emmm/Desktop/rm/ROS2/learn/chapter3/fastdds_ws/install/fastdds/include/fastdds/dds/builtin/topic/ParticipantBuiltinTopicData.hpp
[128.694s] -- Installing: /home/emmm/Desktop/rm/ROS2/learn/chapter3/fastdds_ws/install/fastdds/include/fastdds/dds/builtin/topic/SubscriptionBuiltinTopicData.hpp
[128.694s] -- Installing: /home/emmm/Desktop/rm/ROS2/learn/chapter3/fastdds_ws/install/fastdds/include/fastdds/dds/topic
[128.694s] -- Installing: /home/emmm/Desktop/rm/ROS2/learn/chapter3/fastdds_ws/install/fastdds/include/fastdds/dds/topic/TopicDataType.hpp
[128.695s] -- Installing: /home/emmm/Desktop/rm/ROS2/learn/chapter3/fastdds_ws/install/fastdds/include/fastdds/dds/topic/TopicDescription.hpp
[128.695s] -- Installing: /home/emmm/Desktop/rm/ROS2/learn/chapter3/fastdds_ws/install/fastdds/include/fastdds/dds/topic/TypeSupport.hpp
[128.695s] -- Installing: /home/emmm/Desktop/rm/ROS2/learn/chapter3/fastdds_ws/install/fastdds/include/fastdds/dds/topic/ContentFilteredTopic.hpp
[128.695s] -- Installing: /home/emmm/Desktop/rm/ROS2/learn/chapter3/fastdds_ws/install/fastdds/include/fastdds/dds/topic/qos
[128.695s] -- Installing: /home/emmm/Desktop/rm/ROS2/learn/chapter3/fastdds_ws/install/fastdds/include/fastdds/dds/topic/qos/TopicQos.hpp
[128.695s] -- Installing: /home/emmm/Desktop/rm/ROS2/learn/chapter3/fastdds_ws/install/fastdds/include/fastdds/dds/topic/IContentFilterFactory.hpp
[128.695s] -- Installing: /home/emmm/Desktop/rm/ROS2/learn/chapter3/fastdds_ws/install/fastdds/include/fastdds/dds/topic/Topic.hpp
[128.695s] -- Installing: /home/emmm/Desktop/rm/ROS2/learn/chapter3/fastdds_ws/install/fastdds/include/fastdds/dds/topic/IContentFilter.hpp
[128.696s] -- Installing: /home/emmm/Desktop/rm/ROS2/learn/chapter3/fastdds_ws/install/fastdds/include/fastdds/dds/topic/TopicListener.hpp
[128.696s] -- Installing: /home/emmm/Desktop/rm/ROS2/learn/chapter3/fastdds_ws/install/fastdds/include/fastdds/dds/log
[128.696s] -- Installing: /home/emmm/Desktop/rm/ROS2/learn/chapter3/fastdds_ws/install/fastdds/include/fastdds/dds/log/Log.hpp
[128.696s] -- Installing: /home/emmm/Desktop/rm/ROS2/learn/chapter3/fastdds_ws/install/fastdds/include/fastdds/dds/log/OStreamConsumer.hpp
[128.696s] -- Installing: /home/emmm/Desktop/rm/ROS2/learn/chapter3/fastdds_ws/install/fastdds/include/fastdds/dds/log/StdoutErrConsumer.hpp
[128.696s] -- Installing: /home/emmm/Desktop/rm/ROS2/learn/chapter3/fastdds_ws/install/fastdds/include/fastdds/dds/log/Colors.hpp
[128.696s] -- Installing: /home/emmm/Desktop/rm/ROS2/learn/chapter3/fastdds_ws/install/fastdds/include/fastdds/dds/log/FileConsumer.hpp
[128.696s] -- Installing: /home/emmm/Desktop/rm/ROS2/learn/chapter3/fastdds_ws/install/fastdds/include/fastdds/dds/log/StdoutConsumer.hpp
[128.697s] -- Installing: /home/emmm/Desktop/rm/ROS2/learn/chapter3/fastdds_ws/install/fastdds/include/fastdds/dds/core
[128.697s] -- Installing: /home/emmm/Desktop/rm/ROS2/learn/chapter3/fastdds_ws/install/fastdds/include/fastdds/dds/core/StackAllocatedSequence.hpp
[128.697s] -- Installing: /home/emmm/Desktop/rm/ROS2/learn/chapter3/fastdds_ws/install/fastdds/include/fastdds/dds/core/UserAllocatedSequence.hpp
[128.697s] -- Installing: /home/emmm/Desktop/rm/ROS2/learn/chapter3/fastdds_ws/install/fastdds/include/fastdds/dds/core/LoanableTypedCollection.hpp
[128.697s] -- Installing: /home/emmm/Desktop/rm/ROS2/learn/chapter3/fastdds_ws/install/fastdds/include/fastdds/dds/core/LoanableArray.hpp
[128.697s] -- Installing: /home/emmm/Desktop/rm/ROS2/learn/chapter3/fastdds_ws/install/fastdds/include/fastdds/dds/core/ReturnCode.hpp
[128.698s] -- Installing: /home/emmm/Desktop/rm/ROS2/learn/chapter3/fastdds_ws/install/fastdds/include/fastdds/dds/core/Time_t.hpp
[128.698s] -- Installing: /home/emmm/Desktop/rm/ROS2/learn/chapter3/fastdds_ws/install/fastdds/include/fastdds/dds/core/Entity.hpp
[128.698s] -- Installing: /home/emmm/Desktop/rm/ROS2/learn/chapter3/fastdds_ws/install/fastdds/include/fastdds/dds/core/LoanableSequence.hpp
[128.698s] -- Installing: /home/emmm/Desktop/rm/ROS2/learn/chapter3/fastdds_ws/install/fastdds/include/fastdds/dds/core/status
[128.698s] -- Installing: /home/emmm/Desktop/rm/ROS2/learn/chapter3/fastdds_ws/install/fastdds/include/fastdds/dds/core/status/MatchedStatus.hpp
[128.698s] -- Installing: /home/emmm/Desktop/rm/ROS2/learn/chapter3/fastdds_ws/install/fastdds/include/fastdds/dds/core/status/PublicationMatchedStatus.hpp
[128.698s] -- Installing: /home/emmm/Desktop/rm/ROS2/learn/chapter3/fastdds_ws/install/fastdds/include/fastdds/dds/core/status/BaseStatus.hpp
[128.699s] -- Installing: /home/emmm/Desktop/rm/ROS2/learn/chapter3/fastdds_ws/install/fastdds/include/fastdds/dds/core/status/IncompatibleQosStatus.hpp
[128.699s] -- Installing: /home/emmm/Desktop/rm/ROS2/learn/chapter3/fastdds_ws/install/fastdds/include/fastdds/dds/core/status/SubscriptionMatchedStatus.hpp
[128.699s] -- Installing: /home/emmm/Desktop/rm/ROS2/learn/chapter3/fastdds_ws/install/fastdds/include/fastdds/dds/core/status/SampleRejectedStatus.hpp
[128.699s] -- Installing: /home/emmm/Desktop/rm/ROS2/learn/chapter3/fastdds_ws/install/fastdds/include/fastdds/dds/core/status/LivelinessChangedStatus.hpp
[128.699s] -- Installing: /home/emmm/Desktop/rm/ROS2/learn/chapter3/fastdds_ws/install/fastdds/include/fastdds/dds/core/status/StatusMask.hpp
[128.699s] -- Installing: /home/emmm/Desktop/rm/ROS2/learn/chapter3/fastdds_ws/install/fastdds/include/fastdds/dds/core/status/DeadlineMissedStatus.hpp
[128.700s] -- Installing: /home/emmm/Desktop/rm/ROS2/learn/chapter3/fastdds_ws/install/fastdds/include/fastdds/dds/core/policy
[128.700s] -- Installing: /home/emmm/Desktop/rm/ROS2/learn/chapter3/fastdds_ws/install/fastdds/include/fastdds/dds/core/policy/ParameterTypes.hpp
[128.700s] -- Installing: /home/emmm/Desktop/rm/ROS2/learn/chapter3/fastdds_ws/install/fastdds/include/fastdds/dds/core/policy/ReaderDataLifecycleQosPolicy.hpp
[128.700s] -- Installing: /home/emmm/Desktop/rm/ROS2/learn/chapter3/fastdds_ws/install/fastdds/include/fastdds/dds/core/policy/RTPSReliableReaderQos.hpp
[128.700s] -- Installing: /home/emmm/Desktop/rm/ROS2/learn/chapter3/fastdds_ws/install/fastdds/include/fastdds/dds/core/policy/RTPSReliableWriterQos.hpp
[128.700s] -- Installing: /home/emmm/Desktop/rm/ROS2/learn/chapter3/fastdds_ws/install/fastdds/include/fastdds/dds/core/policy/ReaderResourceLimitsQos.hpp
[128.701s] -- Installing: /home/emmm/Desktop/rm/ROS2/learn/chapter3/fastdds_ws/install/fastdds/include/fastdds/dds/core/policy/QosPolicies.hpp
[128.701s] -- Installing: /home/emmm/Desktop/rm/ROS2/learn/chapter3/fastdds_ws/install/fastdds/include/fastdds/dds/core/policy/WriterDataLifecycleQosPolicy.hpp
[128.701s] -- Installing: /home/emmm/Desktop/rm/ROS2/learn/chapter3/fastdds_ws/install/fastdds/include/fastdds/dds/core/LoanableCollection.hpp
[128.701s] -- Installing: /home/emmm/Desktop/rm/ROS2/learn/chapter3/fastdds_ws/install/fastdds/include/fastdds/dds/core/Types.hpp
[128.701s] -- Installing: /home/emmm/Desktop/rm/ROS2/learn/chapter3/fastdds_ws/install/fastdds/include/fastdds/dds/core/condition
[128.701s] -- Installing: /home/emmm/Desktop/rm/ROS2/learn/chapter3/fastdds_ws/install/fastdds/include/fastdds/dds/core/condition/StatusCondition.hpp
[128.702s] -- Installing: /home/emmm/Desktop/rm/ROS2/learn/chapter3/fastdds_ws/install/fastdds/include/fastdds/dds/core/condition/WaitSet.hpp
[128.702s] -- Installing: /home/emmm/Desktop/rm/ROS2/learn/chapter3/fastdds_ws/install/fastdds/include/fastdds/dds/core/condition/GuardCondition.hpp
[128.702s] -- Installing: /home/emmm/Desktop/rm/ROS2/learn/chapter3/fastdds_ws/install/fastdds/include/fastdds/dds/core/condition/Condition.hpp
[128.702s] -- Installing: /home/emmm/Desktop/rm/ROS2/learn/chapter3/fastdds_ws/install/fastdds/include/fastdds/dds/core/detail
[128.702s] -- Installing: /home/emmm/Desktop/rm/ROS2/learn/chapter3/fastdds_ws/install/fastdds/include/fastdds/dds/core/detail/DDSSecurityReturnCode.hpp
[128.702s] -- Installing: /home/emmm/Desktop/rm/ROS2/learn/chapter3/fastdds_ws/install/fastdds/include/fastdds/dds/core/detail/DDSReturnCode.hpp
[128.702s] -- Installing: /home/emmm/Desktop/rm/ROS2/learn/chapter3/fastdds_ws/install/fastdds/include/fastdds/dds/common
[128.702s] -- Installing: /home/emmm/Desktop/rm/ROS2/learn/chapter3/fastdds_ws/install/fastdds/include/fastdds/dds/common/InstanceHandle.hpp
[128.702s] -- Installing: /home/emmm/Desktop/rm/ROS2/learn/chapter3/fastdds_ws/install/fastdds/include/fastdds/dds/domain
[128.702s] -- Installing: /home/emmm/Desktop/rm/ROS2/learn/chapter3/fastdds_ws/install/fastdds/include/fastdds/dds/domain/DomainParticipantListener.hpp
[128.703s] -- Installing: /home/emmm/Desktop/rm/ROS2/learn/chapter3/fastdds_ws/install/fastdds/include/fastdds/dds/domain/qos
[128.703s] -- Installing: /home/emmm/Desktop/rm/ROS2/learn/chapter3/fastdds_ws/install/fastdds/include/fastdds/dds/domain/qos/RequesterQos.hpp
[128.703s] -- Installing: /home/emmm/Desktop/rm/ROS2/learn/chapter3/fastdds_ws/install/fastdds/include/fastdds/dds/domain/qos/DomainParticipantExtendedQos.hpp
[128.703s] -- Installing: /home/emmm/Desktop/rm/ROS2/learn/chapter3/fastdds_ws/install/fastdds/include/fastdds/dds/domain/qos/DomainParticipantFactoryQos.hpp
[128.703s] -- Installing: /home/emmm/Desktop/rm/ROS2/learn/chapter3/fastdds_ws/install/fastdds/include/fastdds/dds/domain/qos/ReplierQos.hpp
[128.703s] -- Installing: /home/emmm/Desktop/rm/ROS2/learn/chapter3/fastdds_ws/install/fastdds/include/fastdds/dds/domain/qos/DomainParticipantQos.hpp
[128.703s] -- Installing: /home/emmm/Desktop/rm/ROS2/learn/chapter3/fastdds_ws/install/fastdds/include/fastdds/dds/domain/DomainParticipant.hpp
[128.703s] -- Installing: /home/emmm/Desktop/rm/ROS2/learn/chapter3/fastdds_ws/install/fastdds/include/fastdds/dds/domain/DomainParticipantFactory.hpp
[128.703s] -- Installing: /home/emmm/Desktop/rm/ROS2/learn/chapter3/fastdds_ws/install/fastdds/include/fastdds/dds/xtypes
[128.703s] -- Installing: /home/emmm/Desktop/rm/ROS2/learn/chapter3/fastdds_ws/install/fastdds/include/fastdds/dds/xtypes/common.hpp
[128.703s] -- Installing: /home/emmm/Desktop/rm/ROS2/learn/chapter3/fastdds_ws/install/fastdds/include/fastdds/dds/xtypes/utils.hpp
[128.703s] -- Installing: /home/emmm/Desktop/rm/ROS2/learn/chapter3/fastdds_ws/install/fastdds/include/fastdds/dds/xtypes/type_representation
[128.703s] -- Installing: /home/emmm/Desktop/rm/ROS2/learn/chapter3/fastdds_ws/install/fastdds/include/fastdds/dds/xtypes/type_representation/ITypeObjectRegistry.hpp
[128.703s] -- Installing: /home/emmm/Desktop/rm/ROS2/learn/chapter3/fastdds_ws/install/fastdds/include/fastdds/dds/xtypes/type_representation/TypeObjectUtils.hpp
[128.703s] -- Installing: /home/emmm/Desktop/rm/ROS2/learn/chapter3/fastdds_ws/install/fastdds/include/fastdds/dds/xtypes/type_representation/TypeObject.hpp
[128.703s] -- Installing: /home/emmm/Desktop/rm/ROS2/learn/chapter3/fastdds_ws/install/fastdds/include/fastdds/dds/xtypes/type_representation/detail
[128.704s] -- Installing: /home/emmm/Desktop/rm/ROS2/learn/chapter3/fastdds_ws/install/fastdds/include/fastdds/dds/xtypes/type_representation/detail/dds_xtypes_typeobject.hpp
[128.704s] -- Installing: /home/emmm/Desktop/rm/ROS2/learn/chapter3/fastdds_ws/install/fastdds/include/fastdds/dds/xtypes/type_representation/detail/dds_xtypes_typeobjectCdrAux.hpp
[128.704s] -- Installing: /home/emmm/Desktop/rm/ROS2/learn/chapter3/fastdds_ws/install/fastdds/include/fastdds/dds/xtypes/type_representation/detail/dds_xtypes_typeobjectPubSubTypes.hpp
[128.704s] -- Installing: /home/emmm/Desktop/rm/ROS2/learn/chapter3/fastdds_ws/install/fastdds/include/fastdds/dds/xtypes/dynamic_types
[128.704s] -- Installing: /home/emmm/Desktop/rm/ROS2/learn/chapter3/fastdds_ws/install/fastdds/include/fastdds/dds/xtypes/dynamic_types/DynamicDataFactory.hpp
[128.704s] -- Installing: /home/emmm/Desktop/rm/ROS2/learn/chapter3/fastdds_ws/install/fastdds/include/fastdds/dds/xtypes/dynamic_types/DynamicTypeBuilderFactory.hpp
[128.704s] -- Installing: /home/emmm/Desktop/rm/ROS2/learn/chapter3/fastdds_ws/install/fastdds/include/fastdds/dds/xtypes/dynamic_types/AnnotationDescriptor.hpp
[128.704s] -- Installing: /home/emmm/Desktop/rm/ROS2/learn/chapter3/fastdds_ws/install/fastdds/include/fastdds/dds/xtypes/dynamic_types/DynamicPubSubType.hpp
[128.705s] -- Installing: /home/emmm/Desktop/rm/ROS2/learn/chapter3/fastdds_ws/install/fastdds/include/fastdds/dds/xtypes/dynamic_types/MemberDescriptor.hpp
[128.705s] -- Installing: /home/emmm/Desktop/rm/ROS2/learn/chapter3/fastdds_ws/install/fastdds/include/fastdds/dds/xtypes/dynamic_types/type_traits.hpp
[128.705s] -- Installing: /home/emmm/Desktop/rm/ROS2/learn/chapter3/fastdds_ws/install/fastdds/include/fastdds/dds/xtypes/dynamic_types/TypeDescriptor.hpp
[128.705s] -- Installing: /home/emmm/Desktop/rm/ROS2/learn/chapter3/fastdds_ws/install/fastdds/include/fastdds/dds/xtypes/dynamic_types/DynamicTypeBuilder.hpp
[128.705s] -- Installing: /home/emmm/Desktop/rm/ROS2/learn/chapter3/fastdds_ws/install/fastdds/include/fastdds/dds/xtypes/dynamic_types/Types.hpp
[128.705s] -- Installing: /home/emmm/Desktop/rm/ROS2/learn/chapter3/fastdds_ws/install/fastdds/include/fastdds/dds/xtypes/dynamic_types/DynamicData.hpp
[128.705s] -- Installing: /home/emmm/Desktop/rm/ROS2/learn/chapter3/fastdds_ws/install/fastdds/include/fastdds/dds/xtypes/dynamic_types/VerbatimTextDescriptor.hpp
[128.706s] -- Installing: /home/emmm/Desktop/rm/ROS2/learn/chapter3/fastdds_ws/install/fastdds/include/fastdds/dds/xtypes/dynamic_types/DynamicTypeMember.hpp
[128.706s] -- Installing: /home/emmm/Desktop/rm/ROS2/learn/chapter3/fastdds_ws/install/fastdds/include/fastdds/dds/xtypes/dynamic_types/DynamicType.hpp
[128.706s] -- Installing: /home/emmm/Desktop/rm/ROS2/learn/chapter3/fastdds_ws/install/fastdds/include/fastdds/dds/xtypes/dynamic_types/detail
[128.706s] -- Installing: /home/emmm/Desktop/rm/ROS2/learn/chapter3/fastdds_ws/install/fastdds/include/fastdds/dds/xtypes/dynamic_types/detail/type_traits.hpp
[128.706s] -- Installing: /home/emmm/Desktop/rm/ROS2/learn/chapter3/fastdds_ws/install/fastdds/include/fastdds/dds/xtypes/dynamic_types/detail/dynamic_language_binding.hpp
[128.706s] -- Installing: /home/emmm/Desktop/rm/ROS2/learn/chapter3/fastdds_ws/install/fastdds/include/fastdds/dds/xtypes/exception
[128.707s] -- Installing: /home/emmm/Desktop/rm/ROS2/learn/chapter3/fastdds_ws/install/fastdds/include/fastdds/dds/xtypes/exception/Exception.hpp
[128.707s] -- Installing: /home/emmm/Desktop/rm/ROS2/learn/chapter3/fastdds_ws/install/fastdds/include/fastdds/config.hpp
[128.707s] -- Up-to-date: /home/emmm/Desktop/rm/ROS2/learn/chapter3/fastdds_ws/install/fastdds/include/fastdds/statistics
[128.707s] -- Up-to-date: /home/emmm/Desktop/rm/ROS2/learn/chapter3/fastdds_ws/install/fastdds/include/fastdds/statistics/rtps
[128.707s] -- Up-to-date: /home/emmm/Desktop/rm/ROS2/learn/chapter3/fastdds_ws/install/fastdds/include/fastdds/statistics/rtps/monitor_service
[128.707s] -- Installing: /home/emmm/Desktop/rm/ROS2/learn/chapter3/fastdds_ws/install/fastdds/include/fastdds/statistics/types.idl
[128.707s] -- Installing: /home/emmm/Desktop/rm/ROS2/learn/chapter3/fastdds_ws/install/fastdds/include/fastdds/statistics/monitorservice_types.idl
[128.707s] -- Up-to-date: /home/emmm/Desktop/rm/ROS2/learn/chapter3/fastdds_ws/install/fastdds/include/fastdds/statistics/dds
[128.707s] -- Up-to-date: /home/emmm/Desktop/rm/ROS2/learn/chapter3/fastdds_ws/install/fastdds/include/fastdds/statistics/dds/publisher
[128.708s] -- Up-to-date: /home/emmm/Desktop/rm/ROS2/learn/chapter3/fastdds_ws/install/fastdds/include/fastdds/statistics/dds/publisher/qos
[128.708s] -- Up-to-date: /home/emmm/Desktop/rm/ROS2/learn/chapter3/fastdds_ws/install/fastdds/include/fastdds/statistics/dds/subscriber
[128.708s] -- Up-to-date: /home/emmm/Desktop/rm/ROS2/learn/chapter3/fastdds_ws/install/fastdds/include/fastdds/statistics/dds/subscriber/qos
[128.708s] -- Up-to-date: /home/emmm/Desktop/rm/ROS2/learn/chapter3/fastdds_ws/install/fastdds/include/fastdds/statistics/dds/domain
[128.708s] -- Installing: /home/emmm/Desktop/rm/ROS2/learn/chapter3/fastdds_ws/install/fastdds/lib/libfastdds.so.3.4.1.0
[128.717s] -- Installing: /home/emmm/Desktop/rm/ROS2/learn/chapter3/fastdds_ws/install/fastdds/lib/libfastdds.so.3.4
[128.718s] -- Set runtime path of "/home/emmm/Desktop/rm/ROS2/learn/chapter3/fastdds_ws/install/fastdds/lib/libfastdds.so.3.4.1.0" to ""
[128.718s] -- Installing: /home/emmm/Desktop/rm/ROS2/learn/chapter3/fastdds_ws/install/fastdds/lib/libfastdds.so
[128.718s] -- Installing: /home/emmm/Desktop/rm/ROS2/learn/chapter3/fastdds_ws/install/fastdds/share/fastdds/cmake/fastdds-shared-targets.cmake
[128.718s] -- Installing: /home/emmm/Desktop/rm/ROS2/learn/chapter3/fastdds_ws/install/fastdds/share/fastdds/cmake/fastdds-shared-targets-release.cmake
[128.718s] -- Installing: /home/emmm/Desktop/rm/ROS2/learn/chapter3/fastdds_ws/install/fastdds/share/fastdds/cmake/fastdds-config.cmake
[128.718s] -- Installing: /home/emmm/Desktop/rm/ROS2/learn/chapter3/fastdds_ws/install/fastdds/share/fastdds/cmake/fastdds-config-version.cmake
[128.718s] -- Installing: /home/emmm/Desktop/rm/ROS2/learn/chapter3/fastdds_ws/install/fastdds/include/fastdds/thirdparty/optionparser
[128.718s] -- Installing: /home/emmm/Desktop/rm/ROS2/learn/chapter3/fastdds_ws/install/fastdds/include/fastdds/thirdparty/optionparser/optionparser.hpp
[128.718s] -- Installing: /home/emmm/Desktop/rm/ROS2/learn/chapter3/fastdds_ws/install/fastdds/include/fastdds/thirdparty/optionparser/optionparser
[128.718s] -- Installing: /home/emmm/Desktop/rm/ROS2/learn/chapter3/fastdds_ws/install/fastdds/include/fastdds/thirdparty/optionparser/optionparser/optionparser.h
[128.718s] -- Installing: /home/emmm/Desktop/rm/ROS2/learn/chapter3/fastdds_ws/install/fastdds/share/fastdds/cmake/optionparser-targets.cmake
[128.719s] -- Installing: /home/emmm/Desktop/rm/ROS2/learn/chapter3/fastdds_ws/install/fastdds/bin/fast-discovery-server-1.0.1
[128.719s] -- Set runtime path of "/home/emmm/Desktop/rm/ROS2/learn/chapter3/fastdds_ws/install/fastdds/bin/fast-discovery-server-1.0.1" to ""
[128.727s] -- Installing: /home/emmm/Desktop/rm/ROS2/learn/chapter3/fastdds_ws/install/fastdds/tools/fastdds
[128.728s] -- Installing: /home/emmm/Desktop/rm/ROS2/learn/chapter3/fastdds_ws/install/fastdds/tools/fastdds/shm
[128.728s] -- Installing: /home/emmm/Desktop/rm/ROS2/learn/chapter3/fastdds_ws/install/fastdds/tools/fastdds/shm/clean.py
[128.728s] -- Installing: /home/emmm/Desktop/rm/ROS2/learn/chapter3/fastdds_ws/install/fastdds/tools/fastdds/shm/parser.py
[128.728s] -- Installing: /home/emmm/Desktop/rm/ROS2/learn/chapter3/fastdds_ws/install/fastdds/tools/fastdds/fastdds.py
[128.728s] -- Installing: /home/emmm/Desktop/rm/ROS2/learn/chapter3/fastdds_ws/install/fastdds/tools/fastdds/discovery
[128.728s] -- Installing: /home/emmm/Desktop/rm/ROS2/learn/chapter3/fastdds_ws/install/fastdds/tools/fastdds/discovery/parser.py
[128.728s] -- Installing: /home/emmm/Desktop/rm/ROS2/learn/chapter3/fastdds_ws/install/fastdds/tools/fastdds/discovery/fastdds_daemon
[128.729s] -- Installing: /home/emmm/Desktop/rm/ROS2/learn/chapter3/fastdds_ws/install/fastdds/tools/fastdds/discovery/fastdds_daemon/process_handler
[128.729s] -- Installing: /home/emmm/Desktop/rm/ROS2/learn/chapter3/fastdds_ws/install/fastdds/tools/fastdds/discovery/fastdds_daemon/process_handler/process_handler.py
[128.729s] -- Installing: /home/emmm/Desktop/rm/ROS2/learn/chapter3/fastdds_ws/install/fastdds/tools/fastdds/discovery/fastdds_daemon/process_handler/__init__.py
[128.729s] -- Installing: /home/emmm/Desktop/rm/ROS2/learn/chapter3/fastdds_ws/install/fastdds/tools/fastdds/discovery/fastdds_daemon/helpers.py
[128.729s] -- Installing: /home/emmm/Desktop/rm/ROS2/learn/chapter3/fastdds_ws/install/fastdds/tools/fastdds/discovery/fastdds_daemon/daemon
[128.729s] -- Installing: /home/emmm/Desktop/rm/ROS2/learn/chapter3/fastdds_ws/install/fastdds/tools/fastdds/discovery/fastdds_daemon/daemon/daemonize.py
[128.729s] -- Installing: /home/emmm/Desktop/rm/ROS2/learn/chapter3/fastdds_ws/install/fastdds/tools/fastdds/discovery/fastdds_daemon/daemon/__init__.py
[128.729s] -- Installing: /home/emmm/Desktop/rm/ROS2/learn/chapter3/fastdds_ws/install/fastdds/tools/fastdds/discovery/fastdds_daemon/xmlrpc_local
[128.729s] -- Installing: /home/emmm/Desktop/rm/ROS2/learn/chapter3/fastdds_ws/install/fastdds/tools/fastdds/discovery/fastdds_daemon/xmlrpc_local/local_server.py
[128.730s] -- Installing: /home/emmm/Desktop/rm/ROS2/learn/chapter3/fastdds_ws/install/fastdds/tools/fastdds/discovery/fastdds_daemon/xmlrpc_local/__init__.py
[128.730s] -- Installing: /home/emmm/Desktop/rm/ROS2/learn/chapter3/fastdds_ws/install/fastdds/tools/fastdds/discovery/fastdds_daemon/xmlrpc_local/local_client.py
[128.730s] -- Installing: /home/emmm/Desktop/rm/ROS2/learn/chapter3/fastdds_ws/install/fastdds/tools/fastdds/discovery/fastdds_daemon/node
[128.730s] -- Installing: /home/emmm/Desktop/rm/ROS2/learn/chapter3/fastdds_ws/install/fastdds/tools/fastdds/discovery/fastdds_daemon/node/daemon_node.py
[128.730s] -- Installing: /home/emmm/Desktop/rm/ROS2/learn/chapter3/fastdds_ws/install/fastdds/tools/fastdds/discovery/fastdds_daemon/node/__init__.py
[128.730s] -- Installing: /home/emmm/Desktop/rm/ROS2/learn/chapter3/fastdds_ws/install/fastdds/tools/fastdds/xml_ci
[128.730s] -- Installing: /home/emmm/Desktop/rm/ROS2/learn/chapter3/fastdds_ws/install/fastdds/tools/fastdds/xml_ci/parser.py
[128.730s] -- Installing: /home/emmm/Desktop/rm/ROS2/learn/chapter3/fastdds_ws/install/fastdds/tools/fastdds/xml_ci/validate.py
[128.730s] -- Up-to-date: /home/emmm/Desktop/rm/ROS2/learn/chapter3/fastdds_ws/install/fastdds/bin
[128.730s] -- Installing: /home/emmm/Desktop/rm/ROS2/learn/chapter3/fastdds_ws/install/fastdds/bin/fastdds
[128.730s] -- Installing: /home/emmm/Desktop/rm/ROS2/learn/chapter3/fastdds_ws/install/fastdds/bin/ros-discovery
[128.731s] -- Installing: /home/emmm/Desktop/rm/ROS2/learn/chapter3/fastdds_ws/install/fastdds/share/fastdds/LICENSE
[128.731s] -- Installing: /home/emmm/Desktop/rm/ROS2/learn/chapter3/fastdds_ws/install/fastdds/share/fastdds/fastdds_profiles.xsd
[128.731s] -- Installing: /home/emmm/Desktop/rm/ROS2/learn/chapter3/fastdds_ws/install/fastdds/share/fastdds/fastdds_static_discovery.xsd
[128.733s] Invoked command in '/home/emmm/Desktop/rm/ROS2/learn/chapter3/fastdds_ws/build/fastdds' returned '0': CMAKE_PREFIX_PATH=/home/emmm/Desktop/rm/ROS2/learn/chapter3/fastdds_ws/install/foonathan_memory_vendor:/home/emmm/Desktop/rm/ROS2/learn/chapter3/fastdds_ws/install/fastcdr LD_LIBRARY_PATH=/home/emmm/Desktop/rm/ROS2/learn/chapter3/fastdds_ws/install/fastcdr/lib:${LD_LIBRARY_PATH} PKG_CONFIG_PATH=/home/emmm/Desktop/rm/ROS2/learn/chapter3/fastdds_ws/install/foonathan_memory_vendor/lib/x86_64-linux-gnu/pkgconfig:/home/emmm/Desktop/rm/ROS2/learn/chapter3/fastdds_ws/install/foonathan_memory_vendor/lib/pkgconfig /usr/bin/cmake --install /home/emmm/Desktop/rm/ROS2/learn/chapter3/fastdds_ws/build/fastdds
