[0.009s] Invoking command in '/home/emmm/Desktop/rm/ROS2/learn/chapter3/interface_ws/build/example_ros2_interfaces': CMAKE_PREFIX_PATH=/opt/ros/humble /usr/bin/cmake /home/emmm/Desktop/rm/ROS2/learn/chapter3/interface_ws/src/example_ros2_interfaces -DCMAKE_INSTALL_PREFIX=/home/emmm/Desktop/rm/ROS2/learn/chapter3/interface_ws/install/example_ros2_interfaces
[0.077s] -- The C compiler identification is GNU 11.4.0
[0.119s] -- The CXX compiler identification is GNU 11.4.0
[0.124s] -- Detecting C compiler ABI info
[0.186s] -- Detecting C compiler ABI info - done
[0.191s] -- Check for working C compiler: /usr/bin/cc - skipped
[0.191s] -- Detecting C compile features
[0.192s] -- Detecting C compile features - done
[0.194s] -- Detecting CXX compiler ABI info
[0.290s] -- Detecting CXX compiler ABI info - done
[0.297s] -- Check for working CXX compiler: /usr/bin/c++ - skipped
[0.297s] -- Detecting CXX compile features
[0.298s] -- Detecting CXX compile features - done
[0.300s] -- Found ament_cmake: 1.3.12 (/opt/ros/humble/share/ament_cmake/cmake)
[0.445s] -- Found Python3: /usr/bin/python3 (found version "3.10.12") found components: Interpreter 
[0.506s] -- Found rosidl_default_generators: 1.2.0 (/opt/ros/humble/share/rosidl_default_generators/cmake)
[0.507s] -- Using all available rosidl_typesupport_c: rosidl_typesupport_fastrtps_c;rosidl_typesupport_introspection_c
[0.511s] -- Found rosidl_adapter: 3.1.8 (/opt/ros/humble/share/rosidl_adapter/cmake)
[0.536s] -- Using all available rosidl_typesupport_cpp: rosidl_typesupport_fastrtps_cpp;rosidl_typesupport_introspection_cpp
[0.556s] -- Found geometry_msgs: 4.9.0 (/opt/ros/humble/share/geometry_msgs/cmake)
[0.583s] [31mCMake Error at /opt/ros/humble/share/rosidl_cmake/cmake/rosidl_generate_interfaces.cmake:93 (message):
[0.583s]   rosidl_generate_interfaces() the passed file 'msg/RobotStaus.msg' doesn't
[0.583s]   exist relative to the CMAKE_CURRENT_SOURCE_DIR
[0.583s]   '/home/emmm/Desktop/rm/ROS2/learn/chapter3/interface_ws/src/example_ros2_interfaces'
[0.583s] Call Stack (most recent call first):
[0.583s]   CMakeLists.txt:15 (rosidl_generate_interfaces)
[0.583s] 
[0.583s] [0m
[0.583s] -- Configuring incomplete, errors occurred!
[0.583s] See also "/home/emmm/Desktop/rm/ROS2/learn/chapter3/interface_ws/build/example_ros2_interfaces/CMakeFiles/CMakeOutput.log".
[0.587s] Invoked command in '/home/emmm/Desktop/rm/ROS2/learn/chapter3/interface_ws/build/example_ros2_interfaces' returned '1': CMAKE_PREFIX_PATH=/opt/ros/humble /usr/bin/cmake /home/emmm/Desktop/rm/ROS2/learn/chapter3/interface_ws/src/example_ros2_interfaces -DCMAKE_INSTALL_PREFIX=/home/emmm/Desktop/rm/ROS2/learn/chapter3/interface_ws/install/example_ros2_interfaces
