[0.007s] Invoking command in '/home/emmm/Desktop/rm/ROS2/learn/chapter3/fastdds_ws/build/foonathan_memory_vendor': CMAKE_PREFIX_PATH=/opt/ros/humble /usr/bin/cmake /home/emmm/Desktop/rm/ROS2/learn/chapter3/fastdds_ws/src/foonathan_memory_vendor -DCMAKE_INSTALL_PREFIX=/home/emmm/Desktop/rm/ROS2/learn/chapter3/fastdds_ws/install/foonathan_memory_vendor
[0.081s] -- The C compiler identification is GNU 11.4.0
[0.126s] -- The CXX compiler identification is GNU 11.4.0
[0.135s] -- Detecting C compiler ABI info
[0.205s] -- Detecting C compiler ABI info - done
[0.212s] -- Check for working C compiler: /usr/bin/cc - skipped
[0.212s] -- Detecting C compile features
[0.213s] -- Detecting C compile features - done
[0.215s] -- Detecting CXX compiler ABI info
[0.306s] -- Detecting CXX compiler ABI info - done
[0.313s] -- Check for working CXX compiler: /usr/bin/c++ - skipped
[0.314s] -- Detecting CXX compile features
[0.314s] -- Detecting CXX compile features - done
[0.332s] foonathan_memory found.
[0.333s] -- Found foonathan_memory
[0.468s] -- Found Python3: /usr/bin/python3 (found version "3.10.12") found components: Interpreter 
[0.541s] -- Configuring done
[0.542s] -- Generating done
[0.543s] -- Build files have been written to: /home/emmm/Desktop/rm/ROS2/learn/chapter3/fastdds_ws/build/foonathan_memory_vendor
[0.547s] Invoked command in '/home/emmm/Desktop/rm/ROS2/learn/chapter3/fastdds_ws/build/foonathan_memory_vendor' returned '0': CMAKE_PREFIX_PATH=/opt/ros/humble /usr/bin/cmake /home/emmm/Desktop/rm/ROS2/learn/chapter3/fastdds_ws/src/foonathan_memory_vendor -DCMAKE_INSTALL_PREFIX=/home/emmm/Desktop/rm/ROS2/learn/chapter3/fastdds_ws/install/foonathan_memory_vendor
[0.549s] Invoking command in '/home/emmm/Desktop/rm/ROS2/learn/chapter3/fastdds_ws/build/foonathan_memory_vendor': CMAKE_PREFIX_PATH=/opt/ros/humble /usr/bin/cmake --build /home/emmm/Desktop/rm/ROS2/learn/chapter3/fastdds_ws/build/foonathan_memory_vendor -- -j12 -l12
[0.590s] Invoked command in '/home/emmm/Desktop/rm/ROS2/learn/chapter3/fastdds_ws/build/foonathan_memory_vendor' returned '0': CMAKE_PREFIX_PATH=/opt/ros/humble /usr/bin/cmake --build /home/emmm/Desktop/rm/ROS2/learn/chapter3/fastdds_ws/build/foonathan_memory_vendor -- -j12 -l12
[0.603s] Invoking command in '/home/emmm/Desktop/rm/ROS2/learn/chapter3/fastdds_ws/build/foonathan_memory_vendor': CMAKE_PREFIX_PATH=/opt/ros/humble /usr/bin/cmake --install /home/emmm/Desktop/rm/ROS2/learn/chapter3/fastdds_ws/build/foonathan_memory_vendor
[0.613s] -- Install configuration: ""
[0.613s] -- Installing: /home/emmm/Desktop/rm/ROS2/learn/chapter3/fastdds_ws/install/foonathan_memory_vendor/share/foonathan_memory_vendor/package.xml
[0.613s] -- Installing: /home/emmm/Desktop/rm/ROS2/learn/chapter3/fastdds_ws/install/foonathan_memory_vendor/share/foonathan_memory_vendor/cmake/foonathan_memory_vendorConfig.cmake
[0.614s] -- Installing: /home/emmm/Desktop/rm/ROS2/learn/chapter3/fastdds_ws/install/foonathan_memory_vendor/share/foonathan_memory_vendor/cmake/foonathan_memory_vendorConfig-version.cmake
[0.615s] Invoked command in '/home/emmm/Desktop/rm/ROS2/learn/chapter3/fastdds_ws/build/foonathan_memory_vendor' returned '0': CMAKE_PREFIX_PATH=/opt/ros/humble /usr/bin/cmake --install /home/emmm/Desktop/rm/ROS2/learn/chapter3/fastdds_ws/build/foonathan_memory_vendor
