[0.010s] Invoking command in '/home/emmm/Desktop/rm/ROS2/learn/chapter3/topic_ws/build/example_topic': CMAKE_PREFIX_PATH=${CMAKE_PREFIX_PATH}:/opt/ros/humble /usr/bin/cmake /home/emmm/Desktop/rm/ROS2/learn/chapter3/topic_ws/src/example_topic -DCMAKE_INSTALL_PREFIX=/home/emmm/Desktop/rm/ROS2/learn/chapter3/topic_ws/install/example_topic
[0.079s] -- The C compiler identification is GNU 11.4.0
[0.149s] -- The CXX compiler identification is GNU 11.4.0
[0.158s] -- Detecting C compiler ABI info
[0.257s] -- Detecting C compiler ABI info - done
[0.263s] -- Check for working C compiler: /usr/bin/cc - skipped
[0.264s] -- Detecting C compile features
[0.265s] -- Detecting C compile features - done
[0.268s] -- Detecting CXX compiler ABI info
[0.367s] -- Detecting CXX compiler ABI info - done
[0.372s] -- Check for working CXX compiler: /usr/bin/c++ - skipped
[0.373s] -- Detecting CXX compile features
[0.373s] -- Detecting CXX compile features - done
[0.376s] -- Found ament_cmake: 1.3.12 (/opt/ros/humble/share/ament_cmake/cmake)
[0.503s] -- Found Python3: /usr/bin/python3 (found version "3.10.12") found components: Interpreter 
[0.580s] -- Found rclcpp: 16.0.17 (/opt/ros/humble/share/rclcpp/cmake)
[0.614s] -- Found rosidl_generator_c: 3.1.8 (/opt/ros/humble/share/rosidl_generator_c/cmake)
[0.621s] -- Found rosidl_adapter: 3.1.8 (/opt/ros/humble/share/rosidl_adapter/cmake)
[0.634s] -- Found rosidl_generator_cpp: 3.1.8 (/opt/ros/humble/share/rosidl_generator_cpp/cmake)
[0.646s] -- Using all available rosidl_typesupport_c: rosidl_typesupport_fastrtps_c;rosidl_typesupport_introspection_c
[0.669s] -- Using all available rosidl_typesupport_cpp: rosidl_typesupport_fastrtps_cpp;rosidl_typesupport_introspection_cpp
[0.723s] -- Found rmw_implementation_cmake: 6.1.2 (/opt/ros/humble/share/rmw_implementation_cmake/cmake)
[0.725s] -- Found rmw_fastrtps_cpp: 6.2.9 (/opt/ros/humble/share/rmw_fastrtps_cpp/cmake)
[0.817s] -- Found OpenSSL: /usr/lib/x86_64-linux-gnu/libcrypto.so (found version "3.0.2")  
[0.849s] -- Found FastRTPS: /opt/ros/humble/include  
[0.890s] -- Using RMW implementation 'rmw_fastrtps_cpp' as default
[0.898s] -- Looking for pthread.h
[0.976s] -- Looking for pthread.h - found
[0.976s] -- Performing Test CMAKE_HAVE_LIBC_PTHREAD
[1.058s] -- Performing Test CMAKE_HAVE_LIBC_PTHREAD - Success
[1.059s] -- Found Threads: TRUE  
[1.109s] -- Found ament_lint_auto: 0.12.14 (/opt/ros/humble/share/ament_lint_auto/cmake)
[1.168s] -- Added test 'cppcheck' to perform static code analysis on C / C++ code
[1.168s] -- Configured cppcheck include dirs: 
[1.168s] -- Configured cppcheck exclude dirs and/or files: 
[1.168s] -- Added test 'lint_cmake' to check CMake code style
[1.169s] -- Added test 'uncrustify' to check C / C++ code style
[1.169s] -- Configured uncrustify additional arguments: 
[1.169s] -- Added test 'xmllint' to check XML markup files
[1.170s] -- Configuring done
[1.180s] -- Generating done
[1.185s] -- Build files have been written to: /home/emmm/Desktop/rm/ROS2/learn/chapter3/topic_ws/build/example_topic
[1.192s] Invoked command in '/home/emmm/Desktop/rm/ROS2/learn/chapter3/topic_ws/build/example_topic' returned '0': CMAKE_PREFIX_PATH=${CMAKE_PREFIX_PATH}:/opt/ros/humble /usr/bin/cmake /home/emmm/Desktop/rm/ROS2/learn/chapter3/topic_ws/src/example_topic -DCMAKE_INSTALL_PREFIX=/home/emmm/Desktop/rm/ROS2/learn/chapter3/topic_ws/install/example_topic
[1.194s] Invoking command in '/home/emmm/Desktop/rm/ROS2/learn/chapter3/topic_ws/build/example_topic': CMAKE_PREFIX_PATH=${CMAKE_PREFIX_PATH}:/opt/ros/humble /usr/bin/cmake --build /home/emmm/Desktop/rm/ROS2/learn/chapter3/topic_ws/build/example_topic -- -j12 -l12
[1.260s] [ 12%] [32mBuilding CXX object CMakeFiles/one_message_publisher.dir/src/topic_publisher.cpp.o[0m
[1.260s] [ 25%] [32mBuilding CXX object CMakeFiles/one_message_subscribe.dir/src/topic_subscribe.cpp.o[0m
[1.262s] [ 37%] [32mBuilding CXX object CMakeFiles/topic_subscribe.dir/src/topic_subscribe.cpp.o[0m
[1.263s] [ 50%] [32mBuilding CXX object CMakeFiles/topic_publisher.dir/src/topic_publisher.cpp.o[0m
[4.842s] [ 62%] [32m[1mLinking CXX executable one_message_publisher[0m
[5.067s] [ 62%] Built target one_message_publisher
[6.636s] [ 75%] [32m[1mLinking CXX executable topic_publisher[0m
[6.809s] [ 75%] Built target topic_publisher
[6.982s] [ 87%] [32m[1mLinking CXX executable topic_subscribe[0m
[7.270s] [ 87%] Built target topic_subscribe
[7.912s] [100%] [32m[1mLinking CXX executable one_message_subscribe[0m
[8.192s] [100%] Built target one_message_subscribe
[8.211s] Invoked command in '/home/emmm/Desktop/rm/ROS2/learn/chapter3/topic_ws/build/example_topic' returned '0': CMAKE_PREFIX_PATH=${CMAKE_PREFIX_PATH}:/opt/ros/humble /usr/bin/cmake --build /home/emmm/Desktop/rm/ROS2/learn/chapter3/topic_ws/build/example_topic -- -j12 -l12
[8.223s] Invoking command in '/home/emmm/Desktop/rm/ROS2/learn/chapter3/topic_ws/build/example_topic': CMAKE_PREFIX_PATH=${CMAKE_PREFIX_PATH}:/opt/ros/humble /usr/bin/cmake --install /home/emmm/Desktop/rm/ROS2/learn/chapter3/topic_ws/build/example_topic
[8.232s] -- Install configuration: ""
[8.232s] -- Installing: /home/emmm/Desktop/rm/ROS2/learn/chapter3/topic_ws/install/example_topic/lib/example_topic/topic_publisher
[8.233s] -- Set runtime path of "/home/emmm/Desktop/rm/ROS2/learn/chapter3/topic_ws/install/example_topic/lib/example_topic/topic_publisher" to ""
[8.233s] -- Installing: /home/emmm/Desktop/rm/ROS2/learn/chapter3/topic_ws/install/example_topic/lib/example_topic/topic_subscribe
[8.236s] -- Set runtime path of "/home/emmm/Desktop/rm/ROS2/learn/chapter3/topic_ws/install/example_topic/lib/example_topic/topic_subscribe" to ""
[8.236s] -- Installing: /home/emmm/Desktop/rm/ROS2/learn/chapter3/topic_ws/install/example_topic/lib/example_topic/one_message_publisher
[8.237s] -- Set runtime path of "/home/emmm/Desktop/rm/ROS2/learn/chapter3/topic_ws/install/example_topic/lib/example_topic/one_message_publisher" to ""
[8.237s] -- Installing: /home/emmm/Desktop/rm/ROS2/learn/chapter3/topic_ws/install/example_topic/lib/example_topic/one_message_subscribe
[8.239s] -- Set runtime path of "/home/emmm/Desktop/rm/ROS2/learn/chapter3/topic_ws/install/example_topic/lib/example_topic/one_message_subscribe" to ""
[8.239s] -- Installing: /home/emmm/Desktop/rm/ROS2/learn/chapter3/topic_ws/install/example_topic/share/ament_index/resource_index/package_run_dependencies/example_topic
[8.239s] -- Installing: /home/emmm/Desktop/rm/ROS2/learn/chapter3/topic_ws/install/example_topic/share/ament_index/resource_index/parent_prefix_path/example_topic
[8.239s] -- Installing: /home/emmm/Desktop/rm/ROS2/learn/chapter3/topic_ws/install/example_topic/share/example_topic/environment/ament_prefix_path.sh
[8.239s] -- Installing: /home/emmm/Desktop/rm/ROS2/learn/chapter3/topic_ws/install/example_topic/share/example_topic/environment/ament_prefix_path.dsv
[8.239s] -- Installing: /home/emmm/Desktop/rm/ROS2/learn/chapter3/topic_ws/install/example_topic/share/example_topic/environment/path.sh
[8.240s] -- Installing: /home/emmm/Desktop/rm/ROS2/learn/chapter3/topic_ws/install/example_topic/share/example_topic/environment/path.dsv
[8.240s] -- Installing: /home/emmm/Desktop/rm/ROS2/learn/chapter3/topic_ws/install/example_topic/share/example_topic/local_setup.bash
[8.240s] -- Installing: /home/emmm/Desktop/rm/ROS2/learn/chapter3/topic_ws/install/example_topic/share/example_topic/local_setup.sh
[8.240s] -- Installing: /home/emmm/Desktop/rm/ROS2/learn/chapter3/topic_ws/install/example_topic/share/example_topic/local_setup.zsh
[8.240s] -- Installing: /home/emmm/Desktop/rm/ROS2/learn/chapter3/topic_ws/install/example_topic/share/example_topic/local_setup.dsv
[8.240s] -- Installing: /home/emmm/Desktop/rm/ROS2/learn/chapter3/topic_ws/install/example_topic/share/example_topic/package.dsv
[8.240s] -- Installing: /home/emmm/Desktop/rm/ROS2/learn/chapter3/topic_ws/install/example_topic/share/ament_index/resource_index/packages/example_topic
[8.240s] -- Installing: /home/emmm/Desktop/rm/ROS2/learn/chapter3/topic_ws/install/example_topic/share/example_topic/cmake/example_topicConfig.cmake
[8.240s] -- Installing: /home/emmm/Desktop/rm/ROS2/learn/chapter3/topic_ws/install/example_topic/share/example_topic/cmake/example_topicConfig-version.cmake
[8.240s] -- Installing: /home/emmm/Desktop/rm/ROS2/learn/chapter3/topic_ws/install/example_topic/share/example_topic/package.xml
[8.243s] Invoked command in '/home/emmm/Desktop/rm/ROS2/learn/chapter3/topic_ws/build/example_topic' returned '0': CMAKE_PREFIX_PATH=${CMAKE_PREFIX_PATH}:/opt/ros/humble /usr/bin/cmake --install /home/emmm/Desktop/rm/ROS2/learn/chapter3/topic_ws/build/example_topic
