[0.009s] Invoking command in '/home/emmm/Desktop/rm/ROS2/learn/chapter3/service_ws/build/add_service': CMAKE_PREFIX_PATH=/opt/ros/humble /usr/bin/cmake /home/emmm/Desktop/rm/ROS2/learn/chapter3/service_ws/src/add_service -DCMAKE_INSTALL_PREFIX=/home/emmm/Desktop/rm/ROS2/learn/chapter3/service_ws/install/add_service
[0.111s] -- The C compiler identification is GNU 11.4.0
[0.180s] -- The CXX compiler identification is GNU 11.4.0
[0.189s] -- Detecting C compiler ABI info
[0.254s] -- Detecting C compiler ABI info - done
[0.263s] -- Check for working C compiler: /usr/bin/cc - skipped
[0.263s] -- Detecting C compile features
[0.263s] -- Detecting C compile features - done
[0.265s] -- Detecting CXX compiler ABI info
[0.337s] -- Detecting CXX compiler ABI info - done
[0.343s] -- Check for working CXX compiler: /usr/bin/c++ - skipped
[0.343s] -- Detecting CXX compile features
[0.343s] -- Detecting CXX compile features - done
[0.345s] -- Found ament_cmake: 1.3.12 (/opt/ros/humble/share/ament_cmake/cmake)
[0.471s] -- Found Python3: /usr/bin/python3 (found version "3.10.12") found components: Interpreter 
[0.546s] -- Found rclcpp: 16.0.17 (/opt/ros/humble/share/rclcpp/cmake)
[0.577s] -- Found rosidl_generator_c: 3.1.8 (/opt/ros/humble/share/rosidl_generator_c/cmake)
[0.580s] -- Found rosidl_adapter: 3.1.8 (/opt/ros/humble/share/rosidl_adapter/cmake)
[0.586s] -- Found rosidl_generator_cpp: 3.1.8 (/opt/ros/humble/share/rosidl_generator_cpp/cmake)
[0.596s] -- Using all available rosidl_typesupport_c: rosidl_typesupport_fastrtps_c;rosidl_typesupport_introspection_c
[0.606s] -- Using all available rosidl_typesupport_cpp: rosidl_typesupport_fastrtps_cpp;rosidl_typesupport_introspection_cpp
[0.651s] -- Found rmw_implementation_cmake: 6.1.2 (/opt/ros/humble/share/rmw_implementation_cmake/cmake)
[0.653s] -- Found rmw_fastrtps_cpp: 6.2.9 (/opt/ros/humble/share/rmw_fastrtps_cpp/cmake)
[0.735s] -- Found OpenSSL: /usr/lib/x86_64-linux-gnu/libcrypto.so (found version "3.0.2")  
[0.761s] -- Found FastRTPS: /opt/ros/humble/include  
[0.795s] -- Using RMW implementation 'rmw_fastrtps_cpp' as default
[0.803s] -- Looking for pthread.h
[0.866s] -- Looking for pthread.h - found
[0.866s] -- Performing Test CMAKE_HAVE_LIBC_PTHREAD
[0.931s] -- Performing Test CMAKE_HAVE_LIBC_PTHREAD - Success
[0.932s] -- Found Threads: TRUE  
[0.971s] -- Found ament_lint_auto: 0.12.14 (/opt/ros/humble/share/ament_lint_auto/cmake)
[1.033s] -- Added test 'cppcheck' to perform static code analysis on C / C++ code
[1.033s] -- Configured cppcheck include dirs: 
[1.033s] -- Configured cppcheck exclude dirs and/or files: 
[1.034s] -- Added test 'lint_cmake' to check CMake code style
[1.035s] -- Added test 'uncrustify' to check C / C++ code style
[1.035s] -- Configured uncrustify additional arguments: 
[1.036s] -- Added test 'xmllint' to check XML markup files
[1.037s] -- Configuring done
[1.044s] -- Generating done
[1.047s] -- Build files have been written to: /home/emmm/Desktop/rm/ROS2/learn/chapter3/service_ws/build/add_service
[1.053s] Invoked command in '/home/emmm/Desktop/rm/ROS2/learn/chapter3/service_ws/build/add_service' returned '0': CMAKE_PREFIX_PATH=/opt/ros/humble /usr/bin/cmake /home/emmm/Desktop/rm/ROS2/learn/chapter3/service_ws/src/add_service -DCMAKE_INSTALL_PREFIX=/home/emmm/Desktop/rm/ROS2/learn/chapter3/service_ws/install/add_service
[1.056s] Invoking command in '/home/emmm/Desktop/rm/ROS2/learn/chapter3/service_ws/build/add_service': CMAKE_PREFIX_PATH=/opt/ros/humble /usr/bin/cmake --build /home/emmm/Desktop/rm/ROS2/learn/chapter3/service_ws/build/add_service -- -j12 -l12
[1.099s] [ 25%] [32mBuilding CXX object CMakeFiles/add_client.dir/src/add_client.cpp.o[0m
[1.103s] [ 50%] [32mBuilding CXX object CMakeFiles/add_server.dir/src/add_server.cpp.o[0m
[3.200s] [ 75%] [32m[1mLinking CXX executable add_server[0m
[3.311s] [ 75%] Built target add_server
[3.320s] [100%] [32m[1mLinking CXX executable add_client[0m
[3.402s] [100%] Built target add_client
[3.419s] Invoked command in '/home/emmm/Desktop/rm/ROS2/learn/chapter3/service_ws/build/add_service' returned '0': CMAKE_PREFIX_PATH=/opt/ros/humble /usr/bin/cmake --build /home/emmm/Desktop/rm/ROS2/learn/chapter3/service_ws/build/add_service -- -j12 -l12
[3.434s] Invoking command in '/home/emmm/Desktop/rm/ROS2/learn/chapter3/service_ws/build/add_service': CMAKE_PREFIX_PATH=/opt/ros/humble /usr/bin/cmake --install /home/emmm/Desktop/rm/ROS2/learn/chapter3/service_ws/build/add_service
[3.443s] -- Install configuration: ""
[3.443s] -- Installing: /home/emmm/Desktop/rm/ROS2/learn/chapter3/service_ws/install/add_service/lib/add_service/add_server
[3.443s] -- Set runtime path of "/home/emmm/Desktop/rm/ROS2/learn/chapter3/service_ws/install/add_service/lib/add_service/add_server" to ""
[3.443s] -- Installing: /home/emmm/Desktop/rm/ROS2/learn/chapter3/service_ws/install/add_service/lib/add_service/add_client
[3.444s] -- Set runtime path of "/home/emmm/Desktop/rm/ROS2/learn/chapter3/service_ws/install/add_service/lib/add_service/add_client" to ""
[3.444s] -- Installing: /home/emmm/Desktop/rm/ROS2/learn/chapter3/service_ws/install/add_service/share/ament_index/resource_index/package_run_dependencies/add_service
[3.444s] -- Installing: /home/emmm/Desktop/rm/ROS2/learn/chapter3/service_ws/install/add_service/share/ament_index/resource_index/parent_prefix_path/add_service
[3.445s] -- Installing: /home/emmm/Desktop/rm/ROS2/learn/chapter3/service_ws/install/add_service/share/add_service/environment/ament_prefix_path.sh
[3.445s] -- Installing: /home/emmm/Desktop/rm/ROS2/learn/chapter3/service_ws/install/add_service/share/add_service/environment/ament_prefix_path.dsv
[3.445s] -- Installing: /home/emmm/Desktop/rm/ROS2/learn/chapter3/service_ws/install/add_service/share/add_service/environment/path.sh
[3.445s] -- Installing: /home/emmm/Desktop/rm/ROS2/learn/chapter3/service_ws/install/add_service/share/add_service/environment/path.dsv
[3.445s] -- Installing: /home/emmm/Desktop/rm/ROS2/learn/chapter3/service_ws/install/add_service/share/add_service/local_setup.bash
[3.446s] -- Installing: /home/emmm/Desktop/rm/ROS2/learn/chapter3/service_ws/install/add_service/share/add_service/local_setup.sh
[3.446s] -- Installing: /home/emmm/Desktop/rm/ROS2/learn/chapter3/service_ws/install/add_service/share/add_service/local_setup.zsh
[3.446s] -- Installing: /home/emmm/Desktop/rm/ROS2/learn/chapter3/service_ws/install/add_service/share/add_service/local_setup.dsv
[3.446s] -- Installing: /home/emmm/Desktop/rm/ROS2/learn/chapter3/service_ws/install/add_service/share/add_service/package.dsv
[3.446s] -- Installing: /home/emmm/Desktop/rm/ROS2/learn/chapter3/service_ws/install/add_service/share/ament_index/resource_index/packages/add_service
[3.447s] -- Installing: /home/emmm/Desktop/rm/ROS2/learn/chapter3/service_ws/install/add_service/share/add_service/cmake/add_serviceConfig.cmake
[3.447s] -- Installing: /home/emmm/Desktop/rm/ROS2/learn/chapter3/service_ws/install/add_service/share/add_service/cmake/add_serviceConfig-version.cmake
[3.447s] -- Installing: /home/emmm/Desktop/rm/ROS2/learn/chapter3/service_ws/install/add_service/share/add_service/package.xml
[3.449s] Invoked command in '/home/emmm/Desktop/rm/ROS2/learn/chapter3/service_ws/build/add_service' returned '0': CMAKE_PREFIX_PATH=/opt/ros/humble /usr/bin/cmake --install /home/emmm/Desktop/rm/ROS2/learn/chapter3/service_ws/build/add_service
