[0.008s] Invoking command in '/home/emmm/Desktop/rm/ROS2/learn/chapter4/action_ws/build/example_action_rclcpp': AMENT_PREFIX_PATH=/home/emmm/Desktop/rm/ROS2/learn/chapter4/action_ws/install/robot_control_interfaces:${AMENT_PREFIX_PATH} CMAKE_PREFIX_PATH=/home/emmm/Desktop/rm/ROS2/learn/chapter4/action_ws/install/robot_control_interfaces:/opt/ros/humble LD_LIBRARY_PATH=/home/emmm/Desktop/rm/ROS2/learn/chapter4/action_ws/install/robot_control_interfaces/lib:${LD_LIBRARY_PATH} PYTHONPATH=/home/emmm/Desktop/rm/ROS2/learn/chapter4/action_ws/install/robot_control_interfaces/local/lib/python3.10/dist-packages:${PYTHONPATH} /usr/bin/cmake /home/emmm/Desktop/rm/ROS2/learn/chapter4/action_ws/src/example_action_rclcpp -DCMAKE_INSTALL_PREFIX=/home/emmm/Desktop/rm/ROS2/learn/chapter4/action_ws/install/example_action_rclcpp
[0.062s] -- The C compiler identification is GNU 11.4.0
[0.115s] -- The CXX compiler identification is GNU 11.4.0
[0.123s] -- Detecting C compiler ABI info
[0.189s] -- Detecting C compiler ABI info - done
[0.197s] -- Check for working C compiler: /usr/bin/cc - skipped
[0.198s] -- Detecting C compile features
[0.198s] -- Detecting C compile features - done
[0.200s] -- Detecting CXX compiler ABI info
[0.269s] -- Detecting CXX compiler ABI info - done
[0.278s] -- Check for working CXX compiler: /usr/bin/c++ - skipped
[0.278s] -- Detecting CXX compile features
[0.279s] -- Detecting CXX compile features - done
[0.280s] -- Found ament_cmake: 1.3.12 (/opt/ros/humble/share/ament_cmake/cmake)
[0.421s] -- Found Python3: /usr/bin/python3 (found version "3.10.12") found components: Interpreter 
[0.496s] -- Found rclcpp: 16.0.17 (/opt/ros/humble/share/rclcpp/cmake)
[0.523s] -- Found rosidl_generator_c: 3.1.8 (/opt/ros/humble/share/rosidl_generator_c/cmake)
[0.526s] -- Found rosidl_adapter: 3.1.8 (/opt/ros/humble/share/rosidl_adapter/cmake)
[0.532s] -- Found rosidl_generator_cpp: 3.1.8 (/opt/ros/humble/share/rosidl_generator_cpp/cmake)
[0.539s] -- Using all available rosidl_typesupport_c: rosidl_typesupport_fastrtps_c;rosidl_typesupport_introspection_c
[0.550s] -- Using all available rosidl_typesupport_cpp: rosidl_typesupport_fastrtps_cpp;rosidl_typesupport_introspection_cpp
[0.578s] -- Found rmw_implementation_cmake: 6.1.2 (/opt/ros/humble/share/rmw_implementation_cmake/cmake)
[0.579s] -- Found rmw_fastrtps_cpp: 6.2.9 (/opt/ros/humble/share/rmw_fastrtps_cpp/cmake)
[0.673s] -- Found OpenSSL: /usr/lib/x86_64-linux-gnu/libcrypto.so (found version "3.0.2")  
[0.706s] -- Found FastRTPS: /opt/ros/humble/include  
[0.744s] -- Using RMW implementation 'rmw_fastrtps_cpp' as default
[0.753s] -- Looking for pthread.h
[0.832s] -- Looking for pthread.h - found
[0.833s] -- Performing Test CMAKE_HAVE_LIBC_PTHREAD
[0.920s] -- Performing Test CMAKE_HAVE_LIBC_PTHREAD - Success
[0.921s] -- Found Threads: TRUE  
[0.974s] -- Found rclcpp_action: 16.0.17 (/opt/ros/humble/share/rclcpp_action/cmake)
[1.002s] -- Found robot_control_interfaces: 0.0.0 (/home/emmm/Desktop/rm/ROS2/learn/chapter4/action_ws/install/robot_control_interfaces/share/robot_control_interfaces/cmake)
[1.012s] -- Found example_interfaces: 0.9.3 (/opt/ros/humble/share/example_interfaces/cmake)
[1.025s] -- Found ament_lint_auto: 0.12.14 (/opt/ros/humble/share/ament_lint_auto/cmake)
[1.079s] -- Added test 'cppcheck' to perform static code analysis on C / C++ code
[1.079s] -- Configured cppcheck include dirs: $<BUILD_INTERFACE:/home/emmm/Desktop/rm/ROS2/learn/chapter4/action_ws/src/example_action_rclcpp/include>
[1.079s] -- Configured cppcheck exclude dirs and/or files: 
[1.079s] -- Added test 'lint_cmake' to check CMake code style
[1.080s] -- Added test 'uncrustify' to check C / C++ code style
[1.080s] -- Configured uncrustify additional arguments: 
[1.080s] -- Added test 'xmllint' to check XML markup files
[1.080s] -- Configuring done
[1.089s] -- Generating done
[1.092s] -- Build files have been written to: /home/emmm/Desktop/rm/ROS2/learn/chapter4/action_ws/build/example_action_rclcpp
[1.099s] Invoked command in '/home/emmm/Desktop/rm/ROS2/learn/chapter4/action_ws/build/example_action_rclcpp' returned '0': AMENT_PREFIX_PATH=/home/emmm/Desktop/rm/ROS2/learn/chapter4/action_ws/install/robot_control_interfaces:${AMENT_PREFIX_PATH} CMAKE_PREFIX_PATH=/home/emmm/Desktop/rm/ROS2/learn/chapter4/action_ws/install/robot_control_interfaces:/opt/ros/humble LD_LIBRARY_PATH=/home/emmm/Desktop/rm/ROS2/learn/chapter4/action_ws/install/robot_control_interfaces/lib:${LD_LIBRARY_PATH} PYTHONPATH=/home/emmm/Desktop/rm/ROS2/learn/chapter4/action_ws/install/robot_control_interfaces/local/lib/python3.10/dist-packages:${PYTHONPATH} /usr/bin/cmake /home/emmm/Desktop/rm/ROS2/learn/chapter4/action_ws/src/example_action_rclcpp -DCMAKE_INSTALL_PREFIX=/home/emmm/Desktop/rm/ROS2/learn/chapter4/action_ws/install/example_action_rclcpp
[1.101s] Invoking command in '/home/emmm/Desktop/rm/ROS2/learn/chapter4/action_ws/build/example_action_rclcpp': AMENT_PREFIX_PATH=/home/emmm/Desktop/rm/ROS2/learn/chapter4/action_ws/install/robot_control_interfaces:${AMENT_PREFIX_PATH} CMAKE_PREFIX_PATH=/home/emmm/Desktop/rm/ROS2/learn/chapter4/action_ws/install/robot_control_interfaces:/opt/ros/humble LD_LIBRARY_PATH=/home/emmm/Desktop/rm/ROS2/learn/chapter4/action_ws/install/robot_control_interfaces/lib:${LD_LIBRARY_PATH} PYTHONPATH=/home/emmm/Desktop/rm/ROS2/learn/chapter4/action_ws/install/robot_control_interfaces/local/lib/python3.10/dist-packages:${PYTHONPATH} /usr/bin/cmake --build /home/emmm/Desktop/rm/ROS2/learn/chapter4/action_ws/build/example_action_rclcpp -- -j12 -l12
[1.171s] [ 25%] [32mBuilding CXX object CMakeFiles/action_control.dir/src/action_control.cpp.o[0m
[1.171s] [ 50%] [32mBuilding CXX object CMakeFiles/action_robot.dir/src/action_robot.cpp.o[0m
[3.217s] [ 75%] [32m[1mLinking CXX executable action_robot[0m
[3.246s] [100%] [32m[1mLinking CXX executable action_control[0m
[3.345s] [100%] Built target action_robot
[3.365s] [100%] Built target action_control
[3.379s] Invoked command in '/home/emmm/Desktop/rm/ROS2/learn/chapter4/action_ws/build/example_action_rclcpp' returned '0': AMENT_PREFIX_PATH=/home/emmm/Desktop/rm/ROS2/learn/chapter4/action_ws/install/robot_control_interfaces:${AMENT_PREFIX_PATH} CMAKE_PREFIX_PATH=/home/emmm/Desktop/rm/ROS2/learn/chapter4/action_ws/install/robot_control_interfaces:/opt/ros/humble LD_LIBRARY_PATH=/home/emmm/Desktop/rm/ROS2/learn/chapter4/action_ws/install/robot_control_interfaces/lib:${LD_LIBRARY_PATH} PYTHONPATH=/home/emmm/Desktop/rm/ROS2/learn/chapter4/action_ws/install/robot_control_interfaces/local/lib/python3.10/dist-packages:${PYTHONPATH} /usr/bin/cmake --build /home/emmm/Desktop/rm/ROS2/learn/chapter4/action_ws/build/example_action_rclcpp -- -j12 -l12
[3.382s] Invoking command in '/home/emmm/Desktop/rm/ROS2/learn/chapter4/action_ws/build/example_action_rclcpp': AMENT_PREFIX_PATH=/home/emmm/Desktop/rm/ROS2/learn/chapter4/action_ws/install/robot_control_interfaces:${AMENT_PREFIX_PATH} CMAKE_PREFIX_PATH=/home/emmm/Desktop/rm/ROS2/learn/chapter4/action_ws/install/robot_control_interfaces:/opt/ros/humble LD_LIBRARY_PATH=/home/emmm/Desktop/rm/ROS2/learn/chapter4/action_ws/install/robot_control_interfaces/lib:${LD_LIBRARY_PATH} PYTHONPATH=/home/emmm/Desktop/rm/ROS2/learn/chapter4/action_ws/install/robot_control_interfaces/local/lib/python3.10/dist-packages:${PYTHONPATH} /usr/bin/cmake --install /home/emmm/Desktop/rm/ROS2/learn/chapter4/action_ws/build/example_action_rclcpp
[3.396s] -- Install configuration: ""
[3.396s] -- Installing: /home/emmm/Desktop/rm/ROS2/learn/chapter4/action_ws/install/example_action_rclcpp/lib/example_action_rclcpp/action_robot
[3.396s] -- Set runtime path of "/home/emmm/Desktop/rm/ROS2/learn/chapter4/action_ws/install/example_action_rclcpp/lib/example_action_rclcpp/action_robot" to ""
[3.396s] -- Installing: /home/emmm/Desktop/rm/ROS2/learn/chapter4/action_ws/install/example_action_rclcpp/lib/example_action_rclcpp/action_control
[3.396s] -- Set runtime path of "/home/emmm/Desktop/rm/ROS2/learn/chapter4/action_ws/install/example_action_rclcpp/lib/example_action_rclcpp/action_control" to ""
[3.397s] -- Installing: /home/emmm/Desktop/rm/ROS2/learn/chapter4/action_ws/install/example_action_rclcpp/share/ament_index/resource_index/package_run_dependencies/example_action_rclcpp
[3.397s] -- Installing: /home/emmm/Desktop/rm/ROS2/learn/chapter4/action_ws/install/example_action_rclcpp/share/ament_index/resource_index/parent_prefix_path/example_action_rclcpp
[3.397s] -- Installing: /home/emmm/Desktop/rm/ROS2/learn/chapter4/action_ws/install/example_action_rclcpp/share/example_action_rclcpp/environment/ament_prefix_path.sh
[3.397s] -- Installing: /home/emmm/Desktop/rm/ROS2/learn/chapter4/action_ws/install/example_action_rclcpp/share/example_action_rclcpp/environment/ament_prefix_path.dsv
[3.397s] -- Installing: /home/emmm/Desktop/rm/ROS2/learn/chapter4/action_ws/install/example_action_rclcpp/share/example_action_rclcpp/environment/path.sh
[3.398s] -- Installing: /home/emmm/Desktop/rm/ROS2/learn/chapter4/action_ws/install/example_action_rclcpp/share/example_action_rclcpp/environment/path.dsv
[3.398s] -- Installing: /home/emmm/Desktop/rm/ROS2/learn/chapter4/action_ws/install/example_action_rclcpp/share/example_action_rclcpp/local_setup.bash
[3.398s] -- Installing: /home/emmm/Desktop/rm/ROS2/learn/chapter4/action_ws/install/example_action_rclcpp/share/example_action_rclcpp/local_setup.sh
[3.398s] -- Installing: /home/emmm/Desktop/rm/ROS2/learn/chapter4/action_ws/install/example_action_rclcpp/share/example_action_rclcpp/local_setup.zsh
[3.398s] -- Installing: /home/emmm/Desktop/rm/ROS2/learn/chapter4/action_ws/install/example_action_rclcpp/share/example_action_rclcpp/local_setup.dsv
[3.398s] -- Installing: /home/emmm/Desktop/rm/ROS2/learn/chapter4/action_ws/install/example_action_rclcpp/share/example_action_rclcpp/package.dsv
[3.399s] -- Installing: /home/emmm/Desktop/rm/ROS2/learn/chapter4/action_ws/install/example_action_rclcpp/share/ament_index/resource_index/packages/example_action_rclcpp
[3.399s] -- Installing: /home/emmm/Desktop/rm/ROS2/learn/chapter4/action_ws/install/example_action_rclcpp/share/example_action_rclcpp/cmake/example_action_rclcppConfig.cmake
[3.399s] -- Installing: /home/emmm/Desktop/rm/ROS2/learn/chapter4/action_ws/install/example_action_rclcpp/share/example_action_rclcpp/cmake/example_action_rclcppConfig-version.cmake
[3.399s] -- Installing: /home/emmm/Desktop/rm/ROS2/learn/chapter4/action_ws/install/example_action_rclcpp/share/example_action_rclcpp/package.xml
[3.401s] Invoked command in '/home/emmm/Desktop/rm/ROS2/learn/chapter4/action_ws/build/example_action_rclcpp' returned '0': AMENT_PREFIX_PATH=/home/emmm/Desktop/rm/ROS2/learn/chapter4/action_ws/install/robot_control_interfaces:${AMENT_PREFIX_PATH} CMAKE_PREFIX_PATH=/home/emmm/Desktop/rm/ROS2/learn/chapter4/action_ws/install/robot_control_interfaces:/opt/ros/humble LD_LIBRARY_PATH=/home/emmm/Desktop/rm/ROS2/learn/chapter4/action_ws/install/robot_control_interfaces/lib:${LD_LIBRARY_PATH} PYTHONPATH=/home/emmm/Desktop/rm/ROS2/learn/chapter4/action_ws/install/robot_control_interfaces/local/lib/python3.10/dist-packages:${PYTHONPATH} /usr/bin/cmake --install /home/emmm/Desktop/rm/ROS2/learn/chapter4/action_ws/build/example_action_rclcpp
