[0.009s] Invoking command in '/home/emmm/Desktop/rm/ROS2/learn/chapter2/session3_ws/build/learn_pkg': CMAKE_PREFIX_PATH=${CMAKE_PREFIX_PATH}:/opt/ros/humble /usr/bin/cmake --build /home/emmm/Desktop/rm/ROS2/learn/chapter2/session3_ws/build/learn_pkg -- -j12 -l12
[0.054s] [35m[1mConsolidate compiler generated dependencies of target learn_thread[0m
[0.069s] [ 20%] Built target learn_auto
[0.075s] [ 40%] Built target learn_shared_ptr
[0.078s] [ 70%] Built target learn_lambda
[0.079s] [ 70%] [32mBuilding CXX object CMakeFiles/learn_thread.dir/src/learn_thread.cpp.o[0m
[0.079s] [ 90%] Built target learn_functional
[3.177s] [100%] [32m[1mLinking CXX executable learn_thread[0m
[3.328s] [100%] Built target learn_thread
[3.342s] Invoked command in '/home/emmm/Desktop/rm/ROS2/learn/chapter2/session3_ws/build/learn_pkg' returned '0': CMAKE_PREFIX_PATH=${CMAKE_PREFIX_PATH}:/opt/ros/humble /usr/bin/cmake --build /home/emmm/Desktop/rm/ROS2/learn/chapter2/session3_ws/build/learn_pkg -- -j12 -l12
[3.350s] Invoking command in '/home/emmm/Desktop/rm/ROS2/learn/chapter2/session3_ws/build/learn_pkg': CMAKE_PREFIX_PATH=${CMAKE_PREFIX_PATH}:/opt/ros/humble /usr/bin/cmake --install /home/emmm/Desktop/rm/ROS2/learn/chapter2/session3_ws/build/learn_pkg
[3.357s] -- Install configuration: ""
[3.357s] -- Up-to-date: /home/emmm/Desktop/rm/ROS2/learn/chapter2/session3_ws/install/learn_pkg/lib/learn_pkg/learn_auto
[3.357s] -- Up-to-date: /home/emmm/Desktop/rm/ROS2/learn/chapter2/session3_ws/install/learn_pkg/lib/learn_pkg/learn_shared_ptr
[3.357s] -- Up-to-date: /home/emmm/Desktop/rm/ROS2/learn/chapter2/session3_ws/install/learn_pkg/lib/learn_pkg/learn_lambda
[3.357s] -- Up-to-date: /home/emmm/Desktop/rm/ROS2/learn/chapter2/session3_ws/install/learn_pkg/lib/learn_pkg/learn_functional
[3.357s] -- Installing: /home/emmm/Desktop/rm/ROS2/learn/chapter2/session3_ws/install/learn_pkg/lib/learn_pkg/learn_thread
[3.358s] -- Set runtime path of "/home/emmm/Desktop/rm/ROS2/learn/chapter2/session3_ws/install/learn_pkg/lib/learn_pkg/learn_thread" to ""
[3.359s] -- Up-to-date: /home/emmm/Desktop/rm/ROS2/learn/chapter2/session3_ws/install/learn_pkg/share/ament_index/resource_index/package_run_dependencies/learn_pkg
[3.359s] -- Up-to-date: /home/emmm/Desktop/rm/ROS2/learn/chapter2/session3_ws/install/learn_pkg/share/ament_index/resource_index/parent_prefix_path/learn_pkg
[3.359s] -- Up-to-date: /home/emmm/Desktop/rm/ROS2/learn/chapter2/session3_ws/install/learn_pkg/share/learn_pkg/environment/ament_prefix_path.sh
[3.359s] -- Up-to-date: /home/emmm/Desktop/rm/ROS2/learn/chapter2/session3_ws/install/learn_pkg/share/learn_pkg/environment/ament_prefix_path.dsv
[3.359s] -- Up-to-date: /home/emmm/Desktop/rm/ROS2/learn/chapter2/session3_ws/install/learn_pkg/share/learn_pkg/environment/path.sh
[3.359s] -- Up-to-date: /home/emmm/Desktop/rm/ROS2/learn/chapter2/session3_ws/install/learn_pkg/share/learn_pkg/environment/path.dsv
[3.359s] -- Up-to-date: /home/emmm/Desktop/rm/ROS2/learn/chapter2/session3_ws/install/learn_pkg/share/learn_pkg/local_setup.bash
[3.360s] -- Up-to-date: /home/emmm/Desktop/rm/ROS2/learn/chapter2/session3_ws/install/learn_pkg/share/learn_pkg/local_setup.sh
[3.360s] -- Up-to-date: /home/emmm/Desktop/rm/ROS2/learn/chapter2/session3_ws/install/learn_pkg/share/learn_pkg/local_setup.zsh
[3.361s] -- Up-to-date: /home/emmm/Desktop/rm/ROS2/learn/chapter2/session3_ws/install/learn_pkg/share/learn_pkg/local_setup.dsv
[3.361s] -- Installing: /home/emmm/Desktop/rm/ROS2/learn/chapter2/session3_ws/install/learn_pkg/share/learn_pkg/package.dsv
[3.361s] -- Up-to-date: /home/emmm/Desktop/rm/ROS2/learn/chapter2/session3_ws/install/learn_pkg/share/ament_index/resource_index/packages/learn_pkg
[3.361s] -- Up-to-date: /home/emmm/Desktop/rm/ROS2/learn/chapter2/session3_ws/install/learn_pkg/share/learn_pkg/cmake/learn_pkgConfig.cmake
[3.362s] -- Up-to-date: /home/emmm/Desktop/rm/ROS2/learn/chapter2/session3_ws/install/learn_pkg/share/learn_pkg/cmake/learn_pkgConfig-version.cmake
[3.362s] -- Up-to-date: /home/emmm/Desktop/rm/ROS2/learn/chapter2/session3_ws/install/learn_pkg/share/learn_pkg/package.xml
[3.362s] Invoked command in '/home/emmm/Desktop/rm/ROS2/learn/chapter2/session3_ws/build/learn_pkg' returned '0': CMAKE_PREFIX_PATH=${CMAKE_PREFIX_PATH}:/opt/ros/humble /usr/bin/cmake --install /home/emmm/Desktop/rm/ROS2/learn/chapter2/session3_ws/build/learn_pkg
