[0.009s] Invoking command in '/home/emmm/Desktop/rm/ROS2/learn/chapter3/interface_ws/build/example_interfaces_rclcpp': AMENT_PREFIX_PATH=/home/emmm/Desktop/rm/ROS2/learn/chapter3/interface_ws/install/example_ros2_interfaces:${AMENT_PREFIX_PATH} CMAKE_PREFIX_PATH=/home/emmm/Desktop/rm/ROS2/learn/chapter3/interface_ws/install/example_ros2_interfaces:/opt/ros/humble LD_LIBRARY_PATH=/home/emmm/Desktop/rm/ROS2/learn/chapter3/interface_ws/install/example_ros2_interfaces/lib:${LD_LIBRARY_PATH} PYTHONPATH=/home/emmm/Desktop/rm/ROS2/learn/chapter3/interface_ws/install/example_ros2_interfaces/local/lib/python3.10/dist-packages:${PYTHONPATH} /usr/bin/cmake --build /home/emmm/Desktop/rm/ROS2/learn/chapter3/interface_ws/build/example_interfaces_rclcpp -- -j12 -l12
[0.050s] [35m[1mConsolidate compiler generated dependencies of target example_interfaces_robot[0m
[0.064s] [ 25%] [32mBuilding CXX object CMakeFiles/example_interfaces_control.dir/src/example_interfaces_control.cpp.o[0m
[0.070s] [ 50%] [32mBuilding CXX object CMakeFiles/example_interfaces_robot.dir/src/example_interfaces_robot.cpp.o[0m
[3.623s] [ 75%] [32m[1mLinking CXX executable example_interfaces_robot[0m
[3.925s] [ 75%] Built target example_interfaces_robot
[6.290s] [100%] [32m[1mLinking CXX executable example_interfaces_control[0m
[6.643s] [100%] Built target example_interfaces_control
[6.658s] Invoked command in '/home/emmm/Desktop/rm/ROS2/learn/chapter3/interface_ws/build/example_interfaces_rclcpp' returned '0': AMENT_PREFIX_PATH=/home/emmm/Desktop/rm/ROS2/learn/chapter3/interface_ws/install/example_ros2_interfaces:${AMENT_PREFIX_PATH} CMAKE_PREFIX_PATH=/home/emmm/Desktop/rm/ROS2/learn/chapter3/interface_ws/install/example_ros2_interfaces:/opt/ros/humble LD_LIBRARY_PATH=/home/emmm/Desktop/rm/ROS2/learn/chapter3/interface_ws/install/example_ros2_interfaces/lib:${LD_LIBRARY_PATH} PYTHONPATH=/home/emmm/Desktop/rm/ROS2/learn/chapter3/interface_ws/install/example_ros2_interfaces/local/lib/python3.10/dist-packages:${PYTHONPATH} /usr/bin/cmake --build /home/emmm/Desktop/rm/ROS2/learn/chapter3/interface_ws/build/example_interfaces_rclcpp -- -j12 -l12
[6.660s] Invoking command in '/home/emmm/Desktop/rm/ROS2/learn/chapter3/interface_ws/build/example_interfaces_rclcpp': AMENT_PREFIX_PATH=/home/emmm/Desktop/rm/ROS2/learn/chapter3/interface_ws/install/example_ros2_interfaces:${AMENT_PREFIX_PATH} CMAKE_PREFIX_PATH=/home/emmm/Desktop/rm/ROS2/learn/chapter3/interface_ws/install/example_ros2_interfaces:/opt/ros/humble LD_LIBRARY_PATH=/home/emmm/Desktop/rm/ROS2/learn/chapter3/interface_ws/install/example_ros2_interfaces/lib:${LD_LIBRARY_PATH} PYTHONPATH=/home/emmm/Desktop/rm/ROS2/learn/chapter3/interface_ws/install/example_ros2_interfaces/local/lib/python3.10/dist-packages:${PYTHONPATH} /usr/bin/cmake --install /home/emmm/Desktop/rm/ROS2/learn/chapter3/interface_ws/build/example_interfaces_rclcpp
[6.667s] -- Install configuration: ""
[6.668s] -- Installing: /home/emmm/Desktop/rm/ROS2/learn/chapter3/interface_ws/install/example_interfaces_rclcpp/lib/example_interfaces_rclcpp/example_interfaces_robot
[6.668s] -- Set runtime path of "/home/emmm/Desktop/rm/ROS2/learn/chapter3/interface_ws/install/example_interfaces_rclcpp/lib/example_interfaces_rclcpp/example_interfaces_robot" to ""
[6.668s] -- Installing: /home/emmm/Desktop/rm/ROS2/learn/chapter3/interface_ws/install/example_interfaces_rclcpp/lib/example_interfaces_rclcpp/example_interfaces_control
[6.670s] -- Set runtime path of "/home/emmm/Desktop/rm/ROS2/learn/chapter3/interface_ws/install/example_interfaces_rclcpp/lib/example_interfaces_rclcpp/example_interfaces_control" to ""
[6.671s] -- Up-to-date: /home/emmm/Desktop/rm/ROS2/learn/chapter3/interface_ws/install/example_interfaces_rclcpp/share/ament_index/resource_index/package_run_dependencies/example_interfaces_rclcpp
[6.671s] -- Up-to-date: /home/emmm/Desktop/rm/ROS2/learn/chapter3/interface_ws/install/example_interfaces_rclcpp/share/ament_index/resource_index/parent_prefix_path/example_interfaces_rclcpp
[6.671s] -- Up-to-date: /home/emmm/Desktop/rm/ROS2/learn/chapter3/interface_ws/install/example_interfaces_rclcpp/share/example_interfaces_rclcpp/environment/ament_prefix_path.sh
[6.671s] -- Up-to-date: /home/emmm/Desktop/rm/ROS2/learn/chapter3/interface_ws/install/example_interfaces_rclcpp/share/example_interfaces_rclcpp/environment/ament_prefix_path.dsv
[6.671s] -- Up-to-date: /home/emmm/Desktop/rm/ROS2/learn/chapter3/interface_ws/install/example_interfaces_rclcpp/share/example_interfaces_rclcpp/environment/path.sh
[6.671s] -- Up-to-date: /home/emmm/Desktop/rm/ROS2/learn/chapter3/interface_ws/install/example_interfaces_rclcpp/share/example_interfaces_rclcpp/environment/path.dsv
[6.671s] -- Up-to-date: /home/emmm/Desktop/rm/ROS2/learn/chapter3/interface_ws/install/example_interfaces_rclcpp/share/example_interfaces_rclcpp/local_setup.bash
[6.671s] -- Up-to-date: /home/emmm/Desktop/rm/ROS2/learn/chapter3/interface_ws/install/example_interfaces_rclcpp/share/example_interfaces_rclcpp/local_setup.sh
[6.671s] -- Up-to-date: /home/emmm/Desktop/rm/ROS2/learn/chapter3/interface_ws/install/example_interfaces_rclcpp/share/example_interfaces_rclcpp/local_setup.zsh
[6.672s] -- Up-to-date: /home/emmm/Desktop/rm/ROS2/learn/chapter3/interface_ws/install/example_interfaces_rclcpp/share/example_interfaces_rclcpp/local_setup.dsv
[6.672s] -- Installing: /home/emmm/Desktop/rm/ROS2/learn/chapter3/interface_ws/install/example_interfaces_rclcpp/share/example_interfaces_rclcpp/package.dsv
[6.672s] -- Up-to-date: /home/emmm/Desktop/rm/ROS2/learn/chapter3/interface_ws/install/example_interfaces_rclcpp/share/ament_index/resource_index/packages/example_interfaces_rclcpp
[6.672s] -- Up-to-date: /home/emmm/Desktop/rm/ROS2/learn/chapter3/interface_ws/install/example_interfaces_rclcpp/share/example_interfaces_rclcpp/cmake/example_interfaces_rclcppConfig.cmake
[6.673s] -- Up-to-date: /home/emmm/Desktop/rm/ROS2/learn/chapter3/interface_ws/install/example_interfaces_rclcpp/share/example_interfaces_rclcpp/cmake/example_interfaces_rclcppConfig-version.cmake
[6.674s] -- Up-to-date: /home/emmm/Desktop/rm/ROS2/learn/chapter3/interface_ws/install/example_interfaces_rclcpp/share/example_interfaces_rclcpp/package.xml
[6.675s] Invoked command in '/home/emmm/Desktop/rm/ROS2/learn/chapter3/interface_ws/build/example_interfaces_rclcpp' returned '0': AMENT_PREFIX_PATH=/home/emmm/Desktop/rm/ROS2/learn/chapter3/interface_ws/install/example_ros2_interfaces:${AMENT_PREFIX_PATH} CMAKE_PREFIX_PATH=/home/emmm/Desktop/rm/ROS2/learn/chapter3/interface_ws/install/example_ros2_interfaces:/opt/ros/humble LD_LIBRARY_PATH=/home/emmm/Desktop/rm/ROS2/learn/chapter3/interface_ws/install/example_ros2_interfaces/lib:${LD_LIBRARY_PATH} PYTHONPATH=/home/emmm/Desktop/rm/ROS2/learn/chapter3/interface_ws/install/example_ros2_interfaces/local/lib/python3.10/dist-packages:${PYTHONPATH} /usr/bin/cmake --install /home/emmm/Desktop/rm/ROS2/learn/chapter3/interface_ws/build/example_interfaces_rclcpp
