[0.013s] Invoking command in '/home/emmm/Desktop/rm/ROS2/learn/chapter5/tf_ws/build/demo_cpp_tf': CMAKE_PREFIX_PATH=${CMAKE_PREFIX_PATH}:/opt/ros/humble /usr/bin/cmake --build /home/emmm/Desktop/rm/ROS2/learn/chapter5/tf_ws/build/demo_cpp_tf -- -j12 -l12
[0.038s] -- Found ament_cmake: 1.3.12 (/opt/ros/humble/share/ament_cmake/cmake)
[0.140s] -- Found rclcpp: 16.0.17 (/opt/ros/humble/share/rclcpp/cmake)
[0.159s] -- Found rosidl_generator_c: 3.1.8 (/opt/ros/humble/share/rosidl_generator_c/cmake)
[0.160s] -- Found rosidl_adapter: 3.1.8 (/opt/ros/humble/share/rosidl_adapter/cmake)
[0.164s] -- Found rosidl_generator_cpp: 3.1.8 (/opt/ros/humble/share/rosidl_generator_cpp/cmake)
[0.171s] -- Using all available rosidl_typesupport_c: rosidl_typesupport_fastrtps_c;rosidl_typesupport_introspection_c
[0.178s] -- Using all available rosidl_typesupport_cpp: rosidl_typesupport_fastrtps_cpp;rosidl_typesupport_introspection_cpp
[0.199s] -- Found rmw_implementation_cmake: 6.1.2 (/opt/ros/humble/share/rmw_implementation_cmake/cmake)
[0.200s] -- Found rmw_fastrtps_cpp: 6.2.9 (/opt/ros/humble/share/rmw_fastrtps_cpp/cmake)
[0.284s] -- Using RMW implementation 'rmw_fastrtps_cpp' as default
[0.317s] -- Found tf2_ros: 0.25.18 (/opt/ros/humble/share/tf2_ros/cmake)
[0.378s] -- Found tf2_geometry_msgs: 0.25.18 (/opt/ros/humble/share/tf2_geometry_msgs/cmake)
[0.380s] -- Found eigen3_cmake_module: 0.1.1 (/opt/ros/humble/share/eigen3_cmake_module/cmake)
[0.381s] -- Ensuring Eigen3 include directory is part of orocos-kdl CMake target
[0.384s] -- Found ament_lint_auto: 0.12.14 (/opt/ros/humble/share/ament_lint_auto/cmake)
[0.436s] -- Added test 'cppcheck' to perform static code analysis on C / C++ code
[0.436s] -- Configured cppcheck include dirs: 
[0.436s] -- Configured cppcheck exclude dirs and/or files: 
[0.436s] -- Added test 'lint_cmake' to check CMake code style
[0.437s] -- Added test 'uncrustify' to check C / C++ code style
[0.437s] -- Configured uncrustify additional arguments: 
[0.437s] -- Added test 'xmllint' to check XML markup files
[0.437s] -- Configuring done
[0.449s] -- Generating done
[0.455s] -- Build files have been written to: /home/emmm/Desktop/rm/ROS2/learn/chapter5/tf_ws/build/demo_cpp_tf
[0.482s] [35m[1mConsolidate compiler generated dependencies of target dynamic_tf_broadcaster[0m
[0.485s] [35m[1mConsolidate compiler generated dependencies of target static_tf_broadcaster[0m
[0.491s] [ 16%] [32mBuilding CXX object CMakeFiles/tf_listener.dir/src/tf_listener.cpp.o[0m
[0.501s] [ 33%] [32mBuilding CXX object CMakeFiles/dynamic_tf_broadcaster.dir/src/dynamic_tf_broadcaster.cpp.o[0m
[0.506s] [ 50%] [32mBuilding CXX object CMakeFiles/static_tf_broadcaster.dir/src/static_tf_broadcaster.cpp.o[0m
[3.361s] [ 66%] [32m[1mLinking CXX executable static_tf_broadcaster[0m
[3.606s] [ 66%] Built target static_tf_broadcaster
[4.767s] [ 83%] [32m[1mLinking CXX executable dynamic_tf_broadcaster[0m
[4.953s] [ 83%] Built target dynamic_tf_broadcaster
[6.447s] [100%] [32m[1mLinking CXX executable tf_listener[0m
[6.763s] [100%] Built target tf_listener
[6.777s] Invoked command in '/home/emmm/Desktop/rm/ROS2/learn/chapter5/tf_ws/build/demo_cpp_tf' returned '0': CMAKE_PREFIX_PATH=${CMAKE_PREFIX_PATH}:/opt/ros/humble /usr/bin/cmake --build /home/emmm/Desktop/rm/ROS2/learn/chapter5/tf_ws/build/demo_cpp_tf -- -j12 -l12
[6.786s] Invoking command in '/home/emmm/Desktop/rm/ROS2/learn/chapter5/tf_ws/build/demo_cpp_tf': CMAKE_PREFIX_PATH=${CMAKE_PREFIX_PATH}:/opt/ros/humble /usr/bin/cmake --install /home/emmm/Desktop/rm/ROS2/learn/chapter5/tf_ws/build/demo_cpp_tf
[6.796s] -- Install configuration: ""
[6.796s] -- Installing: /home/emmm/Desktop/rm/ROS2/learn/chapter5/tf_ws/install/demo_cpp_tf/lib/demo_cpp_tf/static_tf_broadcaster
[6.798s] -- Set runtime path of "/home/emmm/Desktop/rm/ROS2/learn/chapter5/tf_ws/install/demo_cpp_tf/lib/demo_cpp_tf/static_tf_broadcaster" to ""
[6.798s] -- Installing: /home/emmm/Desktop/rm/ROS2/learn/chapter5/tf_ws/install/demo_cpp_tf/lib/demo_cpp_tf/dynamic_tf_broadcaster
[6.799s] -- Set runtime path of "/home/emmm/Desktop/rm/ROS2/learn/chapter5/tf_ws/install/demo_cpp_tf/lib/demo_cpp_tf/dynamic_tf_broadcaster" to ""
[6.799s] -- Installing: /home/emmm/Desktop/rm/ROS2/learn/chapter5/tf_ws/install/demo_cpp_tf/lib/demo_cpp_tf/tf_listener
[6.801s] -- Set runtime path of "/home/emmm/Desktop/rm/ROS2/learn/chapter5/tf_ws/install/demo_cpp_tf/lib/demo_cpp_tf/tf_listener" to ""
[6.801s] -- Up-to-date: /home/emmm/Desktop/rm/ROS2/learn/chapter5/tf_ws/install/demo_cpp_tf/share/ament_index/resource_index/package_run_dependencies/demo_cpp_tf
[6.801s] -- Up-to-date: /home/emmm/Desktop/rm/ROS2/learn/chapter5/tf_ws/install/demo_cpp_tf/share/ament_index/resource_index/parent_prefix_path/demo_cpp_tf
[6.801s] -- Up-to-date: /home/emmm/Desktop/rm/ROS2/learn/chapter5/tf_ws/install/demo_cpp_tf/share/demo_cpp_tf/environment/ament_prefix_path.sh
[6.801s] -- Installing: /home/emmm/Desktop/rm/ROS2/learn/chapter5/tf_ws/install/demo_cpp_tf/share/demo_cpp_tf/environment/ament_prefix_path.dsv
[6.801s] -- Up-to-date: /home/emmm/Desktop/rm/ROS2/learn/chapter5/tf_ws/install/demo_cpp_tf/share/demo_cpp_tf/environment/path.sh
[6.802s] -- Installing: /home/emmm/Desktop/rm/ROS2/learn/chapter5/tf_ws/install/demo_cpp_tf/share/demo_cpp_tf/environment/path.dsv
[6.802s] -- Up-to-date: /home/emmm/Desktop/rm/ROS2/learn/chapter5/tf_ws/install/demo_cpp_tf/share/demo_cpp_tf/local_setup.bash
[6.802s] -- Up-to-date: /home/emmm/Desktop/rm/ROS2/learn/chapter5/tf_ws/install/demo_cpp_tf/share/demo_cpp_tf/local_setup.sh
[6.802s] -- Up-to-date: /home/emmm/Desktop/rm/ROS2/learn/chapter5/tf_ws/install/demo_cpp_tf/share/demo_cpp_tf/local_setup.zsh
[6.802s] -- Installing: /home/emmm/Desktop/rm/ROS2/learn/chapter5/tf_ws/install/demo_cpp_tf/share/demo_cpp_tf/local_setup.dsv
[6.802s] -- Installing: /home/emmm/Desktop/rm/ROS2/learn/chapter5/tf_ws/install/demo_cpp_tf/share/demo_cpp_tf/package.dsv
[6.802s] -- Up-to-date: /home/emmm/Desktop/rm/ROS2/learn/chapter5/tf_ws/install/demo_cpp_tf/share/ament_index/resource_index/packages/demo_cpp_tf
[6.802s] -- Up-to-date: /home/emmm/Desktop/rm/ROS2/learn/chapter5/tf_ws/install/demo_cpp_tf/share/demo_cpp_tf/cmake/demo_cpp_tfConfig.cmake
[6.802s] -- Up-to-date: /home/emmm/Desktop/rm/ROS2/learn/chapter5/tf_ws/install/demo_cpp_tf/share/demo_cpp_tf/cmake/demo_cpp_tfConfig-version.cmake
[6.802s] -- Up-to-date: /home/emmm/Desktop/rm/ROS2/learn/chapter5/tf_ws/install/demo_cpp_tf/share/demo_cpp_tf/package.xml
[6.804s] Invoked command in '/home/emmm/Desktop/rm/ROS2/learn/chapter5/tf_ws/build/demo_cpp_tf' returned '0': CMAKE_PREFIX_PATH=${CMAKE_PREFIX_PATH}:/opt/ros/humble /usr/bin/cmake --install /home/emmm/Desktop/rm/ROS2/learn/chapter5/tf_ws/build/demo_cpp_tf
