[ 99%] Built target fastdds
[100%] Built target fast-discovery-server
-- Install configuration: "Release"
-- Up-to-date: /home/emmm/Desktop/rm/ROS2/learn/chapter3/fastdds_ws/install/fastdds/include/fastdds
-- Up-to-date: /home/emmm/Desktop/rm/ROS2/learn/chapter3/fastdds_ws/install/fastdds/include/fastdds/LibrarySettings.hpp
-- Up-to-date: /home/emmm/Desktop/rm/ROS2/learn/chapter3/fastdds_ws/install/fastdds/include/fastdds/config
-- Up-to-date: /home/emmm/Desktop/rm/ROS2/learn/chapter3/fastdds_ws/install/fastdds/include/fastdds/config/doxygen_modules.hpp
-- Up-to-date: /home/emmm/Desktop/rm/ROS2/learn/chapter3/fastdds_ws/install/fastdds/include/fastdds/utils
-- Up-to-date: /home/emmm/Desktop/rm/ROS2/learn/chapter3/fastdds_ws/install/fastdds/include/fastdds/utils/IPFinder.hpp
-- Up-to-date: /home/emmm/Desktop/rm/ROS2/learn/chapter3/fastdds_ws/install/fastdds/include/fastdds/utils/TimedConditionVariable.hpp
-- Up-to-date: /home/emmm/Desktop/rm/ROS2/learn/chapter3/fastdds_ws/install/fastdds/include/fastdds/utils/fixed_size_bitmap.hpp
-- Up-to-date: /home/emmm/Desktop/rm/ROS2/learn/chapter3/fastdds_ws/install/fastdds/include/fastdds/utils/md5.hpp
-- Up-to-date: /home/emmm/Desktop/rm/ROS2/learn/chapter3/fastdds_ws/install/fastdds/include/fastdds/utils/TimedMutex.hpp
-- Up-to-date: /home/emmm/Desktop/rm/ROS2/learn/chapter3/fastdds_ws/install/fastdds/include/fastdds/utils/collections
-- Up-to-date: /home/emmm/Desktop/rm/ROS2/learn/chapter3/fastdds_ws/install/fastdds/include/fastdds/utils/collections/ResourceLimitedVector.hpp
-- Up-to-date: /home/emmm/Desktop/rm/ROS2/learn/chapter3/fastdds_ws/install/fastdds/include/fastdds/utils/collections/ResourceLimitedContainerConfig.hpp
-- Up-to-date: /home/emmm/Desktop/rm/ROS2/learn/chapter3/fastdds_ws/install/fastdds/include/fastdds/utils/IPLocator.hpp
-- Up-to-date: /home/emmm/Desktop/rm/ROS2/learn/chapter3/fastdds_ws/install/fastdds/include/fastdds/statistics
-- Up-to-date: /home/emmm/Desktop/rm/ROS2/learn/chapter3/fastdds_ws/install/fastdds/include/fastdds/statistics/IListeners.hpp
-- Up-to-date: /home/emmm/Desktop/rm/ROS2/learn/chapter3/fastdds_ws/install/fastdds/include/fastdds/statistics/rtps
-- Up-to-date: /home/emmm/Desktop/rm/ROS2/learn/chapter3/fastdds_ws/install/fastdds/include/fastdds/statistics/rtps/monitor_service
-- Up-to-date: /home/emmm/Desktop/rm/ROS2/learn/chapter3/fastdds_ws/install/fastdds/include/fastdds/statistics/rtps/monitor_service/connections_fwd.hpp
-- Up-to-date: /home/emmm/Desktop/rm/ROS2/learn/chapter3/fastdds_ws/install/fastdds/include/fastdds/statistics/rtps/StatisticsCommon.hpp
-- Up-to-date: /home/emmm/Desktop/rm/ROS2/learn/chapter3/fastdds_ws/install/fastdds/include/fastdds/statistics/topic_names.hpp
-- Up-to-date: /home/emmm/Desktop/rm/ROS2/learn/chapter3/fastdds_ws/install/fastdds/include/fastdds/statistics/dds
-- Up-to-date: /home/emmm/Desktop/rm/ROS2/learn/chapter3/fastdds_ws/install/fastdds/include/fastdds/statistics/dds/publisher
-- Up-to-date: /home/emmm/Desktop/rm/ROS2/learn/chapter3/fastdds_ws/install/fastdds/include/fastdds/statistics/dds/publisher/qos
-- Up-to-date: /home/emmm/Desktop/rm/ROS2/learn/chapter3/fastdds_ws/install/fastdds/include/fastdds/statistics/dds/publisher/qos/DataWriterQos.hpp
-- Up-to-date: /home/emmm/Desktop/rm/ROS2/learn/chapter3/fastdds_ws/install/fastdds/include/fastdds/statistics/dds/subscriber
-- Up-to-date: /home/emmm/Desktop/rm/ROS2/learn/chapter3/fastdds_ws/install/fastdds/include/fastdds/statistics/dds/subscriber/qos
-- Up-to-date: /home/emmm/Desktop/rm/ROS2/learn/chapter3/fastdds_ws/install/fastdds/include/fastdds/statistics/dds/subscriber/qos/DataReaderQos.hpp
-- Up-to-date: /home/emmm/Desktop/rm/ROS2/learn/chapter3/fastdds_ws/install/fastdds/include/fastdds/statistics/dds/domain
-- Up-to-date: /home/emmm/Desktop/rm/ROS2/learn/chapter3/fastdds_ws/install/fastdds/include/fastdds/statistics/dds/domain/DomainParticipant.hpp
-- Up-to-date: /home/emmm/Desktop/rm/ROS2/learn/chapter3/fastdds_ws/install/fastdds/include/fastdds/rtps
-- Up-to-date: /home/emmm/Desktop/rm/ROS2/learn/chapter3/fastdds_ws/install/fastdds/include/fastdds/rtps/interfaces
-- Up-to-date: /home/emmm/Desktop/rm/ROS2/learn/chapter3/fastdds_ws/install/fastdds/include/fastdds/rtps/interfaces/IReaderDataFilter.hpp
-- Up-to-date: /home/emmm/Desktop/rm/ROS2/learn/chapter3/fastdds_ws/install/fastdds/include/fastdds/rtps/reader
-- Up-to-date: /home/emmm/Desktop/rm/ROS2/learn/chapter3/fastdds_ws/install/fastdds/include/fastdds/rtps/reader/ReaderListener.hpp
-- Up-to-date: /home/emmm/Desktop/rm/ROS2/learn/chapter3/fastdds_ws/install/fastdds/include/fastdds/rtps/reader/ReaderDiscoveryStatus.hpp
-- Up-to-date: /home/emmm/Desktop/rm/ROS2/learn/chapter3/fastdds_ws/install/fastdds/include/fastdds/rtps/reader/RTPSReader.hpp
-- Up-to-date: /home/emmm/Desktop/rm/ROS2/learn/chapter3/fastdds_ws/install/fastdds/include/fastdds/rtps/attributes
-- Up-to-date: /home/emmm/Desktop/rm/ROS2/learn/chapter3/fastdds_ws/install/fastdds/include/fastdds/rtps/attributes/ReaderAttributes.hpp
-- Up-to-date: /home/emmm/Desktop/rm/ROS2/learn/chapter3/fastdds_ws/install/fastdds/include/fastdds/rtps/attributes/HistoryAttributes.hpp
-- Up-to-date: /home/emmm/Desktop/rm/ROS2/learn/chapter3/fastdds_ws/install/fastdds/include/fastdds/rtps/attributes/RTPSParticipantAllocationAttributes.hpp
-- Up-to-date: /home/emmm/Desktop/rm/ROS2/learn/chapter3/fastdds_ws/install/fastdds/include/fastdds/rtps/attributes/ThreadSettings.hpp
-- Up-to-date: /home/emmm/Desktop/rm/ROS2/learn/chapter3/fastdds_ws/install/fastdds/include/fastdds/rtps/attributes/RTPSParticipantAttributes.hpp
-- Up-to-date: /home/emmm/Desktop/rm/ROS2/learn/chapter3/fastdds_ws/install/fastdds/include/fastdds/rtps/attributes/ResourceManagement.hpp
-- Up-to-date: /home/emmm/Desktop/rm/ROS2/learn/chapter3/fastdds_ws/install/fastdds/include/fastdds/rtps/attributes/BuiltinTransports.hpp
-- Up-to-date: /home/emmm/Desktop/rm/ROS2/learn/chapter3/fastdds_ws/install/fastdds/include/fastdds/rtps/attributes/EndpointSecurityAttributes.hpp
-- Up-to-date: /home/emmm/Desktop/rm/ROS2/learn/chapter3/fastdds_ws/install/fastdds/include/fastdds/rtps/attributes/ExternalLocators.hpp
-- Up-to-date: /home/emmm/Desktop/rm/ROS2/learn/chapter3/fastdds_ws/install/fastdds/include/fastdds/rtps/attributes/EndpointAttributes.hpp
-- Up-to-date: /home/emmm/Desktop/rm/ROS2/learn/chapter3/fastdds_ws/install/fastdds/include/fastdds/rtps/attributes/PropertyPolicy.hpp
-- Up-to-date: /home/emmm/Desktop/rm/ROS2/learn/chapter3/fastdds_ws/install/fastdds/include/fastdds/rtps/attributes/WriterAttributes.hpp
-- Up-to-date: /home/emmm/Desktop/rm/ROS2/learn/chapter3/fastdds_ws/install/fastdds/include/fastdds/rtps/builtin
-- Up-to-date: /home/emmm/Desktop/rm/ROS2/learn/chapter3/fastdds_ws/install/fastdds/include/fastdds/rtps/builtin/data
-- Up-to-date: /home/emmm/Desktop/rm/ROS2/learn/chapter3/fastdds_ws/install/fastdds/include/fastdds/rtps/builtin/data/TopicDescription.hpp
-- Up-to-date: /home/emmm/Desktop/rm/ROS2/learn/chapter3/fastdds_ws/install/fastdds/include/fastdds/rtps/builtin/data/BuiltinTopicKey.hpp
-- Up-to-date: /home/emmm/Desktop/rm/ROS2/learn/chapter3/fastdds_ws/install/fastdds/include/fastdds/rtps/builtin/data/BuiltinEndpoints.hpp
-- Up-to-date: /home/emmm/Desktop/rm/ROS2/learn/chapter3/fastdds_ws/install/fastdds/include/fastdds/rtps/builtin/data/PublicationBuiltinTopicData.hpp
-- Up-to-date: /home/emmm/Desktop/rm/ROS2/learn/chapter3/fastdds_ws/install/fastdds/include/fastdds/rtps/builtin/data/ContentFilterProperty.hpp
-- Up-to-date: /home/emmm/Desktop/rm/ROS2/learn/chapter3/fastdds_ws/install/fastdds/include/fastdds/rtps/builtin/data/ParticipantBuiltinTopicData.hpp
-- Up-to-date: /home/emmm/Desktop/rm/ROS2/learn/chapter3/fastdds_ws/install/fastdds/include/fastdds/rtps/builtin/data/SubscriptionBuiltinTopicData.hpp
-- Up-to-date: /home/emmm/Desktop/rm/ROS2/learn/chapter3/fastdds_ws/install/fastdds/include/fastdds/rtps/writer
-- Up-to-date: /home/emmm/Desktop/rm/ROS2/learn/chapter3/fastdds_ws/install/fastdds/include/fastdds/rtps/writer/WriterDiscoveryStatus.hpp
-- Up-to-date: /home/emmm/Desktop/rm/ROS2/learn/chapter3/fastdds_ws/install/fastdds/include/fastdds/rtps/writer/WriterListener.hpp
-- Up-to-date: /home/emmm/Desktop/rm/ROS2/learn/chapter3/fastdds_ws/install/fastdds/include/fastdds/rtps/writer/RTPSWriter.hpp
-- Up-to-date: /home/emmm/Desktop/rm/ROS2/learn/chapter3/fastdds_ws/install/fastdds/include/fastdds/rtps/history
-- Up-to-date: /home/emmm/Desktop/rm/ROS2/learn/chapter3/fastdds_ws/install/fastdds/include/fastdds/rtps/history/IChangePool.hpp
-- Up-to-date: /home/emmm/Desktop/rm/ROS2/learn/chapter3/fastdds_ws/install/fastdds/include/fastdds/rtps/history/History.hpp
-- Up-to-date: /home/emmm/Desktop/rm/ROS2/learn/chapter3/fastdds_ws/install/fastdds/include/fastdds/rtps/history/IPayloadPool.hpp
-- Up-to-date: /home/emmm/Desktop/rm/ROS2/learn/chapter3/fastdds_ws/install/fastdds/include/fastdds/rtps/history/ReaderHistory.hpp
-- Up-to-date: /home/emmm/Desktop/rm/ROS2/learn/chapter3/fastdds_ws/install/fastdds/include/fastdds/rtps/history/WriterHistory.hpp
-- Up-to-date: /home/emmm/Desktop/rm/ROS2/learn/chapter3/fastdds_ws/install/fastdds/include/fastdds/rtps/flowcontrol
-- Up-to-date: /home/emmm/Desktop/rm/ROS2/learn/chapter3/fastdds_ws/install/fastdds/include/fastdds/rtps/flowcontrol/FlowControllerSchedulerPolicy.hpp
-- Up-to-date: /home/emmm/Desktop/rm/ROS2/learn/chapter3/fastdds_ws/install/fastdds/include/fastdds/rtps/flowcontrol/FlowControllerConsts.hpp
-- Up-to-date: /home/emmm/Desktop/rm/ROS2/learn/chapter3/fastdds_ws/install/fastdds/include/fastdds/rtps/flowcontrol/FlowControllerDescriptor.hpp
-- Up-to-date: /home/emmm/Desktop/rm/ROS2/learn/chapter3/fastdds_ws/install/fastdds/include/fastdds/rtps/messages
-- Up-to-date: /home/emmm/Desktop/rm/ROS2/learn/chapter3/fastdds_ws/install/fastdds/include/fastdds/rtps/messages/RTPS_messages.hpp
-- Up-to-date: /home/emmm/Desktop/rm/ROS2/learn/chapter3/fastdds_ws/install/fastdds/include/fastdds/rtps/messages/RTPSMessageSenderInterface.hpp
-- Up-to-date: /home/emmm/Desktop/rm/ROS2/learn/chapter3/fastdds_ws/install/fastdds/include/fastdds/rtps/Endpoint.hpp
-- Up-to-date: /home/emmm/Desktop/rm/ROS2/learn/chapter3/fastdds_ws/install/fastdds/include/fastdds/rtps/common
-- Up-to-date: /home/emmm/Desktop/rm/ROS2/learn/chapter3/fastdds_ws/install/fastdds/include/fastdds/rtps/common/Token.hpp
-- Up-to-date: /home/emmm/Desktop/rm/ROS2/learn/chapter3/fastdds_ws/install/fastdds/include/fastdds/rtps/common/LocatorList.hpp
-- Up-to-date: /home/emmm/Desktop/rm/ROS2/learn/chapter3/fastdds_ws/install/fastdds/include/fastdds/rtps/common/RemoteLocators.hpp
-- Up-to-date: /home/emmm/Desktop/rm/ROS2/learn/chapter3/fastdds_ws/install/fastdds/include/fastdds/rtps/common/OriginalWriterInfo.hpp
-- Up-to-date: /home/emmm/Desktop/rm/ROS2/learn/chapter3/fastdds_ws/install/fastdds/include/fastdds/rtps/common/BinaryProperty.hpp
-- Up-to-date: /home/emmm/Desktop/rm/ROS2/learn/chapter3/fastdds_ws/install/fastdds/include/fastdds/rtps/common/Property.hpp
-- Up-to-date: /home/emmm/Desktop/rm/ROS2/learn/chapter3/fastdds_ws/install/fastdds/include/fastdds/rtps/common/FragmentNumber.hpp
-- Up-to-date: /home/emmm/Desktop/rm/ROS2/learn/chapter3/fastdds_ws/install/fastdds/include/fastdds/rtps/common/PortParameters.hpp
-- Up-to-date: /home/emmm/Desktop/rm/ROS2/learn/chapter3/fastdds_ws/install/fastdds/include/fastdds/rtps/common/MatchingInfo.hpp
-- Up-to-date: /home/emmm/Desktop/rm/ROS2/learn/chapter3/fastdds_ws/install/fastdds/include/fastdds/rtps/common/ProductVersion_t.hpp
-- Up-to-date: /home/emmm/Desktop/rm/ROS2/learn/chapter3/fastdds_ws/install/fastdds/include/fastdds/rtps/common/VendorId_t.hpp
-- Up-to-date: /home/emmm/Desktop/rm/ROS2/learn/chapter3/fastdds_ws/install/fastdds/include/fastdds/rtps/common/InstanceHandle.hpp
-- Up-to-date: /home/emmm/Desktop/rm/ROS2/learn/chapter3/fastdds_ws/install/fastdds/include/fastdds/rtps/common/LocatorListComparisons.hpp
-- Up-to-date: /home/emmm/Desktop/rm/ROS2/learn/chapter3/fastdds_ws/install/fastdds/include/fastdds/rtps/common/CacheChange.hpp
-- Up-to-date: /home/emmm/Desktop/rm/ROS2/learn/chapter3/fastdds_ws/install/fastdds/include/fastdds/rtps/common/LocatorsIterator.hpp
-- Up-to-date: /home/emmm/Desktop/rm/ROS2/learn/chapter3/fastdds_ws/install/fastdds/include/fastdds/rtps/common/LocatorWithMask.hpp
-- Up-to-date: /home/emmm/Desktop/rm/ROS2/learn/chapter3/fastdds_ws/install/fastdds/include/fastdds/rtps/common/Time_t.hpp
-- Up-to-date: /home/emmm/Desktop/rm/ROS2/learn/chapter3/fastdds_ws/install/fastdds/include/fastdds/rtps/common/Guid.hpp
-- Up-to-date: /home/emmm/Desktop/rm/ROS2/learn/chapter3/fastdds_ws/install/fastdds/include/fastdds/rtps/common/SampleIdentity.hpp
-- Up-to-date: /home/emmm/Desktop/rm/ROS2/learn/chapter3/fastdds_ws/install/fastdds/include/fastdds/rtps/common/Locator.hpp
-- Up-to-date: /home/emmm/Desktop/rm/ROS2/learn/chapter3/fastdds_ws/install/fastdds/include/fastdds/rtps/common/LocatorSelectorEntry.hpp
-- Up-to-date: /home/emmm/Desktop/rm/ROS2/learn/chapter3/fastdds_ws/install/fastdds/include/fastdds/rtps/common/WriteParams.hpp
-- Up-to-date: /home/emmm/Desktop/rm/ROS2/learn/chapter3/fastdds_ws/install/fastdds/include/fastdds/rtps/common/SequenceNumber.hpp
-- Up-to-date: /home/emmm/Desktop/rm/ROS2/learn/chapter3/fastdds_ws/install/fastdds/include/fastdds/rtps/common/Types.hpp
-- Up-to-date: /home/emmm/Desktop/rm/ROS2/learn/chapter3/fastdds_ws/install/fastdds/include/fastdds/rtps/common/EntityId_t.hpp
-- Up-to-date: /home/emmm/Desktop/rm/ROS2/learn/chapter3/fastdds_ws/install/fastdds/include/fastdds/rtps/common/CDRMessage_t.hpp
-- Up-to-date: /home/emmm/Desktop/rm/ROS2/learn/chapter3/fastdds_ws/install/fastdds/include/fastdds/rtps/common/GuidPrefix_t.hpp
-- Up-to-date: /home/emmm/Desktop/rm/ROS2/learn/chapter3/fastdds_ws/install/fastdds/include/fastdds/rtps/common/ChangeKind_t.hpp
-- Up-to-date: /home/emmm/Desktop/rm/ROS2/learn/chapter3/fastdds_ws/install/fastdds/include/fastdds/rtps/common/CdrSerialization.hpp
-- Up-to-date: /home/emmm/Desktop/rm/ROS2/learn/chapter3/fastdds_ws/install/fastdds/include/fastdds/rtps/common/LocatorSelector.hpp
-- Up-to-date: /home/emmm/Desktop/rm/ROS2/learn/chapter3/fastdds_ws/install/fastdds/include/fastdds/rtps/common/SerializedPayload.hpp
-- Up-to-date: /home/emmm/Desktop/rm/ROS2/learn/chapter3/fastdds_ws/install/fastdds/include/fastdds/rtps/RTPSDomain.hpp
-- Up-to-date: /home/emmm/Desktop/rm/ROS2/learn/chapter3/fastdds_ws/install/fastdds/include/fastdds/rtps/participant
-- Up-to-date: /home/emmm/Desktop/rm/ROS2/learn/chapter3/fastdds_ws/install/fastdds/include/fastdds/rtps/participant/ParticipantDiscoveryInfo.hpp
-- Up-to-date: /home/emmm/Desktop/rm/ROS2/learn/chapter3/fastdds_ws/install/fastdds/include/fastdds/rtps/participant/RTPSParticipant.hpp
-- Up-to-date: /home/emmm/Desktop/rm/ROS2/learn/chapter3/fastdds_ws/install/fastdds/include/fastdds/rtps/participant/RTPSParticipantListener.hpp
-- Up-to-date: /home/emmm/Desktop/rm/ROS2/learn/chapter3/fastdds_ws/install/fastdds/include/fastdds/rtps/transport
-- Up-to-date: /home/emmm/Desktop/rm/ROS2/learn/chapter3/fastdds_ws/install/fastdds/include/fastdds/rtps/transport/SocketTransportDescriptor.hpp
-- Up-to-date: /home/emmm/Desktop/rm/ROS2/learn/chapter3/fastdds_ws/install/fastdds/include/fastdds/rtps/transport/TransportDescriptorInterface.hpp
-- Up-to-date: /home/emmm/Desktop/rm/ROS2/learn/chapter3/fastdds_ws/install/fastdds/include/fastdds/rtps/transport/TCPTransportDescriptor.hpp
-- Up-to-date: /home/emmm/Desktop/rm/ROS2/learn/chapter3/fastdds_ws/install/fastdds/include/fastdds/rtps/transport/SenderResource.hpp
-- Up-to-date: /home/emmm/Desktop/rm/ROS2/learn/chapter3/fastdds_ws/install/fastdds/include/fastdds/rtps/transport/PortBasedTransportDescriptor.hpp
-- Up-to-date: /home/emmm/Desktop/rm/ROS2/learn/chapter3/fastdds_ws/install/fastdds/include/fastdds/rtps/transport/network
-- Up-to-date: /home/emmm/Desktop/rm/ROS2/learn/chapter3/fastdds_ws/install/fastdds/include/fastdds/rtps/transport/network/NetworkInterfaceWithFilter.hpp
-- Up-to-date: /home/emmm/Desktop/rm/ROS2/learn/chapter3/fastdds_ws/install/fastdds/include/fastdds/rtps/transport/network/NetmaskFilterKind.hpp
-- Up-to-date: /home/emmm/Desktop/rm/ROS2/learn/chapter3/fastdds_ws/install/fastdds/include/fastdds/rtps/transport/network/AllowedNetworkInterface.hpp
-- Up-to-date: /home/emmm/Desktop/rm/ROS2/learn/chapter3/fastdds_ws/install/fastdds/include/fastdds/rtps/transport/network/BlockedNetworkInterface.hpp
-- Up-to-date: /home/emmm/Desktop/rm/ROS2/learn/chapter3/fastdds_ws/install/fastdds/include/fastdds/rtps/transport/network/NetworkInterface.hpp
-- Up-to-date: /home/emmm/Desktop/rm/ROS2/learn/chapter3/fastdds_ws/install/fastdds/include/fastdds/rtps/transport/TransportReceiverInterface.hpp
-- Up-to-date: /home/emmm/Desktop/rm/ROS2/learn/chapter3/fastdds_ws/install/fastdds/include/fastdds/rtps/transport/test_UDPv4TransportDescriptor.hpp
-- Up-to-date: /home/emmm/Desktop/rm/ROS2/learn/chapter3/fastdds_ws/install/fastdds/include/fastdds/rtps/transport/shared_mem
-- Up-to-date: /home/emmm/Desktop/rm/ROS2/learn/chapter3/fastdds_ws/install/fastdds/include/fastdds/rtps/transport/shared_mem/SharedMemTransportDescriptor.hpp
-- Up-to-date: /home/emmm/Desktop/rm/ROS2/learn/chapter3/fastdds_ws/install/fastdds/include/fastdds/rtps/transport/shared_mem/test_SharedMemTransportDescriptor.hpp
-- Up-to-date: /home/emmm/Desktop/rm/ROS2/learn/chapter3/fastdds_ws/install/fastdds/include/fastdds/rtps/transport/TCPv4TransportDescriptor.hpp
-- Up-to-date: /home/emmm/Desktop/rm/ROS2/learn/chapter3/fastdds_ws/install/fastdds/include/fastdds/rtps/transport/TransportInterface.hpp
-- Up-to-date: /home/emmm/Desktop/rm/ROS2/learn/chapter3/fastdds_ws/install/fastdds/include/fastdds/rtps/transport/NetworkBuffer.hpp
-- Up-to-date: /home/emmm/Desktop/rm/ROS2/learn/chapter3/fastdds_ws/install/fastdds/include/fastdds/rtps/transport/UDPv6TransportDescriptor.hpp
-- Up-to-date: /home/emmm/Desktop/rm/ROS2/learn/chapter3/fastdds_ws/install/fastdds/include/fastdds/rtps/transport/ChainingTransportDescriptor.hpp
-- Up-to-date: /home/emmm/Desktop/rm/ROS2/learn/chapter3/fastdds_ws/install/fastdds/include/fastdds/rtps/transport/UDPv4TransportDescriptor.hpp
-- Up-to-date: /home/emmm/Desktop/rm/ROS2/learn/chapter3/fastdds_ws/install/fastdds/include/fastdds/rtps/transport/UDPTransportDescriptor.hpp
-- Up-to-date: /home/emmm/Desktop/rm/ROS2/learn/chapter3/fastdds_ws/install/fastdds/include/fastdds/rtps/transport/TCPv6TransportDescriptor.hpp
-- Up-to-date: /home/emmm/Desktop/rm/ROS2/learn/chapter3/fastdds_ws/install/fastdds/include/fastdds/rtps/transport/ChainingTransport.hpp
-- Up-to-date: /home/emmm/Desktop/rm/ROS2/learn/chapter3/fastdds_ws/install/fastdds/include/fastdds/fastdds_auto_link.hpp
-- Up-to-date: /home/emmm/Desktop/rm/ROS2/learn/chapter3/fastdds_ws/install/fastdds/include/fastdds/fastdds_dll.hpp
-- Up-to-date: /home/emmm/Desktop/rm/ROS2/learn/chapter3/fastdds_ws/install/fastdds/include/fastdds/dds
-- Up-to-date: /home/emmm/Desktop/rm/ROS2/learn/chapter3/fastdds_ws/install/fastdds/include/fastdds/dds/publisher
-- Up-to-date: /home/emmm/Desktop/rm/ROS2/learn/chapter3/fastdds_ws/install/fastdds/include/fastdds/dds/publisher/PublisherListener.hpp
-- Up-to-date: /home/emmm/Desktop/rm/ROS2/learn/chapter3/fastdds_ws/install/fastdds/include/fastdds/dds/publisher/Publisher.hpp
-- Up-to-date: /home/emmm/Desktop/rm/ROS2/learn/chapter3/fastdds_ws/install/fastdds/include/fastdds/dds/publisher/DataWriterListener.hpp
-- Up-to-date: /home/emmm/Desktop/rm/ROS2/learn/chapter3/fastdds_ws/install/fastdds/include/fastdds/dds/publisher/qos
-- Up-to-date: /home/emmm/Desktop/rm/ROS2/learn/chapter3/fastdds_ws/install/fastdds/include/fastdds/dds/publisher/qos/WriterQos.hpp
-- Up-to-date: /home/emmm/Desktop/rm/ROS2/learn/chapter3/fastdds_ws/install/fastdds/include/fastdds/dds/publisher/qos/PublisherQos.hpp
-- Up-to-date: /home/emmm/Desktop/rm/ROS2/learn/chapter3/fastdds_ws/install/fastdds/include/fastdds/dds/publisher/qos/DataWriterQos.hpp
-- Up-to-date: /home/emmm/Desktop/rm/ROS2/learn/chapter3/fastdds_ws/install/fastdds/include/fastdds/dds/publisher/DataWriter.hpp
-- Up-to-date: /home/emmm/Desktop/rm/ROS2/learn/chapter3/fastdds_ws/install/fastdds/include/fastdds/dds/subscriber
-- Up-to-date: /home/emmm/Desktop/rm/ROS2/learn/chapter3/fastdds_ws/install/fastdds/include/fastdds/dds/subscriber/InstanceState.hpp
-- Up-to-date: /home/emmm/Desktop/rm/ROS2/learn/chapter3/fastdds_ws/install/fastdds/include/fastdds/dds/subscriber/SubscriberListener.hpp
-- Up-to-date: /home/emmm/Desktop/rm/ROS2/learn/chapter3/fastdds_ws/install/fastdds/include/fastdds/dds/subscriber/SampleInfo.hpp
-- Up-to-date: /home/emmm/Desktop/rm/ROS2/learn/chapter3/fastdds_ws/install/fastdds/include/fastdds/dds/subscriber/Subscriber.hpp
-- Up-to-date: /home/emmm/Desktop/rm/ROS2/learn/chapter3/fastdds_ws/install/fastdds/include/fastdds/dds/subscriber/DataReader.hpp
-- Up-to-date: /home/emmm/Desktop/rm/ROS2/learn/chapter3/fastdds_ws/install/fastdds/include/fastdds/dds/subscriber/DataReaderListener.hpp
-- Up-to-date: /home/emmm/Desktop/rm/ROS2/learn/chapter3/fastdds_ws/install/fastdds/include/fastdds/dds/subscriber/qos
-- Up-to-date: /home/emmm/Desktop/rm/ROS2/learn/chapter3/fastdds_ws/install/fastdds/include/fastdds/dds/subscriber/qos/SubscriberQos.hpp
-- Up-to-date: /home/emmm/Desktop/rm/ROS2/learn/chapter3/fastdds_ws/install/fastdds/include/fastdds/dds/subscriber/qos/DataReaderQos.hpp
-- Up-to-date: /home/emmm/Desktop/rm/ROS2/learn/chapter3/fastdds_ws/install/fastdds/include/fastdds/dds/subscriber/qos/ReaderQos.hpp
-- Up-to-date: /home/emmm/Desktop/rm/ROS2/learn/chapter3/fastdds_ws/install/fastdds/include/fastdds/dds/subscriber/ReadCondition.hpp
-- Up-to-date: /home/emmm/Desktop/rm/ROS2/learn/chapter3/fastdds_ws/install/fastdds/include/fastdds/dds/subscriber/SampleState.hpp
-- Up-to-date: /home/emmm/Desktop/rm/ROS2/learn/chapter3/fastdds_ws/install/fastdds/include/fastdds/dds/subscriber/ViewState.hpp
-- Up-to-date: /home/emmm/Desktop/rm/ROS2/learn/chapter3/fastdds_ws/install/fastdds/include/fastdds/dds/rpc
-- Up-to-date: /home/emmm/Desktop/rm/ROS2/learn/chapter3/fastdds_ws/install/fastdds/include/fastdds/dds/rpc/interfaces
-- Up-to-date: /home/emmm/Desktop/rm/ROS2/learn/chapter3/fastdds_ws/install/fastdds/include/fastdds/dds/rpc/interfaces/RpcServerSchedulingStrategy.hpp
-- Up-to-date: /home/emmm/Desktop/rm/ROS2/learn/chapter3/fastdds_ws/install/fastdds/include/fastdds/dds/rpc/interfaces/RpcServer.hpp
-- Up-to-date: /home/emmm/Desktop/rm/ROS2/learn/chapter3/fastdds_ws/install/fastdds/include/fastdds/dds/rpc/interfaces/RpcStatusCode.hpp
-- Up-to-date: /home/emmm/Desktop/rm/ROS2/learn/chapter3/fastdds_ws/install/fastdds/include/fastdds/dds/rpc/interfaces/RpcRequest.hpp
-- Up-to-date: /home/emmm/Desktop/rm/ROS2/learn/chapter3/fastdds_ws/install/fastdds/include/fastdds/dds/rpc/interfaces/RpcFuture.hpp
-- Up-to-date: /home/emmm/Desktop/rm/ROS2/learn/chapter3/fastdds_ws/install/fastdds/include/fastdds/dds/rpc/Service.hpp
-- Up-to-date: /home/emmm/Desktop/rm/ROS2/learn/chapter3/fastdds_ws/install/fastdds/include/fastdds/dds/rpc/Requester.hpp
-- Up-to-date: /home/emmm/Desktop/rm/ROS2/learn/chapter3/fastdds_ws/install/fastdds/include/fastdds/dds/rpc/RemoteExceptionCode_t.hpp
-- Up-to-date: /home/emmm/Desktop/rm/ROS2/learn/chapter3/fastdds_ws/install/fastdds/include/fastdds/dds/rpc/RPCEntity.hpp
-- Up-to-date: /home/emmm/Desktop/rm/ROS2/learn/chapter3/fastdds_ws/install/fastdds/include/fastdds/dds/rpc/RequestInfo.hpp
-- Up-to-date: /home/emmm/Desktop/rm/ROS2/learn/chapter3/fastdds_ws/install/fastdds/include/fastdds/dds/rpc/interfaces.hpp
-- Up-to-date: /home/emmm/Desktop/rm/ROS2/learn/chapter3/fastdds_ws/install/fastdds/include/fastdds/dds/rpc/exceptions
-- Up-to-date: /home/emmm/Desktop/rm/ROS2/learn/chapter3/fastdds_ws/install/fastdds/include/fastdds/dds/rpc/exceptions/RpcTimeoutException.hpp
-- Up-to-date: /home/emmm/Desktop/rm/ROS2/learn/chapter3/fastdds_ws/install/fastdds/include/fastdds/dds/rpc/exceptions/RpcOperationError.hpp
-- Up-to-date: /home/emmm/Desktop/rm/ROS2/learn/chapter3/fastdds_ws/install/fastdds/include/fastdds/dds/rpc/exceptions/RemoteInvalidArgumentError.hpp
-- Up-to-date: /home/emmm/Desktop/rm/ROS2/learn/chapter3/fastdds_ws/install/fastdds/include/fastdds/dds/rpc/exceptions/RemoteUnsupportedError.hpp
-- Up-to-date: /home/emmm/Desktop/rm/ROS2/learn/chapter3/fastdds_ws/install/fastdds/include/fastdds/dds/rpc/exceptions/RpcException.hpp
-- Up-to-date: /home/emmm/Desktop/rm/ROS2/learn/chapter3/fastdds_ws/install/fastdds/include/fastdds/dds/rpc/exceptions/RemoteOutOfResourcesError.hpp
-- Up-to-date: /home/emmm/Desktop/rm/ROS2/learn/chapter3/fastdds_ws/install/fastdds/include/fastdds/dds/rpc/exceptions/RemoteUnknownExceptionError.hpp
-- Up-to-date: /home/emmm/Desktop/rm/ROS2/learn/chapter3/fastdds_ws/install/fastdds/include/fastdds/dds/rpc/exceptions/RpcBrokenPipeException.hpp
-- Up-to-date: /home/emmm/Desktop/rm/ROS2/learn/chapter3/fastdds_ws/install/fastdds/include/fastdds/dds/rpc/exceptions/RpcRemoteException.hpp
-- Up-to-date: /home/emmm/Desktop/rm/ROS2/learn/chapter3/fastdds_ws/install/fastdds/include/fastdds/dds/rpc/exceptions/RemoteUnknownOperationError.hpp
-- Up-to-date: /home/emmm/Desktop/rm/ROS2/learn/chapter3/fastdds_ws/install/fastdds/include/fastdds/dds/rpc/exceptions/RpcFeedCancelledException.hpp
-- Up-to-date: /home/emmm/Desktop/rm/ROS2/learn/chapter3/fastdds_ws/install/fastdds/include/fastdds/dds/rpc/Replier.hpp
-- Up-to-date: /home/emmm/Desktop/rm/ROS2/learn/chapter3/fastdds_ws/install/fastdds/include/fastdds/dds/rpc/RPCTypeObjectSupport.hpp
-- Up-to-date: /home/emmm/Desktop/rm/ROS2/learn/chapter3/fastdds_ws/install/fastdds/include/fastdds/dds/rpc/exceptions.hpp
-- Up-to-date: /home/emmm/Desktop/rm/ROS2/learn/chapter3/fastdds_ws/install/fastdds/include/fastdds/dds/rpc/ServiceTypeSupport.hpp
-- Up-to-date: /home/emmm/Desktop/rm/ROS2/learn/chapter3/fastdds_ws/install/fastdds/include/fastdds/dds/builtin
-- Up-to-date: /home/emmm/Desktop/rm/ROS2/learn/chapter3/fastdds_ws/install/fastdds/include/fastdds/dds/builtin/topic
-- Up-to-date: /home/emmm/Desktop/rm/ROS2/learn/chapter3/fastdds_ws/install/fastdds/include/fastdds/dds/builtin/topic/BuiltinTopicKey.hpp
-- Up-to-date: /home/emmm/Desktop/rm/ROS2/learn/chapter3/fastdds_ws/install/fastdds/include/fastdds/dds/builtin/topic/PublicationBuiltinTopicData.hpp
-- Up-to-date: /home/emmm/Desktop/rm/ROS2/learn/chapter3/fastdds_ws/install/fastdds/include/fastdds/dds/builtin/topic/TopicBuiltinTopicData.hpp
-- Up-to-date: /home/emmm/Desktop/rm/ROS2/learn/chapter3/fastdds_ws/install/fastdds/include/fastdds/dds/builtin/topic/ParticipantBuiltinTopicData.hpp
-- Up-to-date: /home/emmm/Desktop/rm/ROS2/learn/chapter3/fastdds_ws/install/fastdds/include/fastdds/dds/builtin/topic/SubscriptionBuiltinTopicData.hpp
-- Up-to-date: /home/emmm/Desktop/rm/ROS2/learn/chapter3/fastdds_ws/install/fastdds/include/fastdds/dds/topic
-- Up-to-date: /home/emmm/Desktop/rm/ROS2/learn/chapter3/fastdds_ws/install/fastdds/include/fastdds/dds/topic/TopicDataType.hpp
-- Up-to-date: /home/emmm/Desktop/rm/ROS2/learn/chapter3/fastdds_ws/install/fastdds/include/fastdds/dds/topic/TopicDescription.hpp
-- Up-to-date: /home/emmm/Desktop/rm/ROS2/learn/chapter3/fastdds_ws/install/fastdds/include/fastdds/dds/topic/TypeSupport.hpp
-- Up-to-date: /home/emmm/Desktop/rm/ROS2/learn/chapter3/fastdds_ws/install/fastdds/include/fastdds/dds/topic/ContentFilteredTopic.hpp
-- Up-to-date: /home/emmm/Desktop/rm/ROS2/learn/chapter3/fastdds_ws/install/fastdds/include/fastdds/dds/topic/qos
-- Up-to-date: /home/emmm/Desktop/rm/ROS2/learn/chapter3/fastdds_ws/install/fastdds/include/fastdds/dds/topic/qos/TopicQos.hpp
-- Up-to-date: /home/emmm/Desktop/rm/ROS2/learn/chapter3/fastdds_ws/install/fastdds/include/fastdds/dds/topic/IContentFilterFactory.hpp
-- Up-to-date: /home/emmm/Desktop/rm/ROS2/learn/chapter3/fastdds_ws/install/fastdds/include/fastdds/dds/topic/Topic.hpp
-- Up-to-date: /home/emmm/Desktop/rm/ROS2/learn/chapter3/fastdds_ws/install/fastdds/include/fastdds/dds/topic/IContentFilter.hpp
-- Up-to-date: /home/emmm/Desktop/rm/ROS2/learn/chapter3/fastdds_ws/install/fastdds/include/fastdds/dds/topic/TopicListener.hpp
-- Up-to-date: /home/emmm/Desktop/rm/ROS2/learn/chapter3/fastdds_ws/install/fastdds/include/fastdds/dds/log
-- Up-to-date: /home/emmm/Desktop/rm/ROS2/learn/chapter3/fastdds_ws/install/fastdds/include/fastdds/dds/log/Log.hpp
-- Up-to-date: /home/emmm/Desktop/rm/ROS2/learn/chapter3/fastdds_ws/install/fastdds/include/fastdds/dds/log/OStreamConsumer.hpp
-- Up-to-date: /home/emmm/Desktop/rm/ROS2/learn/chapter3/fastdds_ws/install/fastdds/include/fastdds/dds/log/StdoutErrConsumer.hpp
-- Up-to-date: /home/emmm/Desktop/rm/ROS2/learn/chapter3/fastdds_ws/install/fastdds/include/fastdds/dds/log/Colors.hpp
-- Up-to-date: /home/emmm/Desktop/rm/ROS2/learn/chapter3/fastdds_ws/install/fastdds/include/fastdds/dds/log/FileConsumer.hpp
-- Up-to-date: /home/emmm/Desktop/rm/ROS2/learn/chapter3/fastdds_ws/install/fastdds/include/fastdds/dds/log/StdoutConsumer.hpp
-- Up-to-date: /home/emmm/Desktop/rm/ROS2/learn/chapter3/fastdds_ws/install/fastdds/include/fastdds/dds/core
-- Up-to-date: /home/emmm/Desktop/rm/ROS2/learn/chapter3/fastdds_ws/install/fastdds/include/fastdds/dds/core/StackAllocatedSequence.hpp
-- Up-to-date: /home/emmm/Desktop/rm/ROS2/learn/chapter3/fastdds_ws/install/fastdds/include/fastdds/dds/core/UserAllocatedSequence.hpp
-- Up-to-date: /home/emmm/Desktop/rm/ROS2/learn/chapter3/fastdds_ws/install/fastdds/include/fastdds/dds/core/LoanableTypedCollection.hpp
-- Up-to-date: /home/emmm/Desktop/rm/ROS2/learn/chapter3/fastdds_ws/install/fastdds/include/fastdds/dds/core/LoanableArray.hpp
-- Up-to-date: /home/emmm/Desktop/rm/ROS2/learn/chapter3/fastdds_ws/install/fastdds/include/fastdds/dds/core/ReturnCode.hpp
-- Up-to-date: /home/emmm/Desktop/rm/ROS2/learn/chapter3/fastdds_ws/install/fastdds/include/fastdds/dds/core/Time_t.hpp
-- Up-to-date: /home/emmm/Desktop/rm/ROS2/learn/chapter3/fastdds_ws/install/fastdds/include/fastdds/dds/core/Entity.hpp
-- Up-to-date: /home/emmm/Desktop/rm/ROS2/learn/chapter3/fastdds_ws/install/fastdds/include/fastdds/dds/core/LoanableSequence.hpp
-- Up-to-date: /home/emmm/Desktop/rm/ROS2/learn/chapter3/fastdds_ws/install/fastdds/include/fastdds/dds/core/status
-- Up-to-date: /home/emmm/Desktop/rm/ROS2/learn/chapter3/fastdds_ws/install/fastdds/include/fastdds/dds/core/status/MatchedStatus.hpp
-- Up-to-date: /home/emmm/Desktop/rm/ROS2/learn/chapter3/fastdds_ws/install/fastdds/include/fastdds/dds/core/status/PublicationMatchedStatus.hpp
-- Up-to-date: /home/emmm/Desktop/rm/ROS2/learn/chapter3/fastdds_ws/install/fastdds/include/fastdds/dds/core/status/BaseStatus.hpp
-- Up-to-date: /home/emmm/Desktop/rm/ROS2/learn/chapter3/fastdds_ws/install/fastdds/include/fastdds/dds/core/status/IncompatibleQosStatus.hpp
-- Up-to-date: /home/emmm/Desktop/rm/ROS2/learn/chapter3/fastdds_ws/install/fastdds/include/fastdds/dds/core/status/SubscriptionMatchedStatus.hpp
-- Up-to-date: /home/emmm/Desktop/rm/ROS2/learn/chapter3/fastdds_ws/install/fastdds/include/fastdds/dds/core/status/SampleRejectedStatus.hpp
-- Up-to-date: /home/emmm/Desktop/rm/ROS2/learn/chapter3/fastdds_ws/install/fastdds/include/fastdds/dds/core/status/LivelinessChangedStatus.hpp
-- Up-to-date: /home/emmm/Desktop/rm/ROS2/learn/chapter3/fastdds_ws/install/fastdds/include/fastdds/dds/core/status/StatusMask.hpp
-- Up-to-date: /home/emmm/Desktop/rm/ROS2/learn/chapter3/fastdds_ws/install/fastdds/include/fastdds/dds/core/status/DeadlineMissedStatus.hpp
-- Up-to-date: /home/emmm/Desktop/rm/ROS2/learn/chapter3/fastdds_ws/install/fastdds/include/fastdds/dds/core/policy
-- Up-to-date: /home/emmm/Desktop/rm/ROS2/learn/chapter3/fastdds_ws/install/fastdds/include/fastdds/dds/core/policy/ParameterTypes.hpp
-- Up-to-date: /home/emmm/Desktop/rm/ROS2/learn/chapter3/fastdds_ws/install/fastdds/include/fastdds/dds/core/policy/ReaderDataLifecycleQosPolicy.hpp
-- Up-to-date: /home/emmm/Desktop/rm/ROS2/learn/chapter3/fastdds_ws/install/fastdds/include/fastdds/dds/core/policy/RTPSReliableReaderQos.hpp
-- Up-to-date: /home/emmm/Desktop/rm/ROS2/learn/chapter3/fastdds_ws/install/fastdds/include/fastdds/dds/core/policy/RTPSReliableWriterQos.hpp
-- Up-to-date: /home/emmm/Desktop/rm/ROS2/learn/chapter3/fastdds_ws/install/fastdds/include/fastdds/dds/core/policy/ReaderResourceLimitsQos.hpp
-- Up-to-date: /home/emmm/Desktop/rm/ROS2/learn/chapter3/fastdds_ws/install/fastdds/include/fastdds/dds/core/policy/QosPolicies.hpp
-- Up-to-date: /home/emmm/Desktop/rm/ROS2/learn/chapter3/fastdds_ws/install/fastdds/include/fastdds/dds/core/policy/WriterDataLifecycleQosPolicy.hpp
-- Up-to-date: /home/emmm/Desktop/rm/ROS2/learn/chapter3/fastdds_ws/install/fastdds/include/fastdds/dds/core/LoanableCollection.hpp
-- Up-to-date: /home/emmm/Desktop/rm/ROS2/learn/chapter3/fastdds_ws/install/fastdds/include/fastdds/dds/core/Types.hpp
-- Up-to-date: /home/emmm/Desktop/rm/ROS2/learn/chapter3/fastdds_ws/install/fastdds/include/fastdds/dds/core/condition
-- Up-to-date: /home/emmm/Desktop/rm/ROS2/learn/chapter3/fastdds_ws/install/fastdds/include/fastdds/dds/core/condition/StatusCondition.hpp
-- Up-to-date: /home/emmm/Desktop/rm/ROS2/learn/chapter3/fastdds_ws/install/fastdds/include/fastdds/dds/core/condition/WaitSet.hpp
-- Up-to-date: /home/emmm/Desktop/rm/ROS2/learn/chapter3/fastdds_ws/install/fastdds/include/fastdds/dds/core/condition/GuardCondition.hpp
-- Up-to-date: /home/emmm/Desktop/rm/ROS2/learn/chapter3/fastdds_ws/install/fastdds/include/fastdds/dds/core/condition/Condition.hpp
-- Up-to-date: /home/emmm/Desktop/rm/ROS2/learn/chapter3/fastdds_ws/install/fastdds/include/fastdds/dds/core/detail
-- Up-to-date: /home/emmm/Desktop/rm/ROS2/learn/chapter3/fastdds_ws/install/fastdds/include/fastdds/dds/core/detail/DDSSecurityReturnCode.hpp
-- Up-to-date: /home/emmm/Desktop/rm/ROS2/learn/chapter3/fastdds_ws/install/fastdds/include/fastdds/dds/core/detail/DDSReturnCode.hpp
-- Up-to-date: /home/emmm/Desktop/rm/ROS2/learn/chapter3/fastdds_ws/install/fastdds/include/fastdds/dds/common
-- Up-to-date: /home/emmm/Desktop/rm/ROS2/learn/chapter3/fastdds_ws/install/fastdds/include/fastdds/dds/common/InstanceHandle.hpp
-- Up-to-date: /home/emmm/Desktop/rm/ROS2/learn/chapter3/fastdds_ws/install/fastdds/include/fastdds/dds/domain
-- Up-to-date: /home/emmm/Desktop/rm/ROS2/learn/chapter3/fastdds_ws/install/fastdds/include/fastdds/dds/domain/DomainParticipantListener.hpp
-- Up-to-date: /home/emmm/Desktop/rm/ROS2/learn/chapter3/fastdds_ws/install/fastdds/include/fastdds/dds/domain/qos
-- Up-to-date: /home/emmm/Desktop/rm/ROS2/learn/chapter3/fastdds_ws/install/fastdds/include/fastdds/dds/domain/qos/RequesterQos.hpp
-- Up-to-date: /home/emmm/Desktop/rm/ROS2/learn/chapter3/fastdds_ws/install/fastdds/include/fastdds/dds/domain/qos/DomainParticipantExtendedQos.hpp
-- Up-to-date: /home/emmm/Desktop/rm/ROS2/learn/chapter3/fastdds_ws/install/fastdds/include/fastdds/dds/domain/qos/DomainParticipantFactoryQos.hpp
-- Up-to-date: /home/emmm/Desktop/rm/ROS2/learn/chapter3/fastdds_ws/install/fastdds/include/fastdds/dds/domain/qos/ReplierQos.hpp
-- Up-to-date: /home/emmm/Desktop/rm/ROS2/learn/chapter3/fastdds_ws/install/fastdds/include/fastdds/dds/domain/qos/DomainParticipantQos.hpp
-- Up-to-date: /home/emmm/Desktop/rm/ROS2/learn/chapter3/fastdds_ws/install/fastdds/include/fastdds/dds/domain/DomainParticipant.hpp
-- Up-to-date: /home/emmm/Desktop/rm/ROS2/learn/chapter3/fastdds_ws/install/fastdds/include/fastdds/dds/domain/DomainParticipantFactory.hpp
-- Up-to-date: /home/emmm/Desktop/rm/ROS2/learn/chapter3/fastdds_ws/install/fastdds/include/fastdds/dds/xtypes
-- Up-to-date: /home/emmm/Desktop/rm/ROS2/learn/chapter3/fastdds_ws/install/fastdds/include/fastdds/dds/xtypes/common.hpp
-- Up-to-date: /home/emmm/Desktop/rm/ROS2/learn/chapter3/fastdds_ws/install/fastdds/include/fastdds/dds/xtypes/utils.hpp
-- Up-to-date: /home/emmm/Desktop/rm/ROS2/learn/chapter3/fastdds_ws/install/fastdds/include/fastdds/dds/xtypes/type_representation
-- Up-to-date: /home/emmm/Desktop/rm/ROS2/learn/chapter3/fastdds_ws/install/fastdds/include/fastdds/dds/xtypes/type_representation/ITypeObjectRegistry.hpp
-- Up-to-date: /home/emmm/Desktop/rm/ROS2/learn/chapter3/fastdds_ws/install/fastdds/include/fastdds/dds/xtypes/type_representation/TypeObjectUtils.hpp
-- Up-to-date: /home/emmm/Desktop/rm/ROS2/learn/chapter3/fastdds_ws/install/fastdds/include/fastdds/dds/xtypes/type_representation/TypeObject.hpp
-- Up-to-date: /home/emmm/Desktop/rm/ROS2/learn/chapter3/fastdds_ws/install/fastdds/include/fastdds/dds/xtypes/type_representation/detail
-- Up-to-date: /home/emmm/Desktop/rm/ROS2/learn/chapter3/fastdds_ws/install/fastdds/include/fastdds/dds/xtypes/type_representation/detail/dds_xtypes_typeobject.hpp
-- Up-to-date: /home/emmm/Desktop/rm/ROS2/learn/chapter3/fastdds_ws/install/fastdds/include/fastdds/dds/xtypes/type_representation/detail/dds_xtypes_typeobjectCdrAux.hpp
-- Up-to-date: /home/emmm/Desktop/rm/ROS2/learn/chapter3/fastdds_ws/install/fastdds/include/fastdds/dds/xtypes/type_representation/detail/dds_xtypes_typeobjectPubSubTypes.hpp
-- Up-to-date: /home/emmm/Desktop/rm/ROS2/learn/chapter3/fastdds_ws/install/fastdds/include/fastdds/dds/xtypes/dynamic_types
-- Up-to-date: /home/emmm/Desktop/rm/ROS2/learn/chapter3/fastdds_ws/install/fastdds/include/fastdds/dds/xtypes/dynamic_types/DynamicDataFactory.hpp
-- Up-to-date: /home/emmm/Desktop/rm/ROS2/learn/chapter3/fastdds_ws/install/fastdds/include/fastdds/dds/xtypes/dynamic_types/DynamicTypeBuilderFactory.hpp
-- Up-to-date: /home/emmm/Desktop/rm/ROS2/learn/chapter3/fastdds_ws/install/fastdds/include/fastdds/dds/xtypes/dynamic_types/AnnotationDescriptor.hpp
-- Up-to-date: /home/emmm/Desktop/rm/ROS2/learn/chapter3/fastdds_ws/install/fastdds/include/fastdds/dds/xtypes/dynamic_types/DynamicPubSubType.hpp
-- Up-to-date: /home/emmm/Desktop/rm/ROS2/learn/chapter3/fastdds_ws/install/fastdds/include/fastdds/dds/xtypes/dynamic_types/MemberDescriptor.hpp
-- Up-to-date: /home/emmm/Desktop/rm/ROS2/learn/chapter3/fastdds_ws/install/fastdds/include/fastdds/dds/xtypes/dynamic_types/type_traits.hpp
-- Up-to-date: /home/emmm/Desktop/rm/ROS2/learn/chapter3/fastdds_ws/install/fastdds/include/fastdds/dds/xtypes/dynamic_types/TypeDescriptor.hpp
-- Up-to-date: /home/emmm/Desktop/rm/ROS2/learn/chapter3/fastdds_ws/install/fastdds/include/fastdds/dds/xtypes/dynamic_types/DynamicTypeBuilder.hpp
-- Up-to-date: /home/emmm/Desktop/rm/ROS2/learn/chapter3/fastdds_ws/install/fastdds/include/fastdds/dds/xtypes/dynamic_types/Types.hpp
-- Up-to-date: /home/emmm/Desktop/rm/ROS2/learn/chapter3/fastdds_ws/install/fastdds/include/fastdds/dds/xtypes/dynamic_types/DynamicData.hpp
-- Up-to-date: /home/emmm/Desktop/rm/ROS2/learn/chapter3/fastdds_ws/install/fastdds/include/fastdds/dds/xtypes/dynamic_types/VerbatimTextDescriptor.hpp
-- Up-to-date: /home/emmm/Desktop/rm/ROS2/learn/chapter3/fastdds_ws/install/fastdds/include/fastdds/dds/xtypes/dynamic_types/DynamicTypeMember.hpp
-- Up-to-date: /home/emmm/Desktop/rm/ROS2/learn/chapter3/fastdds_ws/install/fastdds/include/fastdds/dds/xtypes/dynamic_types/DynamicType.hpp
-- Up-to-date: /home/emmm/Desktop/rm/ROS2/learn/chapter3/fastdds_ws/install/fastdds/include/fastdds/dds/xtypes/dynamic_types/detail
-- Up-to-date: /home/emmm/Desktop/rm/ROS2/learn/chapter3/fastdds_ws/install/fastdds/include/fastdds/dds/xtypes/dynamic_types/detail/type_traits.hpp
-- Up-to-date: /home/emmm/Desktop/rm/ROS2/learn/chapter3/fastdds_ws/install/fastdds/include/fastdds/dds/xtypes/dynamic_types/detail/dynamic_language_binding.hpp
-- Up-to-date: /home/emmm/Desktop/rm/ROS2/learn/chapter3/fastdds_ws/install/fastdds/include/fastdds/dds/xtypes/exception
-- Up-to-date: /home/emmm/Desktop/rm/ROS2/learn/chapter3/fastdds_ws/install/fastdds/include/fastdds/dds/xtypes/exception/Exception.hpp
-- Up-to-date: /home/emmm/Desktop/rm/ROS2/learn/chapter3/fastdds_ws/install/fastdds/include/fastdds/config.hpp
-- Up-to-date: /home/emmm/Desktop/rm/ROS2/learn/chapter3/fastdds_ws/install/fastdds/include/fastdds/statistics
-- Up-to-date: /home/emmm/Desktop/rm/ROS2/learn/chapter3/fastdds_ws/install/fastdds/include/fastdds/statistics/rtps
-- Up-to-date: /home/emmm/Desktop/rm/ROS2/learn/chapter3/fastdds_ws/install/fastdds/include/fastdds/statistics/rtps/monitor_service
-- Up-to-date: /home/emmm/Desktop/rm/ROS2/learn/chapter3/fastdds_ws/install/fastdds/include/fastdds/statistics/types.idl
-- Up-to-date: /home/emmm/Desktop/rm/ROS2/learn/chapter3/fastdds_ws/install/fastdds/include/fastdds/statistics/monitorservice_types.idl
-- Up-to-date: /home/emmm/Desktop/rm/ROS2/learn/chapter3/fastdds_ws/install/fastdds/include/fastdds/statistics/dds
-- Up-to-date: /home/emmm/Desktop/rm/ROS2/learn/chapter3/fastdds_ws/install/fastdds/include/fastdds/statistics/dds/publisher
-- Up-to-date: /home/emmm/Desktop/rm/ROS2/learn/chapter3/fastdds_ws/install/fastdds/include/fastdds/statistics/dds/publisher/qos
-- Up-to-date: /home/emmm/Desktop/rm/ROS2/learn/chapter3/fastdds_ws/install/fastdds/include/fastdds/statistics/dds/subscriber
-- Up-to-date: /home/emmm/Desktop/rm/ROS2/learn/chapter3/fastdds_ws/install/fastdds/include/fastdds/statistics/dds/subscriber/qos
-- Up-to-date: /home/emmm/Desktop/rm/ROS2/learn/chapter3/fastdds_ws/install/fastdds/include/fastdds/statistics/dds/domain
-- Up-to-date: /home/emmm/Desktop/rm/ROS2/learn/chapter3/fastdds_ws/install/fastdds/lib/libfastdds.so.3.4.1.0
-- Up-to-date: /home/emmm/Desktop/rm/ROS2/learn/chapter3/fastdds_ws/install/fastdds/lib/libfastdds.so.3.4
-- Up-to-date: /home/emmm/Desktop/rm/ROS2/learn/chapter3/fastdds_ws/install/fastdds/lib/libfastdds.so
-- Up-to-date: /home/emmm/Desktop/rm/ROS2/learn/chapter3/fastdds_ws/install/fastdds/share/fastdds/cmake/fastdds-shared-targets.cmake
-- Up-to-date: /home/emmm/Desktop/rm/ROS2/learn/chapter3/fastdds_ws/install/fastdds/share/fastdds/cmake/fastdds-shared-targets-release.cmake
-- Up-to-date: /home/emmm/Desktop/rm/ROS2/learn/chapter3/fastdds_ws/install/fastdds/share/fastdds/cmake/fastdds-config.cmake
-- Up-to-date: /home/emmm/Desktop/rm/ROS2/learn/chapter3/fastdds_ws/install/fastdds/share/fastdds/cmake/fastdds-config-version.cmake
-- Up-to-date: /home/emmm/Desktop/rm/ROS2/learn/chapter3/fastdds_ws/install/fastdds/include/fastdds/thirdparty/optionparser
-- Up-to-date: /home/emmm/Desktop/rm/ROS2/learn/chapter3/fastdds_ws/install/fastdds/include/fastdds/thirdparty/optionparser/optionparser.hpp
-- Up-to-date: /home/emmm/Desktop/rm/ROS2/learn/chapter3/fastdds_ws/install/fastdds/include/fastdds/thirdparty/optionparser/optionparser
-- Up-to-date: /home/emmm/Desktop/rm/ROS2/learn/chapter3/fastdds_ws/install/fastdds/include/fastdds/thirdparty/optionparser/optionparser/optionparser.h
-- Up-to-date: /home/emmm/Desktop/rm/ROS2/learn/chapter3/fastdds_ws/install/fastdds/share/fastdds/cmake/optionparser-targets.cmake
-- Up-to-date: /home/emmm/Desktop/rm/ROS2/learn/chapter3/fastdds_ws/install/fastdds/bin/fast-discovery-server-1.0.1
-- Up-to-date: /home/emmm/Desktop/rm/ROS2/learn/chapter3/fastdds_ws/install/fastdds/tools/fastdds
-- Up-to-date: /home/emmm/Desktop/rm/ROS2/learn/chapter3/fastdds_ws/install/fastdds/tools/fastdds/shm
-- Up-to-date: /home/emmm/Desktop/rm/ROS2/learn/chapter3/fastdds_ws/install/fastdds/tools/fastdds/shm/clean.py
-- Up-to-date: /home/emmm/Desktop/rm/ROS2/learn/chapter3/fastdds_ws/install/fastdds/tools/fastdds/shm/parser.py
-- Up-to-date: /home/emmm/Desktop/rm/ROS2/learn/chapter3/fastdds_ws/install/fastdds/tools/fastdds/fastdds.py
-- Up-to-date: /home/emmm/Desktop/rm/ROS2/learn/chapter3/fastdds_ws/install/fastdds/tools/fastdds/discovery
-- Up-to-date: /home/emmm/Desktop/rm/ROS2/learn/chapter3/fastdds_ws/install/fastdds/tools/fastdds/discovery/parser.py
-- Up-to-date: /home/emmm/Desktop/rm/ROS2/learn/chapter3/fastdds_ws/install/fastdds/tools/fastdds/discovery/fastdds_daemon
-- Up-to-date: /home/emmm/Desktop/rm/ROS2/learn/chapter3/fastdds_ws/install/fastdds/tools/fastdds/discovery/fastdds_daemon/process_handler
-- Up-to-date: /home/emmm/Desktop/rm/ROS2/learn/chapter3/fastdds_ws/install/fastdds/tools/fastdds/discovery/fastdds_daemon/process_handler/process_handler.py
-- Up-to-date: /home/emmm/Desktop/rm/ROS2/learn/chapter3/fastdds_ws/install/fastdds/tools/fastdds/discovery/fastdds_daemon/process_handler/__init__.py
-- Up-to-date: /home/emmm/Desktop/rm/ROS2/learn/chapter3/fastdds_ws/install/fastdds/tools/fastdds/discovery/fastdds_daemon/helpers.py
-- Up-to-date: /home/emmm/Desktop/rm/ROS2/learn/chapter3/fastdds_ws/install/fastdds/tools/fastdds/discovery/fastdds_daemon/daemon
-- Up-to-date: /home/emmm/Desktop/rm/ROS2/learn/chapter3/fastdds_ws/install/fastdds/tools/fastdds/discovery/fastdds_daemon/daemon/daemonize.py
-- Up-to-date: /home/emmm/Desktop/rm/ROS2/learn/chapter3/fastdds_ws/install/fastdds/tools/fastdds/discovery/fastdds_daemon/daemon/__init__.py
-- Up-to-date: /home/emmm/Desktop/rm/ROS2/learn/chapter3/fastdds_ws/install/fastdds/tools/fastdds/discovery/fastdds_daemon/xmlrpc_local
-- Up-to-date: /home/emmm/Desktop/rm/ROS2/learn/chapter3/fastdds_ws/install/fastdds/tools/fastdds/discovery/fastdds_daemon/xmlrpc_local/local_server.py
-- Up-to-date: /home/emmm/Desktop/rm/ROS2/learn/chapter3/fastdds_ws/install/fastdds/tools/fastdds/discovery/fastdds_daemon/xmlrpc_local/__init__.py
-- Up-to-date: /home/emmm/Desktop/rm/ROS2/learn/chapter3/fastdds_ws/install/fastdds/tools/fastdds/discovery/fastdds_daemon/xmlrpc_local/local_client.py
-- Up-to-date: /home/emmm/Desktop/rm/ROS2/learn/chapter3/fastdds_ws/install/fastdds/tools/fastdds/discovery/fastdds_daemon/node
-- Up-to-date: /home/emmm/Desktop/rm/ROS2/learn/chapter3/fastdds_ws/install/fastdds/tools/fastdds/discovery/fastdds_daemon/node/daemon_node.py
-- Up-to-date: /home/emmm/Desktop/rm/ROS2/learn/chapter3/fastdds_ws/install/fastdds/tools/fastdds/discovery/fastdds_daemon/node/__init__.py
-- Up-to-date: /home/emmm/Desktop/rm/ROS2/learn/chapter3/fastdds_ws/install/fastdds/tools/fastdds/xml_ci
-- Up-to-date: /home/emmm/Desktop/rm/ROS2/learn/chapter3/fastdds_ws/install/fastdds/tools/fastdds/xml_ci/parser.py
-- Up-to-date: /home/emmm/Desktop/rm/ROS2/learn/chapter3/fastdds_ws/install/fastdds/tools/fastdds/xml_ci/validate.py
-- Up-to-date: /home/emmm/Desktop/rm/ROS2/learn/chapter3/fastdds_ws/install/fastdds/bin
-- Up-to-date: /home/emmm/Desktop/rm/ROS2/learn/chapter3/fastdds_ws/install/fastdds/bin/fastdds
-- Up-to-date: /home/emmm/Desktop/rm/ROS2/learn/chapter3/fastdds_ws/install/fastdds/bin/ros-discovery
-- Up-to-date: /home/emmm/Desktop/rm/ROS2/learn/chapter3/fastdds_ws/install/fastdds/share/fastdds/LICENSE
-- Up-to-date: /home/emmm/Desktop/rm/ROS2/learn/chapter3/fastdds_ws/install/fastdds/share/fastdds/fastdds_profiles.xsd
-- Up-to-date: /home/emmm/Desktop/rm/ROS2/learn/chapter3/fastdds_ws/install/fastdds/share/fastdds/fastdds_static_discovery.xsd
