[0.010s] Invoking command in '/home/emmm/Desktop/rm/ROS2/learn/chapter3/service_ws/build/add_service': /usr/bin/cmake --build /home/emmm/Desktop/rm/ROS2/learn/chapter3/service_ws/build/add_service -- -j12 -l12
[0.031s] -- Found ament_cmake: 1.3.12 (/opt/ros/humble/share/ament_cmake/cmake)
[0.147s] -- Found rclcpp: 16.0.17 (/opt/ros/humble/share/rclcpp/cmake)
[0.166s] -- Found rosidl_generator_c: 3.1.8 (/opt/ros/humble/share/rosidl_generator_c/cmake)
[0.168s] -- Found rosidl_adapter: 3.1.8 (/opt/ros/humble/share/rosidl_adapter/cmake)
[0.172s] -- Found rosidl_generator_cpp: 3.1.8 (/opt/ros/humble/share/rosidl_generator_cpp/cmake)
[0.178s] -- Using all available rosidl_typesupport_c: rosidl_typesupport_fastrtps_c;rosidl_typesupport_introspection_c
[0.186s] -- Using all available rosidl_typesupport_cpp: rosidl_typesupport_fastrtps_cpp;rosidl_typesupport_introspection_cpp
[0.207s] -- Found rmw_implementation_cmake: 6.1.2 (/opt/ros/humble/share/rmw_implementation_cmake/cmake)
[0.208s] -- Found rmw_fastrtps_cpp: 6.2.9 (/opt/ros/humble/share/rmw_fastrtps_cpp/cmake)
[0.286s] -- Using RMW implementation 'rmw_fastrtps_cpp' as default
[0.341s] -- Found example_interfaces: 0.9.3 (/opt/ros/humble/share/example_interfaces/cmake)
[0.385s] -- Found ament_lint_auto: 0.12.14 (/opt/ros/humble/share/ament_lint_auto/cmake)
[0.422s] Error parsing '/home/emmm/Desktop/rm/ROS2/learn/chapter3/service_ws/src/add_service/package.xml':
[0.454s] Traceback (most recent call last):
[0.454s]   File "/usr/lib/python3/dist-packages/catkin_pkg/package.py", line 610, in parse_package_string
[0.454s]     root = dom.parseString(data)
[0.454s]   File "/usr/lib/python3.10/xml/dom/minidom.py", line 2000, in parseString
[0.455s]     return expatbuilder.parseString(string)
[0.455s]   File "/usr/lib/python3.10/xml/dom/expatbuilder.py", line 925, in parseString
[0.455s]     return builder.parseString(string)
[0.456s]   File "/usr/lib/python3.10/xml/dom/expatbuilder.py", line 223, in parseString
[0.456s]     parser.Parse(string, True)
[0.456s] xml.parsers.expat.ExpatError: mismatched tag: line 14, column 31
[0.456s] 
[0.456s] During handling of the above exception, another exception occurred:
[0.456s] 
[0.456s] Traceback (most recent call last):
[0.456s]   File "/opt/ros/humble/share/ament_cmake_core/cmake/core/package_xml_2_cmake.py", line 150, in <module>
[0.456s]     main()
[0.456s]   File "/opt/ros/humble/share/ament_cmake_core/cmake/core/package_xml_2_cmake.py", line 53, in main
[0.456s]     raise e
[0.456s]   File "/opt/ros/humble/share/ament_cmake_core/cmake/core/package_xml_2_cmake.py", line 49, in main
[0.457s]     package = parse_package_string(
[0.457s]   File "/usr/lib/python3/dist-packages/catkin_pkg/package.py", line 612, in parse_package_string
[0.457s]     raise InvalidPackage('The manifest contains invalid XML:\n%s' % ex, filename)
[0.457s] catkin_pkg.package.InvalidPackage: Error(s) in package '/home/emmm/Desktop/rm/ROS2/learn/chapter3/service_ws/src/add_service/package.xml':
[0.457s] The manifest contains invalid XML:
[0.457s] mismatched tag: line 14, column 31
[0.465s] [31mCMake Error at /opt/ros/humble/share/ament_cmake_core/cmake/core/ament_package_xml.cmake:95 (message):
[0.465s]   execute_process(/usr/bin/python3
[0.466s]   /opt/ros/humble/share/ament_cmake_core/cmake/core/package_xml_2_cmake.py
[0.466s]   /home/emmm/Desktop/rm/ROS2/learn/chapter3/service_ws/src/add_service/package.xml
[0.466s]   /home/emmm/Desktop/rm/ROS2/learn/chapter3/service_ws/build/add_service/ament_cmake_core/package.cmake)
[0.466s]   returned error code 1
[0.466s] Call Stack (most recent call first):
[0.466s]   /opt/ros/humble/share/ament_cmake_core/cmake/core/ament_package_xml.cmake:49 (_ament_package_xml)
[0.466s]   /opt/ros/humble/share/ament_lint_auto/cmake/ament_lint_auto_find_test_dependencies.cmake:31 (ament_package_xml)
[0.466s]   CMakeLists.txt:29 (ament_lint_auto_find_test_dependencies)
[0.466s] 
[0.466s] [0m
[0.466s] -- Configuring incomplete, errors occurred!
[0.467s] See also "/home/emmm/Desktop/rm/ROS2/learn/chapter3/service_ws/build/add_service/CMakeFiles/CMakeOutput.log".
[0.470s] gmake: *** [Makefile:308: cmake_check_build_system] Error 1
[0.473s] Invoked command in '/home/emmm/Desktop/rm/ROS2/learn/chapter3/service_ws/build/add_service' returned '2': /usr/bin/cmake --build /home/emmm/Desktop/rm/ROS2/learn/chapter3/service_ws/build/add_service -- -j12 -l12
