-- Setting build type to 'Release' as none was specified.
-- Tests not compiled by default
-- The CXX compiler identification is GNU 11.4.0
-- Detecting CXX compiler ABI info
-- Detecting CXX compiler ABI info - done
-- Check for working CXX compiler: /usr/bin/c++ - skipped
-- Detecting CXX compile features
-- Detecting CXX compile features - done
-- Configuring Fast CDR
-- Version: 2.3.5
-- Performing Test SUPPORTS_NOTFOUND
-- Performing Test SUPPORTS_NOTFOUND - Success
-- Enforced cxx_std_11 CMake feature
-- Looking for C++ include sys/types.h
-- Looking for C++ include sys/types.h - found
-- Looking for C++ include stdint.h
-- Looking for C++ include stdint.h - found
-- Looking for C++ include stddef.h
-- Looking for C++ include stddef.h - found
-- Check size of long double
-- Check size of long double - done
-- Check size of __float128
-- Check size of __float128 - done
-- The C compiler identification is GNU 11.4.0
-- Detecting C compiler ABI info
-- Detecting C compiler ABI info - done
-- Check for working C compiler: /usr/bin/cc - skipped
-- Detecting C compile features
-- Detecting C compile features - done
-- Configuring done
-- Generating done
-- Build files have been written to: /home/emmm/Desktop/rm/ROS2/learn/chapter3/fastdds_ws/build/fastcdr
[ 10%] [32mBuilding CXX object src/cpp/CMakeFiles/fastcdr.dir/exceptions/BadParamException.cpp.o[0m
[ 20%] [32mBuilding CXX object src/cpp/CMakeFiles/fastcdr.dir/FastCdr.cpp.o[0m
[ 40%] [32mBuilding CXX object src/cpp/CMakeFiles/fastcdr.dir/Cdr.cpp.o[0m
[ 40%] [32mBuilding CXX object src/cpp/CMakeFiles/fastcdr.dir/CdrSizeCalculator.cpp.o[0m
[ 50%] [32mBuilding CXX object src/cpp/CMakeFiles/fastcdr.dir/FastBuffer.cpp.o[0m
[ 60%] [32mBuilding CXX object src/cpp/CMakeFiles/fastcdr.dir/exceptions/BadOptionalAccessException.cpp.o[0m
[ 70%] [32mBuilding CXX object src/cpp/CMakeFiles/fastcdr.dir/exceptions/Exception.cpp.o[0m
[ 80%] [32mBuilding CXX object src/cpp/CMakeFiles/fastcdr.dir/exceptions/LockedExternalAccessException.cpp.o[0m
[ 90%] [32mBuilding CXX object src/cpp/CMakeFiles/fastcdr.dir/exceptions/NotEnoughMemoryException.cpp.o[0m
[100%] [32m[1mLinking CXX shared library libfastcdr.so[0m
[100%] Built target fastcdr
-- Install configuration: "Release"
-- Installing: /home/emmm/Desktop/rm/ROS2/learn/chapter3/fastdds_ws/install/fastcdr/include/fastcdr
-- Installing: /home/emmm/Desktop/rm/ROS2/learn/chapter3/fastdds_ws/install/fastcdr/include/fastcdr/cdr
-- Installing: /home/emmm/Desktop/rm/ROS2/learn/chapter3/fastdds_ws/install/fastcdr/include/fastcdr/cdr/fixed_size_string.hpp
-- Installing: /home/emmm/Desktop/rm/ROS2/learn/chapter3/fastdds_ws/install/fastcdr/include/fastcdr/FastCdr.h
-- Installing: /home/emmm/Desktop/rm/ROS2/learn/chapter3/fastdds_ws/install/fastcdr/include/fastcdr/config
-- Installing: /home/emmm/Desktop/rm/ROS2/learn/chapter3/fastdds_ws/install/fastcdr/include/fastcdr/config/doxygen_modules.h
-- Installing: /home/emmm/Desktop/rm/ROS2/learn/chapter3/fastdds_ws/install/fastcdr/include/fastcdr/eProsima_auto_link.h
-- Installing: /home/emmm/Desktop/rm/ROS2/learn/chapter3/fastdds_ws/install/fastcdr/include/fastcdr/FastBuffer.h
-- Installing: /home/emmm/Desktop/rm/ROS2/learn/chapter3/fastdds_ws/install/fastcdr/include/fastcdr/exceptions
-- Installing: /home/emmm/Desktop/rm/ROS2/learn/chapter3/fastdds_ws/install/fastcdr/include/fastcdr/exceptions/Exception.h
-- Installing: /home/emmm/Desktop/rm/ROS2/learn/chapter3/fastdds_ws/install/fastcdr/include/fastcdr/exceptions/LockedExternalAccessException.hpp
-- Installing: /home/emmm/Desktop/rm/ROS2/learn/chapter3/fastdds_ws/install/fastcdr/include/fastcdr/exceptions/BadOptionalAccessException.hpp
-- Installing: /home/emmm/Desktop/rm/ROS2/learn/chapter3/fastdds_ws/install/fastcdr/include/fastcdr/exceptions/NotEnoughMemoryException.h
-- Installing: /home/emmm/Desktop/rm/ROS2/learn/chapter3/fastdds_ws/install/fastcdr/include/fastcdr/exceptions/BadParamException.h
-- Installing: /home/emmm/Desktop/rm/ROS2/learn/chapter3/fastdds_ws/install/fastcdr/include/fastcdr/xcdr
-- Installing: /home/emmm/Desktop/rm/ROS2/learn/chapter3/fastdds_ws/install/fastcdr/include/fastcdr/xcdr/external.hpp
-- Installing: /home/emmm/Desktop/rm/ROS2/learn/chapter3/fastdds_ws/install/fastcdr/include/fastcdr/xcdr/optional.hpp
-- Installing: /home/emmm/Desktop/rm/ROS2/learn/chapter3/fastdds_ws/install/fastcdr/include/fastcdr/xcdr/detail
-- Installing: /home/emmm/Desktop/rm/ROS2/learn/chapter3/fastdds_ws/install/fastcdr/include/fastcdr/xcdr/detail/optional.hpp
-- Installing: /home/emmm/Desktop/rm/ROS2/learn/chapter3/fastdds_ws/install/fastcdr/include/fastcdr/xcdr/MemberId.hpp
-- Installing: /home/emmm/Desktop/rm/ROS2/learn/chapter3/fastdds_ws/install/fastcdr/include/fastcdr/fastcdr_dll.h
-- Installing: /home/emmm/Desktop/rm/ROS2/learn/chapter3/fastdds_ws/install/fastcdr/include/fastcdr/CdrSizeCalculator.hpp
-- Installing: /home/emmm/Desktop/rm/ROS2/learn/chapter3/fastdds_ws/install/fastcdr/include/fastcdr/CdrEncoding.hpp
-- Installing: /home/emmm/Desktop/rm/ROS2/learn/chapter3/fastdds_ws/install/fastcdr/include/fastcdr/Cdr.h
-- Installing: /home/emmm/Desktop/rm/ROS2/learn/chapter3/fastdds_ws/install/fastcdr/include/fastcdr/detail
-- Installing: /home/emmm/Desktop/rm/ROS2/learn/chapter3/fastdds_ws/install/fastcdr/include/fastcdr/detail/container_recursive_inspector.hpp
-- Installing: /home/emmm/Desktop/rm/ROS2/learn/chapter3/fastdds_ws/install/fastcdr/include/fastcdr/config.h
-- Installing: /home/emmm/Desktop/rm/ROS2/learn/chapter3/fastdds_ws/install/fastcdr/lib/libfastcdr.so.2.3.5
-- Installing: /home/emmm/Desktop/rm/ROS2/learn/chapter3/fastdds_ws/install/fastcdr/lib/libfastcdr.so.2
-- Installing: /home/emmm/Desktop/rm/ROS2/learn/chapter3/fastdds_ws/install/fastcdr/lib/libfastcdr.so
-- Installing: /home/emmm/Desktop/rm/ROS2/learn/chapter3/fastdds_ws/install/fastcdr/lib/cmake/fastcdr/fastcdr-shared-targets.cmake
-- Installing: /home/emmm/Desktop/rm/ROS2/learn/chapter3/fastdds_ws/install/fastcdr/lib/cmake/fastcdr/fastcdr-shared-targets-release.cmake
-- Installing: /home/emmm/Desktop/rm/ROS2/learn/chapter3/fastdds_ws/install/fastcdr/lib/cmake/fastcdr/fastcdr-config.cmake
-- Installing: /home/emmm/Desktop/rm/ROS2/learn/chapter3/fastdds_ws/install/fastcdr/lib/cmake/fastcdr/fastcdr-config-version.cmake
-- Installing: /home/emmm/Desktop/rm/ROS2/learn/chapter3/fastdds_ws/install/fastcdr/share/fastcdr/LICENSE
