[0.009s] Invoking command in '/home/emmm/Desktop/rm/ROS2/learn/chapter3/fastdds_ws/build/fastcdr': /usr/bin/cmake /home/emmm/Desktop/rm/ROS2/learn/chapter3/fastdds_ws/src/fastcdr -DCMAKE_INSTALL_PREFIX=/home/emmm/Desktop/rm/ROS2/learn/chapter3/fastdds_ws/install/fastcdr
[0.012s] -- Setting build type to 'Release' as none was specified.
[0.012s] -- Tests not compiled by default
[0.099s] -- The CXX compiler identification is GNU 11.4.0
[0.107s] -- Detecting CXX compiler ABI info
[0.178s] -- Detecting CXX compiler ABI info - done
[0.188s] -- Check for working CXX compiler: /usr/bin/c++ - skipped
[0.189s] -- Detecting CXX compile features
[0.189s] -- Detecting CXX compile features - done
[0.190s] -- Configuring Fast CDR
[0.190s] -- Version: 2.3.5
[0.193s] -- Performing Test SUPPORTS_NOTFOUND
[0.257s] -- Performing Test SUPPORTS_NOTFOUND - Success
[0.258s] -- Enforced cxx_std_11 CMake feature
[0.259s] -- Looking for C++ include sys/types.h
[0.345s] -- Looking for C++ include sys/types.h - found
[0.345s] -- Looking for C++ include stdint.h
[0.419s] -- Looking for C++ include stdint.h - found
[0.419s] -- Looking for C++ include stddef.h
[0.490s] -- Looking for C++ include stddef.h - found
[0.490s] -- Check size of long double
[0.562s] -- Check size of long double - done
[0.562s] -- Check size of __float128
[0.651s] -- Check size of __float128 - done
[0.706s] -- The C compiler identification is GNU 11.4.0
[0.715s] -- Detecting C compiler ABI info
[0.810s] -- Detecting C compiler ABI info - done
[0.820s] -- Check for working C compiler: /usr/bin/cc - skipped
[0.821s] -- Detecting C compile features
[0.821s] -- Detecting C compile features - done
[0.825s] -- Configuring done
[0.830s] -- Generating done
[0.832s] -- Build files have been written to: /home/emmm/Desktop/rm/ROS2/learn/chapter3/fastdds_ws/build/fastcdr
[0.835s] Invoked command in '/home/emmm/Desktop/rm/ROS2/learn/chapter3/fastdds_ws/build/fastcdr' returned '0': /usr/bin/cmake /home/emmm/Desktop/rm/ROS2/learn/chapter3/fastdds_ws/src/fastcdr -DCMAKE_INSTALL_PREFIX=/home/emmm/Desktop/rm/ROS2/learn/chapter3/fastdds_ws/install/fastcdr
[0.836s] Invoking command in '/home/emmm/Desktop/rm/ROS2/learn/chapter3/fastdds_ws/build/fastcdr': /usr/bin/cmake --build /home/emmm/Desktop/rm/ROS2/learn/chapter3/fastdds_ws/build/fastcdr -- -j12 -l12
[0.898s] [ 10%] [32mBuilding CXX object src/cpp/CMakeFiles/fastcdr.dir/exceptions/BadParamException.cpp.o[0m
[0.898s] [ 20%] [32mBuilding CXX object src/cpp/CMakeFiles/fastcdr.dir/FastCdr.cpp.o[0m
[0.899s] [ 40%] [32mBuilding CXX object src/cpp/CMakeFiles/fastcdr.dir/Cdr.cpp.o[0m
[0.899s] [ 40%] [32mBuilding CXX object src/cpp/CMakeFiles/fastcdr.dir/CdrSizeCalculator.cpp.o[0m
[0.899s] [ 50%] [32mBuilding CXX object src/cpp/CMakeFiles/fastcdr.dir/FastBuffer.cpp.o[0m
[0.900s] [ 60%] [32mBuilding CXX object src/cpp/CMakeFiles/fastcdr.dir/exceptions/BadOptionalAccessException.cpp.o[0m
[0.901s] [ 70%] [32mBuilding CXX object src/cpp/CMakeFiles/fastcdr.dir/exceptions/Exception.cpp.o[0m
[0.902s] [ 80%] [32mBuilding CXX object src/cpp/CMakeFiles/fastcdr.dir/exceptions/LockedExternalAccessException.cpp.o[0m
[0.902s] [ 90%] [32mBuilding CXX object src/cpp/CMakeFiles/fastcdr.dir/exceptions/NotEnoughMemoryException.cpp.o[0m
[1.732s] [100%] [32m[1mLinking CXX shared library libfastcdr.so[0m
[1.814s] [100%] Built target fastcdr
[1.825s] Invoked command in '/home/emmm/Desktop/rm/ROS2/learn/chapter3/fastdds_ws/build/fastcdr' returned '0': /usr/bin/cmake --build /home/emmm/Desktop/rm/ROS2/learn/chapter3/fastdds_ws/build/fastcdr -- -j12 -l12
[1.829s] Invoking command in '/home/emmm/Desktop/rm/ROS2/learn/chapter3/fastdds_ws/build/fastcdr': /usr/bin/cmake --install /home/emmm/Desktop/rm/ROS2/learn/chapter3/fastdds_ws/build/fastcdr
[1.836s] -- Install configuration: "Release"
[1.836s] -- Installing: /home/emmm/Desktop/rm/ROS2/learn/chapter3/fastdds_ws/install/fastcdr/include/fastcdr
[1.836s] -- Installing: /home/emmm/Desktop/rm/ROS2/learn/chapter3/fastdds_ws/install/fastcdr/include/fastcdr/cdr
[1.836s] -- Installing: /home/emmm/Desktop/rm/ROS2/learn/chapter3/fastdds_ws/install/fastcdr/include/fastcdr/cdr/fixed_size_string.hpp
[1.836s] -- Installing: /home/emmm/Desktop/rm/ROS2/learn/chapter3/fastdds_ws/install/fastcdr/include/fastcdr/FastCdr.h
[1.836s] -- Installing: /home/emmm/Desktop/rm/ROS2/learn/chapter3/fastdds_ws/install/fastcdr/include/fastcdr/config
[1.837s] -- Installing: /home/emmm/Desktop/rm/ROS2/learn/chapter3/fastdds_ws/install/fastcdr/include/fastcdr/config/doxygen_modules.h
[1.837s] -- Installing: /home/emmm/Desktop/rm/ROS2/learn/chapter3/fastdds_ws/install/fastcdr/include/fastcdr/eProsima_auto_link.h
[1.837s] -- Installing: /home/emmm/Desktop/rm/ROS2/learn/chapter3/fastdds_ws/install/fastcdr/include/fastcdr/FastBuffer.h
[1.837s] -- Installing: /home/emmm/Desktop/rm/ROS2/learn/chapter3/fastdds_ws/install/fastcdr/include/fastcdr/exceptions
[1.837s] -- Installing: /home/emmm/Desktop/rm/ROS2/learn/chapter3/fastdds_ws/install/fastcdr/include/fastcdr/exceptions/Exception.h
[1.837s] -- Installing: /home/emmm/Desktop/rm/ROS2/learn/chapter3/fastdds_ws/install/fastcdr/include/fastcdr/exceptions/LockedExternalAccessException.hpp
[1.837s] -- Installing: /home/emmm/Desktop/rm/ROS2/learn/chapter3/fastdds_ws/install/fastcdr/include/fastcdr/exceptions/BadOptionalAccessException.hpp
[1.837s] -- Installing: /home/emmm/Desktop/rm/ROS2/learn/chapter3/fastdds_ws/install/fastcdr/include/fastcdr/exceptions/NotEnoughMemoryException.h
[1.837s] -- Installing: /home/emmm/Desktop/rm/ROS2/learn/chapter3/fastdds_ws/install/fastcdr/include/fastcdr/exceptions/BadParamException.h
[1.838s] -- Installing: /home/emmm/Desktop/rm/ROS2/learn/chapter3/fastdds_ws/install/fastcdr/include/fastcdr/xcdr
[1.838s] -- Installing: /home/emmm/Desktop/rm/ROS2/learn/chapter3/fastdds_ws/install/fastcdr/include/fastcdr/xcdr/external.hpp
[1.838s] -- Installing: /home/emmm/Desktop/rm/ROS2/learn/chapter3/fastdds_ws/install/fastcdr/include/fastcdr/xcdr/optional.hpp
[1.838s] -- Installing: /home/emmm/Desktop/rm/ROS2/learn/chapter3/fastdds_ws/install/fastcdr/include/fastcdr/xcdr/detail
[1.838s] -- Installing: /home/emmm/Desktop/rm/ROS2/learn/chapter3/fastdds_ws/install/fastcdr/include/fastcdr/xcdr/detail/optional.hpp
[1.838s] -- Installing: /home/emmm/Desktop/rm/ROS2/learn/chapter3/fastdds_ws/install/fastcdr/include/fastcdr/xcdr/MemberId.hpp
[1.838s] -- Installing: /home/emmm/Desktop/rm/ROS2/learn/chapter3/fastdds_ws/install/fastcdr/include/fastcdr/fastcdr_dll.h
[1.838s] -- Installing: /home/emmm/Desktop/rm/ROS2/learn/chapter3/fastdds_ws/install/fastcdr/include/fastcdr/CdrSizeCalculator.hpp
[1.838s] -- Installing: /home/emmm/Desktop/rm/ROS2/learn/chapter3/fastdds_ws/install/fastcdr/include/fastcdr/CdrEncoding.hpp
[1.838s] -- Installing: /home/emmm/Desktop/rm/ROS2/learn/chapter3/fastdds_ws/install/fastcdr/include/fastcdr/Cdr.h
[1.838s] -- Installing: /home/emmm/Desktop/rm/ROS2/learn/chapter3/fastdds_ws/install/fastcdr/include/fastcdr/detail
[1.838s] -- Installing: /home/emmm/Desktop/rm/ROS2/learn/chapter3/fastdds_ws/install/fastcdr/include/fastcdr/detail/container_recursive_inspector.hpp
[1.838s] -- Installing: /home/emmm/Desktop/rm/ROS2/learn/chapter3/fastdds_ws/install/fastcdr/include/fastcdr/config.h
[1.838s] -- Installing: /home/emmm/Desktop/rm/ROS2/learn/chapter3/fastdds_ws/install/fastcdr/lib/libfastcdr.so.2.3.5
[1.838s] -- Installing: /home/emmm/Desktop/rm/ROS2/learn/chapter3/fastdds_ws/install/fastcdr/lib/libfastcdr.so.2
[1.838s] -- Installing: /home/emmm/Desktop/rm/ROS2/learn/chapter3/fastdds_ws/install/fastcdr/lib/libfastcdr.so
[1.838s] -- Installing: /home/emmm/Desktop/rm/ROS2/learn/chapter3/fastdds_ws/install/fastcdr/lib/cmake/fastcdr/fastcdr-shared-targets.cmake
[1.838s] -- Installing: /home/emmm/Desktop/rm/ROS2/learn/chapter3/fastdds_ws/install/fastcdr/lib/cmake/fastcdr/fastcdr-shared-targets-release.cmake
[1.838s] -- Installing: /home/emmm/Desktop/rm/ROS2/learn/chapter3/fastdds_ws/install/fastcdr/lib/cmake/fastcdr/fastcdr-config.cmake
[1.838s] -- Installing: /home/emmm/Desktop/rm/ROS2/learn/chapter3/fastdds_ws/install/fastcdr/lib/cmake/fastcdr/fastcdr-config-version.cmake
[1.838s] -- Installing: /home/emmm/Desktop/rm/ROS2/learn/chapter3/fastdds_ws/install/fastcdr/share/fastcdr/LICENSE
[1.840s] Invoked command in '/home/emmm/Desktop/rm/ROS2/learn/chapter3/fastdds_ws/build/fastcdr' returned '0': /usr/bin/cmake --install /home/emmm/Desktop/rm/ROS2/learn/chapter3/fastdds_ws/build/fastcdr
