[0.068s] DEBUG:colcon:Command line arguments: ['/usr/bin/colcon', 'build']
[0.068s] DEBUG:colcon:Parsed command line arguments: Namespace(log_base=None, log_level=None, verb_name='build', build_base='build', install_base='install', merge_install=False, symlink_install=False, test_result_base=None, continue_on_error=False, executor='parallel', parallel_workers=12, event_handlers=None, ignore_user_meta=False, metas=['./colcon.meta'], base_paths=['.'], packages_ignore=None, packages_ignore_regex=None, paths=None, packages_up_to=None, packages_up_to_regex=None, packages_above=None, packages_above_and_dependencies=None, packages_above_depth=None, packages_select_by_dep=None, packages_skip_by_dep=None, packages_skip_up_to=None, packages_select_build_failed=False, packages_skip_build_finished=False, packages_select_test_failures=False, packages_skip_test_passed=False, packages_select=None, packages_skip=None, packages_select_regex=None, packages_skip_regex=None, packages_start=None, packages_end=None, allow_overriding=[], cmake_args=None, cmake_target=None, cmake_target_skip_unavailable=False, cmake_clean_cache=False, cmake_clean_first=False, cmake_force_configure=False, ament_cmake_args=None, catkin_cmake_args=None, catkin_skip_building_tests=False, verb_parser=<colcon_defaults.argument_parser.defaults.DefaultArgumentsDecorator object at 0x74332711f880>, verb_extension=<colcon_core.verb.build.BuildVerb object at 0x7433272c9810>, main=<bound method BuildVerb.main of <colcon_core.verb.build.BuildVerb object at 0x7433272c9810>>)
[0.169s] Level 1:colcon.colcon_core.package_discovery:discover_packages(colcon_meta) check parameters
[0.169s] Level 1:colcon.colcon_core.package_discovery:discover_packages(recursive) check parameters
[0.169s] Level 1:colcon.colcon_core.package_discovery:discover_packages(ignore) check parameters
[0.169s] Level 1:colcon.colcon_core.package_discovery:discover_packages(path) check parameters
[0.169s] Level 1:colcon.colcon_core.package_discovery:discover_packages(colcon_meta) discover
[0.169s] Level 1:colcon.colcon_core.package_discovery:discover_packages(recursive) discover
[0.169s] INFO:colcon.colcon_core.package_discovery:Crawling recursively for packages in '/home/emmm/Desktop/rm/ROS2/learn/chapter3/topic_ws'
[0.169s] Level 1:colcon.colcon_core.package_identification:_identify(.) by extensions ['ignore', 'ignore_ament_install']
[0.169s] Level 1:colcon.colcon_core.package_identification:_identify(.) by extension 'ignore'
[0.170s] Level 1:colcon.colcon_core.package_identification:_identify(.) by extension 'ignore_ament_install'
[0.170s] Level 1:colcon.colcon_core.package_identification:_identify(.) by extensions ['colcon_pkg']
[0.170s] Level 1:colcon.colcon_core.package_identification:_identify(.) by extension 'colcon_pkg'
[0.170s] Level 1:colcon.colcon_core.package_identification:_identify(.) by extensions ['colcon_meta']
[0.170s] Level 1:colcon.colcon_core.package_identification:_identify(.) by extension 'colcon_meta'
[0.170s] Level 1:colcon.colcon_core.package_identification:_identify(.) by extensions ['ros']
[0.170s] Level 1:colcon.colcon_core.package_identification:_identify(.) by extension 'ros'
[0.177s] Level 1:colcon.colcon_core.package_identification:_identify(.) by extensions ['cmake', 'python']
[0.177s] Level 1:colcon.colcon_core.package_identification:_identify(.) by extension 'cmake'
[0.177s] Level 1:colcon.colcon_core.package_identification:_identify(.) by extension 'python'
[0.177s] Level 1:colcon.colcon_core.package_identification:_identify(.) by extensions ['python_setup_py']
[0.177s] Level 1:colcon.colcon_core.package_identification:_identify(.) by extension 'python_setup_py'
[0.177s] Level 1:colcon.colcon_core.package_identification:_identify(build) by extensions ['ignore', 'ignore_ament_install']
[0.177s] Level 1:colcon.colcon_core.package_identification:_identify(build) by extension 'ignore'
[0.178s] Level 1:colcon.colcon_core.package_identification:_identify(build) ignored
[0.178s] Level 1:colcon.colcon_core.package_identification:_identify(install) by extensions ['ignore', 'ignore_ament_install']
[0.178s] Level 1:colcon.colcon_core.package_identification:_identify(install) by extension 'ignore'
[0.178s] Level 1:colcon.colcon_core.package_identification:_identify(install) ignored
[0.178s] Level 1:colcon.colcon_core.package_identification:_identify(log) by extensions ['ignore', 'ignore_ament_install']
[0.178s] Level 1:colcon.colcon_core.package_identification:_identify(log) by extension 'ignore'
[0.178s] Level 1:colcon.colcon_core.package_identification:_identify(log) ignored
[0.178s] Level 1:colcon.colcon_core.package_identification:_identify(src) by extensions ['ignore', 'ignore_ament_install']
[0.178s] Level 1:colcon.colcon_core.package_identification:_identify(src) by extension 'ignore'
[0.178s] Level 1:colcon.colcon_core.package_identification:_identify(src) by extension 'ignore_ament_install'
[0.178s] Level 1:colcon.colcon_core.package_identification:_identify(src) by extensions ['colcon_pkg']
[0.178s] Level 1:colcon.colcon_core.package_identification:_identify(src) by extension 'colcon_pkg'
[0.178s] Level 1:colcon.colcon_core.package_identification:_identify(src) by extensions ['colcon_meta']
[0.178s] Level 1:colcon.colcon_core.package_identification:_identify(src) by extension 'colcon_meta'
[0.178s] Level 1:colcon.colcon_core.package_identification:_identify(src) by extensions ['ros']
[0.178s] Level 1:colcon.colcon_core.package_identification:_identify(src) by extension 'ros'
[0.178s] Level 1:colcon.colcon_core.package_identification:_identify(src) by extensions ['cmake', 'python']
[0.178s] Level 1:colcon.colcon_core.package_identification:_identify(src) by extension 'cmake'
[0.178s] Level 1:colcon.colcon_core.package_identification:_identify(src) by extension 'python'
[0.178s] Level 1:colcon.colcon_core.package_identification:_identify(src) by extensions ['python_setup_py']
[0.178s] Level 1:colcon.colcon_core.package_identification:_identify(src) by extension 'python_setup_py'
[0.178s] Level 1:colcon.colcon_core.package_identification:_identify(src/custom_interfaces) by extensions ['ignore', 'ignore_ament_install']
[0.178s] Level 1:colcon.colcon_core.package_identification:_identify(src/custom_interfaces) by extension 'ignore'
[0.178s] Level 1:colcon.colcon_core.package_identification:_identify(src/custom_interfaces) by extension 'ignore_ament_install'
[0.178s] Level 1:colcon.colcon_core.package_identification:_identify(src/custom_interfaces) by extensions ['colcon_pkg']
[0.178s] Level 1:colcon.colcon_core.package_identification:_identify(src/custom_interfaces) by extension 'colcon_pkg'
[0.178s] Level 1:colcon.colcon_core.package_identification:_identify(src/custom_interfaces) by extensions ['colcon_meta']
[0.178s] Level 1:colcon.colcon_core.package_identification:_identify(src/custom_interfaces) by extension 'colcon_meta'
[0.178s] Level 1:colcon.colcon_core.package_identification:_identify(src/custom_interfaces) by extensions ['ros']
[0.178s] Level 1:colcon.colcon_core.package_identification:_identify(src/custom_interfaces) by extension 'ros'
[0.180s] DEBUG:colcon.colcon_core.package_identification:Package 'src/custom_interfaces' with type 'ros.ament_cmake' and name 'custom_interfaces'
[0.180s] Level 1:colcon.colcon_core.package_identification:_identify(src/custom_msg_nodes) by extensions ['ignore', 'ignore_ament_install']
[0.180s] Level 1:colcon.colcon_core.package_identification:_identify(src/custom_msg_nodes) by extension 'ignore'
[0.180s] Level 1:colcon.colcon_core.package_identification:_identify(src/custom_msg_nodes) by extension 'ignore_ament_install'
[0.180s] Level 1:colcon.colcon_core.package_identification:_identify(src/custom_msg_nodes) by extensions ['colcon_pkg']
[0.180s] Level 1:colcon.colcon_core.package_identification:_identify(src/custom_msg_nodes) by extension 'colcon_pkg'
[0.180s] Level 1:colcon.colcon_core.package_identification:_identify(src/custom_msg_nodes) by extensions ['colcon_meta']
[0.180s] Level 1:colcon.colcon_core.package_identification:_identify(src/custom_msg_nodes) by extension 'colcon_meta'
[0.180s] Level 1:colcon.colcon_core.package_identification:_identify(src/custom_msg_nodes) by extensions ['ros']
[0.180s] Level 1:colcon.colcon_core.package_identification:_identify(src/custom_msg_nodes) by extension 'ros'
[0.181s] DEBUG:colcon.colcon_core.package_identification:Package 'src/custom_msg_nodes' with type 'ros.ament_cmake' and name 'custom_msg_nodes'
[0.181s] Level 1:colcon.colcon_core.package_identification:_identify(src/demo_turtlesim) by extensions ['ignore', 'ignore_ament_install']
[0.181s] Level 1:colcon.colcon_core.package_identification:_identify(src/demo_turtlesim) by extension 'ignore'
[0.181s] Level 1:colcon.colcon_core.package_identification:_identify(src/demo_turtlesim) by extension 'ignore_ament_install'
[0.181s] Level 1:colcon.colcon_core.package_identification:_identify(src/demo_turtlesim) by extensions ['colcon_pkg']
[0.181s] Level 1:colcon.colcon_core.package_identification:_identify(src/demo_turtlesim) by extension 'colcon_pkg'
[0.181s] Level 1:colcon.colcon_core.package_identification:_identify(src/demo_turtlesim) by extensions ['colcon_meta']
[0.181s] Level 1:colcon.colcon_core.package_identification:_identify(src/demo_turtlesim) by extension 'colcon_meta'
[0.181s] Level 1:colcon.colcon_core.package_identification:_identify(src/demo_turtlesim) by extensions ['ros']
[0.181s] Level 1:colcon.colcon_core.package_identification:_identify(src/demo_turtlesim) by extension 'ros'
[0.182s] DEBUG:colcon.colcon_core.package_identification:Package 'src/demo_turtlesim' with type 'ros.ament_cmake' and name 'demo_turtlesim'
[0.182s] Level 1:colcon.colcon_core.package_identification:_identify(src/example_topic) by extensions ['ignore', 'ignore_ament_install']
[0.182s] Level 1:colcon.colcon_core.package_identification:_identify(src/example_topic) by extension 'ignore'
[0.182s] Level 1:colcon.colcon_core.package_identification:_identify(src/example_topic) by extension 'ignore_ament_install'
[0.182s] Level 1:colcon.colcon_core.package_identification:_identify(src/example_topic) by extensions ['colcon_pkg']
[0.182s] Level 1:colcon.colcon_core.package_identification:_identify(src/example_topic) by extension 'colcon_pkg'
[0.182s] Level 1:colcon.colcon_core.package_identification:_identify(src/example_topic) by extensions ['colcon_meta']
[0.182s] Level 1:colcon.colcon_core.package_identification:_identify(src/example_topic) by extension 'colcon_meta'
[0.182s] Level 1:colcon.colcon_core.package_identification:_identify(src/example_topic) by extensions ['ros']
[0.182s] Level 1:colcon.colcon_core.package_identification:_identify(src/example_topic) by extension 'ros'
[0.182s] DEBUG:colcon.colcon_core.package_identification:Package 'src/example_topic' with type 'ros.ament_cmake' and name 'example_topic'
[0.182s] Level 1:colcon.colcon_core.package_discovery:discover_packages(recursive) using defaults
[0.182s] Level 1:colcon.colcon_core.package_discovery:discover_packages(ignore) discover
[0.182s] Level 1:colcon.colcon_core.package_discovery:discover_packages(ignore) using defaults
[0.182s] Level 1:colcon.colcon_core.package_discovery:discover_packages(path) discover
[0.182s] Level 1:colcon.colcon_core.package_discovery:discover_packages(path) using defaults
[0.196s] Level 1:colcon.colcon_core.package_discovery:discover_packages(prefix_path) check parameters
[0.196s] Level 1:colcon.colcon_core.package_discovery:discover_packages(prefix_path) discover
[0.196s] WARNING:colcon.colcon_core.prefix_path.colcon:The path '/home/emmm/Desktop/rm/ROS2/learn/chapter3/topic_ws/test_ws/install' in the environment variable COLCON_PREFIX_PATH doesn't exist
[0.196s] WARNING:colcon.colcon_ros.prefix_path.ament:The path '/home/emmm/Desktop/rm/ROS2/learn/chapter3/topic_ws/test_ws/install/topic' in the environment variable AMENT_PREFIX_PATH doesn't exist
[0.196s] WARNING:colcon.colcon_ros.prefix_path.catkin:The path '/home/emmm/Desktop/rm/ROS2/learn/chapter3/topic_ws/test_ws/install/topic' in the environment variable CMAKE_PREFIX_PATH doesn't exist
[0.197s] DEBUG:colcon.colcon_installed_package_information.package_discovery:Found 1 installed packages in /home/emmm/Desktop/rm/ROS2/learn/chapter3/topic_ws/install
[0.198s] DEBUG:colcon.colcon_installed_package_information.package_discovery:Found 323 installed packages in /opt/ros/humble
[0.205s] Level 1:colcon.colcon_core.package_discovery:discover_packages(prefix_path) using defaults
[0.243s] Level 5:colcon.colcon_core.verb:set package 'custom_interfaces' build argument 'cmake_args' from command line to 'None'
[0.243s] Level 5:colcon.colcon_core.verb:set package 'custom_interfaces' build argument 'cmake_target' from command line to 'None'
[0.243s] Level 5:colcon.colcon_core.verb:set package 'custom_interfaces' build argument 'cmake_target_skip_unavailable' from command line to 'False'
[0.243s] Level 5:colcon.colcon_core.verb:set package 'custom_interfaces' build argument 'cmake_clean_cache' from command line to 'False'
[0.243s] Level 5:colcon.colcon_core.verb:set package 'custom_interfaces' build argument 'cmake_clean_first' from command line to 'False'
[0.243s] Level 5:colcon.colcon_core.verb:set package 'custom_interfaces' build argument 'cmake_force_configure' from command line to 'False'
[0.243s] Level 5:colcon.colcon_core.verb:set package 'custom_interfaces' build argument 'ament_cmake_args' from command line to 'None'
[0.243s] Level 5:colcon.colcon_core.verb:set package 'custom_interfaces' build argument 'catkin_cmake_args' from command line to 'None'
[0.243s] Level 5:colcon.colcon_core.verb:set package 'custom_interfaces' build argument 'catkin_skip_building_tests' from command line to 'False'
[0.243s] DEBUG:colcon.colcon_core.verb:Building package 'custom_interfaces' with the following arguments: {'ament_cmake_args': None, 'build_base': '/home/emmm/Desktop/rm/ROS2/learn/chapter3/topic_ws/build/custom_interfaces', 'catkin_cmake_args': None, 'catkin_skip_building_tests': False, 'cmake_args': None, 'cmake_clean_cache': False, 'cmake_clean_first': False, 'cmake_force_configure': False, 'cmake_target': None, 'cmake_target_skip_unavailable': False, 'install_base': '/home/emmm/Desktop/rm/ROS2/learn/chapter3/topic_ws/install/custom_interfaces', 'merge_install': False, 'path': '/home/emmm/Desktop/rm/ROS2/learn/chapter3/topic_ws/src/custom_interfaces', 'symlink_install': False, 'test_result_base': None}
[0.244s] Level 5:colcon.colcon_core.verb:set package 'demo_turtlesim' build argument 'cmake_args' from command line to 'None'
[0.244s] Level 5:colcon.colcon_core.verb:set package 'demo_turtlesim' build argument 'cmake_target' from command line to 'None'
[0.244s] Level 5:colcon.colcon_core.verb:set package 'demo_turtlesim' build argument 'cmake_target_skip_unavailable' from command line to 'False'
[0.244s] Level 5:colcon.colcon_core.verb:set package 'demo_turtlesim' build argument 'cmake_clean_cache' from command line to 'False'
[0.244s] Level 5:colcon.colcon_core.verb:set package 'demo_turtlesim' build argument 'cmake_clean_first' from command line to 'False'
[0.244s] Level 5:colcon.colcon_core.verb:set package 'demo_turtlesim' build argument 'cmake_force_configure' from command line to 'False'
[0.244s] Level 5:colcon.colcon_core.verb:set package 'demo_turtlesim' build argument 'ament_cmake_args' from command line to 'None'
[0.244s] Level 5:colcon.colcon_core.verb:set package 'demo_turtlesim' build argument 'catkin_cmake_args' from command line to 'None'
[0.244s] Level 5:colcon.colcon_core.verb:set package 'demo_turtlesim' build argument 'catkin_skip_building_tests' from command line to 'False'
[0.244s] DEBUG:colcon.colcon_core.verb:Building package 'demo_turtlesim' with the following arguments: {'ament_cmake_args': None, 'build_base': '/home/emmm/Desktop/rm/ROS2/learn/chapter3/topic_ws/build/demo_turtlesim', 'catkin_cmake_args': None, 'catkin_skip_building_tests': False, 'cmake_args': None, 'cmake_clean_cache': False, 'cmake_clean_first': False, 'cmake_force_configure': False, 'cmake_target': None, 'cmake_target_skip_unavailable': False, 'install_base': '/home/emmm/Desktop/rm/ROS2/learn/chapter3/topic_ws/install/demo_turtlesim', 'merge_install': False, 'path': '/home/emmm/Desktop/rm/ROS2/learn/chapter3/topic_ws/src/demo_turtlesim', 'symlink_install': False, 'test_result_base': None}
[0.244s] Level 5:colcon.colcon_core.verb:set package 'example_topic' build argument 'cmake_args' from command line to 'None'
[0.244s] Level 5:colcon.colcon_core.verb:set package 'example_topic' build argument 'cmake_target' from command line to 'None'
[0.244s] Level 5:colcon.colcon_core.verb:set package 'example_topic' build argument 'cmake_target_skip_unavailable' from command line to 'False'
[0.244s] Level 5:colcon.colcon_core.verb:set package 'example_topic' build argument 'cmake_clean_cache' from command line to 'False'
[0.244s] Level 5:colcon.colcon_core.verb:set package 'example_topic' build argument 'cmake_clean_first' from command line to 'False'
[0.244s] Level 5:colcon.colcon_core.verb:set package 'example_topic' build argument 'cmake_force_configure' from command line to 'False'
[0.244s] Level 5:colcon.colcon_core.verb:set package 'example_topic' build argument 'ament_cmake_args' from command line to 'None'
[0.244s] Level 5:colcon.colcon_core.verb:set package 'example_topic' build argument 'catkin_cmake_args' from command line to 'None'
[0.244s] Level 5:colcon.colcon_core.verb:set package 'example_topic' build argument 'catkin_skip_building_tests' from command line to 'False'
[0.244s] DEBUG:colcon.colcon_core.verb:Building package 'example_topic' with the following arguments: {'ament_cmake_args': None, 'build_base': '/home/emmm/Desktop/rm/ROS2/learn/chapter3/topic_ws/build/example_topic', 'catkin_cmake_args': None, 'catkin_skip_building_tests': False, 'cmake_args': None, 'cmake_clean_cache': False, 'cmake_clean_first': False, 'cmake_force_configure': False, 'cmake_target': None, 'cmake_target_skip_unavailable': False, 'install_base': '/home/emmm/Desktop/rm/ROS2/learn/chapter3/topic_ws/install/example_topic', 'merge_install': False, 'path': '/home/emmm/Desktop/rm/ROS2/learn/chapter3/topic_ws/src/example_topic', 'symlink_install': False, 'test_result_base': None}
[0.244s] Level 5:colcon.colcon_core.verb:set package 'custom_msg_nodes' build argument 'cmake_args' from command line to 'None'
[0.244s] Level 5:colcon.colcon_core.verb:set package 'custom_msg_nodes' build argument 'cmake_target' from command line to 'None'
[0.244s] Level 5:colcon.colcon_core.verb:set package 'custom_msg_nodes' build argument 'cmake_target_skip_unavailable' from command line to 'False'
[0.244s] Level 5:colcon.colcon_core.verb:set package 'custom_msg_nodes' build argument 'cmake_clean_cache' from command line to 'False'
[0.244s] Level 5:colcon.colcon_core.verb:set package 'custom_msg_nodes' build argument 'cmake_clean_first' from command line to 'False'
[0.245s] Level 5:colcon.colcon_core.verb:set package 'custom_msg_nodes' build argument 'cmake_force_configure' from command line to 'False'
[0.245s] Level 5:colcon.colcon_core.verb:set package 'custom_msg_nodes' build argument 'ament_cmake_args' from command line to 'None'
[0.245s] Level 5:colcon.colcon_core.verb:set package 'custom_msg_nodes' build argument 'catkin_cmake_args' from command line to 'None'
[0.245s] Level 5:colcon.colcon_core.verb:set package 'custom_msg_nodes' build argument 'catkin_skip_building_tests' from command line to 'False'
[0.245s] DEBUG:colcon.colcon_core.verb:Building package 'custom_msg_nodes' with the following arguments: {'ament_cmake_args': None, 'build_base': '/home/emmm/Desktop/rm/ROS2/learn/chapter3/topic_ws/build/custom_msg_nodes', 'catkin_cmake_args': None, 'catkin_skip_building_tests': False, 'cmake_args': None, 'cmake_clean_cache': False, 'cmake_clean_first': False, 'cmake_force_configure': False, 'cmake_target': None, 'cmake_target_skip_unavailable': False, 'install_base': '/home/emmm/Desktop/rm/ROS2/learn/chapter3/topic_ws/install/custom_msg_nodes', 'merge_install': False, 'path': '/home/emmm/Desktop/rm/ROS2/learn/chapter3/topic_ws/src/custom_msg_nodes', 'symlink_install': False, 'test_result_base': None}
[0.245s] INFO:colcon.colcon_core.executor:Executing jobs using 'parallel' executor
[0.245s] DEBUG:colcon.colcon_parallel_executor.executor.parallel:run_until_complete
[0.246s] INFO:colcon.colcon_ros.task.ament_cmake.build:Building ROS package in '/home/emmm/Desktop/rm/ROS2/learn/chapter3/topic_ws/src/custom_interfaces' with build type 'ament_cmake'
[0.246s] INFO:colcon.colcon_cmake.task.cmake.build:Building CMake package in '/home/emmm/Desktop/rm/ROS2/learn/chapter3/topic_ws/src/custom_interfaces'
[0.247s] INFO:colcon.colcon_core.plugin_system:Skipping extension 'colcon_core.shell.bat': Not used on non-Windows systems
[0.247s] INFO:colcon.colcon_core.shell:Skip shell extension 'powershell' for command environment: Not usable outside of PowerShell
[0.247s] DEBUG:colcon.colcon_core.shell:Skip shell extension 'dsv' for command environment
[0.250s] INFO:colcon.colcon_ros.task.ament_cmake.build:Building ROS package in '/home/emmm/Desktop/rm/ROS2/learn/chapter3/topic_ws/src/demo_turtlesim' with build type 'ament_cmake'
[0.250s] INFO:colcon.colcon_cmake.task.cmake.build:Building CMake package in '/home/emmm/Desktop/rm/ROS2/learn/chapter3/topic_ws/src/demo_turtlesim'
[0.250s] INFO:colcon.colcon_core.shell:Skip shell extension 'powershell' for command environment: Not usable outside of PowerShell
[0.250s] DEBUG:colcon.colcon_core.shell:Skip shell extension 'dsv' for command environment
[0.252s] INFO:colcon.colcon_ros.task.ament_cmake.build:Building ROS package in '/home/emmm/Desktop/rm/ROS2/learn/chapter3/topic_ws/src/example_topic' with build type 'ament_cmake'
[0.252s] INFO:colcon.colcon_cmake.task.cmake.build:Building CMake package in '/home/emmm/Desktop/rm/ROS2/learn/chapter3/topic_ws/src/example_topic'
[0.253s] INFO:colcon.colcon_core.shell:Skip shell extension 'powershell' for command environment: Not usable outside of PowerShell
[0.253s] DEBUG:colcon.colcon_core.shell:Skip shell extension 'dsv' for command environment
[0.261s] DEBUG:colcon.colcon_core.event_handler.log_command:Invoking command in '/home/emmm/Desktop/rm/ROS2/learn/chapter3/topic_ws/build/custom_interfaces': CMAKE_PREFIX_PATH=${CMAKE_PREFIX_PATH}:/opt/ros/humble /usr/bin/cmake /home/emmm/Desktop/rm/ROS2/learn/chapter3/topic_ws/src/custom_interfaces -DCMAKE_INSTALL_PREFIX=/home/emmm/Desktop/rm/ROS2/learn/chapter3/topic_ws/install/custom_interfaces
[0.265s] DEBUG:colcon.colcon_core.event_handler.log_command:Invoking command in '/home/emmm/Desktop/rm/ROS2/learn/chapter3/topic_ws/build/demo_turtlesim': CMAKE_PREFIX_PATH=${CMAKE_PREFIX_PATH}:/opt/ros/humble /usr/bin/cmake /home/emmm/Desktop/rm/ROS2/learn/chapter3/topic_ws/src/demo_turtlesim -DCMAKE_INSTALL_PREFIX=/home/emmm/Desktop/rm/ROS2/learn/chapter3/topic_ws/install/demo_turtlesim
[0.271s] DEBUG:colcon.colcon_core.event_handler.log_command:Invoking command in '/home/emmm/Desktop/rm/ROS2/learn/chapter3/topic_ws/build/example_topic': CMAKE_PREFIX_PATH=${CMAKE_PREFIX_PATH}:/opt/ros/humble /usr/bin/cmake --build /home/emmm/Desktop/rm/ROS2/learn/chapter3/topic_ws/build/example_topic -- -j12 -l12
[1.429s] DEBUG:colcon.colcon_core.event_handler.log_command:Invoked command in '/home/emmm/Desktop/rm/ROS2/learn/chapter3/topic_ws/build/demo_turtlesim' returned '0': CMAKE_PREFIX_PATH=${CMAKE_PREFIX_PATH}:/opt/ros/humble /usr/bin/cmake /home/emmm/Desktop/rm/ROS2/learn/chapter3/topic_ws/src/demo_turtlesim -DCMAKE_INSTALL_PREFIX=/home/emmm/Desktop/rm/ROS2/learn/chapter3/topic_ws/install/demo_turtlesim
[1.430s] DEBUG:colcon.colcon_core.event_handler.log_command:Invoking command in '/home/emmm/Desktop/rm/ROS2/learn/chapter3/topic_ws/build/demo_turtlesim': CMAKE_PREFIX_PATH=${CMAKE_PREFIX_PATH}:/opt/ros/humble /usr/bin/cmake --build /home/emmm/Desktop/rm/ROS2/learn/chapter3/topic_ws/build/demo_turtlesim -- -j12 -l12
[1.727s] DEBUG:colcon.colcon_core.event_handler.log_command:Invoked command in '/home/emmm/Desktop/rm/ROS2/learn/chapter3/topic_ws/build/custom_interfaces' returned '0': CMAKE_PREFIX_PATH=${CMAKE_PREFIX_PATH}:/opt/ros/humble /usr/bin/cmake /home/emmm/Desktop/rm/ROS2/learn/chapter3/topic_ws/src/custom_interfaces -DCMAKE_INSTALL_PREFIX=/home/emmm/Desktop/rm/ROS2/learn/chapter3/topic_ws/install/custom_interfaces
[1.729s] DEBUG:colcon.colcon_core.event_handler.log_command:Invoking command in '/home/emmm/Desktop/rm/ROS2/learn/chapter3/topic_ws/build/custom_interfaces': CMAKE_PREFIX_PATH=${CMAKE_PREFIX_PATH}:/opt/ros/humble /usr/bin/cmake --build /home/emmm/Desktop/rm/ROS2/learn/chapter3/topic_ws/build/custom_interfaces -- -j12 -l12
[4.108s] DEBUG:colcon.colcon_core.event_handler.log_command:Invoked command in '/home/emmm/Desktop/rm/ROS2/learn/chapter3/topic_ws/build/custom_interfaces' returned '0': CMAKE_PREFIX_PATH=${CMAKE_PREFIX_PATH}:/opt/ros/humble /usr/bin/cmake --build /home/emmm/Desktop/rm/ROS2/learn/chapter3/topic_ws/build/custom_interfaces -- -j12 -l12
[4.125s] DEBUG:colcon.colcon_core.event_handler.log_command:Invoking command in '/home/emmm/Desktop/rm/ROS2/learn/chapter3/topic_ws/build/custom_interfaces': CMAKE_PREFIX_PATH=${CMAKE_PREFIX_PATH}:/opt/ros/humble /usr/bin/cmake --install /home/emmm/Desktop/rm/ROS2/learn/chapter3/topic_ws/build/custom_interfaces
[4.207s] Level 1:colcon.colcon_core.environment:create_environment_scripts_only(custom_interfaces)
[4.208s] DEBUG:colcon.colcon_core.event_handler.log_command:Invoked command in '/home/emmm/Desktop/rm/ROS2/learn/chapter3/topic_ws/build/custom_interfaces' returned '0': CMAKE_PREFIX_PATH=${CMAKE_PREFIX_PATH}:/opt/ros/humble /usr/bin/cmake --install /home/emmm/Desktop/rm/ROS2/learn/chapter3/topic_ws/build/custom_interfaces
[4.212s] Level 1:colcon.colcon_core.environment:checking '/home/emmm/Desktop/rm/ROS2/learn/chapter3/topic_ws/install/custom_interfaces' for CMake module files
[4.213s] Level 1:colcon.colcon_core.environment:checking '/home/emmm/Desktop/rm/ROS2/learn/chapter3/topic_ws/install/custom_interfaces' for CMake config files
[4.213s] Level 1:colcon.colcon_core.shell:create_environment_hook('custom_interfaces', 'cmake_prefix_path')
[4.213s] INFO:colcon.colcon_core.shell:Creating environment hook '/home/emmm/Desktop/rm/ROS2/learn/chapter3/topic_ws/install/custom_interfaces/share/custom_interfaces/hook/cmake_prefix_path.ps1'
[4.214s] INFO:colcon.colcon_core.shell:Creating environment descriptor '/home/emmm/Desktop/rm/ROS2/learn/chapter3/topic_ws/install/custom_interfaces/share/custom_interfaces/hook/cmake_prefix_path.dsv'
[4.215s] INFO:colcon.colcon_core.shell:Creating environment hook '/home/emmm/Desktop/rm/ROS2/learn/chapter3/topic_ws/install/custom_interfaces/share/custom_interfaces/hook/cmake_prefix_path.sh'
[4.216s] Level 1:colcon.colcon_core.environment:checking '/home/emmm/Desktop/rm/ROS2/learn/chapter3/topic_ws/install/custom_interfaces/lib'
[4.217s] Level 1:colcon.colcon_core.shell:create_environment_hook('custom_interfaces', 'ld_library_path_lib')
[4.217s] INFO:colcon.colcon_core.shell:Creating environment hook '/home/emmm/Desktop/rm/ROS2/learn/chapter3/topic_ws/install/custom_interfaces/share/custom_interfaces/hook/ld_library_path_lib.ps1'
[4.218s] INFO:colcon.colcon_core.shell:Creating environment descriptor '/home/emmm/Desktop/rm/ROS2/learn/chapter3/topic_ws/install/custom_interfaces/share/custom_interfaces/hook/ld_library_path_lib.dsv'
[4.219s] INFO:colcon.colcon_core.shell:Creating environment hook '/home/emmm/Desktop/rm/ROS2/learn/chapter3/topic_ws/install/custom_interfaces/share/custom_interfaces/hook/ld_library_path_lib.sh'
[4.220s] Level 1:colcon.colcon_core.environment:checking '/home/emmm/Desktop/rm/ROS2/learn/chapter3/topic_ws/install/custom_interfaces/bin'
[4.220s] Level 1:colcon.colcon_core.environment:checking '/home/emmm/Desktop/rm/ROS2/learn/chapter3/topic_ws/install/custom_interfaces/lib/pkgconfig/custom_interfaces.pc'
[4.221s] Level 1:colcon.colcon_core.environment:checking '/home/emmm/Desktop/rm/ROS2/learn/chapter3/topic_ws/install/custom_interfaces/lib/python3.10/site-packages'
[4.221s] Level 1:colcon.colcon_core.environment:checking '/home/emmm/Desktop/rm/ROS2/learn/chapter3/topic_ws/install/custom_interfaces/bin'
[4.222s] INFO:colcon.colcon_core.shell:Creating package script '/home/emmm/Desktop/rm/ROS2/learn/chapter3/topic_ws/install/custom_interfaces/share/custom_interfaces/package.ps1'
[4.224s] INFO:colcon.colcon_core.shell:Creating package descriptor '/home/emmm/Desktop/rm/ROS2/learn/chapter3/topic_ws/install/custom_interfaces/share/custom_interfaces/package.dsv'
[4.225s] INFO:colcon.colcon_core.shell:Creating package script '/home/emmm/Desktop/rm/ROS2/learn/chapter3/topic_ws/install/custom_interfaces/share/custom_interfaces/package.sh'
[4.226s] INFO:colcon.colcon_core.shell:Creating package script '/home/emmm/Desktop/rm/ROS2/learn/chapter3/topic_ws/install/custom_interfaces/share/custom_interfaces/package.bash'
[4.228s] INFO:colcon.colcon_core.shell:Creating package script '/home/emmm/Desktop/rm/ROS2/learn/chapter3/topic_ws/install/custom_interfaces/share/custom_interfaces/package.zsh'
[4.229s] Level 1:colcon.colcon_core.environment:create_file_with_runtime_dependencies(/home/emmm/Desktop/rm/ROS2/learn/chapter3/topic_ws/install/custom_interfaces/share/colcon-core/packages/custom_interfaces)
[4.231s] Level 1:colcon.colcon_core.environment:create_environment_scripts_only(custom_interfaces)
[4.231s] Level 1:colcon.colcon_core.environment:checking '/home/emmm/Desktop/rm/ROS2/learn/chapter3/topic_ws/install/custom_interfaces' for CMake module files
[4.232s] Level 1:colcon.colcon_core.environment:checking '/home/emmm/Desktop/rm/ROS2/learn/chapter3/topic_ws/install/custom_interfaces' for CMake config files
[4.232s] Level 1:colcon.colcon_core.shell:create_environment_hook('custom_interfaces', 'cmake_prefix_path')
[4.233s] INFO:colcon.colcon_core.shell:Creating environment hook '/home/emmm/Desktop/rm/ROS2/learn/chapter3/topic_ws/install/custom_interfaces/share/custom_interfaces/hook/cmake_prefix_path.ps1'
[4.233s] INFO:colcon.colcon_core.shell:Creating environment descriptor '/home/emmm/Desktop/rm/ROS2/learn/chapter3/topic_ws/install/custom_interfaces/share/custom_interfaces/hook/cmake_prefix_path.dsv'
[4.234s] INFO:colcon.colcon_core.shell:Creating environment hook '/home/emmm/Desktop/rm/ROS2/learn/chapter3/topic_ws/install/custom_interfaces/share/custom_interfaces/hook/cmake_prefix_path.sh'
[4.236s] Level 1:colcon.colcon_core.environment:checking '/home/emmm/Desktop/rm/ROS2/learn/chapter3/topic_ws/install/custom_interfaces/lib'
[4.236s] Level 1:colcon.colcon_core.shell:create_environment_hook('custom_interfaces', 'ld_library_path_lib')
[4.236s] INFO:colcon.colcon_core.shell:Creating environment hook '/home/emmm/Desktop/rm/ROS2/learn/chapter3/topic_ws/install/custom_interfaces/share/custom_interfaces/hook/ld_library_path_lib.ps1'
[4.237s] INFO:colcon.colcon_core.shell:Creating environment descriptor '/home/emmm/Desktop/rm/ROS2/learn/chapter3/topic_ws/install/custom_interfaces/share/custom_interfaces/hook/ld_library_path_lib.dsv'
[4.238s] INFO:colcon.colcon_core.shell:Creating environment hook '/home/emmm/Desktop/rm/ROS2/learn/chapter3/topic_ws/install/custom_interfaces/share/custom_interfaces/hook/ld_library_path_lib.sh'
[4.239s] Level 1:colcon.colcon_core.environment:checking '/home/emmm/Desktop/rm/ROS2/learn/chapter3/topic_ws/install/custom_interfaces/bin'
[4.239s] Level 1:colcon.colcon_core.environment:checking '/home/emmm/Desktop/rm/ROS2/learn/chapter3/topic_ws/install/custom_interfaces/lib/pkgconfig/custom_interfaces.pc'
[4.240s] Level 1:colcon.colcon_core.environment:checking '/home/emmm/Desktop/rm/ROS2/learn/chapter3/topic_ws/install/custom_interfaces/lib/python3.10/site-packages'
[4.241s] Level 1:colcon.colcon_core.environment:checking '/home/emmm/Desktop/rm/ROS2/learn/chapter3/topic_ws/install/custom_interfaces/bin'
[4.242s] INFO:colcon.colcon_core.shell:Creating package script '/home/emmm/Desktop/rm/ROS2/learn/chapter3/topic_ws/install/custom_interfaces/share/custom_interfaces/package.ps1'
[4.243s] INFO:colcon.colcon_core.shell:Creating package descriptor '/home/emmm/Desktop/rm/ROS2/learn/chapter3/topic_ws/install/custom_interfaces/share/custom_interfaces/package.dsv'
[4.245s] INFO:colcon.colcon_core.shell:Creating package script '/home/emmm/Desktop/rm/ROS2/learn/chapter3/topic_ws/install/custom_interfaces/share/custom_interfaces/package.sh'
[4.246s] INFO:colcon.colcon_core.shell:Creating package script '/home/emmm/Desktop/rm/ROS2/learn/chapter3/topic_ws/install/custom_interfaces/share/custom_interfaces/package.bash'
[4.247s] INFO:colcon.colcon_core.shell:Creating package script '/home/emmm/Desktop/rm/ROS2/learn/chapter3/topic_ws/install/custom_interfaces/share/custom_interfaces/package.zsh'
[4.247s] Level 1:colcon.colcon_core.environment:create_file_with_runtime_dependencies(/home/emmm/Desktop/rm/ROS2/learn/chapter3/topic_ws/install/custom_interfaces/share/colcon-core/packages/custom_interfaces)
[4.249s] INFO:colcon.colcon_ros.task.ament_cmake.build:Building ROS package in '/home/emmm/Desktop/rm/ROS2/learn/chapter3/topic_ws/src/custom_msg_nodes' with build type 'ament_cmake'
[4.249s] INFO:colcon.colcon_cmake.task.cmake.build:Building CMake package in '/home/emmm/Desktop/rm/ROS2/learn/chapter3/topic_ws/src/custom_msg_nodes'
[4.249s] INFO:colcon.colcon_core.shell:Skip shell extension 'powershell' for command environment: Not usable outside of PowerShell
[4.249s] DEBUG:colcon.colcon_core.shell:Skip shell extension 'dsv' for command environment
[4.264s] DEBUG:colcon.colcon_core.event_handler.log_command:Invoking command in '/home/emmm/Desktop/rm/ROS2/learn/chapter3/topic_ws/build/custom_msg_nodes': AMENT_PREFIX_PATH=/home/emmm/Desktop/rm/ROS2/learn/chapter3/topic_ws/install/custom_interfaces:${AMENT_PREFIX_PATH} CMAKE_PREFIX_PATH=/home/emmm/Desktop/rm/ROS2/learn/chapter3/topic_ws/install/custom_interfaces:/home/emmm/Desktop/rm/ROS2/learn/chapter3/topic_ws/install/example_topic:/home/emmm/Desktop/rm/ROS2/learn/chapter3/topic_ws/test_ws/install/topic:/opt/ros/humble LD_LIBRARY_PATH=/home/emmm/Desktop/rm/ROS2/learn/chapter3/topic_ws/install/custom_interfaces/lib:${LD_LIBRARY_PATH} PYTHONPATH=/home/emmm/Desktop/rm/ROS2/learn/chapter3/topic_ws/install/custom_interfaces/local/lib/python3.10/dist-packages:${PYTHONPATH} /usr/bin/cmake /home/emmm/Desktop/rm/ROS2/learn/chapter3/topic_ws/src/custom_msg_nodes -DCMAKE_INSTALL_PREFIX=/home/emmm/Desktop/rm/ROS2/learn/chapter3/topic_ws/install/custom_msg_nodes
[4.690s] DEBUG:colcon.colcon_core.event_handler.log_command:Invoked command in '/home/emmm/Desktop/rm/ROS2/learn/chapter3/topic_ws/build/example_topic' returned '0': CMAKE_PREFIX_PATH=${CMAKE_PREFIX_PATH}:/opt/ros/humble /usr/bin/cmake --build /home/emmm/Desktop/rm/ROS2/learn/chapter3/topic_ws/build/example_topic -- -j12 -l12
[4.693s] DEBUG:colcon.colcon_core.event_handler.log_command:Invoking command in '/home/emmm/Desktop/rm/ROS2/learn/chapter3/topic_ws/build/example_topic': CMAKE_PREFIX_PATH=${CMAKE_PREFIX_PATH}:/opt/ros/humble /usr/bin/cmake --install /home/emmm/Desktop/rm/ROS2/learn/chapter3/topic_ws/build/example_topic
[4.707s] Level 1:colcon.colcon_core.environment:create_environment_scripts_only(example_topic)
[4.708s] Level 1:colcon.colcon_core.environment:checking '/home/emmm/Desktop/rm/ROS2/learn/chapter3/topic_ws/install/example_topic' for CMake module files
[4.708s] DEBUG:colcon.colcon_core.event_handler.log_command:Invoked command in '/home/emmm/Desktop/rm/ROS2/learn/chapter3/topic_ws/build/example_topic' returned '0': CMAKE_PREFIX_PATH=${CMAKE_PREFIX_PATH}:/opt/ros/humble /usr/bin/cmake --install /home/emmm/Desktop/rm/ROS2/learn/chapter3/topic_ws/build/example_topic
[4.709s] Level 1:colcon.colcon_core.environment:checking '/home/emmm/Desktop/rm/ROS2/learn/chapter3/topic_ws/install/example_topic' for CMake config files
[4.709s] Level 1:colcon.colcon_core.shell:create_environment_hook('example_topic', 'cmake_prefix_path')
[4.709s] INFO:colcon.colcon_core.shell:Creating environment hook '/home/emmm/Desktop/rm/ROS2/learn/chapter3/topic_ws/install/example_topic/share/example_topic/hook/cmake_prefix_path.ps1'
[4.710s] INFO:colcon.colcon_core.shell:Creating environment descriptor '/home/emmm/Desktop/rm/ROS2/learn/chapter3/topic_ws/install/example_topic/share/example_topic/hook/cmake_prefix_path.dsv'
[4.711s] INFO:colcon.colcon_core.shell:Creating environment hook '/home/emmm/Desktop/rm/ROS2/learn/chapter3/topic_ws/install/example_topic/share/example_topic/hook/cmake_prefix_path.sh'
[4.711s] Level 1:colcon.colcon_core.environment:checking '/home/emmm/Desktop/rm/ROS2/learn/chapter3/topic_ws/install/example_topic/lib'
[4.711s] Level 1:colcon.colcon_core.environment:checking '/home/emmm/Desktop/rm/ROS2/learn/chapter3/topic_ws/install/example_topic/bin'
[4.712s] Level 1:colcon.colcon_core.environment:checking '/home/emmm/Desktop/rm/ROS2/learn/chapter3/topic_ws/install/example_topic/lib/pkgconfig/example_topic.pc'
[4.712s] Level 1:colcon.colcon_core.environment:checking '/home/emmm/Desktop/rm/ROS2/learn/chapter3/topic_ws/install/example_topic/lib/python3.10/site-packages'
[4.712s] Level 1:colcon.colcon_core.environment:checking '/home/emmm/Desktop/rm/ROS2/learn/chapter3/topic_ws/install/example_topic/bin'
[4.713s] INFO:colcon.colcon_core.shell:Creating package script '/home/emmm/Desktop/rm/ROS2/learn/chapter3/topic_ws/install/example_topic/share/example_topic/package.ps1'
[4.714s] INFO:colcon.colcon_core.shell:Creating package descriptor '/home/emmm/Desktop/rm/ROS2/learn/chapter3/topic_ws/install/example_topic/share/example_topic/package.dsv'
[4.714s] INFO:colcon.colcon_core.shell:Creating package script '/home/emmm/Desktop/rm/ROS2/learn/chapter3/topic_ws/install/example_topic/share/example_topic/package.sh'
[4.715s] INFO:colcon.colcon_core.shell:Creating package script '/home/emmm/Desktop/rm/ROS2/learn/chapter3/topic_ws/install/example_topic/share/example_topic/package.bash'
[4.715s] INFO:colcon.colcon_core.shell:Creating package script '/home/emmm/Desktop/rm/ROS2/learn/chapter3/topic_ws/install/example_topic/share/example_topic/package.zsh'
[4.716s] Level 1:colcon.colcon_core.environment:create_file_with_runtime_dependencies(/home/emmm/Desktop/rm/ROS2/learn/chapter3/topic_ws/install/example_topic/share/colcon-core/packages/example_topic)
[4.716s] Level 1:colcon.colcon_core.environment:create_environment_scripts_only(example_topic)
[4.717s] Level 1:colcon.colcon_core.environment:checking '/home/emmm/Desktop/rm/ROS2/learn/chapter3/topic_ws/install/example_topic' for CMake module files
[4.717s] Level 1:colcon.colcon_core.environment:checking '/home/emmm/Desktop/rm/ROS2/learn/chapter3/topic_ws/install/example_topic' for CMake config files
[4.717s] Level 1:colcon.colcon_core.shell:create_environment_hook('example_topic', 'cmake_prefix_path')
[4.718s] INFO:colcon.colcon_core.shell:Creating environment hook '/home/emmm/Desktop/rm/ROS2/learn/chapter3/topic_ws/install/example_topic/share/example_topic/hook/cmake_prefix_path.ps1'
[4.718s] INFO:colcon.colcon_core.shell:Creating environment descriptor '/home/emmm/Desktop/rm/ROS2/learn/chapter3/topic_ws/install/example_topic/share/example_topic/hook/cmake_prefix_path.dsv'
[4.719s] INFO:colcon.colcon_core.shell:Creating environment hook '/home/emmm/Desktop/rm/ROS2/learn/chapter3/topic_ws/install/example_topic/share/example_topic/hook/cmake_prefix_path.sh'
[4.719s] Level 1:colcon.colcon_core.environment:checking '/home/emmm/Desktop/rm/ROS2/learn/chapter3/topic_ws/install/example_topic/lib'
[4.719s] Level 1:colcon.colcon_core.environment:checking '/home/emmm/Desktop/rm/ROS2/learn/chapter3/topic_ws/install/example_topic/bin'
[4.719s] Level 1:colcon.colcon_core.environment:checking '/home/emmm/Desktop/rm/ROS2/learn/chapter3/topic_ws/install/example_topic/lib/pkgconfig/example_topic.pc'
[4.719s] Level 1:colcon.colcon_core.environment:checking '/home/emmm/Desktop/rm/ROS2/learn/chapter3/topic_ws/install/example_topic/lib/python3.10/site-packages'
[4.720s] Level 1:colcon.colcon_core.environment:checking '/home/emmm/Desktop/rm/ROS2/learn/chapter3/topic_ws/install/example_topic/bin'
[4.720s] INFO:colcon.colcon_core.shell:Creating package script '/home/emmm/Desktop/rm/ROS2/learn/chapter3/topic_ws/install/example_topic/share/example_topic/package.ps1'
[4.721s] INFO:colcon.colcon_core.shell:Creating package descriptor '/home/emmm/Desktop/rm/ROS2/learn/chapter3/topic_ws/install/example_topic/share/example_topic/package.dsv'
[4.721s] INFO:colcon.colcon_core.shell:Creating package script '/home/emmm/Desktop/rm/ROS2/learn/chapter3/topic_ws/install/example_topic/share/example_topic/package.sh'
[4.721s] INFO:colcon.colcon_core.shell:Creating package script '/home/emmm/Desktop/rm/ROS2/learn/chapter3/topic_ws/install/example_topic/share/example_topic/package.bash'
[4.722s] INFO:colcon.colcon_core.shell:Creating package script '/home/emmm/Desktop/rm/ROS2/learn/chapter3/topic_ws/install/example_topic/share/example_topic/package.zsh'
[4.722s] Level 1:colcon.colcon_core.environment:create_file_with_runtime_dependencies(/home/emmm/Desktop/rm/ROS2/learn/chapter3/topic_ws/install/example_topic/share/colcon-core/packages/example_topic)
[5.487s] DEBUG:colcon.colcon_core.event_handler.log_command:Invoked command in '/home/emmm/Desktop/rm/ROS2/learn/chapter3/topic_ws/build/custom_msg_nodes' returned '0': AMENT_PREFIX_PATH=/home/emmm/Desktop/rm/ROS2/learn/chapter3/topic_ws/install/custom_interfaces:${AMENT_PREFIX_PATH} CMAKE_PREFIX_PATH=/home/emmm/Desktop/rm/ROS2/learn/chapter3/topic_ws/install/custom_interfaces:/home/emmm/Desktop/rm/ROS2/learn/chapter3/topic_ws/install/example_topic:/home/emmm/Desktop/rm/ROS2/learn/chapter3/topic_ws/test_ws/install/topic:/opt/ros/humble LD_LIBRARY_PATH=/home/emmm/Desktop/rm/ROS2/learn/chapter3/topic_ws/install/custom_interfaces/lib:${LD_LIBRARY_PATH} PYTHONPATH=/home/emmm/Desktop/rm/ROS2/learn/chapter3/topic_ws/install/custom_interfaces/local/lib/python3.10/dist-packages:${PYTHONPATH} /usr/bin/cmake /home/emmm/Desktop/rm/ROS2/learn/chapter3/topic_ws/src/custom_msg_nodes -DCMAKE_INSTALL_PREFIX=/home/emmm/Desktop/rm/ROS2/learn/chapter3/topic_ws/install/custom_msg_nodes
[5.489s] DEBUG:colcon.colcon_core.event_handler.log_command:Invoking command in '/home/emmm/Desktop/rm/ROS2/learn/chapter3/topic_ws/build/custom_msg_nodes': AMENT_PREFIX_PATH=/home/emmm/Desktop/rm/ROS2/learn/chapter3/topic_ws/install/custom_interfaces:${AMENT_PREFIX_PATH} CMAKE_PREFIX_PATH=/home/emmm/Desktop/rm/ROS2/learn/chapter3/topic_ws/install/custom_interfaces:/home/emmm/Desktop/rm/ROS2/learn/chapter3/topic_ws/install/example_topic:/home/emmm/Desktop/rm/ROS2/learn/chapter3/topic_ws/test_ws/install/topic:/opt/ros/humble LD_LIBRARY_PATH=/home/emmm/Desktop/rm/ROS2/learn/chapter3/topic_ws/install/custom_interfaces/lib:${LD_LIBRARY_PATH} PYTHONPATH=/home/emmm/Desktop/rm/ROS2/learn/chapter3/topic_ws/install/custom_interfaces/local/lib/python3.10/dist-packages:${PYTHONPATH} /usr/bin/cmake --build /home/emmm/Desktop/rm/ROS2/learn/chapter3/topic_ws/build/custom_msg_nodes -- -j12 -l12
[9.960s] DEBUG:colcon.colcon_core.event_handler.log_command:Invoked command in '/home/emmm/Desktop/rm/ROS2/learn/chapter3/topic_ws/build/demo_turtlesim' returned '0': CMAKE_PREFIX_PATH=${CMAKE_PREFIX_PATH}:/opt/ros/humble /usr/bin/cmake --build /home/emmm/Desktop/rm/ROS2/learn/chapter3/topic_ws/build/demo_turtlesim -- -j12 -l12
[9.962s] DEBUG:colcon.colcon_core.event_handler.log_command:Invoking command in '/home/emmm/Desktop/rm/ROS2/learn/chapter3/topic_ws/build/demo_turtlesim': CMAKE_PREFIX_PATH=${CMAKE_PREFIX_PATH}:/opt/ros/humble /usr/bin/cmake --install /home/emmm/Desktop/rm/ROS2/learn/chapter3/topic_ws/build/demo_turtlesim
[9.981s] Level 1:colcon.colcon_core.environment:create_environment_scripts_only(demo_turtlesim)
[9.981s] Level 1:colcon.colcon_core.environment:checking '/home/emmm/Desktop/rm/ROS2/learn/chapter3/topic_ws/install/demo_turtlesim' for CMake module files
[9.982s] DEBUG:colcon.colcon_core.event_handler.log_command:Invoked command in '/home/emmm/Desktop/rm/ROS2/learn/chapter3/topic_ws/build/demo_turtlesim' returned '0': CMAKE_PREFIX_PATH=${CMAKE_PREFIX_PATH}:/opt/ros/humble /usr/bin/cmake --install /home/emmm/Desktop/rm/ROS2/learn/chapter3/topic_ws/build/demo_turtlesim
[9.982s] Level 1:colcon.colcon_core.environment:checking '/home/emmm/Desktop/rm/ROS2/learn/chapter3/topic_ws/install/demo_turtlesim' for CMake config files
[9.983s] Level 1:colcon.colcon_core.shell:create_environment_hook('demo_turtlesim', 'cmake_prefix_path')
[9.983s] INFO:colcon.colcon_core.shell:Creating environment hook '/home/emmm/Desktop/rm/ROS2/learn/chapter3/topic_ws/install/demo_turtlesim/share/demo_turtlesim/hook/cmake_prefix_path.ps1'
[9.984s] INFO:colcon.colcon_core.shell:Creating environment descriptor '/home/emmm/Desktop/rm/ROS2/learn/chapter3/topic_ws/install/demo_turtlesim/share/demo_turtlesim/hook/cmake_prefix_path.dsv'
[9.984s] INFO:colcon.colcon_core.shell:Creating environment hook '/home/emmm/Desktop/rm/ROS2/learn/chapter3/topic_ws/install/demo_turtlesim/share/demo_turtlesim/hook/cmake_prefix_path.sh'
[9.985s] Level 1:colcon.colcon_core.environment:checking '/home/emmm/Desktop/rm/ROS2/learn/chapter3/topic_ws/install/demo_turtlesim/lib'
[9.985s] Level 1:colcon.colcon_core.environment:checking '/home/emmm/Desktop/rm/ROS2/learn/chapter3/topic_ws/install/demo_turtlesim/bin'
[9.985s] Level 1:colcon.colcon_core.environment:checking '/home/emmm/Desktop/rm/ROS2/learn/chapter3/topic_ws/install/demo_turtlesim/lib/pkgconfig/demo_turtlesim.pc'
[9.985s] Level 1:colcon.colcon_core.environment:checking '/home/emmm/Desktop/rm/ROS2/learn/chapter3/topic_ws/install/demo_turtlesim/lib/python3.10/site-packages'
[9.985s] Level 1:colcon.colcon_core.environment:checking '/home/emmm/Desktop/rm/ROS2/learn/chapter3/topic_ws/install/demo_turtlesim/bin'
[9.985s] INFO:colcon.colcon_core.shell:Creating package script '/home/emmm/Desktop/rm/ROS2/learn/chapter3/topic_ws/install/demo_turtlesim/share/demo_turtlesim/package.ps1'
[9.986s] INFO:colcon.colcon_core.shell:Creating package descriptor '/home/emmm/Desktop/rm/ROS2/learn/chapter3/topic_ws/install/demo_turtlesim/share/demo_turtlesim/package.dsv'
[9.986s] INFO:colcon.colcon_core.shell:Creating package script '/home/emmm/Desktop/rm/ROS2/learn/chapter3/topic_ws/install/demo_turtlesim/share/demo_turtlesim/package.sh'
[9.986s] INFO:colcon.colcon_core.shell:Creating package script '/home/emmm/Desktop/rm/ROS2/learn/chapter3/topic_ws/install/demo_turtlesim/share/demo_turtlesim/package.bash'
[9.987s] INFO:colcon.colcon_core.shell:Creating package script '/home/emmm/Desktop/rm/ROS2/learn/chapter3/topic_ws/install/demo_turtlesim/share/demo_turtlesim/package.zsh'
[9.987s] Level 1:colcon.colcon_core.environment:create_file_with_runtime_dependencies(/home/emmm/Desktop/rm/ROS2/learn/chapter3/topic_ws/install/demo_turtlesim/share/colcon-core/packages/demo_turtlesim)
[9.987s] Level 1:colcon.colcon_core.environment:create_environment_scripts_only(demo_turtlesim)
[9.987s] Level 1:colcon.colcon_core.environment:checking '/home/emmm/Desktop/rm/ROS2/learn/chapter3/topic_ws/install/demo_turtlesim' for CMake module files
[9.988s] Level 1:colcon.colcon_core.environment:checking '/home/emmm/Desktop/rm/ROS2/learn/chapter3/topic_ws/install/demo_turtlesim' for CMake config files
[9.988s] Level 1:colcon.colcon_core.shell:create_environment_hook('demo_turtlesim', 'cmake_prefix_path')
[9.988s] INFO:colcon.colcon_core.shell:Creating environment hook '/home/emmm/Desktop/rm/ROS2/learn/chapter3/topic_ws/install/demo_turtlesim/share/demo_turtlesim/hook/cmake_prefix_path.ps1'
[9.988s] INFO:colcon.colcon_core.shell:Creating environment descriptor '/home/emmm/Desktop/rm/ROS2/learn/chapter3/topic_ws/install/demo_turtlesim/share/demo_turtlesim/hook/cmake_prefix_path.dsv'
[9.988s] INFO:colcon.colcon_core.shell:Creating environment hook '/home/emmm/Desktop/rm/ROS2/learn/chapter3/topic_ws/install/demo_turtlesim/share/demo_turtlesim/hook/cmake_prefix_path.sh'
[9.989s] Level 1:colcon.colcon_core.environment:checking '/home/emmm/Desktop/rm/ROS2/learn/chapter3/topic_ws/install/demo_turtlesim/lib'
[9.989s] Level 1:colcon.colcon_core.environment:checking '/home/emmm/Desktop/rm/ROS2/learn/chapter3/topic_ws/install/demo_turtlesim/bin'
[9.989s] Level 1:colcon.colcon_core.environment:checking '/home/emmm/Desktop/rm/ROS2/learn/chapter3/topic_ws/install/demo_turtlesim/lib/pkgconfig/demo_turtlesim.pc'
[9.989s] Level 1:colcon.colcon_core.environment:checking '/home/emmm/Desktop/rm/ROS2/learn/chapter3/topic_ws/install/demo_turtlesim/lib/python3.10/site-packages'
[9.989s] Level 1:colcon.colcon_core.environment:checking '/home/emmm/Desktop/rm/ROS2/learn/chapter3/topic_ws/install/demo_turtlesim/bin'
[9.989s] INFO:colcon.colcon_core.shell:Creating package script '/home/emmm/Desktop/rm/ROS2/learn/chapter3/topic_ws/install/demo_turtlesim/share/demo_turtlesim/package.ps1'
[9.990s] INFO:colcon.colcon_core.shell:Creating package descriptor '/home/emmm/Desktop/rm/ROS2/learn/chapter3/topic_ws/install/demo_turtlesim/share/demo_turtlesim/package.dsv'
[9.990s] INFO:colcon.colcon_core.shell:Creating package script '/home/emmm/Desktop/rm/ROS2/learn/chapter3/topic_ws/install/demo_turtlesim/share/demo_turtlesim/package.sh'
[9.990s] INFO:colcon.colcon_core.shell:Creating package script '/home/emmm/Desktop/rm/ROS2/learn/chapter3/topic_ws/install/demo_turtlesim/share/demo_turtlesim/package.bash'
[9.991s] INFO:colcon.colcon_core.shell:Creating package script '/home/emmm/Desktop/rm/ROS2/learn/chapter3/topic_ws/install/demo_turtlesim/share/demo_turtlesim/package.zsh'
[9.991s] Level 1:colcon.colcon_core.environment:create_file_with_runtime_dependencies(/home/emmm/Desktop/rm/ROS2/learn/chapter3/topic_ws/install/demo_turtlesim/share/colcon-core/packages/demo_turtlesim)
[11.824s] DEBUG:colcon.colcon_core.event_handler.log_command:Invoked command in '/home/emmm/Desktop/rm/ROS2/learn/chapter3/topic_ws/build/custom_msg_nodes' returned '0': AMENT_PREFIX_PATH=/home/emmm/Desktop/rm/ROS2/learn/chapter3/topic_ws/install/custom_interfaces:${AMENT_PREFIX_PATH} CMAKE_PREFIX_PATH=/home/emmm/Desktop/rm/ROS2/learn/chapter3/topic_ws/install/custom_interfaces:/home/emmm/Desktop/rm/ROS2/learn/chapter3/topic_ws/install/example_topic:/home/emmm/Desktop/rm/ROS2/learn/chapter3/topic_ws/test_ws/install/topic:/opt/ros/humble LD_LIBRARY_PATH=/home/emmm/Desktop/rm/ROS2/learn/chapter3/topic_ws/install/custom_interfaces/lib:${LD_LIBRARY_PATH} PYTHONPATH=/home/emmm/Desktop/rm/ROS2/learn/chapter3/topic_ws/install/custom_interfaces/local/lib/python3.10/dist-packages:${PYTHONPATH} /usr/bin/cmake --build /home/emmm/Desktop/rm/ROS2/learn/chapter3/topic_ws/build/custom_msg_nodes -- -j12 -l12
[11.826s] DEBUG:colcon.colcon_core.event_handler.log_command:Invoking command in '/home/emmm/Desktop/rm/ROS2/learn/chapter3/topic_ws/build/custom_msg_nodes': AMENT_PREFIX_PATH=/home/emmm/Desktop/rm/ROS2/learn/chapter3/topic_ws/install/custom_interfaces:${AMENT_PREFIX_PATH} CMAKE_PREFIX_PATH=/home/emmm/Desktop/rm/ROS2/learn/chapter3/topic_ws/install/custom_interfaces:/home/emmm/Desktop/rm/ROS2/learn/chapter3/topic_ws/install/example_topic:/home/emmm/Desktop/rm/ROS2/learn/chapter3/topic_ws/test_ws/install/topic:/opt/ros/humble LD_LIBRARY_PATH=/home/emmm/Desktop/rm/ROS2/learn/chapter3/topic_ws/install/custom_interfaces/lib:${LD_LIBRARY_PATH} PYTHONPATH=/home/emmm/Desktop/rm/ROS2/learn/chapter3/topic_ws/install/custom_interfaces/local/lib/python3.10/dist-packages:${PYTHONPATH} /usr/bin/cmake --install /home/emmm/Desktop/rm/ROS2/learn/chapter3/topic_ws/build/custom_msg_nodes
[11.838s] Level 1:colcon.colcon_core.environment:create_environment_scripts_only(custom_msg_nodes)
[11.839s] Level 1:colcon.colcon_core.environment:checking '/home/emmm/Desktop/rm/ROS2/learn/chapter3/topic_ws/install/custom_msg_nodes' for CMake module files
[11.839s] DEBUG:colcon.colcon_core.event_handler.log_command:Invoked command in '/home/emmm/Desktop/rm/ROS2/learn/chapter3/topic_ws/build/custom_msg_nodes' returned '0': AMENT_PREFIX_PATH=/home/emmm/Desktop/rm/ROS2/learn/chapter3/topic_ws/install/custom_interfaces:${AMENT_PREFIX_PATH} CMAKE_PREFIX_PATH=/home/emmm/Desktop/rm/ROS2/learn/chapter3/topic_ws/install/custom_interfaces:/home/emmm/Desktop/rm/ROS2/learn/chapter3/topic_ws/install/example_topic:/home/emmm/Desktop/rm/ROS2/learn/chapter3/topic_ws/test_ws/install/topic:/opt/ros/humble LD_LIBRARY_PATH=/home/emmm/Desktop/rm/ROS2/learn/chapter3/topic_ws/install/custom_interfaces/lib:${LD_LIBRARY_PATH} PYTHONPATH=/home/emmm/Desktop/rm/ROS2/learn/chapter3/topic_ws/install/custom_interfaces/local/lib/python3.10/dist-packages:${PYTHONPATH} /usr/bin/cmake --install /home/emmm/Desktop/rm/ROS2/learn/chapter3/topic_ws/build/custom_msg_nodes
[11.840s] Level 1:colcon.colcon_core.environment:checking '/home/emmm/Desktop/rm/ROS2/learn/chapter3/topic_ws/install/custom_msg_nodes' for CMake config files
[11.840s] Level 1:colcon.colcon_core.shell:create_environment_hook('custom_msg_nodes', 'cmake_prefix_path')
[11.840s] INFO:colcon.colcon_core.shell:Creating environment hook '/home/emmm/Desktop/rm/ROS2/learn/chapter3/topic_ws/install/custom_msg_nodes/share/custom_msg_nodes/hook/cmake_prefix_path.ps1'
[11.841s] INFO:colcon.colcon_core.shell:Creating environment descriptor '/home/emmm/Desktop/rm/ROS2/learn/chapter3/topic_ws/install/custom_msg_nodes/share/custom_msg_nodes/hook/cmake_prefix_path.dsv'
[11.842s] INFO:colcon.colcon_core.shell:Creating environment hook '/home/emmm/Desktop/rm/ROS2/learn/chapter3/topic_ws/install/custom_msg_nodes/share/custom_msg_nodes/hook/cmake_prefix_path.sh'
[11.842s] Level 1:colcon.colcon_core.environment:checking '/home/emmm/Desktop/rm/ROS2/learn/chapter3/topic_ws/install/custom_msg_nodes/lib'
[11.842s] Level 1:colcon.colcon_core.environment:checking '/home/emmm/Desktop/rm/ROS2/learn/chapter3/topic_ws/install/custom_msg_nodes/bin'
[11.842s] Level 1:colcon.colcon_core.environment:checking '/home/emmm/Desktop/rm/ROS2/learn/chapter3/topic_ws/install/custom_msg_nodes/lib/pkgconfig/custom_msg_nodes.pc'
[11.843s] Level 1:colcon.colcon_core.environment:checking '/home/emmm/Desktop/rm/ROS2/learn/chapter3/topic_ws/install/custom_msg_nodes/lib/python3.10/site-packages'
[11.843s] Level 1:colcon.colcon_core.environment:checking '/home/emmm/Desktop/rm/ROS2/learn/chapter3/topic_ws/install/custom_msg_nodes/bin'
[11.844s] INFO:colcon.colcon_core.shell:Creating package script '/home/emmm/Desktop/rm/ROS2/learn/chapter3/topic_ws/install/custom_msg_nodes/share/custom_msg_nodes/package.ps1'
[11.844s] INFO:colcon.colcon_core.shell:Creating package descriptor '/home/emmm/Desktop/rm/ROS2/learn/chapter3/topic_ws/install/custom_msg_nodes/share/custom_msg_nodes/package.dsv'
[11.845s] INFO:colcon.colcon_core.shell:Creating package script '/home/emmm/Desktop/rm/ROS2/learn/chapter3/topic_ws/install/custom_msg_nodes/share/custom_msg_nodes/package.sh'
[11.845s] INFO:colcon.colcon_core.shell:Creating package script '/home/emmm/Desktop/rm/ROS2/learn/chapter3/topic_ws/install/custom_msg_nodes/share/custom_msg_nodes/package.bash'
[11.846s] INFO:colcon.colcon_core.shell:Creating package script '/home/emmm/Desktop/rm/ROS2/learn/chapter3/topic_ws/install/custom_msg_nodes/share/custom_msg_nodes/package.zsh'
[11.846s] Level 1:colcon.colcon_core.environment:create_file_with_runtime_dependencies(/home/emmm/Desktop/rm/ROS2/learn/chapter3/topic_ws/install/custom_msg_nodes/share/colcon-core/packages/custom_msg_nodes)
[11.847s] Level 1:colcon.colcon_core.environment:create_environment_scripts_only(custom_msg_nodes)
[11.847s] Level 1:colcon.colcon_core.environment:checking '/home/emmm/Desktop/rm/ROS2/learn/chapter3/topic_ws/install/custom_msg_nodes' for CMake module files
[11.848s] Level 1:colcon.colcon_core.environment:checking '/home/emmm/Desktop/rm/ROS2/learn/chapter3/topic_ws/install/custom_msg_nodes' for CMake config files
[11.848s] Level 1:colcon.colcon_core.shell:create_environment_hook('custom_msg_nodes', 'cmake_prefix_path')
[11.848s] INFO:colcon.colcon_core.shell:Creating environment hook '/home/emmm/Desktop/rm/ROS2/learn/chapter3/topic_ws/install/custom_msg_nodes/share/custom_msg_nodes/hook/cmake_prefix_path.ps1'
[11.849s] INFO:colcon.colcon_core.shell:Creating environment descriptor '/home/emmm/Desktop/rm/ROS2/learn/chapter3/topic_ws/install/custom_msg_nodes/share/custom_msg_nodes/hook/cmake_prefix_path.dsv'
[11.849s] INFO:colcon.colcon_core.shell:Creating environment hook '/home/emmm/Desktop/rm/ROS2/learn/chapter3/topic_ws/install/custom_msg_nodes/share/custom_msg_nodes/hook/cmake_prefix_path.sh'
[11.850s] Level 1:colcon.colcon_core.environment:checking '/home/emmm/Desktop/rm/ROS2/learn/chapter3/topic_ws/install/custom_msg_nodes/lib'
[11.850s] Level 1:colcon.colcon_core.environment:checking '/home/emmm/Desktop/rm/ROS2/learn/chapter3/topic_ws/install/custom_msg_nodes/bin'
[11.850s] Level 1:colcon.colcon_core.environment:checking '/home/emmm/Desktop/rm/ROS2/learn/chapter3/topic_ws/install/custom_msg_nodes/lib/pkgconfig/custom_msg_nodes.pc'
[11.851s] Level 1:colcon.colcon_core.environment:checking '/home/emmm/Desktop/rm/ROS2/learn/chapter3/topic_ws/install/custom_msg_nodes/lib/python3.10/site-packages'
[11.851s] Level 1:colcon.colcon_core.environment:checking '/home/emmm/Desktop/rm/ROS2/learn/chapter3/topic_ws/install/custom_msg_nodes/bin'
[11.851s] INFO:colcon.colcon_core.shell:Creating package script '/home/emmm/Desktop/rm/ROS2/learn/chapter3/topic_ws/install/custom_msg_nodes/share/custom_msg_nodes/package.ps1'
[11.852s] INFO:colcon.colcon_core.shell:Creating package descriptor '/home/emmm/Desktop/rm/ROS2/learn/chapter3/topic_ws/install/custom_msg_nodes/share/custom_msg_nodes/package.dsv'
[11.853s] INFO:colcon.colcon_core.shell:Creating package script '/home/emmm/Desktop/rm/ROS2/learn/chapter3/topic_ws/install/custom_msg_nodes/share/custom_msg_nodes/package.sh'
[11.853s] INFO:colcon.colcon_core.shell:Creating package script '/home/emmm/Desktop/rm/ROS2/learn/chapter3/topic_ws/install/custom_msg_nodes/share/custom_msg_nodes/package.bash'
[11.853s] INFO:colcon.colcon_core.shell:Creating package script '/home/emmm/Desktop/rm/ROS2/learn/chapter3/topic_ws/install/custom_msg_nodes/share/custom_msg_nodes/package.zsh'
[11.853s] Level 1:colcon.colcon_core.environment:create_file_with_runtime_dependencies(/home/emmm/Desktop/rm/ROS2/learn/chapter3/topic_ws/install/custom_msg_nodes/share/colcon-core/packages/custom_msg_nodes)
[11.854s] DEBUG:colcon.colcon_parallel_executor.executor.parallel:closing loop
[11.854s] DEBUG:colcon.colcon_parallel_executor.executor.parallel:loop closed
[11.854s] DEBUG:colcon.colcon_parallel_executor.executor.parallel:run_until_complete finished with '0'
[11.854s] DEBUG:colcon.colcon_core.event_reactor:joining thread
[11.861s] INFO:colcon.colcon_core.plugin_system:Skipping extension 'colcon_notification.desktop_notification.terminal_notifier': Not used on non-Darwin systems
[11.862s] INFO:colcon.colcon_core.plugin_system:Skipping extension 'colcon_notification.desktop_notification.win32': Not used on non-Windows systems
[11.862s] INFO:colcon.colcon_notification.desktop_notification:Sending desktop notification using 'notify2'
[11.878s] DEBUG:colcon.colcon_core.event_reactor:joined thread
[11.879s] INFO:colcon.colcon_core.shell:Creating prefix script '/home/emmm/Desktop/rm/ROS2/learn/chapter3/topic_ws/install/local_setup.ps1'
[11.880s] INFO:colcon.colcon_core.shell:Creating prefix util module '/home/emmm/Desktop/rm/ROS2/learn/chapter3/topic_ws/install/_local_setup_util_ps1.py'
[11.880s] INFO:colcon.colcon_core.shell:Creating prefix chain script '/home/emmm/Desktop/rm/ROS2/learn/chapter3/topic_ws/install/setup.ps1'
[11.881s] INFO:colcon.colcon_core.shell:Creating prefix script '/home/emmm/Desktop/rm/ROS2/learn/chapter3/topic_ws/install/local_setup.sh'
[11.881s] INFO:colcon.colcon_core.shell:Creating prefix util module '/home/emmm/Desktop/rm/ROS2/learn/chapter3/topic_ws/install/_local_setup_util_sh.py'
[11.882s] INFO:colcon.colcon_core.shell:Creating prefix chain script '/home/emmm/Desktop/rm/ROS2/learn/chapter3/topic_ws/install/setup.sh'
[11.882s] INFO:colcon.colcon_core.shell:Creating prefix script '/home/emmm/Desktop/rm/ROS2/learn/chapter3/topic_ws/install/local_setup.bash'
[11.883s] INFO:colcon.colcon_core.shell:Creating prefix chain script '/home/emmm/Desktop/rm/ROS2/learn/chapter3/topic_ws/install/setup.bash'
[11.883s] INFO:colcon.colcon_core.shell:Creating prefix script '/home/emmm/Desktop/rm/ROS2/learn/chapter3/topic_ws/install/local_setup.zsh'
[11.884s] INFO:colcon.colcon_core.shell:Creating prefix chain script '/home/emmm/Desktop/rm/ROS2/learn/chapter3/topic_ws/install/setup.zsh'
