[0.062s] DEBUG:colcon:Command line arguments: ['/usr/bin/colcon', 'build']
[0.062s] DEBUG:colcon:Parsed command line arguments: Namespace(log_base=None, log_level=None, verb_name='build', build_base='build', install_base='install', merge_install=False, symlink_install=False, test_result_base=None, continue_on_error=False, executor='parallel', parallel_workers=12, event_handlers=None, ignore_user_meta=False, metas=['./colcon.meta'], base_paths=['.'], packages_ignore=None, packages_ignore_regex=None, paths=None, packages_up_to=None, packages_up_to_regex=None, packages_above=None, packages_above_and_dependencies=None, packages_above_depth=None, packages_select_by_dep=None, packages_skip_by_dep=None, packages_skip_up_to=None, packages_select_build_failed=False, packages_skip_build_finished=False, packages_select_test_failures=False, packages_skip_test_passed=False, packages_select=None, packages_skip=None, packages_select_regex=None, packages_skip_regex=None, packages_start=None, packages_end=None, allow_overriding=[], cmake_args=None, cmake_target=None, cmake_target_skip_unavailable=False, cmake_clean_cache=False, cmake_clean_first=False, cmake_force_configure=False, ament_cmake_args=None, catkin_cmake_args=None, catkin_skip_building_tests=False, verb_parser=<colcon_defaults.argument_parser.defaults.DefaultArgumentsDecorator object at 0x71d997458310>, verb_extension=<colcon_core.verb.build.BuildVerb object at 0x71d9975c9b70>, main=<bound method BuildVerb.main of <colcon_core.verb.build.BuildVerb object at 0x71d9975c9b70>>)
[0.154s] Level 1:colcon.colcon_core.package_discovery:discover_packages(colcon_meta) check parameters
[0.154s] Level 1:colcon.colcon_core.package_discovery:discover_packages(recursive) check parameters
[0.154s] Level 1:colcon.colcon_core.package_discovery:discover_packages(ignore) check parameters
[0.154s] Level 1:colcon.colcon_core.package_discovery:discover_packages(path) check parameters
[0.154s] Level 1:colcon.colcon_core.package_discovery:discover_packages(colcon_meta) discover
[0.154s] Level 1:colcon.colcon_core.package_discovery:discover_packages(recursive) discover
[0.154s] INFO:colcon.colcon_core.package_discovery:Crawling recursively for packages in '/home/emmm/Desktop/rm/ROS2/learn/chapter3/fastdds_ws'
[0.155s] Level 1:colcon.colcon_core.package_identification:_identify(.) by extensions ['ignore', 'ignore_ament_install']
[0.155s] Level 1:colcon.colcon_core.package_identification:_identify(.) by extension 'ignore'
[0.155s] Level 1:colcon.colcon_core.package_identification:_identify(.) by extension 'ignore_ament_install'
[0.155s] Level 1:colcon.colcon_core.package_identification:_identify(.) by extensions ['colcon_pkg']
[0.155s] Level 1:colcon.colcon_core.package_identification:_identify(.) by extension 'colcon_pkg'
[0.155s] Level 1:colcon.colcon_core.package_identification:_identify(.) by extensions ['colcon_meta']
[0.155s] Level 1:colcon.colcon_core.package_identification:_identify(.) by extension 'colcon_meta'
[0.155s] Level 1:colcon.colcon_core.package_identification:_identify(.) by extensions ['ros']
[0.155s] Level 1:colcon.colcon_core.package_identification:_identify(.) by extension 'ros'
[0.162s] Level 1:colcon.colcon_core.package_identification:_identify(.) by extensions ['cmake', 'python']
[0.162s] Level 1:colcon.colcon_core.package_identification:_identify(.) by extension 'cmake'
[0.162s] Level 1:colcon.colcon_core.package_identification:_identify(.) by extension 'python'
[0.162s] Level 1:colcon.colcon_core.package_identification:_identify(.) by extensions ['python_setup_py']
[0.162s] Level 1:colcon.colcon_core.package_identification:_identify(.) by extension 'python_setup_py'
[0.162s] Level 1:colcon.colcon_core.package_identification:_identify(build) by extensions ['ignore', 'ignore_ament_install']
[0.162s] Level 1:colcon.colcon_core.package_identification:_identify(build) by extension 'ignore'
[0.162s] Level 1:colcon.colcon_core.package_identification:_identify(build) ignored
[0.162s] Level 1:colcon.colcon_core.package_identification:_identify(dds_tutorial) by extensions ['ignore', 'ignore_ament_install']
[0.162s] Level 1:colcon.colcon_core.package_identification:_identify(dds_tutorial) by extension 'ignore'
[0.162s] Level 1:colcon.colcon_core.package_identification:_identify(dds_tutorial) by extension 'ignore_ament_install'
[0.162s] Level 1:colcon.colcon_core.package_identification:_identify(dds_tutorial) by extensions ['colcon_pkg']
[0.162s] Level 1:colcon.colcon_core.package_identification:_identify(dds_tutorial) by extension 'colcon_pkg'
[0.162s] Level 1:colcon.colcon_core.package_identification:_identify(dds_tutorial) by extensions ['colcon_meta']
[0.162s] Level 1:colcon.colcon_core.package_identification:_identify(dds_tutorial) by extension 'colcon_meta'
[0.162s] Level 1:colcon.colcon_core.package_identification:_identify(dds_tutorial) by extensions ['ros']
[0.162s] Level 1:colcon.colcon_core.package_identification:_identify(dds_tutorial) by extension 'ros'
[0.163s] Level 1:colcon.colcon_core.package_identification:_identify(dds_tutorial) by extensions ['cmake', 'python']
[0.163s] Level 1:colcon.colcon_core.package_identification:_identify(dds_tutorial) by extension 'cmake'
[0.163s] Level 1:colcon.colcon_core.package_identification:_identify(dds_tutorial) by extension 'python'
[0.163s] Level 1:colcon.colcon_core.package_identification:_identify(dds_tutorial) by extensions ['python_setup_py']
[0.163s] Level 1:colcon.colcon_core.package_identification:_identify(dds_tutorial) by extension 'python_setup_py'
[0.163s] Level 1:colcon.colcon_core.package_identification:_identify(dds_tutorial/docs) by extensions ['ignore', 'ignore_ament_install']
[0.163s] Level 1:colcon.colcon_core.package_identification:_identify(dds_tutorial/docs) by extension 'ignore'
[0.163s] Level 1:colcon.colcon_core.package_identification:_identify(dds_tutorial/docs) by extension 'ignore_ament_install'
[0.163s] Level 1:colcon.colcon_core.package_identification:_identify(dds_tutorial/docs) by extensions ['colcon_pkg']
[0.163s] Level 1:colcon.colcon_core.package_identification:_identify(dds_tutorial/docs) by extension 'colcon_pkg'
[0.163s] Level 1:colcon.colcon_core.package_identification:_identify(dds_tutorial/docs) by extensions ['colcon_meta']
[0.163s] Level 1:colcon.colcon_core.package_identification:_identify(dds_tutorial/docs) by extension 'colcon_meta'
[0.163s] Level 1:colcon.colcon_core.package_identification:_identify(dds_tutorial/docs) by extensions ['ros']
[0.163s] Level 1:colcon.colcon_core.package_identification:_identify(dds_tutorial/docs) by extension 'ros'
[0.163s] Level 1:colcon.colcon_core.package_identification:_identify(dds_tutorial/docs) by extensions ['cmake', 'python']
[0.163s] Level 1:colcon.colcon_core.package_identification:_identify(dds_tutorial/docs) by extension 'cmake'
[0.163s] Level 1:colcon.colcon_core.package_identification:_identify(dds_tutorial/docs) by extension 'python'
[0.163s] Level 1:colcon.colcon_core.package_identification:_identify(dds_tutorial/docs) by extensions ['python_setup_py']
[0.163s] Level 1:colcon.colcon_core.package_identification:_identify(dds_tutorial/docs) by extension 'python_setup_py'
[0.163s] Level 1:colcon.colcon_core.package_identification:_identify(dds_tutorial/examples) by extensions ['ignore', 'ignore_ament_install']
[0.163s] Level 1:colcon.colcon_core.package_identification:_identify(dds_tutorial/examples) by extension 'ignore'
[0.163s] Level 1:colcon.colcon_core.package_identification:_identify(dds_tutorial/examples) by extension 'ignore_ament_install'
[0.163s] Level 1:colcon.colcon_core.package_identification:_identify(dds_tutorial/examples) by extensions ['colcon_pkg']
[0.163s] Level 1:colcon.colcon_core.package_identification:_identify(dds_tutorial/examples) by extension 'colcon_pkg'
[0.163s] Level 1:colcon.colcon_core.package_identification:_identify(dds_tutorial/examples) by extensions ['colcon_meta']
[0.163s] Level 1:colcon.colcon_core.package_identification:_identify(dds_tutorial/examples) by extension 'colcon_meta'
[0.163s] Level 1:colcon.colcon_core.package_identification:_identify(dds_tutorial/examples) by extensions ['ros']
[0.163s] Level 1:colcon.colcon_core.package_identification:_identify(dds_tutorial/examples) by extension 'ros'
[0.163s] Level 1:colcon.colcon_core.package_identification:_identify(dds_tutorial/examples) by extensions ['cmake', 'python']
[0.163s] Level 1:colcon.colcon_core.package_identification:_identify(dds_tutorial/examples) by extension 'cmake'
[0.163s] Level 1:colcon.colcon_core.package_identification:_identify(dds_tutorial/examples) by extension 'python'
[0.163s] Level 1:colcon.colcon_core.package_identification:_identify(dds_tutorial/examples) by extensions ['python_setup_py']
[0.163s] Level 1:colcon.colcon_core.package_identification:_identify(dds_tutorial/examples) by extension 'python_setup_py'
[0.163s] Level 1:colcon.colcon_core.package_identification:_identify(dds_tutorial/examples/01-hellofishros) by extensions ['ignore', 'ignore_ament_install']
[0.163s] Level 1:colcon.colcon_core.package_identification:_identify(dds_tutorial/examples/01-hellofishros) by extension 'ignore'
[0.163s] Level 1:colcon.colcon_core.package_identification:_identify(dds_tutorial/examples/01-hellofishros) by extension 'ignore_ament_install'
[0.163s] Level 1:colcon.colcon_core.package_identification:_identify(dds_tutorial/examples/01-hellofishros) by extensions ['colcon_pkg']
[0.163s] Level 1:colcon.colcon_core.package_identification:_identify(dds_tutorial/examples/01-hellofishros) by extension 'colcon_pkg'
[0.163s] Level 1:colcon.colcon_core.package_identification:_identify(dds_tutorial/examples/01-hellofishros) by extensions ['colcon_meta']
[0.163s] Level 1:colcon.colcon_core.package_identification:_identify(dds_tutorial/examples/01-hellofishros) by extension 'colcon_meta'
[0.163s] Level 1:colcon.colcon_core.package_identification:_identify(dds_tutorial/examples/01-hellofishros) by extensions ['ros']
[0.163s] Level 1:colcon.colcon_core.package_identification:_identify(dds_tutorial/examples/01-hellofishros) by extension 'ros'
[0.164s] Level 1:colcon.colcon_core.package_identification:_identify(dds_tutorial/examples/01-hellofishros) by extensions ['cmake', 'python']
[0.164s] Level 1:colcon.colcon_core.package_identification:_identify(dds_tutorial/examples/01-hellofishros) by extension 'cmake'
[0.166s] Level 1:colcon.colcon_core.package_identification:_identify(dds_tutorial/examples/01-hellofishros) by extension 'python'
[0.166s] DEBUG:colcon.colcon_core.package_identification:Package 'dds_tutorial/examples/01-hellofishros' with type 'cmake' and name 'DDSHelloFishRos'
[0.166s] Level 1:colcon.colcon_core.package_identification:_identify(gradle-6.4) by extensions ['ignore', 'ignore_ament_install']
[0.166s] Level 1:colcon.colcon_core.package_identification:_identify(gradle-6.4) by extension 'ignore'
[0.166s] Level 1:colcon.colcon_core.package_identification:_identify(gradle-6.4) by extension 'ignore_ament_install'
[0.166s] Level 1:colcon.colcon_core.package_identification:_identify(gradle-6.4) by extensions ['colcon_pkg']
[0.166s] Level 1:colcon.colcon_core.package_identification:_identify(gradle-6.4) by extension 'colcon_pkg'
[0.166s] Level 1:colcon.colcon_core.package_identification:_identify(gradle-6.4) by extensions ['colcon_meta']
[0.166s] Level 1:colcon.colcon_core.package_identification:_identify(gradle-6.4) by extension 'colcon_meta'
[0.166s] Level 1:colcon.colcon_core.package_identification:_identify(gradle-6.4) by extensions ['ros']
[0.166s] Level 1:colcon.colcon_core.package_identification:_identify(gradle-6.4) by extension 'ros'
[0.166s] Level 1:colcon.colcon_core.package_identification:_identify(gradle-6.4) by extensions ['cmake', 'python']
[0.166s] Level 1:colcon.colcon_core.package_identification:_identify(gradle-6.4) by extension 'cmake'
[0.166s] Level 1:colcon.colcon_core.package_identification:_identify(gradle-6.4) by extension 'python'
[0.166s] Level 1:colcon.colcon_core.package_identification:_identify(gradle-6.4) by extensions ['python_setup_py']
[0.166s] Level 1:colcon.colcon_core.package_identification:_identify(gradle-6.4) by extension 'python_setup_py'
[0.166s] Level 1:colcon.colcon_core.package_identification:_identify(gradle-6.4/bin) by extensions ['ignore', 'ignore_ament_install']
[0.166s] Level 1:colcon.colcon_core.package_identification:_identify(gradle-6.4/bin) by extension 'ignore'
[0.166s] Level 1:colcon.colcon_core.package_identification:_identify(gradle-6.4/bin) by extension 'ignore_ament_install'
[0.166s] Level 1:colcon.colcon_core.package_identification:_identify(gradle-6.4/bin) by extensions ['colcon_pkg']
[0.166s] Level 1:colcon.colcon_core.package_identification:_identify(gradle-6.4/bin) by extension 'colcon_pkg'
[0.166s] Level 1:colcon.colcon_core.package_identification:_identify(gradle-6.4/bin) by extensions ['colcon_meta']
[0.166s] Level 1:colcon.colcon_core.package_identification:_identify(gradle-6.4/bin) by extension 'colcon_meta'
[0.166s] Level 1:colcon.colcon_core.package_identification:_identify(gradle-6.4/bin) by extensions ['ros']
[0.166s] Level 1:colcon.colcon_core.package_identification:_identify(gradle-6.4/bin) by extension 'ros'
[0.166s] Level 1:colcon.colcon_core.package_identification:_identify(gradle-6.4/bin) by extensions ['cmake', 'python']
[0.166s] Level 1:colcon.colcon_core.package_identification:_identify(gradle-6.4/bin) by extension 'cmake'
[0.166s] Level 1:colcon.colcon_core.package_identification:_identify(gradle-6.4/bin) by extension 'python'
[0.166s] Level 1:colcon.colcon_core.package_identification:_identify(gradle-6.4/bin) by extensions ['python_setup_py']
[0.166s] Level 1:colcon.colcon_core.package_identification:_identify(gradle-6.4/bin) by extension 'python_setup_py'
[0.167s] Level 1:colcon.colcon_core.package_identification:_identify(gradle-6.4/init.d) by extensions ['ignore', 'ignore_ament_install']
[0.167s] Level 1:colcon.colcon_core.package_identification:_identify(gradle-6.4/init.d) by extension 'ignore'
[0.167s] Level 1:colcon.colcon_core.package_identification:_identify(gradle-6.4/init.d) by extension 'ignore_ament_install'
[0.167s] Level 1:colcon.colcon_core.package_identification:_identify(gradle-6.4/init.d) by extensions ['colcon_pkg']
[0.167s] Level 1:colcon.colcon_core.package_identification:_identify(gradle-6.4/init.d) by extension 'colcon_pkg'
[0.167s] Level 1:colcon.colcon_core.package_identification:_identify(gradle-6.4/init.d) by extensions ['colcon_meta']
[0.167s] Level 1:colcon.colcon_core.package_identification:_identify(gradle-6.4/init.d) by extension 'colcon_meta'
[0.167s] Level 1:colcon.colcon_core.package_identification:_identify(gradle-6.4/init.d) by extensions ['ros']
[0.167s] Level 1:colcon.colcon_core.package_identification:_identify(gradle-6.4/init.d) by extension 'ros'
[0.167s] Level 1:colcon.colcon_core.package_identification:_identify(gradle-6.4/init.d) by extensions ['cmake', 'python']
[0.167s] Level 1:colcon.colcon_core.package_identification:_identify(gradle-6.4/init.d) by extension 'cmake'
[0.167s] Level 1:colcon.colcon_core.package_identification:_identify(gradle-6.4/init.d) by extension 'python'
[0.167s] Level 1:colcon.colcon_core.package_identification:_identify(gradle-6.4/init.d) by extensions ['python_setup_py']
[0.167s] Level 1:colcon.colcon_core.package_identification:_identify(gradle-6.4/init.d) by extension 'python_setup_py'
[0.167s] Level 1:colcon.colcon_core.package_identification:_identify(gradle-6.4/lib) by extensions ['ignore', 'ignore_ament_install']
[0.167s] Level 1:colcon.colcon_core.package_identification:_identify(gradle-6.4/lib) by extension 'ignore'
[0.167s] Level 1:colcon.colcon_core.package_identification:_identify(gradle-6.4/lib) by extension 'ignore_ament_install'
[0.167s] Level 1:colcon.colcon_core.package_identification:_identify(gradle-6.4/lib) by extensions ['colcon_pkg']
[0.167s] Level 1:colcon.colcon_core.package_identification:_identify(gradle-6.4/lib) by extension 'colcon_pkg'
[0.167s] Level 1:colcon.colcon_core.package_identification:_identify(gradle-6.4/lib) by extensions ['colcon_meta']
[0.167s] Level 1:colcon.colcon_core.package_identification:_identify(gradle-6.4/lib) by extension 'colcon_meta'
[0.167s] Level 1:colcon.colcon_core.package_identification:_identify(gradle-6.4/lib) by extensions ['ros']
[0.167s] Level 1:colcon.colcon_core.package_identification:_identify(gradle-6.4/lib) by extension 'ros'
[0.167s] Level 1:colcon.colcon_core.package_identification:_identify(gradle-6.4/lib) by extensions ['cmake', 'python']
[0.167s] Level 1:colcon.colcon_core.package_identification:_identify(gradle-6.4/lib) by extension 'cmake'
[0.167s] Level 1:colcon.colcon_core.package_identification:_identify(gradle-6.4/lib) by extension 'python'
[0.167s] Level 1:colcon.colcon_core.package_identification:_identify(gradle-6.4/lib) by extensions ['python_setup_py']
[0.167s] Level 1:colcon.colcon_core.package_identification:_identify(gradle-6.4/lib) by extension 'python_setup_py'
[0.167s] Level 1:colcon.colcon_core.package_identification:_identify(gradle-6.4/lib/plugins) by extensions ['ignore', 'ignore_ament_install']
[0.167s] Level 1:colcon.colcon_core.package_identification:_identify(gradle-6.4/lib/plugins) by extension 'ignore'
[0.167s] Level 1:colcon.colcon_core.package_identification:_identify(gradle-6.4/lib/plugins) by extension 'ignore_ament_install'
[0.167s] Level 1:colcon.colcon_core.package_identification:_identify(gradle-6.4/lib/plugins) by extensions ['colcon_pkg']
[0.167s] Level 1:colcon.colcon_core.package_identification:_identify(gradle-6.4/lib/plugins) by extension 'colcon_pkg'
[0.167s] Level 1:colcon.colcon_core.package_identification:_identify(gradle-6.4/lib/plugins) by extensions ['colcon_meta']
[0.167s] Level 1:colcon.colcon_core.package_identification:_identify(gradle-6.4/lib/plugins) by extension 'colcon_meta'
[0.167s] Level 1:colcon.colcon_core.package_identification:_identify(gradle-6.4/lib/plugins) by extensions ['ros']
[0.168s] Level 1:colcon.colcon_core.package_identification:_identify(gradle-6.4/lib/plugins) by extension 'ros'
[0.168s] Level 1:colcon.colcon_core.package_identification:_identify(gradle-6.4/lib/plugins) by extensions ['cmake', 'python']
[0.168s] Level 1:colcon.colcon_core.package_identification:_identify(gradle-6.4/lib/plugins) by extension 'cmake'
[0.168s] Level 1:colcon.colcon_core.package_identification:_identify(gradle-6.4/lib/plugins) by extension 'python'
[0.168s] Level 1:colcon.colcon_core.package_identification:_identify(gradle-6.4/lib/plugins) by extensions ['python_setup_py']
[0.168s] Level 1:colcon.colcon_core.package_identification:_identify(gradle-6.4/lib/plugins) by extension 'python_setup_py'
[0.168s] Level 1:colcon.colcon_core.package_identification:_identify(install) by extensions ['ignore', 'ignore_ament_install']
[0.168s] Level 1:colcon.colcon_core.package_identification:_identify(install) by extension 'ignore'
[0.168s] Level 1:colcon.colcon_core.package_identification:_identify(install) ignored
[0.168s] Level 1:colcon.colcon_core.package_identification:_identify(log) by extensions ['ignore', 'ignore_ament_install']
[0.168s] Level 1:colcon.colcon_core.package_identification:_identify(log) by extension 'ignore'
[0.168s] Level 1:colcon.colcon_core.package_identification:_identify(log) ignored
[0.168s] Level 1:colcon.colcon_core.package_identification:_identify(src) by extensions ['ignore', 'ignore_ament_install']
[0.168s] Level 1:colcon.colcon_core.package_identification:_identify(src) by extension 'ignore'
[0.168s] Level 1:colcon.colcon_core.package_identification:_identify(src) by extension 'ignore_ament_install'
[0.168s] Level 1:colcon.colcon_core.package_identification:_identify(src) by extensions ['colcon_pkg']
[0.168s] Level 1:colcon.colcon_core.package_identification:_identify(src) by extension 'colcon_pkg'
[0.168s] Level 1:colcon.colcon_core.package_identification:_identify(src) by extensions ['colcon_meta']
[0.168s] Level 1:colcon.colcon_core.package_identification:_identify(src) by extension 'colcon_meta'
[0.168s] Level 1:colcon.colcon_core.package_identification:_identify(src) by extensions ['ros']
[0.168s] Level 1:colcon.colcon_core.package_identification:_identify(src) by extension 'ros'
[0.168s] Level 1:colcon.colcon_core.package_identification:_identify(src) by extensions ['cmake', 'python']
[0.168s] Level 1:colcon.colcon_core.package_identification:_identify(src) by extension 'cmake'
[0.168s] Level 1:colcon.colcon_core.package_identification:_identify(src) by extension 'python'
[0.168s] Level 1:colcon.colcon_core.package_identification:_identify(src) by extensions ['python_setup_py']
[0.168s] Level 1:colcon.colcon_core.package_identification:_identify(src) by extension 'python_setup_py'
[0.168s] Level 1:colcon.colcon_core.package_identification:_identify(src/fastcdr) by extensions ['ignore', 'ignore_ament_install']
[0.168s] Level 1:colcon.colcon_core.package_identification:_identify(src/fastcdr) by extension 'ignore'
[0.168s] Level 1:colcon.colcon_core.package_identification:_identify(src/fastcdr) by extension 'ignore_ament_install'
[0.168s] Level 1:colcon.colcon_core.package_identification:_identify(src/fastcdr) by extensions ['colcon_pkg']
[0.168s] Level 1:colcon.colcon_core.package_identification:_identify(src/fastcdr) by extension 'colcon_pkg'
[0.169s] INFO:colcon.colcon_metadata.metadata.colcon_pkg:Setting type 'cmake' of package 'src/fastcdr' from colcon.pkg
[0.169s] INFO:colcon.colcon_metadata.metadata.colcon_pkg:Setting name 'fastcdr' of package 'src/fastcdr' from colcon.pkg
[0.169s] DEBUG:colcon.colcon_core.package_identification:Package 'src/fastcdr' with type 'cmake' and name 'fastcdr'
[0.169s] Level 1:colcon.colcon_core.package_identification:_identify(src/fastddsgen) by extensions ['ignore', 'ignore_ament_install']
[0.169s] Level 1:colcon.colcon_core.package_identification:_identify(src/fastddsgen) by extension 'ignore'
[0.169s] Level 1:colcon.colcon_core.package_identification:_identify(src/fastddsgen) by extension 'ignore_ament_install'
[0.169s] Level 1:colcon.colcon_core.package_identification:_identify(src/fastddsgen) by extensions ['colcon_pkg']
[0.169s] Level 1:colcon.colcon_core.package_identification:_identify(src/fastddsgen) by extension 'colcon_pkg'
[0.169s] INFO:colcon.colcon_metadata.metadata.colcon_pkg:Setting type 'gradle' of package 'src/fastddsgen' from colcon.pkg
[0.169s] INFO:colcon.colcon_metadata.metadata.colcon_pkg:Setting name 'fastddsgen' of package 'src/fastddsgen' from colcon.pkg
[0.169s] DEBUG:colcon.colcon_core.package_identification:Package 'src/fastddsgen' with type 'gradle' and name 'fastddsgen'
[0.169s] Level 1:colcon.colcon_core.package_identification:_identify(src/fastrtps) by extensions ['ignore', 'ignore_ament_install']
[0.170s] Level 1:colcon.colcon_core.package_identification:_identify(src/fastrtps) by extension 'ignore'
[0.170s] Level 1:colcon.colcon_core.package_identification:_identify(src/fastrtps) by extension 'ignore_ament_install'
[0.170s] Level 1:colcon.colcon_core.package_identification:_identify(src/fastrtps) by extensions ['colcon_pkg']
[0.170s] Level 1:colcon.colcon_core.package_identification:_identify(src/fastrtps) by extension 'colcon_pkg'
[0.170s] INFO:colcon.colcon_metadata.metadata.colcon_pkg:Setting type 'cmake' of package 'src/fastrtps' from colcon.pkg
[0.170s] INFO:colcon.colcon_metadata.metadata.colcon_pkg:Setting name 'fastdds' of package 'src/fastrtps' from colcon.pkg
[0.170s] DEBUG:colcon.colcon_core.package_identification:Package 'src/fastrtps' with type 'cmake' and name 'fastdds'
[0.170s] Level 1:colcon.colcon_core.package_identification:_identify(src/foonathan_memory_vendor) by extensions ['ignore', 'ignore_ament_install']
[0.170s] Level 1:colcon.colcon_core.package_identification:_identify(src/foonathan_memory_vendor) by extension 'ignore'
[0.170s] Level 1:colcon.colcon_core.package_identification:_identify(src/foonathan_memory_vendor) by extension 'ignore_ament_install'
[0.170s] Level 1:colcon.colcon_core.package_identification:_identify(src/foonathan_memory_vendor) by extensions ['colcon_pkg']
[0.170s] Level 1:colcon.colcon_core.package_identification:_identify(src/foonathan_memory_vendor) by extension 'colcon_pkg'
[0.170s] Level 1:colcon.colcon_core.package_identification:_identify(src/foonathan_memory_vendor) by extensions ['colcon_meta']
[0.170s] Level 1:colcon.colcon_core.package_identification:_identify(src/foonathan_memory_vendor) by extension 'colcon_meta'
[0.170s] Level 1:colcon.colcon_core.package_identification:_identify(src/foonathan_memory_vendor) by extensions ['ros']
[0.170s] Level 1:colcon.colcon_core.package_identification:_identify(src/foonathan_memory_vendor) by extension 'ros'
[0.172s] DEBUG:colcon.colcon_core.package_identification:Package 'src/foonathan_memory_vendor' with type 'ros.cmake' and name 'foonathan_memory_vendor'
[0.172s] Level 1:colcon.colcon_core.package_discovery:discover_packages(recursive) using defaults
[0.172s] Level 1:colcon.colcon_core.package_discovery:discover_packages(ignore) discover
[0.172s] Level 1:colcon.colcon_core.package_discovery:discover_packages(ignore) using defaults
[0.172s] Level 1:colcon.colcon_core.package_discovery:discover_packages(path) discover
[0.172s] Level 1:colcon.colcon_core.package_discovery:discover_packages(path) using defaults
[0.185s] INFO:colcon.colcon_metadata.metadata.colcon_pkg:Updating descriptor of package 'src/fastcdr' from colcon.pkg: {'name': 'fastcdr', 'type': 'cmake', 'test-dependencies': ['ament_cmake_gtest', 'ament_cmake', 'googletest-distribution']}
[0.185s] INFO:colcon.colcon_metadata.metadata.colcon_pkg:Updating descriptor of package 'src/fastddsgen' from colcon.pkg: {'name': 'fastddsgen', 'type': 'gradle', 'test-dependencies': ['fastdds']}
[0.185s] INFO:colcon.colcon_metadata.metadata.colcon_pkg:Updating descriptor of package 'src/fastrtps' from colcon.pkg: {'name': 'fastdds', 'type': 'cmake', 'dependencies': ['fastcdr', 'FOONATHAN_MEMORY', 'foonathan_memory_vendor', 'googletest-distribution']}
[0.186s] Level 1:colcon.colcon_core.package_discovery:discover_packages(prefix_path) check parameters
[0.186s] Level 1:colcon.colcon_core.package_discovery:discover_packages(prefix_path) discover
[0.187s] DEBUG:colcon.colcon_installed_package_information.package_discovery:Found 323 installed packages in /opt/ros/humble
[0.194s] Level 1:colcon.colcon_core.package_discovery:discover_packages(prefix_path) using defaults
[0.220s] Level 5:colcon.colcon_core.verb:set package 'fastcdr' build argument 'cmake_args' from command line to 'None'
[0.220s] Level 5:colcon.colcon_core.verb:set package 'fastcdr' build argument 'cmake_target' from command line to 'None'
[0.220s] Level 5:colcon.colcon_core.verb:set package 'fastcdr' build argument 'cmake_target_skip_unavailable' from command line to 'False'
[0.220s] Level 5:colcon.colcon_core.verb:set package 'fastcdr' build argument 'cmake_clean_cache' from command line to 'False'
[0.220s] Level 5:colcon.colcon_core.verb:set package 'fastcdr' build argument 'cmake_clean_first' from command line to 'False'
[0.220s] Level 5:colcon.colcon_core.verb:set package 'fastcdr' build argument 'cmake_force_configure' from command line to 'False'
[0.220s] Level 5:colcon.colcon_core.verb:set package 'fastcdr' build argument 'ament_cmake_args' from command line to 'None'
[0.220s] Level 5:colcon.colcon_core.verb:set package 'fastcdr' build argument 'catkin_cmake_args' from command line to 'None'
[0.220s] Level 5:colcon.colcon_core.verb:set package 'fastcdr' build argument 'catkin_skip_building_tests' from command line to 'False'
[0.220s] DEBUG:colcon.colcon_core.verb:Building package 'fastcdr' with the following arguments: {'ament_cmake_args': None, 'build_base': '/home/emmm/Desktop/rm/ROS2/learn/chapter3/fastdds_ws/build/fastcdr', 'catkin_cmake_args': None, 'catkin_skip_building_tests': False, 'cmake_args': None, 'cmake_clean_cache': False, 'cmake_clean_first': False, 'cmake_force_configure': False, 'cmake_target': None, 'cmake_target_skip_unavailable': False, 'install_base': '/home/emmm/Desktop/rm/ROS2/learn/chapter3/fastdds_ws/install/fastcdr', 'merge_install': False, 'path': '/home/emmm/Desktop/rm/ROS2/learn/chapter3/fastdds_ws/src/fastcdr', 'symlink_install': False, 'test_result_base': None}
[0.220s] Level 5:colcon.colcon_core.verb:set package 'foonathan_memory_vendor' build argument 'cmake_args' from command line to 'None'
[0.220s] Level 5:colcon.colcon_core.verb:set package 'foonathan_memory_vendor' build argument 'cmake_target' from command line to 'None'
[0.220s] Level 5:colcon.colcon_core.verb:set package 'foonathan_memory_vendor' build argument 'cmake_target_skip_unavailable' from command line to 'False'
[0.220s] Level 5:colcon.colcon_core.verb:set package 'foonathan_memory_vendor' build argument 'cmake_clean_cache' from command line to 'False'
[0.220s] Level 5:colcon.colcon_core.verb:set package 'foonathan_memory_vendor' build argument 'cmake_clean_first' from command line to 'False'
[0.220s] Level 5:colcon.colcon_core.verb:set package 'foonathan_memory_vendor' build argument 'cmake_force_configure' from command line to 'False'
[0.220s] Level 5:colcon.colcon_core.verb:set package 'foonathan_memory_vendor' build argument 'ament_cmake_args' from command line to 'None'
[0.220s] Level 5:colcon.colcon_core.verb:set package 'foonathan_memory_vendor' build argument 'catkin_cmake_args' from command line to 'None'
[0.220s] Level 5:colcon.colcon_core.verb:set package 'foonathan_memory_vendor' build argument 'catkin_skip_building_tests' from command line to 'False'
[0.220s] DEBUG:colcon.colcon_core.verb:Building package 'foonathan_memory_vendor' with the following arguments: {'ament_cmake_args': None, 'build_base': '/home/emmm/Desktop/rm/ROS2/learn/chapter3/fastdds_ws/build/foonathan_memory_vendor', 'catkin_cmake_args': None, 'catkin_skip_building_tests': False, 'cmake_args': None, 'cmake_clean_cache': False, 'cmake_clean_first': False, 'cmake_force_configure': False, 'cmake_target': None, 'cmake_target_skip_unavailable': False, 'install_base': '/home/emmm/Desktop/rm/ROS2/learn/chapter3/fastdds_ws/install/foonathan_memory_vendor', 'merge_install': False, 'path': '/home/emmm/Desktop/rm/ROS2/learn/chapter3/fastdds_ws/src/foonathan_memory_vendor', 'symlink_install': False, 'test_result_base': None}
[0.221s] Level 5:colcon.colcon_core.verb:set package 'DDSHelloFishRos' build argument 'cmake_args' from command line to 'None'
[0.221s] Level 5:colcon.colcon_core.verb:set package 'DDSHelloFishRos' build argument 'cmake_target' from command line to 'None'
[0.221s] Level 5:colcon.colcon_core.verb:set package 'DDSHelloFishRos' build argument 'cmake_target_skip_unavailable' from command line to 'False'
[0.221s] Level 5:colcon.colcon_core.verb:set package 'DDSHelloFishRos' build argument 'cmake_clean_cache' from command line to 'False'
[0.221s] Level 5:colcon.colcon_core.verb:set package 'DDSHelloFishRos' build argument 'cmake_clean_first' from command line to 'False'
[0.221s] Level 5:colcon.colcon_core.verb:set package 'DDSHelloFishRos' build argument 'cmake_force_configure' from command line to 'False'
[0.221s] Level 5:colcon.colcon_core.verb:set package 'DDSHelloFishRos' build argument 'ament_cmake_args' from command line to 'None'
[0.221s] Level 5:colcon.colcon_core.verb:set package 'DDSHelloFishRos' build argument 'catkin_cmake_args' from command line to 'None'
[0.221s] Level 5:colcon.colcon_core.verb:set package 'DDSHelloFishRos' build argument 'catkin_skip_building_tests' from command line to 'False'
[0.221s] DEBUG:colcon.colcon_core.verb:Building package 'DDSHelloFishRos' with the following arguments: {'ament_cmake_args': None, 'build_base': '/home/emmm/Desktop/rm/ROS2/learn/chapter3/fastdds_ws/build/DDSHelloFishRos', 'catkin_cmake_args': None, 'catkin_skip_building_tests': False, 'cmake_args': None, 'cmake_clean_cache': False, 'cmake_clean_first': False, 'cmake_force_configure': False, 'cmake_target': None, 'cmake_target_skip_unavailable': False, 'install_base': '/home/emmm/Desktop/rm/ROS2/learn/chapter3/fastdds_ws/install/DDSHelloFishRos', 'merge_install': False, 'path': '/home/emmm/Desktop/rm/ROS2/learn/chapter3/fastdds_ws/dds_tutorial/examples/01-hellofishros', 'symlink_install': False, 'test_result_base': None}
[0.221s] Level 5:colcon.colcon_core.verb:set package 'fastdds' build argument 'cmake_args' from command line to 'None'
[0.221s] Level 5:colcon.colcon_core.verb:set package 'fastdds' build argument 'cmake_target' from command line to 'None'
[0.221s] Level 5:colcon.colcon_core.verb:set package 'fastdds' build argument 'cmake_target_skip_unavailable' from command line to 'False'
[0.221s] Level 5:colcon.colcon_core.verb:set package 'fastdds' build argument 'cmake_clean_cache' from command line to 'False'
[0.221s] Level 5:colcon.colcon_core.verb:set package 'fastdds' build argument 'cmake_clean_first' from command line to 'False'
[0.221s] Level 5:colcon.colcon_core.verb:set package 'fastdds' build argument 'cmake_force_configure' from command line to 'False'
[0.221s] Level 5:colcon.colcon_core.verb:set package 'fastdds' build argument 'ament_cmake_args' from command line to 'None'
[0.221s] Level 5:colcon.colcon_core.verb:set package 'fastdds' build argument 'catkin_cmake_args' from command line to 'None'
[0.221s] Level 5:colcon.colcon_core.verb:set package 'fastdds' build argument 'catkin_skip_building_tests' from command line to 'False'
[0.221s] DEBUG:colcon.colcon_core.verb:Building package 'fastdds' with the following arguments: {'ament_cmake_args': None, 'build_base': '/home/emmm/Desktop/rm/ROS2/learn/chapter3/fastdds_ws/build/fastdds', 'catkin_cmake_args': None, 'catkin_skip_building_tests': False, 'cmake_args': None, 'cmake_clean_cache': False, 'cmake_clean_first': False, 'cmake_force_configure': False, 'cmake_target': None, 'cmake_target_skip_unavailable': False, 'install_base': '/home/emmm/Desktop/rm/ROS2/learn/chapter3/fastdds_ws/install/fastdds', 'merge_install': False, 'path': '/home/emmm/Desktop/rm/ROS2/learn/chapter3/fastdds_ws/src/fastrtps', 'symlink_install': False, 'test_result_base': None}
[0.221s] WARNING:colcon.colcon_core.verb:No task extension to 'build' a 'gradle' package
[0.221s] INFO:colcon.colcon_core.executor:Executing jobs using 'parallel' executor
[0.222s] DEBUG:colcon.colcon_parallel_executor.executor.parallel:run_until_complete
[0.222s] INFO:colcon.colcon_cmake.task.cmake.build:Building CMake package in '/home/emmm/Desktop/rm/ROS2/learn/chapter3/fastdds_ws/src/fastcdr'
[0.223s] INFO:colcon.colcon_core.plugin_system:Skipping extension 'colcon_core.shell.bat': Not used on non-Windows systems
[0.224s] INFO:colcon.colcon_core.shell:Skip shell extension 'powershell' for command environment: Not usable outside of PowerShell
[0.224s] DEBUG:colcon.colcon_core.shell:Skip shell extension 'dsv' for command environment
[0.226s] INFO:colcon.colcon_ros.task.cmake.build:Building ROS package in '/home/emmm/Desktop/rm/ROS2/learn/chapter3/fastdds_ws/src/foonathan_memory_vendor' with build type 'cmake'
[0.226s] INFO:colcon.colcon_cmake.task.cmake.build:Building CMake package in '/home/emmm/Desktop/rm/ROS2/learn/chapter3/fastdds_ws/src/foonathan_memory_vendor'
[0.226s] INFO:colcon.colcon_core.shell:Skip shell extension 'powershell' for command environment: Not usable outside of PowerShell
[0.226s] DEBUG:colcon.colcon_core.shell:Skip shell extension 'dsv' for command environment
[0.232s] DEBUG:colcon.colcon_core.event_handler.log_command:Invoking command in '/home/emmm/Desktop/rm/ROS2/learn/chapter3/fastdds_ws/build/fastcdr': /usr/bin/cmake --build /home/emmm/Desktop/rm/ROS2/learn/chapter3/fastdds_ws/build/fastcdr -- -j12 -l12
[0.234s] DEBUG:colcon.colcon_core.event_handler.log_command:Invoking command in '/home/emmm/Desktop/rm/ROS2/learn/chapter3/fastdds_ws/build/foonathan_memory_vendor': CMAKE_PREFIX_PATH=/opt/ros/humble /usr/bin/cmake --build /home/emmm/Desktop/rm/ROS2/learn/chapter3/fastdds_ws/build/foonathan_memory_vendor -- -j12 -l12
[0.268s] DEBUG:colcon.colcon_core.event_handler.log_command:Invoked command in '/home/emmm/Desktop/rm/ROS2/learn/chapter3/fastdds_ws/build/foonathan_memory_vendor' returned '0': CMAKE_PREFIX_PATH=/opt/ros/humble /usr/bin/cmake --build /home/emmm/Desktop/rm/ROS2/learn/chapter3/fastdds_ws/build/foonathan_memory_vendor -- -j12 -l12
[0.284s] DEBUG:colcon.colcon_core.event_handler.log_command:Invoking command in '/home/emmm/Desktop/rm/ROS2/learn/chapter3/fastdds_ws/build/foonathan_memory_vendor': CMAKE_PREFIX_PATH=/opt/ros/humble /usr/bin/cmake --install /home/emmm/Desktop/rm/ROS2/learn/chapter3/fastdds_ws/build/foonathan_memory_vendor
[0.292s] DEBUG:colcon.colcon_core.event_handler.log_command:Invoked command in '/home/emmm/Desktop/rm/ROS2/learn/chapter3/fastdds_ws/build/foonathan_memory_vendor' returned '0': CMAKE_PREFIX_PATH=/opt/ros/humble /usr/bin/cmake --install /home/emmm/Desktop/rm/ROS2/learn/chapter3/fastdds_ws/build/foonathan_memory_vendor
[0.292s] Level 1:colcon.colcon_core.shell:create_environment_hook('foonathan_memory_vendor', 'pkg_config_path')
[0.292s] INFO:colcon.colcon_core.shell:Creating environment hook '/home/emmm/Desktop/rm/ROS2/learn/chapter3/fastdds_ws/install/foonathan_memory_vendor/share/foonathan_memory_vendor/hook/pkg_config_path.ps1'
[0.293s] INFO:colcon.colcon_core.shell:Creating environment descriptor '/home/emmm/Desktop/rm/ROS2/learn/chapter3/fastdds_ws/install/foonathan_memory_vendor/share/foonathan_memory_vendor/hook/pkg_config_path.dsv'
[0.293s] INFO:colcon.colcon_core.shell:Creating environment hook '/home/emmm/Desktop/rm/ROS2/learn/chapter3/fastdds_ws/install/foonathan_memory_vendor/share/foonathan_memory_vendor/hook/pkg_config_path.sh'
[0.295s] Level 1:colcon.colcon_core.shell:create_environment_hook('foonathan_memory_vendor', 'pkg_config_path_multiarch')
[0.296s] INFO:colcon.colcon_core.shell:Creating environment hook '/home/emmm/Desktop/rm/ROS2/learn/chapter3/fastdds_ws/install/foonathan_memory_vendor/share/foonathan_memory_vendor/hook/pkg_config_path_multiarch.ps1'
[0.296s] INFO:colcon.colcon_core.shell:Creating environment descriptor '/home/emmm/Desktop/rm/ROS2/learn/chapter3/fastdds_ws/install/foonathan_memory_vendor/share/foonathan_memory_vendor/hook/pkg_config_path_multiarch.dsv'
[0.297s] INFO:colcon.colcon_core.shell:Creating environment hook '/home/emmm/Desktop/rm/ROS2/learn/chapter3/fastdds_ws/install/foonathan_memory_vendor/share/foonathan_memory_vendor/hook/pkg_config_path_multiarch.sh'
[0.297s] Level 1:colcon.colcon_core.environment:create_environment_scripts_only(foonathan_memory_vendor)
[0.301s] Level 1:colcon.colcon_core.environment:checking '/home/emmm/Desktop/rm/ROS2/learn/chapter3/fastdds_ws/install/foonathan_memory_vendor' for CMake module files
[0.302s] Level 1:colcon.colcon_core.environment:checking '/home/emmm/Desktop/rm/ROS2/learn/chapter3/fastdds_ws/install/foonathan_memory_vendor' for CMake config files
[0.302s] Level 1:colcon.colcon_core.shell:create_environment_hook('foonathan_memory_vendor', 'cmake_prefix_path')
[0.302s] INFO:colcon.colcon_core.shell:Creating environment hook '/home/emmm/Desktop/rm/ROS2/learn/chapter3/fastdds_ws/install/foonathan_memory_vendor/share/foonathan_memory_vendor/hook/cmake_prefix_path.ps1'
[0.303s] INFO:colcon.colcon_core.shell:Creating environment descriptor '/home/emmm/Desktop/rm/ROS2/learn/chapter3/fastdds_ws/install/foonathan_memory_vendor/share/foonathan_memory_vendor/hook/cmake_prefix_path.dsv'
[0.304s] INFO:colcon.colcon_core.shell:Creating environment hook '/home/emmm/Desktop/rm/ROS2/learn/chapter3/fastdds_ws/install/foonathan_memory_vendor/share/foonathan_memory_vendor/hook/cmake_prefix_path.sh'
[0.304s] Level 1:colcon.colcon_core.environment:checking '/home/emmm/Desktop/rm/ROS2/learn/chapter3/fastdds_ws/install/foonathan_memory_vendor/bin'
[0.304s] Level 1:colcon.colcon_core.environment:checking '/home/emmm/Desktop/rm/ROS2/learn/chapter3/fastdds_ws/install/foonathan_memory_vendor/lib/pkgconfig/foonathan_memory_vendor.pc'
[0.305s] Level 1:colcon.colcon_core.environment:checking '/home/emmm/Desktop/rm/ROS2/learn/chapter3/fastdds_ws/install/foonathan_memory_vendor/lib/python3.10/site-packages'
[0.305s] Level 1:colcon.colcon_core.environment:checking '/home/emmm/Desktop/rm/ROS2/learn/chapter3/fastdds_ws/install/foonathan_memory_vendor/bin'
[0.306s] INFO:colcon.colcon_core.shell:Creating package script '/home/emmm/Desktop/rm/ROS2/learn/chapter3/fastdds_ws/install/foonathan_memory_vendor/share/foonathan_memory_vendor/package.ps1'
[0.307s] INFO:colcon.colcon_core.shell:Creating package descriptor '/home/emmm/Desktop/rm/ROS2/learn/chapter3/fastdds_ws/install/foonathan_memory_vendor/share/foonathan_memory_vendor/package.dsv'
[0.307s] INFO:colcon.colcon_core.shell:Creating package script '/home/emmm/Desktop/rm/ROS2/learn/chapter3/fastdds_ws/install/foonathan_memory_vendor/share/foonathan_memory_vendor/package.sh'
[0.308s] INFO:colcon.colcon_core.shell:Creating package script '/home/emmm/Desktop/rm/ROS2/learn/chapter3/fastdds_ws/install/foonathan_memory_vendor/share/foonathan_memory_vendor/package.bash'
[0.309s] INFO:colcon.colcon_core.shell:Creating package script '/home/emmm/Desktop/rm/ROS2/learn/chapter3/fastdds_ws/install/foonathan_memory_vendor/share/foonathan_memory_vendor/package.zsh'
[0.309s] Level 1:colcon.colcon_core.environment:create_file_with_runtime_dependencies(/home/emmm/Desktop/rm/ROS2/learn/chapter3/fastdds_ws/install/foonathan_memory_vendor/share/colcon-core/packages/foonathan_memory_vendor)
[0.311s] DEBUG:colcon.colcon_core.event_handler.log_command:Invoked command in '/home/emmm/Desktop/rm/ROS2/learn/chapter3/fastdds_ws/build/fastcdr' returned '0': /usr/bin/cmake --build /home/emmm/Desktop/rm/ROS2/learn/chapter3/fastdds_ws/build/fastcdr -- -j12 -l12
[0.314s] DEBUG:colcon.colcon_core.event_handler.log_command:Invoking command in '/home/emmm/Desktop/rm/ROS2/learn/chapter3/fastdds_ws/build/fastcdr': /usr/bin/cmake --install /home/emmm/Desktop/rm/ROS2/learn/chapter3/fastdds_ws/build/fastcdr
[0.326s] Level 1:colcon.colcon_core.environment:create_environment_scripts_only(fastcdr)
[0.327s] Level 1:colcon.colcon_core.environment:checking '/home/emmm/Desktop/rm/ROS2/learn/chapter3/fastdds_ws/install/fastcdr' for CMake module files
[0.327s] DEBUG:colcon.colcon_core.event_handler.log_command:Invoked command in '/home/emmm/Desktop/rm/ROS2/learn/chapter3/fastdds_ws/build/fastcdr' returned '0': /usr/bin/cmake --install /home/emmm/Desktop/rm/ROS2/learn/chapter3/fastdds_ws/build/fastcdr
[0.327s] Level 1:colcon.colcon_core.environment:checking '/home/emmm/Desktop/rm/ROS2/learn/chapter3/fastdds_ws/install/fastcdr' for CMake config files
[0.328s] Level 1:colcon.colcon_core.shell:create_environment_hook('fastcdr', 'cmake_prefix_path')
[0.328s] INFO:colcon.colcon_core.shell:Creating environment hook '/home/emmm/Desktop/rm/ROS2/learn/chapter3/fastdds_ws/install/fastcdr/share/fastcdr/hook/cmake_prefix_path.ps1'
[0.328s] INFO:colcon.colcon_core.shell:Creating environment descriptor '/home/emmm/Desktop/rm/ROS2/learn/chapter3/fastdds_ws/install/fastcdr/share/fastcdr/hook/cmake_prefix_path.dsv'
[0.329s] INFO:colcon.colcon_core.shell:Creating environment hook '/home/emmm/Desktop/rm/ROS2/learn/chapter3/fastdds_ws/install/fastcdr/share/fastcdr/hook/cmake_prefix_path.sh'
[0.329s] Level 1:colcon.colcon_core.environment:checking '/home/emmm/Desktop/rm/ROS2/learn/chapter3/fastdds_ws/install/fastcdr/lib'
[0.329s] Level 1:colcon.colcon_core.shell:create_environment_hook('fastcdr', 'ld_library_path_lib')
[0.329s] INFO:colcon.colcon_core.shell:Creating environment hook '/home/emmm/Desktop/rm/ROS2/learn/chapter3/fastdds_ws/install/fastcdr/share/fastcdr/hook/ld_library_path_lib.ps1'
[0.330s] INFO:colcon.colcon_core.shell:Creating environment descriptor '/home/emmm/Desktop/rm/ROS2/learn/chapter3/fastdds_ws/install/fastcdr/share/fastcdr/hook/ld_library_path_lib.dsv'
[0.330s] INFO:colcon.colcon_core.shell:Creating environment hook '/home/emmm/Desktop/rm/ROS2/learn/chapter3/fastdds_ws/install/fastcdr/share/fastcdr/hook/ld_library_path_lib.sh'
[0.330s] Level 1:colcon.colcon_core.environment:checking '/home/emmm/Desktop/rm/ROS2/learn/chapter3/fastdds_ws/install/fastcdr/bin'
[0.330s] Level 1:colcon.colcon_core.environment:checking '/home/emmm/Desktop/rm/ROS2/learn/chapter3/fastdds_ws/install/fastcdr/lib/pkgconfig/fastcdr.pc'
[0.331s] Level 1:colcon.colcon_core.environment:checking '/home/emmm/Desktop/rm/ROS2/learn/chapter3/fastdds_ws/install/fastcdr/lib/python3.10/site-packages'
[0.331s] Level 1:colcon.colcon_core.environment:checking '/home/emmm/Desktop/rm/ROS2/learn/chapter3/fastdds_ws/install/fastcdr/bin'
[0.331s] INFO:colcon.colcon_core.shell:Creating package script '/home/emmm/Desktop/rm/ROS2/learn/chapter3/fastdds_ws/install/fastcdr/share/fastcdr/package.ps1'
[0.331s] INFO:colcon.colcon_core.shell:Creating package descriptor '/home/emmm/Desktop/rm/ROS2/learn/chapter3/fastdds_ws/install/fastcdr/share/fastcdr/package.dsv'
[0.332s] INFO:colcon.colcon_core.shell:Creating package script '/home/emmm/Desktop/rm/ROS2/learn/chapter3/fastdds_ws/install/fastcdr/share/fastcdr/package.sh'
[0.332s] INFO:colcon.colcon_core.shell:Creating package script '/home/emmm/Desktop/rm/ROS2/learn/chapter3/fastdds_ws/install/fastcdr/share/fastcdr/package.bash'
[0.332s] INFO:colcon.colcon_core.shell:Creating package script '/home/emmm/Desktop/rm/ROS2/learn/chapter3/fastdds_ws/install/fastcdr/share/fastcdr/package.zsh'
[0.332s] Level 1:colcon.colcon_core.environment:create_file_with_runtime_dependencies(/home/emmm/Desktop/rm/ROS2/learn/chapter3/fastdds_ws/install/fastcdr/share/colcon-core/packages/fastcdr)
[0.333s] INFO:colcon.colcon_cmake.task.cmake.build:Building CMake package in '/home/emmm/Desktop/rm/ROS2/learn/chapter3/fastdds_ws/dds_tutorial/examples/01-hellofishros'
[0.333s] INFO:colcon.colcon_core.shell:Skip shell extension 'powershell' for command environment: Not usable outside of PowerShell
[0.333s] DEBUG:colcon.colcon_core.shell:Skip shell extension 'dsv' for command environment
[0.335s] INFO:colcon.colcon_cmake.task.cmake.build:Building CMake package in '/home/emmm/Desktop/rm/ROS2/learn/chapter3/fastdds_ws/src/fastrtps'
[0.335s] INFO:colcon.colcon_core.shell:Skip shell extension 'powershell' for command environment: Not usable outside of PowerShell
[0.336s] DEBUG:colcon.colcon_core.shell:Skip shell extension 'dsv' for command environment
[0.345s] DEBUG:colcon.colcon_core.event_handler.log_command:Invoking command in '/home/emmm/Desktop/rm/ROS2/learn/chapter3/fastdds_ws/build/DDSHelloFishRos': CMAKE_PREFIX_PATH=/home/emmm/Desktop/rm/ROS2/learn/chapter3/fastdds_ws/install/fastcdr LD_LIBRARY_PATH=/home/emmm/Desktop/rm/ROS2/learn/chapter3/fastdds_ws/install/fastcdr/lib:${LD_LIBRARY_PATH} /usr/bin/cmake --build /home/emmm/Desktop/rm/ROS2/learn/chapter3/fastdds_ws/build/DDSHelloFishRos -- -j12 -l12
[0.349s] DEBUG:colcon.colcon_core.event_handler.log_command:Invoking command in '/home/emmm/Desktop/rm/ROS2/learn/chapter3/fastdds_ws/build/fastdds': CMAKE_PREFIX_PATH=/home/emmm/Desktop/rm/ROS2/learn/chapter3/fastdds_ws/install/foonathan_memory_vendor:/home/emmm/Desktop/rm/ROS2/learn/chapter3/fastdds_ws/install/fastcdr LD_LIBRARY_PATH=/home/emmm/Desktop/rm/ROS2/learn/chapter3/fastdds_ws/install/fastcdr/lib:${LD_LIBRARY_PATH} PKG_CONFIG_PATH=/home/emmm/Desktop/rm/ROS2/learn/chapter3/fastdds_ws/install/foonathan_memory_vendor/lib/x86_64-linux-gnu/pkgconfig:/home/emmm/Desktop/rm/ROS2/learn/chapter3/fastdds_ws/install/foonathan_memory_vendor/lib/pkgconfig /usr/bin/cmake --build /home/emmm/Desktop/rm/ROS2/learn/chapter3/fastdds_ws/build/fastdds -- -j12 -l12
[0.596s] DEBUG:colcon.colcon_core.event_handler.log_command:Invoked command in '/home/emmm/Desktop/rm/ROS2/learn/chapter3/fastdds_ws/build/fastdds' returned '0': CMAKE_PREFIX_PATH=/home/emmm/Desktop/rm/ROS2/learn/chapter3/fastdds_ws/install/foonathan_memory_vendor:/home/emmm/Desktop/rm/ROS2/learn/chapter3/fastdds_ws/install/fastcdr LD_LIBRARY_PATH=/home/emmm/Desktop/rm/ROS2/learn/chapter3/fastdds_ws/install/fastcdr/lib:${LD_LIBRARY_PATH} PKG_CONFIG_PATH=/home/emmm/Desktop/rm/ROS2/learn/chapter3/fastdds_ws/install/foonathan_memory_vendor/lib/x86_64-linux-gnu/pkgconfig:/home/emmm/Desktop/rm/ROS2/learn/chapter3/fastdds_ws/install/foonathan_memory_vendor/lib/pkgconfig /usr/bin/cmake --build /home/emmm/Desktop/rm/ROS2/learn/chapter3/fastdds_ws/build/fastdds -- -j12 -l12
[0.598s] DEBUG:colcon.colcon_core.event_handler.log_command:Invoking command in '/home/emmm/Desktop/rm/ROS2/learn/chapter3/fastdds_ws/build/fastdds': CMAKE_PREFIX_PATH=/home/emmm/Desktop/rm/ROS2/learn/chapter3/fastdds_ws/install/foonathan_memory_vendor:/home/emmm/Desktop/rm/ROS2/learn/chapter3/fastdds_ws/install/fastcdr LD_LIBRARY_PATH=/home/emmm/Desktop/rm/ROS2/learn/chapter3/fastdds_ws/install/fastcdr/lib:${LD_LIBRARY_PATH} PKG_CONFIG_PATH=/home/emmm/Desktop/rm/ROS2/learn/chapter3/fastdds_ws/install/foonathan_memory_vendor/lib/x86_64-linux-gnu/pkgconfig:/home/emmm/Desktop/rm/ROS2/learn/chapter3/fastdds_ws/install/foonathan_memory_vendor/lib/pkgconfig /usr/bin/cmake --install /home/emmm/Desktop/rm/ROS2/learn/chapter3/fastdds_ws/build/fastdds
[0.620s] Level 1:colcon.colcon_core.environment:create_environment_scripts_only(fastdds)
[0.621s] Level 1:colcon.colcon_core.environment:checking '/home/emmm/Desktop/rm/ROS2/learn/chapter3/fastdds_ws/install/fastdds' for CMake module files
[0.626s] Level 1:colcon.colcon_core.environment:checking '/home/emmm/Desktop/rm/ROS2/learn/chapter3/fastdds_ws/install/fastdds' for CMake config files
[0.637s] DEBUG:colcon.colcon_core.event_handler.log_command:Invoked command in '/home/emmm/Desktop/rm/ROS2/learn/chapter3/fastdds_ws/build/fastdds' returned '0': CMAKE_PREFIX_PATH=/home/emmm/Desktop/rm/ROS2/learn/chapter3/fastdds_ws/install/foonathan_memory_vendor:/home/emmm/Desktop/rm/ROS2/learn/chapter3/fastdds_ws/install/fastcdr LD_LIBRARY_PATH=/home/emmm/Desktop/rm/ROS2/learn/chapter3/fastdds_ws/install/fastcdr/lib:${LD_LIBRARY_PATH} PKG_CONFIG_PATH=/home/emmm/Desktop/rm/ROS2/learn/chapter3/fastdds_ws/install/foonathan_memory_vendor/lib/x86_64-linux-gnu/pkgconfig:/home/emmm/Desktop/rm/ROS2/learn/chapter3/fastdds_ws/install/foonathan_memory_vendor/lib/pkgconfig /usr/bin/cmake --install /home/emmm/Desktop/rm/ROS2/learn/chapter3/fastdds_ws/build/fastdds
[0.638s] Level 1:colcon.colcon_core.shell:create_environment_hook('fastdds', 'cmake_prefix_path')
[0.638s] INFO:colcon.colcon_core.shell:Creating environment hook '/home/emmm/Desktop/rm/ROS2/learn/chapter3/fastdds_ws/install/fastdds/share/fastdds/hook/cmake_prefix_path.ps1'
[0.639s] INFO:colcon.colcon_core.shell:Creating environment descriptor '/home/emmm/Desktop/rm/ROS2/learn/chapter3/fastdds_ws/install/fastdds/share/fastdds/hook/cmake_prefix_path.dsv'
[0.639s] INFO:colcon.colcon_core.shell:Creating environment hook '/home/emmm/Desktop/rm/ROS2/learn/chapter3/fastdds_ws/install/fastdds/share/fastdds/hook/cmake_prefix_path.sh'
[0.640s] Level 1:colcon.colcon_core.environment:checking '/home/emmm/Desktop/rm/ROS2/learn/chapter3/fastdds_ws/install/fastdds/lib'
[0.640s] Level 1:colcon.colcon_core.shell:create_environment_hook('fastdds', 'ld_library_path_lib')
[0.640s] INFO:colcon.colcon_core.shell:Creating environment hook '/home/emmm/Desktop/rm/ROS2/learn/chapter3/fastdds_ws/install/fastdds/share/fastdds/hook/ld_library_path_lib.ps1'
[0.641s] INFO:colcon.colcon_core.shell:Creating environment descriptor '/home/emmm/Desktop/rm/ROS2/learn/chapter3/fastdds_ws/install/fastdds/share/fastdds/hook/ld_library_path_lib.dsv'
[0.641s] INFO:colcon.colcon_core.shell:Creating environment hook '/home/emmm/Desktop/rm/ROS2/learn/chapter3/fastdds_ws/install/fastdds/share/fastdds/hook/ld_library_path_lib.sh'
[0.642s] Level 1:colcon.colcon_core.environment:checking '/home/emmm/Desktop/rm/ROS2/learn/chapter3/fastdds_ws/install/fastdds/bin'
[0.642s] Level 1:colcon.colcon_core.shell:create_environment_hook('fastdds', 'path')
[0.642s] INFO:colcon.colcon_core.shell:Creating environment hook '/home/emmm/Desktop/rm/ROS2/learn/chapter3/fastdds_ws/install/fastdds/share/fastdds/hook/path.ps1'
[0.642s] INFO:colcon.colcon_core.shell:Creating environment descriptor '/home/emmm/Desktop/rm/ROS2/learn/chapter3/fastdds_ws/install/fastdds/share/fastdds/hook/path.dsv'
[0.643s] INFO:colcon.colcon_core.shell:Creating environment hook '/home/emmm/Desktop/rm/ROS2/learn/chapter3/fastdds_ws/install/fastdds/share/fastdds/hook/path.sh'
[0.643s] Level 1:colcon.colcon_core.environment:checking '/home/emmm/Desktop/rm/ROS2/learn/chapter3/fastdds_ws/install/fastdds/lib/pkgconfig/fastdds.pc'
[0.644s] Level 1:colcon.colcon_core.environment:checking '/home/emmm/Desktop/rm/ROS2/learn/chapter3/fastdds_ws/install/fastdds/lib/python3.10/site-packages'
[0.644s] Level 1:colcon.colcon_core.environment:checking '/home/emmm/Desktop/rm/ROS2/learn/chapter3/fastdds_ws/install/fastdds/bin'
[0.644s] Level 1:colcon.colcon_core.shell:create_environment_hook('fastdds', 'pythonscriptspath')
[0.644s] INFO:colcon.colcon_core.shell:Creating environment hook '/home/emmm/Desktop/rm/ROS2/learn/chapter3/fastdds_ws/install/fastdds/share/fastdds/hook/pythonscriptspath.ps1'
[0.645s] INFO:colcon.colcon_core.shell:Creating environment descriptor '/home/emmm/Desktop/rm/ROS2/learn/chapter3/fastdds_ws/install/fastdds/share/fastdds/hook/pythonscriptspath.dsv'
[0.645s] INFO:colcon.colcon_core.shell:Creating environment hook '/home/emmm/Desktop/rm/ROS2/learn/chapter3/fastdds_ws/install/fastdds/share/fastdds/hook/pythonscriptspath.sh'
[0.646s] INFO:colcon.colcon_core.shell:Creating package script '/home/emmm/Desktop/rm/ROS2/learn/chapter3/fastdds_ws/install/fastdds/share/fastdds/package.ps1'
[0.647s] INFO:colcon.colcon_core.shell:Creating package descriptor '/home/emmm/Desktop/rm/ROS2/learn/chapter3/fastdds_ws/install/fastdds/share/fastdds/package.dsv'
[0.648s] INFO:colcon.colcon_core.shell:Creating package script '/home/emmm/Desktop/rm/ROS2/learn/chapter3/fastdds_ws/install/fastdds/share/fastdds/package.sh'
[0.648s] INFO:colcon.colcon_core.shell:Creating package script '/home/emmm/Desktop/rm/ROS2/learn/chapter3/fastdds_ws/install/fastdds/share/fastdds/package.bash'
[0.649s] INFO:colcon.colcon_core.shell:Creating package script '/home/emmm/Desktop/rm/ROS2/learn/chapter3/fastdds_ws/install/fastdds/share/fastdds/package.zsh'
[0.649s] Level 1:colcon.colcon_core.environment:create_file_with_runtime_dependencies(/home/emmm/Desktop/rm/ROS2/learn/chapter3/fastdds_ws/install/fastdds/share/colcon-core/packages/fastdds)
[1.213s] DEBUG:colcon.colcon_core.event_handler.log_command:Invoked command in '/home/emmm/Desktop/rm/ROS2/learn/chapter3/fastdds_ws/build/DDSHelloFishRos' returned '2': CMAKE_PREFIX_PATH=/home/emmm/Desktop/rm/ROS2/learn/chapter3/fastdds_ws/install/fastcdr LD_LIBRARY_PATH=/home/emmm/Desktop/rm/ROS2/learn/chapter3/fastdds_ws/install/fastcdr/lib:${LD_LIBRARY_PATH} /usr/bin/cmake --build /home/emmm/Desktop/rm/ROS2/learn/chapter3/fastdds_ws/build/DDSHelloFishRos -- -j12 -l12
[1.222s] DEBUG:colcon.colcon_parallel_executor.executor.parallel:closing loop
[1.223s] DEBUG:colcon.colcon_parallel_executor.executor.parallel:loop closed
[1.223s] DEBUG:colcon.colcon_parallel_executor.executor.parallel:run_until_complete finished with '2'
[1.223s] DEBUG:colcon.colcon_core.event_reactor:joining thread
[1.228s] INFO:colcon.colcon_core.plugin_system:Skipping extension 'colcon_notification.desktop_notification.terminal_notifier': Not used on non-Darwin systems
[1.228s] INFO:colcon.colcon_core.plugin_system:Skipping extension 'colcon_notification.desktop_notification.win32': Not used on non-Windows systems
[1.228s] INFO:colcon.colcon_notification.desktop_notification:Sending desktop notification using 'notify2'
[1.242s] DEBUG:colcon.colcon_core.event_reactor:joined thread
[1.243s] INFO:colcon.colcon_core.shell:Creating prefix script '/home/emmm/Desktop/rm/ROS2/learn/chapter3/fastdds_ws/install/local_setup.ps1'
[1.244s] INFO:colcon.colcon_core.shell:Creating prefix util module '/home/emmm/Desktop/rm/ROS2/learn/chapter3/fastdds_ws/install/_local_setup_util_ps1.py'
[1.246s] INFO:colcon.colcon_core.shell:Creating prefix chain script '/home/emmm/Desktop/rm/ROS2/learn/chapter3/fastdds_ws/install/setup.ps1'
[1.248s] INFO:colcon.colcon_core.shell:Creating prefix script '/home/emmm/Desktop/rm/ROS2/learn/chapter3/fastdds_ws/install/local_setup.sh'
[1.249s] INFO:colcon.colcon_core.shell:Creating prefix util module '/home/emmm/Desktop/rm/ROS2/learn/chapter3/fastdds_ws/install/_local_setup_util_sh.py'
[1.250s] INFO:colcon.colcon_core.shell:Creating prefix chain script '/home/emmm/Desktop/rm/ROS2/learn/chapter3/fastdds_ws/install/setup.sh'
[1.251s] INFO:colcon.colcon_core.shell:Creating prefix script '/home/emmm/Desktop/rm/ROS2/learn/chapter3/fastdds_ws/install/local_setup.bash'
[1.251s] INFO:colcon.colcon_core.shell:Creating prefix chain script '/home/emmm/Desktop/rm/ROS2/learn/chapter3/fastdds_ws/install/setup.bash'
[1.252s] INFO:colcon.colcon_core.shell:Creating prefix script '/home/emmm/Desktop/rm/ROS2/learn/chapter3/fastdds_ws/install/local_setup.zsh'
[1.253s] INFO:colcon.colcon_core.shell:Creating prefix chain script '/home/emmm/Desktop/rm/ROS2/learn/chapter3/fastdds_ws/install/setup.zsh'
