[0.010s] Invoking command in '/home/emmm/Desktop/rm/ROS2/learn/chapter3/topic_ws/build/example_topic': CMAKE_PREFIX_PATH=${CMAKE_PREFIX_PATH}:/opt/ros/humble /usr/bin/cmake --build /home/emmm/Desktop/rm/ROS2/learn/chapter3/topic_ws/build/example_topic -- -j12 -l12
[0.033s] -- Found ament_cmake: 1.3.12 (/opt/ros/humble/share/ament_cmake/cmake)
[0.160s] -- Found rclcpp: 16.0.17 (/opt/ros/humble/share/rclcpp/cmake)
[0.178s] -- Found rosidl_generator_c: 3.1.8 (/opt/ros/humble/share/rosidl_generator_c/cmake)
[0.180s] -- Found rosidl_adapter: 3.1.8 (/opt/ros/humble/share/rosidl_adapter/cmake)
[0.184s] -- Found rosidl_generator_cpp: 3.1.8 (/opt/ros/humble/share/rosidl_generator_cpp/cmake)
[0.190s] -- Using all available rosidl_typesupport_c: rosidl_typesupport_fastrtps_c;rosidl_typesupport_introspection_c
[0.203s] -- Using all available rosidl_typesupport_cpp: rosidl_typesupport_fastrtps_cpp;rosidl_typesupport_introspection_cpp
[0.227s] -- Found rmw_implementation_cmake: 6.1.2 (/opt/ros/humble/share/rmw_implementation_cmake/cmake)
[0.227s] -- Found rmw_fastrtps_cpp: 6.2.9 (/opt/ros/humble/share/rmw_fastrtps_cpp/cmake)
[0.304s] -- Using RMW implementation 'rmw_fastrtps_cpp' as default
[0.339s] -- Found ament_lint_auto: 0.12.14 (/opt/ros/humble/share/ament_lint_auto/cmake)
[0.387s] -- Added test 'cppcheck' to perform static code analysis on C / C++ code
[0.387s] -- Configured cppcheck include dirs: 
[0.387s] -- Configured cppcheck exclude dirs and/or files: 
[0.387s] -- Added test 'lint_cmake' to check CMake code style
[0.388s] -- Added test 'uncrustify' to check C / C++ code style
[0.388s] -- Configured uncrustify additional arguments: 
[0.388s] -- Added test 'xmllint' to check XML markup files
[0.388s] -- Configuring done
[0.398s] -- Generating done
[0.403s] -- Build files have been written to: /home/emmm/Desktop/rm/ROS2/learn/chapter3/topic_ws/build/example_topic
[0.429s] [35m[1mConsolidate compiler generated dependencies of target topic_subscribe[0m
[0.432s] [35m[1mConsolidate compiler generated dependencies of target topic_publisher[0m
[0.439s] [ 12%] [32mBuilding CXX object CMakeFiles/one_message_publisher.dir/src/one_message_publisher.cpp.o[0m
[0.440s] [ 25%] [32mBuilding CXX object CMakeFiles/one_message_subscribe.dir/src/one_message_subscribe.cpp.o[0m
[0.441s] [ 50%] Built target topic_subscribe
[0.452s] [ 75%] Built target topic_publisher
[2.262s] [ 87%] [32m[1mLinking CXX executable one_message_subscribe[0m
[2.347s] [ 87%] Built target one_message_subscribe
[3.207s] [100%] [32m[1mLinking CXX executable one_message_publisher[0m
[3.350s] [100%] Built target one_message_publisher
[3.364s] Invoked command in '/home/emmm/Desktop/rm/ROS2/learn/chapter3/topic_ws/build/example_topic' returned '0': CMAKE_PREFIX_PATH=${CMAKE_PREFIX_PATH}:/opt/ros/humble /usr/bin/cmake --build /home/emmm/Desktop/rm/ROS2/learn/chapter3/topic_ws/build/example_topic -- -j12 -l12
[3.371s] Invoking command in '/home/emmm/Desktop/rm/ROS2/learn/chapter3/topic_ws/build/example_topic': CMAKE_PREFIX_PATH=${CMAKE_PREFIX_PATH}:/opt/ros/humble /usr/bin/cmake --install /home/emmm/Desktop/rm/ROS2/learn/chapter3/topic_ws/build/example_topic
[3.379s] -- Install configuration: ""
[3.379s] -- Up-to-date: /home/emmm/Desktop/rm/ROS2/learn/chapter3/topic_ws/install/example_topic/lib/example_topic/topic_publisher
[3.379s] -- Up-to-date: /home/emmm/Desktop/rm/ROS2/learn/chapter3/topic_ws/install/example_topic/lib/example_topic/topic_subscribe
[3.380s] -- Installing: /home/emmm/Desktop/rm/ROS2/learn/chapter3/topic_ws/install/example_topic/lib/example_topic/one_message_publisher
[3.381s] -- Set runtime path of "/home/emmm/Desktop/rm/ROS2/learn/chapter3/topic_ws/install/example_topic/lib/example_topic/one_message_publisher" to ""
[3.381s] -- Installing: /home/emmm/Desktop/rm/ROS2/learn/chapter3/topic_ws/install/example_topic/lib/example_topic/one_message_subscribe
[3.382s] -- Set runtime path of "/home/emmm/Desktop/rm/ROS2/learn/chapter3/topic_ws/install/example_topic/lib/example_topic/one_message_subscribe" to ""
[3.382s] -- Up-to-date: /home/emmm/Desktop/rm/ROS2/learn/chapter3/topic_ws/install/example_topic/share/ament_index/resource_index/package_run_dependencies/example_topic
[3.382s] -- Up-to-date: /home/emmm/Desktop/rm/ROS2/learn/chapter3/topic_ws/install/example_topic/share/ament_index/resource_index/parent_prefix_path/example_topic
[3.382s] -- Up-to-date: /home/emmm/Desktop/rm/ROS2/learn/chapter3/topic_ws/install/example_topic/share/example_topic/environment/ament_prefix_path.sh
[3.382s] -- Installing: /home/emmm/Desktop/rm/ROS2/learn/chapter3/topic_ws/install/example_topic/share/example_topic/environment/ament_prefix_path.dsv
[3.382s] -- Up-to-date: /home/emmm/Desktop/rm/ROS2/learn/chapter3/topic_ws/install/example_topic/share/example_topic/environment/path.sh
[3.382s] -- Installing: /home/emmm/Desktop/rm/ROS2/learn/chapter3/topic_ws/install/example_topic/share/example_topic/environment/path.dsv
[3.382s] -- Up-to-date: /home/emmm/Desktop/rm/ROS2/learn/chapter3/topic_ws/install/example_topic/share/example_topic/local_setup.bash
[3.383s] -- Up-to-date: /home/emmm/Desktop/rm/ROS2/learn/chapter3/topic_ws/install/example_topic/share/example_topic/local_setup.sh
[3.383s] -- Up-to-date: /home/emmm/Desktop/rm/ROS2/learn/chapter3/topic_ws/install/example_topic/share/example_topic/local_setup.zsh
[3.383s] -- Installing: /home/emmm/Desktop/rm/ROS2/learn/chapter3/topic_ws/install/example_topic/share/example_topic/local_setup.dsv
[3.383s] -- Installing: /home/emmm/Desktop/rm/ROS2/learn/chapter3/topic_ws/install/example_topic/share/example_topic/package.dsv
[3.383s] -- Up-to-date: /home/emmm/Desktop/rm/ROS2/learn/chapter3/topic_ws/install/example_topic/share/ament_index/resource_index/packages/example_topic
[3.383s] -- Up-to-date: /home/emmm/Desktop/rm/ROS2/learn/chapter3/topic_ws/install/example_topic/share/example_topic/cmake/example_topicConfig.cmake
[3.383s] -- Up-to-date: /home/emmm/Desktop/rm/ROS2/learn/chapter3/topic_ws/install/example_topic/share/example_topic/cmake/example_topicConfig-version.cmake
[3.383s] -- Up-to-date: /home/emmm/Desktop/rm/ROS2/learn/chapter3/topic_ws/install/example_topic/share/example_topic/package.xml
[3.385s] Invoked command in '/home/emmm/Desktop/rm/ROS2/learn/chapter3/topic_ws/build/example_topic' returned '0': CMAKE_PREFIX_PATH=${CMAKE_PREFIX_PATH}:/opt/ros/humble /usr/bin/cmake --install /home/emmm/Desktop/rm/ROS2/learn/chapter3/topic_ws/build/example_topic
