[0.064s] DEBUG:colcon:Command line arguments: ['/usr/bin/colcon', 'build']
[0.064s] DEBUG:colcon:Parsed command line arguments: Namespace(log_base=None, log_level=None, verb_name='build', build_base='build', install_base='install', merge_install=False, symlink_install=False, test_result_base=None, continue_on_error=False, executor='parallel', parallel_workers=12, event_handlers=None, ignore_user_meta=False, metas=['./colcon.meta'], base_paths=['.'], packages_ignore=None, packages_ignore_regex=None, paths=None, packages_up_to=None, packages_up_to_regex=None, packages_above=None, packages_above_and_dependencies=None, packages_above_depth=None, packages_select_by_dep=None, packages_skip_by_dep=None, packages_skip_up_to=None, packages_select_build_failed=False, packages_skip_build_finished=False, packages_select_test_failures=False, packages_skip_test_passed=False, packages_select=None, packages_skip=None, packages_select_regex=None, packages_skip_regex=None, packages_start=None, packages_end=None, allow_overriding=[], cmake_args=None, cmake_target=None, cmake_target_skip_unavailable=False, cmake_clean_cache=False, cmake_clean_first=False, cmake_force_configure=False, ament_cmake_args=None, catkin_cmake_args=None, catkin_skip_building_tests=False, verb_parser=<colcon_defaults.argument_parser.defaults.DefaultArgumentsDecorator object at 0x7ca0f0c1c310>, verb_extension=<colcon_core.verb.build.BuildVerb object at 0x7ca0f0dcdb70>, main=<bound method BuildVerb.main of <colcon_core.verb.build.BuildVerb object at 0x7ca0f0dcdb70>>)
[0.162s] Level 1:colcon.colcon_core.package_discovery:discover_packages(colcon_meta) check parameters
[0.162s] Level 1:colcon.colcon_core.package_discovery:discover_packages(recursive) check parameters
[0.162s] Level 1:colcon.colcon_core.package_discovery:discover_packages(ignore) check parameters
[0.162s] Level 1:colcon.colcon_core.package_discovery:discover_packages(path) check parameters
[0.162s] Level 1:colcon.colcon_core.package_discovery:discover_packages(colcon_meta) discover
[0.162s] Level 1:colcon.colcon_core.package_discovery:discover_packages(recursive) discover
[0.162s] INFO:colcon.colcon_core.package_discovery:Crawling recursively for packages in '/home/emmm/Desktop/rm/ROS2/learn/chapter3/fastdds_ws'
[0.162s] Level 1:colcon.colcon_core.package_identification:_identify(.) by extensions ['ignore', 'ignore_ament_install']
[0.162s] Level 1:colcon.colcon_core.package_identification:_identify(.) by extension 'ignore'
[0.162s] Level 1:colcon.colcon_core.package_identification:_identify(.) by extension 'ignore_ament_install'
[0.162s] Level 1:colcon.colcon_core.package_identification:_identify(.) by extensions ['colcon_pkg']
[0.162s] Level 1:colcon.colcon_core.package_identification:_identify(.) by extension 'colcon_pkg'
[0.162s] Level 1:colcon.colcon_core.package_identification:_identify(.) by extensions ['colcon_meta']
[0.162s] Level 1:colcon.colcon_core.package_identification:_identify(.) by extension 'colcon_meta'
[0.162s] Level 1:colcon.colcon_core.package_identification:_identify(.) by extensions ['ros']
[0.162s] Level 1:colcon.colcon_core.package_identification:_identify(.) by extension 'ros'
[0.170s] Level 1:colcon.colcon_core.package_identification:_identify(.) by extensions ['cmake', 'python']
[0.170s] Level 1:colcon.colcon_core.package_identification:_identify(.) by extension 'cmake'
[0.170s] Level 1:colcon.colcon_core.package_identification:_identify(.) by extension 'python'
[0.170s] Level 1:colcon.colcon_core.package_identification:_identify(.) by extensions ['python_setup_py']
[0.170s] Level 1:colcon.colcon_core.package_identification:_identify(.) by extension 'python_setup_py'
[0.170s] Level 1:colcon.colcon_core.package_identification:_identify(build) by extensions ['ignore', 'ignore_ament_install']
[0.170s] Level 1:colcon.colcon_core.package_identification:_identify(build) by extension 'ignore'
[0.170s] Level 1:colcon.colcon_core.package_identification:_identify(build) ignored
[0.170s] Level 1:colcon.colcon_core.package_identification:_identify(gradle-6.4) by extensions ['ignore', 'ignore_ament_install']
[0.170s] Level 1:colcon.colcon_core.package_identification:_identify(gradle-6.4) by extension 'ignore'
[0.170s] Level 1:colcon.colcon_core.package_identification:_identify(gradle-6.4) by extension 'ignore_ament_install'
[0.170s] Level 1:colcon.colcon_core.package_identification:_identify(gradle-6.4) by extensions ['colcon_pkg']
[0.171s] Level 1:colcon.colcon_core.package_identification:_identify(gradle-6.4) by extension 'colcon_pkg'
[0.171s] Level 1:colcon.colcon_core.package_identification:_identify(gradle-6.4) by extensions ['colcon_meta']
[0.171s] Level 1:colcon.colcon_core.package_identification:_identify(gradle-6.4) by extension 'colcon_meta'
[0.171s] Level 1:colcon.colcon_core.package_identification:_identify(gradle-6.4) by extensions ['ros']
[0.171s] Level 1:colcon.colcon_core.package_identification:_identify(gradle-6.4) by extension 'ros'
[0.171s] Level 1:colcon.colcon_core.package_identification:_identify(gradle-6.4) by extensions ['cmake', 'python']
[0.171s] Level 1:colcon.colcon_core.package_identification:_identify(gradle-6.4) by extension 'cmake'
[0.171s] Level 1:colcon.colcon_core.package_identification:_identify(gradle-6.4) by extension 'python'
[0.171s] Level 1:colcon.colcon_core.package_identification:_identify(gradle-6.4) by extensions ['python_setup_py']
[0.171s] Level 1:colcon.colcon_core.package_identification:_identify(gradle-6.4) by extension 'python_setup_py'
[0.171s] Level 1:colcon.colcon_core.package_identification:_identify(gradle-6.4/bin) by extensions ['ignore', 'ignore_ament_install']
[0.171s] Level 1:colcon.colcon_core.package_identification:_identify(gradle-6.4/bin) by extension 'ignore'
[0.171s] Level 1:colcon.colcon_core.package_identification:_identify(gradle-6.4/bin) by extension 'ignore_ament_install'
[0.171s] Level 1:colcon.colcon_core.package_identification:_identify(gradle-6.4/bin) by extensions ['colcon_pkg']
[0.171s] Level 1:colcon.colcon_core.package_identification:_identify(gradle-6.4/bin) by extension 'colcon_pkg'
[0.171s] Level 1:colcon.colcon_core.package_identification:_identify(gradle-6.4/bin) by extensions ['colcon_meta']
[0.171s] Level 1:colcon.colcon_core.package_identification:_identify(gradle-6.4/bin) by extension 'colcon_meta'
[0.171s] Level 1:colcon.colcon_core.package_identification:_identify(gradle-6.4/bin) by extensions ['ros']
[0.171s] Level 1:colcon.colcon_core.package_identification:_identify(gradle-6.4/bin) by extension 'ros'
[0.171s] Level 1:colcon.colcon_core.package_identification:_identify(gradle-6.4/bin) by extensions ['cmake', 'python']
[0.171s] Level 1:colcon.colcon_core.package_identification:_identify(gradle-6.4/bin) by extension 'cmake'
[0.171s] Level 1:colcon.colcon_core.package_identification:_identify(gradle-6.4/bin) by extension 'python'
[0.171s] Level 1:colcon.colcon_core.package_identification:_identify(gradle-6.4/bin) by extensions ['python_setup_py']
[0.171s] Level 1:colcon.colcon_core.package_identification:_identify(gradle-6.4/bin) by extension 'python_setup_py'
[0.171s] Level 1:colcon.colcon_core.package_identification:_identify(gradle-6.4/init.d) by extensions ['ignore', 'ignore_ament_install']
[0.171s] Level 1:colcon.colcon_core.package_identification:_identify(gradle-6.4/init.d) by extension 'ignore'
[0.171s] Level 1:colcon.colcon_core.package_identification:_identify(gradle-6.4/init.d) by extension 'ignore_ament_install'
[0.171s] Level 1:colcon.colcon_core.package_identification:_identify(gradle-6.4/init.d) by extensions ['colcon_pkg']
[0.171s] Level 1:colcon.colcon_core.package_identification:_identify(gradle-6.4/init.d) by extension 'colcon_pkg'
[0.171s] Level 1:colcon.colcon_core.package_identification:_identify(gradle-6.4/init.d) by extensions ['colcon_meta']
[0.171s] Level 1:colcon.colcon_core.package_identification:_identify(gradle-6.4/init.d) by extension 'colcon_meta'
[0.171s] Level 1:colcon.colcon_core.package_identification:_identify(gradle-6.4/init.d) by extensions ['ros']
[0.171s] Level 1:colcon.colcon_core.package_identification:_identify(gradle-6.4/init.d) by extension 'ros'
[0.171s] Level 1:colcon.colcon_core.package_identification:_identify(gradle-6.4/init.d) by extensions ['cmake', 'python']
[0.171s] Level 1:colcon.colcon_core.package_identification:_identify(gradle-6.4/init.d) by extension 'cmake'
[0.171s] Level 1:colcon.colcon_core.package_identification:_identify(gradle-6.4/init.d) by extension 'python'
[0.171s] Level 1:colcon.colcon_core.package_identification:_identify(gradle-6.4/init.d) by extensions ['python_setup_py']
[0.171s] Level 1:colcon.colcon_core.package_identification:_identify(gradle-6.4/init.d) by extension 'python_setup_py'
[0.172s] Level 1:colcon.colcon_core.package_identification:_identify(gradle-6.4/lib) by extensions ['ignore', 'ignore_ament_install']
[0.172s] Level 1:colcon.colcon_core.package_identification:_identify(gradle-6.4/lib) by extension 'ignore'
[0.172s] Level 1:colcon.colcon_core.package_identification:_identify(gradle-6.4/lib) by extension 'ignore_ament_install'
[0.172s] Level 1:colcon.colcon_core.package_identification:_identify(gradle-6.4/lib) by extensions ['colcon_pkg']
[0.172s] Level 1:colcon.colcon_core.package_identification:_identify(gradle-6.4/lib) by extension 'colcon_pkg'
[0.172s] Level 1:colcon.colcon_core.package_identification:_identify(gradle-6.4/lib) by extensions ['colcon_meta']
[0.172s] Level 1:colcon.colcon_core.package_identification:_identify(gradle-6.4/lib) by extension 'colcon_meta'
[0.172s] Level 1:colcon.colcon_core.package_identification:_identify(gradle-6.4/lib) by extensions ['ros']
[0.172s] Level 1:colcon.colcon_core.package_identification:_identify(gradle-6.4/lib) by extension 'ros'
[0.172s] Level 1:colcon.colcon_core.package_identification:_identify(gradle-6.4/lib) by extensions ['cmake', 'python']
[0.172s] Level 1:colcon.colcon_core.package_identification:_identify(gradle-6.4/lib) by extension 'cmake'
[0.172s] Level 1:colcon.colcon_core.package_identification:_identify(gradle-6.4/lib) by extension 'python'
[0.172s] Level 1:colcon.colcon_core.package_identification:_identify(gradle-6.4/lib) by extensions ['python_setup_py']
[0.172s] Level 1:colcon.colcon_core.package_identification:_identify(gradle-6.4/lib) by extension 'python_setup_py'
[0.172s] Level 1:colcon.colcon_core.package_identification:_identify(gradle-6.4/lib/plugins) by extensions ['ignore', 'ignore_ament_install']
[0.172s] Level 1:colcon.colcon_core.package_identification:_identify(gradle-6.4/lib/plugins) by extension 'ignore'
[0.172s] Level 1:colcon.colcon_core.package_identification:_identify(gradle-6.4/lib/plugins) by extension 'ignore_ament_install'
[0.172s] Level 1:colcon.colcon_core.package_identification:_identify(gradle-6.4/lib/plugins) by extensions ['colcon_pkg']
[0.172s] Level 1:colcon.colcon_core.package_identification:_identify(gradle-6.4/lib/plugins) by extension 'colcon_pkg'
[0.172s] Level 1:colcon.colcon_core.package_identification:_identify(gradle-6.4/lib/plugins) by extensions ['colcon_meta']
[0.172s] Level 1:colcon.colcon_core.package_identification:_identify(gradle-6.4/lib/plugins) by extension 'colcon_meta'
[0.172s] Level 1:colcon.colcon_core.package_identification:_identify(gradle-6.4/lib/plugins) by extensions ['ros']
[0.172s] Level 1:colcon.colcon_core.package_identification:_identify(gradle-6.4/lib/plugins) by extension 'ros'
[0.172s] Level 1:colcon.colcon_core.package_identification:_identify(gradle-6.4/lib/plugins) by extensions ['cmake', 'python']
[0.172s] Level 1:colcon.colcon_core.package_identification:_identify(gradle-6.4/lib/plugins) by extension 'cmake'
[0.172s] Level 1:colcon.colcon_core.package_identification:_identify(gradle-6.4/lib/plugins) by extension 'python'
[0.172s] Level 1:colcon.colcon_core.package_identification:_identify(gradle-6.4/lib/plugins) by extensions ['python_setup_py']
[0.172s] Level 1:colcon.colcon_core.package_identification:_identify(gradle-6.4/lib/plugins) by extension 'python_setup_py'
[0.172s] Level 1:colcon.colcon_core.package_identification:_identify(install) by extensions ['ignore', 'ignore_ament_install']
[0.172s] Level 1:colcon.colcon_core.package_identification:_identify(install) by extension 'ignore'
[0.172s] Level 1:colcon.colcon_core.package_identification:_identify(install) ignored
[0.172s] Level 1:colcon.colcon_core.package_identification:_identify(log) by extensions ['ignore', 'ignore_ament_install']
[0.172s] Level 1:colcon.colcon_core.package_identification:_identify(log) by extension 'ignore'
[0.172s] Level 1:colcon.colcon_core.package_identification:_identify(log) ignored
[0.173s] Level 1:colcon.colcon_core.package_identification:_identify(src) by extensions ['ignore', 'ignore_ament_install']
[0.173s] Level 1:colcon.colcon_core.package_identification:_identify(src) by extension 'ignore'
[0.173s] Level 1:colcon.colcon_core.package_identification:_identify(src) by extension 'ignore_ament_install'
[0.173s] Level 1:colcon.colcon_core.package_identification:_identify(src) by extensions ['colcon_pkg']
[0.173s] Level 1:colcon.colcon_core.package_identification:_identify(src) by extension 'colcon_pkg'
[0.173s] Level 1:colcon.colcon_core.package_identification:_identify(src) by extensions ['colcon_meta']
[0.173s] Level 1:colcon.colcon_core.package_identification:_identify(src) by extension 'colcon_meta'
[0.173s] Level 1:colcon.colcon_core.package_identification:_identify(src) by extensions ['ros']
[0.173s] Level 1:colcon.colcon_core.package_identification:_identify(src) by extension 'ros'
[0.173s] Level 1:colcon.colcon_core.package_identification:_identify(src) by extensions ['cmake', 'python']
[0.173s] Level 1:colcon.colcon_core.package_identification:_identify(src) by extension 'cmake'
[0.173s] Level 1:colcon.colcon_core.package_identification:_identify(src) by extension 'python'
[0.173s] Level 1:colcon.colcon_core.package_identification:_identify(src) by extensions ['python_setup_py']
[0.173s] Level 1:colcon.colcon_core.package_identification:_identify(src) by extension 'python_setup_py'
[0.173s] Level 1:colcon.colcon_core.package_identification:_identify(src/fastcdr) by extensions ['ignore', 'ignore_ament_install']
[0.173s] Level 1:colcon.colcon_core.package_identification:_identify(src/fastcdr) by extension 'ignore'
[0.173s] Level 1:colcon.colcon_core.package_identification:_identify(src/fastcdr) by extension 'ignore_ament_install'
[0.173s] Level 1:colcon.colcon_core.package_identification:_identify(src/fastcdr) by extensions ['colcon_pkg']
[0.173s] Level 1:colcon.colcon_core.package_identification:_identify(src/fastcdr) by extension 'colcon_pkg'
[0.174s] INFO:colcon.colcon_metadata.metadata.colcon_pkg:Setting type 'cmake' of package 'src/fastcdr' from colcon.pkg
[0.174s] INFO:colcon.colcon_metadata.metadata.colcon_pkg:Setting name 'fastcdr' of package 'src/fastcdr' from colcon.pkg
[0.174s] DEBUG:colcon.colcon_core.package_identification:Package 'src/fastcdr' with type 'cmake' and name 'fastcdr'
[0.174s] Level 1:colcon.colcon_core.package_identification:_identify(src/fastddsgen) by extensions ['ignore', 'ignore_ament_install']
[0.174s] Level 1:colcon.colcon_core.package_identification:_identify(src/fastddsgen) by extension 'ignore'
[0.174s] Level 1:colcon.colcon_core.package_identification:_identify(src/fastddsgen) by extension 'ignore_ament_install'
[0.174s] Level 1:colcon.colcon_core.package_identification:_identify(src/fastddsgen) by extensions ['colcon_pkg']
[0.174s] Level 1:colcon.colcon_core.package_identification:_identify(src/fastddsgen) by extension 'colcon_pkg'
[0.174s] INFO:colcon.colcon_metadata.metadata.colcon_pkg:Setting type 'gradle' of package 'src/fastddsgen' from colcon.pkg
[0.174s] INFO:colcon.colcon_metadata.metadata.colcon_pkg:Setting name 'fastddsgen' of package 'src/fastddsgen' from colcon.pkg
[0.174s] DEBUG:colcon.colcon_core.package_identification:Package 'src/fastddsgen' with type 'gradle' and name 'fastddsgen'
[0.174s] Level 1:colcon.colcon_core.package_identification:_identify(src/fastrtps) by extensions ['ignore', 'ignore_ament_install']
[0.174s] Level 1:colcon.colcon_core.package_identification:_identify(src/fastrtps) by extension 'ignore'
[0.174s] Level 1:colcon.colcon_core.package_identification:_identify(src/fastrtps) by extension 'ignore_ament_install'
[0.174s] Level 1:colcon.colcon_core.package_identification:_identify(src/fastrtps) by extensions ['colcon_pkg']
[0.174s] Level 1:colcon.colcon_core.package_identification:_identify(src/fastrtps) by extension 'colcon_pkg'
[0.175s] INFO:colcon.colcon_metadata.metadata.colcon_pkg:Setting type 'cmake' of package 'src/fastrtps' from colcon.pkg
[0.175s] INFO:colcon.colcon_metadata.metadata.colcon_pkg:Setting name 'fastdds' of package 'src/fastrtps' from colcon.pkg
[0.175s] DEBUG:colcon.colcon_core.package_identification:Package 'src/fastrtps' with type 'cmake' and name 'fastdds'
[0.175s] Level 1:colcon.colcon_core.package_identification:_identify(src/foonathan_memory_vendor) by extensions ['ignore', 'ignore_ament_install']
[0.175s] Level 1:colcon.colcon_core.package_identification:_identify(src/foonathan_memory_vendor) by extension 'ignore'
[0.175s] Level 1:colcon.colcon_core.package_identification:_identify(src/foonathan_memory_vendor) by extension 'ignore_ament_install'
[0.175s] Level 1:colcon.colcon_core.package_identification:_identify(src/foonathan_memory_vendor) by extensions ['colcon_pkg']
[0.175s] Level 1:colcon.colcon_core.package_identification:_identify(src/foonathan_memory_vendor) by extension 'colcon_pkg'
[0.175s] Level 1:colcon.colcon_core.package_identification:_identify(src/foonathan_memory_vendor) by extensions ['colcon_meta']
[0.175s] Level 1:colcon.colcon_core.package_identification:_identify(src/foonathan_memory_vendor) by extension 'colcon_meta'
[0.175s] Level 1:colcon.colcon_core.package_identification:_identify(src/foonathan_memory_vendor) by extensions ['ros']
[0.175s] Level 1:colcon.colcon_core.package_identification:_identify(src/foonathan_memory_vendor) by extension 'ros'
[0.177s] DEBUG:colcon.colcon_core.package_identification:Package 'src/foonathan_memory_vendor' with type 'ros.cmake' and name 'foonathan_memory_vendor'
[0.177s] Level 1:colcon.colcon_core.package_discovery:discover_packages(recursive) using defaults
[0.177s] Level 1:colcon.colcon_core.package_discovery:discover_packages(ignore) discover
[0.177s] Level 1:colcon.colcon_core.package_discovery:discover_packages(ignore) using defaults
[0.177s] Level 1:colcon.colcon_core.package_discovery:discover_packages(path) discover
[0.177s] Level 1:colcon.colcon_core.package_discovery:discover_packages(path) using defaults
[0.191s] INFO:colcon.colcon_metadata.metadata.colcon_pkg:Updating descriptor of package 'src/fastddsgen' from colcon.pkg: {'name': 'fastddsgen', 'type': 'gradle', 'test-dependencies': ['fastdds']}
[0.191s] INFO:colcon.colcon_metadata.metadata.colcon_pkg:Updating descriptor of package 'src/fastcdr' from colcon.pkg: {'name': 'fastcdr', 'type': 'cmake', 'test-dependencies': ['ament_cmake_gtest', 'ament_cmake', 'googletest-distribution']}
[0.192s] INFO:colcon.colcon_metadata.metadata.colcon_pkg:Updating descriptor of package 'src/fastrtps' from colcon.pkg: {'name': 'fastdds', 'type': 'cmake', 'dependencies': ['fastcdr', 'FOONATHAN_MEMORY', 'foonathan_memory_vendor', 'googletest-distribution']}
[0.192s] Level 1:colcon.colcon_core.package_discovery:discover_packages(prefix_path) check parameters
[0.192s] Level 1:colcon.colcon_core.package_discovery:discover_packages(prefix_path) discover
[0.194s] DEBUG:colcon.colcon_installed_package_information.package_discovery:Found 323 installed packages in /opt/ros/humble
[0.201s] Level 1:colcon.colcon_core.package_discovery:discover_packages(prefix_path) using defaults
[0.226s] Level 5:colcon.colcon_core.verb:set package 'fastcdr' build argument 'cmake_args' from command line to 'None'
[0.226s] Level 5:colcon.colcon_core.verb:set package 'fastcdr' build argument 'cmake_target' from command line to 'None'
[0.226s] Level 5:colcon.colcon_core.verb:set package 'fastcdr' build argument 'cmake_target_skip_unavailable' from command line to 'False'
[0.226s] Level 5:colcon.colcon_core.verb:set package 'fastcdr' build argument 'cmake_clean_cache' from command line to 'False'
[0.226s] Level 5:colcon.colcon_core.verb:set package 'fastcdr' build argument 'cmake_clean_first' from command line to 'False'
[0.226s] Level 5:colcon.colcon_core.verb:set package 'fastcdr' build argument 'cmake_force_configure' from command line to 'False'
[0.226s] Level 5:colcon.colcon_core.verb:set package 'fastcdr' build argument 'ament_cmake_args' from command line to 'None'
[0.226s] Level 5:colcon.colcon_core.verb:set package 'fastcdr' build argument 'catkin_cmake_args' from command line to 'None'
[0.226s] Level 5:colcon.colcon_core.verb:set package 'fastcdr' build argument 'catkin_skip_building_tests' from command line to 'False'
[0.226s] DEBUG:colcon.colcon_core.verb:Building package 'fastcdr' with the following arguments: {'ament_cmake_args': None, 'build_base': '/home/emmm/Desktop/rm/ROS2/learn/chapter3/fastdds_ws/build/fastcdr', 'catkin_cmake_args': None, 'catkin_skip_building_tests': False, 'cmake_args': None, 'cmake_clean_cache': False, 'cmake_clean_first': False, 'cmake_force_configure': False, 'cmake_target': None, 'cmake_target_skip_unavailable': False, 'install_base': '/home/emmm/Desktop/rm/ROS2/learn/chapter3/fastdds_ws/install/fastcdr', 'merge_install': False, 'path': '/home/emmm/Desktop/rm/ROS2/learn/chapter3/fastdds_ws/src/fastcdr', 'symlink_install': False, 'test_result_base': None}
[0.226s] Level 5:colcon.colcon_core.verb:set package 'foonathan_memory_vendor' build argument 'cmake_args' from command line to 'None'
[0.227s] Level 5:colcon.colcon_core.verb:set package 'foonathan_memory_vendor' build argument 'cmake_target' from command line to 'None'
[0.227s] Level 5:colcon.colcon_core.verb:set package 'foonathan_memory_vendor' build argument 'cmake_target_skip_unavailable' from command line to 'False'
[0.227s] Level 5:colcon.colcon_core.verb:set package 'foonathan_memory_vendor' build argument 'cmake_clean_cache' from command line to 'False'
[0.227s] Level 5:colcon.colcon_core.verb:set package 'foonathan_memory_vendor' build argument 'cmake_clean_first' from command line to 'False'
[0.227s] Level 5:colcon.colcon_core.verb:set package 'foonathan_memory_vendor' build argument 'cmake_force_configure' from command line to 'False'
[0.227s] Level 5:colcon.colcon_core.verb:set package 'foonathan_memory_vendor' build argument 'ament_cmake_args' from command line to 'None'
[0.227s] Level 5:colcon.colcon_core.verb:set package 'foonathan_memory_vendor' build argument 'catkin_cmake_args' from command line to 'None'
[0.227s] Level 5:colcon.colcon_core.verb:set package 'foonathan_memory_vendor' build argument 'catkin_skip_building_tests' from command line to 'False'
[0.227s] DEBUG:colcon.colcon_core.verb:Building package 'foonathan_memory_vendor' with the following arguments: {'ament_cmake_args': None, 'build_base': '/home/emmm/Desktop/rm/ROS2/learn/chapter3/fastdds_ws/build/foonathan_memory_vendor', 'catkin_cmake_args': None, 'catkin_skip_building_tests': False, 'cmake_args': None, 'cmake_clean_cache': False, 'cmake_clean_first': False, 'cmake_force_configure': False, 'cmake_target': None, 'cmake_target_skip_unavailable': False, 'install_base': '/home/emmm/Desktop/rm/ROS2/learn/chapter3/fastdds_ws/install/foonathan_memory_vendor', 'merge_install': False, 'path': '/home/emmm/Desktop/rm/ROS2/learn/chapter3/fastdds_ws/src/foonathan_memory_vendor', 'symlink_install': False, 'test_result_base': None}
[0.227s] Level 5:colcon.colcon_core.verb:set package 'fastdds' build argument 'cmake_args' from command line to 'None'
[0.227s] Level 5:colcon.colcon_core.verb:set package 'fastdds' build argument 'cmake_target' from command line to 'None'
[0.227s] Level 5:colcon.colcon_core.verb:set package 'fastdds' build argument 'cmake_target_skip_unavailable' from command line to 'False'
[0.227s] Level 5:colcon.colcon_core.verb:set package 'fastdds' build argument 'cmake_clean_cache' from command line to 'False'
[0.227s] Level 5:colcon.colcon_core.verb:set package 'fastdds' build argument 'cmake_clean_first' from command line to 'False'
[0.227s] Level 5:colcon.colcon_core.verb:set package 'fastdds' build argument 'cmake_force_configure' from command line to 'False'
[0.227s] Level 5:colcon.colcon_core.verb:set package 'fastdds' build argument 'ament_cmake_args' from command line to 'None'
[0.227s] Level 5:colcon.colcon_core.verb:set package 'fastdds' build argument 'catkin_cmake_args' from command line to 'None'
[0.227s] Level 5:colcon.colcon_core.verb:set package 'fastdds' build argument 'catkin_skip_building_tests' from command line to 'False'
[0.227s] DEBUG:colcon.colcon_core.verb:Building package 'fastdds' with the following arguments: {'ament_cmake_args': None, 'build_base': '/home/emmm/Desktop/rm/ROS2/learn/chapter3/fastdds_ws/build/fastdds', 'catkin_cmake_args': None, 'catkin_skip_building_tests': False, 'cmake_args': None, 'cmake_clean_cache': False, 'cmake_clean_first': False, 'cmake_force_configure': False, 'cmake_target': None, 'cmake_target_skip_unavailable': False, 'install_base': '/home/emmm/Desktop/rm/ROS2/learn/chapter3/fastdds_ws/install/fastdds', 'merge_install': False, 'path': '/home/emmm/Desktop/rm/ROS2/learn/chapter3/fastdds_ws/src/fastrtps', 'symlink_install': False, 'test_result_base': None}
[0.227s] WARNING:colcon.colcon_core.verb:No task extension to 'build' a 'gradle' package
[0.227s] INFO:colcon.colcon_core.executor:Executing jobs using 'parallel' executor
[0.228s] DEBUG:colcon.colcon_parallel_executor.executor.parallel:run_until_complete
[0.228s] INFO:colcon.colcon_cmake.task.cmake.build:Building CMake package in '/home/emmm/Desktop/rm/ROS2/learn/chapter3/fastdds_ws/src/fastcdr'
[0.230s] INFO:colcon.colcon_core.plugin_system:Skipping extension 'colcon_core.shell.bat': Not used on non-Windows systems
[0.230s] INFO:colcon.colcon_core.shell:Skip shell extension 'powershell' for command environment: Not usable outside of PowerShell
[0.230s] DEBUG:colcon.colcon_core.shell:Skip shell extension 'dsv' for command environment
[0.232s] INFO:colcon.colcon_ros.task.cmake.build:Building ROS package in '/home/emmm/Desktop/rm/ROS2/learn/chapter3/fastdds_ws/src/foonathan_memory_vendor' with build type 'cmake'
[0.232s] INFO:colcon.colcon_cmake.task.cmake.build:Building CMake package in '/home/emmm/Desktop/rm/ROS2/learn/chapter3/fastdds_ws/src/foonathan_memory_vendor'
[0.232s] INFO:colcon.colcon_core.shell:Skip shell extension 'powershell' for command environment: Not usable outside of PowerShell
[0.232s] DEBUG:colcon.colcon_core.shell:Skip shell extension 'dsv' for command environment
[0.238s] DEBUG:colcon.colcon_core.event_handler.log_command:Invoking command in '/home/emmm/Desktop/rm/ROS2/learn/chapter3/fastdds_ws/build/fastcdr': /usr/bin/cmake /home/emmm/Desktop/rm/ROS2/learn/chapter3/fastdds_ws/src/fastcdr -DCMAKE_INSTALL_PREFIX=/home/emmm/Desktop/rm/ROS2/learn/chapter3/fastdds_ws/install/fastcdr
[0.239s] DEBUG:colcon.colcon_core.event_handler.log_command:Invoking command in '/home/emmm/Desktop/rm/ROS2/learn/chapter3/fastdds_ws/build/foonathan_memory_vendor': CMAKE_PREFIX_PATH=/opt/ros/humble /usr/bin/cmake /home/emmm/Desktop/rm/ROS2/learn/chapter3/fastdds_ws/src/foonathan_memory_vendor -DCMAKE_INSTALL_PREFIX=/home/emmm/Desktop/rm/ROS2/learn/chapter3/fastdds_ws/install/foonathan_memory_vendor
[0.779s] DEBUG:colcon.colcon_core.event_handler.log_command:Invoked command in '/home/emmm/Desktop/rm/ROS2/learn/chapter3/fastdds_ws/build/foonathan_memory_vendor' returned '0': CMAKE_PREFIX_PATH=/opt/ros/humble /usr/bin/cmake /home/emmm/Desktop/rm/ROS2/learn/chapter3/fastdds_ws/src/foonathan_memory_vendor -DCMAKE_INSTALL_PREFIX=/home/emmm/Desktop/rm/ROS2/learn/chapter3/fastdds_ws/install/foonathan_memory_vendor
[0.781s] DEBUG:colcon.colcon_core.event_handler.log_command:Invoking command in '/home/emmm/Desktop/rm/ROS2/learn/chapter3/fastdds_ws/build/foonathan_memory_vendor': CMAKE_PREFIX_PATH=/opt/ros/humble /usr/bin/cmake --build /home/emmm/Desktop/rm/ROS2/learn/chapter3/fastdds_ws/build/foonathan_memory_vendor -- -j12 -l12
[0.823s] DEBUG:colcon.colcon_core.event_handler.log_command:Invoked command in '/home/emmm/Desktop/rm/ROS2/learn/chapter3/fastdds_ws/build/foonathan_memory_vendor' returned '0': CMAKE_PREFIX_PATH=/opt/ros/humble /usr/bin/cmake --build /home/emmm/Desktop/rm/ROS2/learn/chapter3/fastdds_ws/build/foonathan_memory_vendor -- -j12 -l12
[0.836s] DEBUG:colcon.colcon_core.event_handler.log_command:Invoking command in '/home/emmm/Desktop/rm/ROS2/learn/chapter3/fastdds_ws/build/foonathan_memory_vendor': CMAKE_PREFIX_PATH=/opt/ros/humble /usr/bin/cmake --install /home/emmm/Desktop/rm/ROS2/learn/chapter3/fastdds_ws/build/foonathan_memory_vendor
[0.848s] DEBUG:colcon.colcon_core.event_handler.log_command:Invoked command in '/home/emmm/Desktop/rm/ROS2/learn/chapter3/fastdds_ws/build/foonathan_memory_vendor' returned '0': CMAKE_PREFIX_PATH=/opt/ros/humble /usr/bin/cmake --install /home/emmm/Desktop/rm/ROS2/learn/chapter3/fastdds_ws/build/foonathan_memory_vendor
[0.848s] Level 1:colcon.colcon_core.shell:create_environment_hook('foonathan_memory_vendor', 'pkg_config_path')
[0.849s] INFO:colcon.colcon_core.shell:Creating environment hook '/home/emmm/Desktop/rm/ROS2/learn/chapter3/fastdds_ws/install/foonathan_memory_vendor/share/foonathan_memory_vendor/hook/pkg_config_path.ps1'
[0.849s] INFO:colcon.colcon_core.shell:Creating environment descriptor '/home/emmm/Desktop/rm/ROS2/learn/chapter3/fastdds_ws/install/foonathan_memory_vendor/share/foonathan_memory_vendor/hook/pkg_config_path.dsv'
[0.849s] INFO:colcon.colcon_core.shell:Creating environment hook '/home/emmm/Desktop/rm/ROS2/learn/chapter3/fastdds_ws/install/foonathan_memory_vendor/share/foonathan_memory_vendor/hook/pkg_config_path.sh'
[0.851s] Level 1:colcon.colcon_core.shell:create_environment_hook('foonathan_memory_vendor', 'pkg_config_path_multiarch')
[0.852s] INFO:colcon.colcon_core.shell:Creating environment hook '/home/emmm/Desktop/rm/ROS2/learn/chapter3/fastdds_ws/install/foonathan_memory_vendor/share/foonathan_memory_vendor/hook/pkg_config_path_multiarch.ps1'
[0.852s] INFO:colcon.colcon_core.shell:Creating environment descriptor '/home/emmm/Desktop/rm/ROS2/learn/chapter3/fastdds_ws/install/foonathan_memory_vendor/share/foonathan_memory_vendor/hook/pkg_config_path_multiarch.dsv'
[0.853s] INFO:colcon.colcon_core.shell:Creating environment hook '/home/emmm/Desktop/rm/ROS2/learn/chapter3/fastdds_ws/install/foonathan_memory_vendor/share/foonathan_memory_vendor/hook/pkg_config_path_multiarch.sh'
[0.853s] Level 1:colcon.colcon_core.environment:create_environment_scripts_only(foonathan_memory_vendor)
[0.857s] Level 1:colcon.colcon_core.environment:checking '/home/emmm/Desktop/rm/ROS2/learn/chapter3/fastdds_ws/install/foonathan_memory_vendor' for CMake module files
[0.858s] Level 1:colcon.colcon_core.environment:checking '/home/emmm/Desktop/rm/ROS2/learn/chapter3/fastdds_ws/install/foonathan_memory_vendor' for CMake config files
[0.858s] Level 1:colcon.colcon_core.shell:create_environment_hook('foonathan_memory_vendor', 'cmake_prefix_path')
[0.858s] INFO:colcon.colcon_core.shell:Creating environment hook '/home/emmm/Desktop/rm/ROS2/learn/chapter3/fastdds_ws/install/foonathan_memory_vendor/share/foonathan_memory_vendor/hook/cmake_prefix_path.ps1'
[0.859s] INFO:colcon.colcon_core.shell:Creating environment descriptor '/home/emmm/Desktop/rm/ROS2/learn/chapter3/fastdds_ws/install/foonathan_memory_vendor/share/foonathan_memory_vendor/hook/cmake_prefix_path.dsv'
[0.860s] INFO:colcon.colcon_core.shell:Creating environment hook '/home/emmm/Desktop/rm/ROS2/learn/chapter3/fastdds_ws/install/foonathan_memory_vendor/share/foonathan_memory_vendor/hook/cmake_prefix_path.sh'
[0.861s] Level 1:colcon.colcon_core.environment:checking '/home/emmm/Desktop/rm/ROS2/learn/chapter3/fastdds_ws/install/foonathan_memory_vendor/bin'
[0.862s] Level 1:colcon.colcon_core.environment:checking '/home/emmm/Desktop/rm/ROS2/learn/chapter3/fastdds_ws/install/foonathan_memory_vendor/lib/pkgconfig/foonathan_memory_vendor.pc'
[0.862s] Level 1:colcon.colcon_core.environment:checking '/home/emmm/Desktop/rm/ROS2/learn/chapter3/fastdds_ws/install/foonathan_memory_vendor/lib/python3.10/site-packages'
[0.862s] Level 1:colcon.colcon_core.environment:checking '/home/emmm/Desktop/rm/ROS2/learn/chapter3/fastdds_ws/install/foonathan_memory_vendor/bin'
[0.863s] INFO:colcon.colcon_core.shell:Creating package script '/home/emmm/Desktop/rm/ROS2/learn/chapter3/fastdds_ws/install/foonathan_memory_vendor/share/foonathan_memory_vendor/package.ps1'
[0.864s] INFO:colcon.colcon_core.shell:Creating package descriptor '/home/emmm/Desktop/rm/ROS2/learn/chapter3/fastdds_ws/install/foonathan_memory_vendor/share/foonathan_memory_vendor/package.dsv'
[0.864s] INFO:colcon.colcon_core.shell:Creating package script '/home/emmm/Desktop/rm/ROS2/learn/chapter3/fastdds_ws/install/foonathan_memory_vendor/share/foonathan_memory_vendor/package.sh'
[0.865s] INFO:colcon.colcon_core.shell:Creating package script '/home/emmm/Desktop/rm/ROS2/learn/chapter3/fastdds_ws/install/foonathan_memory_vendor/share/foonathan_memory_vendor/package.bash'
[0.865s] INFO:colcon.colcon_core.shell:Creating package script '/home/emmm/Desktop/rm/ROS2/learn/chapter3/fastdds_ws/install/foonathan_memory_vendor/share/foonathan_memory_vendor/package.zsh'
[0.866s] Level 1:colcon.colcon_core.environment:create_file_with_runtime_dependencies(/home/emmm/Desktop/rm/ROS2/learn/chapter3/fastdds_ws/install/foonathan_memory_vendor/share/colcon-core/packages/foonathan_memory_vendor)
[1.064s] DEBUG:colcon.colcon_core.event_handler.log_command:Invoked command in '/home/emmm/Desktop/rm/ROS2/learn/chapter3/fastdds_ws/build/fastcdr' returned '0': /usr/bin/cmake /home/emmm/Desktop/rm/ROS2/learn/chapter3/fastdds_ws/src/fastcdr -DCMAKE_INSTALL_PREFIX=/home/emmm/Desktop/rm/ROS2/learn/chapter3/fastdds_ws/install/fastcdr
[1.065s] DEBUG:colcon.colcon_core.event_handler.log_command:Invoking command in '/home/emmm/Desktop/rm/ROS2/learn/chapter3/fastdds_ws/build/fastcdr': /usr/bin/cmake --build /home/emmm/Desktop/rm/ROS2/learn/chapter3/fastdds_ws/build/fastcdr -- -j12 -l12
[2.055s] DEBUG:colcon.colcon_core.event_handler.log_command:Invoked command in '/home/emmm/Desktop/rm/ROS2/learn/chapter3/fastdds_ws/build/fastcdr' returned '0': /usr/bin/cmake --build /home/emmm/Desktop/rm/ROS2/learn/chapter3/fastdds_ws/build/fastcdr -- -j12 -l12
[2.058s] DEBUG:colcon.colcon_core.event_handler.log_command:Invoking command in '/home/emmm/Desktop/rm/ROS2/learn/chapter3/fastdds_ws/build/fastcdr': /usr/bin/cmake --install /home/emmm/Desktop/rm/ROS2/learn/chapter3/fastdds_ws/build/fastcdr
[2.068s] Level 1:colcon.colcon_core.environment:create_environment_scripts_only(fastcdr)
[2.069s] Level 1:colcon.colcon_core.environment:checking '/home/emmm/Desktop/rm/ROS2/learn/chapter3/fastdds_ws/install/fastcdr' for CMake module files
[2.069s] DEBUG:colcon.colcon_core.event_handler.log_command:Invoked command in '/home/emmm/Desktop/rm/ROS2/learn/chapter3/fastdds_ws/build/fastcdr' returned '0': /usr/bin/cmake --install /home/emmm/Desktop/rm/ROS2/learn/chapter3/fastdds_ws/build/fastcdr
[2.070s] Level 1:colcon.colcon_core.environment:checking '/home/emmm/Desktop/rm/ROS2/learn/chapter3/fastdds_ws/install/fastcdr' for CMake config files
[2.070s] Level 1:colcon.colcon_core.shell:create_environment_hook('fastcdr', 'cmake_prefix_path')
[2.070s] INFO:colcon.colcon_core.shell:Creating environment hook '/home/emmm/Desktop/rm/ROS2/learn/chapter3/fastdds_ws/install/fastcdr/share/fastcdr/hook/cmake_prefix_path.ps1'
[2.070s] INFO:colcon.colcon_core.shell:Creating environment descriptor '/home/emmm/Desktop/rm/ROS2/learn/chapter3/fastdds_ws/install/fastcdr/share/fastcdr/hook/cmake_prefix_path.dsv'
[2.070s] INFO:colcon.colcon_core.shell:Creating environment hook '/home/emmm/Desktop/rm/ROS2/learn/chapter3/fastdds_ws/install/fastcdr/share/fastcdr/hook/cmake_prefix_path.sh'
[2.071s] Level 1:colcon.colcon_core.environment:checking '/home/emmm/Desktop/rm/ROS2/learn/chapter3/fastdds_ws/install/fastcdr/lib'
[2.071s] Level 1:colcon.colcon_core.shell:create_environment_hook('fastcdr', 'ld_library_path_lib')
[2.071s] INFO:colcon.colcon_core.shell:Creating environment hook '/home/emmm/Desktop/rm/ROS2/learn/chapter3/fastdds_ws/install/fastcdr/share/fastcdr/hook/ld_library_path_lib.ps1'
[2.071s] INFO:colcon.colcon_core.shell:Creating environment descriptor '/home/emmm/Desktop/rm/ROS2/learn/chapter3/fastdds_ws/install/fastcdr/share/fastcdr/hook/ld_library_path_lib.dsv'
[2.072s] INFO:colcon.colcon_core.shell:Creating environment hook '/home/emmm/Desktop/rm/ROS2/learn/chapter3/fastdds_ws/install/fastcdr/share/fastcdr/hook/ld_library_path_lib.sh'
[2.072s] Level 1:colcon.colcon_core.environment:checking '/home/emmm/Desktop/rm/ROS2/learn/chapter3/fastdds_ws/install/fastcdr/bin'
[2.072s] Level 1:colcon.colcon_core.environment:checking '/home/emmm/Desktop/rm/ROS2/learn/chapter3/fastdds_ws/install/fastcdr/lib/pkgconfig/fastcdr.pc'
[2.072s] Level 1:colcon.colcon_core.environment:checking '/home/emmm/Desktop/rm/ROS2/learn/chapter3/fastdds_ws/install/fastcdr/lib/python3.10/site-packages'
[2.072s] Level 1:colcon.colcon_core.environment:checking '/home/emmm/Desktop/rm/ROS2/learn/chapter3/fastdds_ws/install/fastcdr/bin'
[2.073s] INFO:colcon.colcon_core.shell:Creating package script '/home/emmm/Desktop/rm/ROS2/learn/chapter3/fastdds_ws/install/fastcdr/share/fastcdr/package.ps1'
[2.073s] INFO:colcon.colcon_core.shell:Creating package descriptor '/home/emmm/Desktop/rm/ROS2/learn/chapter3/fastdds_ws/install/fastcdr/share/fastcdr/package.dsv'
[2.073s] INFO:colcon.colcon_core.shell:Creating package script '/home/emmm/Desktop/rm/ROS2/learn/chapter3/fastdds_ws/install/fastcdr/share/fastcdr/package.sh'
[2.073s] INFO:colcon.colcon_core.shell:Creating package script '/home/emmm/Desktop/rm/ROS2/learn/chapter3/fastdds_ws/install/fastcdr/share/fastcdr/package.bash'
[2.073s] INFO:colcon.colcon_core.shell:Creating package script '/home/emmm/Desktop/rm/ROS2/learn/chapter3/fastdds_ws/install/fastcdr/share/fastcdr/package.zsh'
[2.074s] Level 1:colcon.colcon_core.environment:create_file_with_runtime_dependencies(/home/emmm/Desktop/rm/ROS2/learn/chapter3/fastdds_ws/install/fastcdr/share/colcon-core/packages/fastcdr)
[2.074s] INFO:colcon.colcon_cmake.task.cmake.build:Building CMake package in '/home/emmm/Desktop/rm/ROS2/learn/chapter3/fastdds_ws/src/fastrtps'
[2.074s] INFO:colcon.colcon_core.shell:Skip shell extension 'powershell' for command environment: Not usable outside of PowerShell
[2.074s] DEBUG:colcon.colcon_core.shell:Skip shell extension 'dsv' for command environment
[2.083s] DEBUG:colcon.colcon_core.event_handler.log_command:Invoking command in '/home/emmm/Desktop/rm/ROS2/learn/chapter3/fastdds_ws/build/fastdds': CMAKE_PREFIX_PATH=/home/emmm/Desktop/rm/ROS2/learn/chapter3/fastdds_ws/install/foonathan_memory_vendor:/home/emmm/Desktop/rm/ROS2/learn/chapter3/fastdds_ws/install/fastcdr LD_LIBRARY_PATH=/home/emmm/Desktop/rm/ROS2/learn/chapter3/fastdds_ws/install/fastcdr/lib:${LD_LIBRARY_PATH} PKG_CONFIG_PATH=/home/emmm/Desktop/rm/ROS2/learn/chapter3/fastdds_ws/install/foonathan_memory_vendor/lib/x86_64-linux-gnu/pkgconfig:/home/emmm/Desktop/rm/ROS2/learn/chapter3/fastdds_ws/install/foonathan_memory_vendor/lib/pkgconfig /usr/bin/cmake /home/emmm/Desktop/rm/ROS2/learn/chapter3/fastdds_ws/src/fastrtps -DCMAKE_INSTALL_PREFIX=/home/emmm/Desktop/rm/ROS2/learn/chapter3/fastdds_ws/install/fastdds
[4.960s] DEBUG:colcon.colcon_core.event_handler.log_command:Invoked command in '/home/emmm/Desktop/rm/ROS2/learn/chapter3/fastdds_ws/build/fastdds' returned '0': CMAKE_PREFIX_PATH=/home/emmm/Desktop/rm/ROS2/learn/chapter3/fastdds_ws/install/foonathan_memory_vendor:/home/emmm/Desktop/rm/ROS2/learn/chapter3/fastdds_ws/install/fastcdr LD_LIBRARY_PATH=/home/emmm/Desktop/rm/ROS2/learn/chapter3/fastdds_ws/install/fastcdr/lib:${LD_LIBRARY_PATH} PKG_CONFIG_PATH=/home/emmm/Desktop/rm/ROS2/learn/chapter3/fastdds_ws/install/foonathan_memory_vendor/lib/x86_64-linux-gnu/pkgconfig:/home/emmm/Desktop/rm/ROS2/learn/chapter3/fastdds_ws/install/foonathan_memory_vendor/lib/pkgconfig /usr/bin/cmake /home/emmm/Desktop/rm/ROS2/learn/chapter3/fastdds_ws/src/fastrtps -DCMAKE_INSTALL_PREFIX=/home/emmm/Desktop/rm/ROS2/learn/chapter3/fastdds_ws/install/fastdds
[4.962s] DEBUG:colcon.colcon_core.event_handler.log_command:Invoking command in '/home/emmm/Desktop/rm/ROS2/learn/chapter3/fastdds_ws/build/fastdds': CMAKE_PREFIX_PATH=/home/emmm/Desktop/rm/ROS2/learn/chapter3/fastdds_ws/install/foonathan_memory_vendor:/home/emmm/Desktop/rm/ROS2/learn/chapter3/fastdds_ws/install/fastcdr LD_LIBRARY_PATH=/home/emmm/Desktop/rm/ROS2/learn/chapter3/fastdds_ws/install/fastcdr/lib:${LD_LIBRARY_PATH} PKG_CONFIG_PATH=/home/emmm/Desktop/rm/ROS2/learn/chapter3/fastdds_ws/install/foonathan_memory_vendor/lib/x86_64-linux-gnu/pkgconfig:/home/emmm/Desktop/rm/ROS2/learn/chapter3/fastdds_ws/install/foonathan_memory_vendor/lib/pkgconfig /usr/bin/cmake --build /home/emmm/Desktop/rm/ROS2/learn/chapter3/fastdds_ws/build/fastdds -- -j12 -l12
[130.746s] DEBUG:colcon.colcon_core.event_handler.log_command:Invoked command in '/home/emmm/Desktop/rm/ROS2/learn/chapter3/fastdds_ws/build/fastdds' returned '0': CMAKE_PREFIX_PATH=/home/emmm/Desktop/rm/ROS2/learn/chapter3/fastdds_ws/install/foonathan_memory_vendor:/home/emmm/Desktop/rm/ROS2/learn/chapter3/fastdds_ws/install/fastcdr LD_LIBRARY_PATH=/home/emmm/Desktop/rm/ROS2/learn/chapter3/fastdds_ws/install/fastcdr/lib:${LD_LIBRARY_PATH} PKG_CONFIG_PATH=/home/emmm/Desktop/rm/ROS2/learn/chapter3/fastdds_ws/install/foonathan_memory_vendor/lib/x86_64-linux-gnu/pkgconfig:/home/emmm/Desktop/rm/ROS2/learn/chapter3/fastdds_ws/install/foonathan_memory_vendor/lib/pkgconfig /usr/bin/cmake --build /home/emmm/Desktop/rm/ROS2/learn/chapter3/fastdds_ws/build/fastdds -- -j12 -l12
[130.748s] DEBUG:colcon.colcon_core.event_handler.log_command:Invoking command in '/home/emmm/Desktop/rm/ROS2/learn/chapter3/fastdds_ws/build/fastdds': CMAKE_PREFIX_PATH=/home/emmm/Desktop/rm/ROS2/learn/chapter3/fastdds_ws/install/foonathan_memory_vendor:/home/emmm/Desktop/rm/ROS2/learn/chapter3/fastdds_ws/install/fastcdr LD_LIBRARY_PATH=/home/emmm/Desktop/rm/ROS2/learn/chapter3/fastdds_ws/install/fastcdr/lib:${LD_LIBRARY_PATH} PKG_CONFIG_PATH=/home/emmm/Desktop/rm/ROS2/learn/chapter3/fastdds_ws/install/foonathan_memory_vendor/lib/x86_64-linux-gnu/pkgconfig:/home/emmm/Desktop/rm/ROS2/learn/chapter3/fastdds_ws/install/foonathan_memory_vendor/lib/pkgconfig /usr/bin/cmake --install /home/emmm/Desktop/rm/ROS2/learn/chapter3/fastdds_ws/build/fastdds
[130.806s] Level 1:colcon.colcon_core.environment:create_environment_scripts_only(fastdds)
[130.807s] Level 1:colcon.colcon_core.environment:checking '/home/emmm/Desktop/rm/ROS2/learn/chapter3/fastdds_ws/install/fastdds' for CMake module files
[130.808s] DEBUG:colcon.colcon_core.event_handler.log_command:Invoked command in '/home/emmm/Desktop/rm/ROS2/learn/chapter3/fastdds_ws/build/fastdds' returned '0': CMAKE_PREFIX_PATH=/home/emmm/Desktop/rm/ROS2/learn/chapter3/fastdds_ws/install/foonathan_memory_vendor:/home/emmm/Desktop/rm/ROS2/learn/chapter3/fastdds_ws/install/fastcdr LD_LIBRARY_PATH=/home/emmm/Desktop/rm/ROS2/learn/chapter3/fastdds_ws/install/fastcdr/lib:${LD_LIBRARY_PATH} PKG_CONFIG_PATH=/home/emmm/Desktop/rm/ROS2/learn/chapter3/fastdds_ws/install/foonathan_memory_vendor/lib/x86_64-linux-gnu/pkgconfig:/home/emmm/Desktop/rm/ROS2/learn/chapter3/fastdds_ws/install/foonathan_memory_vendor/lib/pkgconfig /usr/bin/cmake --install /home/emmm/Desktop/rm/ROS2/learn/chapter3/fastdds_ws/build/fastdds
[130.808s] Level 1:colcon.colcon_core.environment:checking '/home/emmm/Desktop/rm/ROS2/learn/chapter3/fastdds_ws/install/fastdds' for CMake config files
[130.809s] Level 1:colcon.colcon_core.shell:create_environment_hook('fastdds', 'cmake_prefix_path')
[130.809s] INFO:colcon.colcon_core.shell:Creating environment hook '/home/emmm/Desktop/rm/ROS2/learn/chapter3/fastdds_ws/install/fastdds/share/fastdds/hook/cmake_prefix_path.ps1'
[130.810s] INFO:colcon.colcon_core.shell:Creating environment descriptor '/home/emmm/Desktop/rm/ROS2/learn/chapter3/fastdds_ws/install/fastdds/share/fastdds/hook/cmake_prefix_path.dsv'
[130.811s] INFO:colcon.colcon_core.shell:Creating environment hook '/home/emmm/Desktop/rm/ROS2/learn/chapter3/fastdds_ws/install/fastdds/share/fastdds/hook/cmake_prefix_path.sh'
[130.812s] Level 1:colcon.colcon_core.environment:checking '/home/emmm/Desktop/rm/ROS2/learn/chapter3/fastdds_ws/install/fastdds/lib'
[130.812s] Level 1:colcon.colcon_core.shell:create_environment_hook('fastdds', 'ld_library_path_lib')
[130.812s] INFO:colcon.colcon_core.shell:Creating environment hook '/home/emmm/Desktop/rm/ROS2/learn/chapter3/fastdds_ws/install/fastdds/share/fastdds/hook/ld_library_path_lib.ps1'
[130.813s] INFO:colcon.colcon_core.shell:Creating environment descriptor '/home/emmm/Desktop/rm/ROS2/learn/chapter3/fastdds_ws/install/fastdds/share/fastdds/hook/ld_library_path_lib.dsv'
[130.814s] INFO:colcon.colcon_core.shell:Creating environment hook '/home/emmm/Desktop/rm/ROS2/learn/chapter3/fastdds_ws/install/fastdds/share/fastdds/hook/ld_library_path_lib.sh'
[130.814s] Level 1:colcon.colcon_core.environment:checking '/home/emmm/Desktop/rm/ROS2/learn/chapter3/fastdds_ws/install/fastdds/bin'
[130.814s] Level 1:colcon.colcon_core.shell:create_environment_hook('fastdds', 'path')
[130.815s] INFO:colcon.colcon_core.shell:Creating environment hook '/home/emmm/Desktop/rm/ROS2/learn/chapter3/fastdds_ws/install/fastdds/share/fastdds/hook/path.ps1'
[130.815s] INFO:colcon.colcon_core.shell:Creating environment descriptor '/home/emmm/Desktop/rm/ROS2/learn/chapter3/fastdds_ws/install/fastdds/share/fastdds/hook/path.dsv'
[130.815s] INFO:colcon.colcon_core.shell:Creating environment hook '/home/emmm/Desktop/rm/ROS2/learn/chapter3/fastdds_ws/install/fastdds/share/fastdds/hook/path.sh'
[130.816s] Level 1:colcon.colcon_core.environment:checking '/home/emmm/Desktop/rm/ROS2/learn/chapter3/fastdds_ws/install/fastdds/lib/pkgconfig/fastdds.pc'
[130.816s] Level 1:colcon.colcon_core.environment:checking '/home/emmm/Desktop/rm/ROS2/learn/chapter3/fastdds_ws/install/fastdds/lib/python3.10/site-packages'
[130.817s] Level 1:colcon.colcon_core.environment:checking '/home/emmm/Desktop/rm/ROS2/learn/chapter3/fastdds_ws/install/fastdds/bin'
[130.817s] Level 1:colcon.colcon_core.shell:create_environment_hook('fastdds', 'pythonscriptspath')
[130.817s] INFO:colcon.colcon_core.shell:Creating environment hook '/home/emmm/Desktop/rm/ROS2/learn/chapter3/fastdds_ws/install/fastdds/share/fastdds/hook/pythonscriptspath.ps1'
[130.818s] INFO:colcon.colcon_core.shell:Creating environment descriptor '/home/emmm/Desktop/rm/ROS2/learn/chapter3/fastdds_ws/install/fastdds/share/fastdds/hook/pythonscriptspath.dsv'
[130.818s] INFO:colcon.colcon_core.shell:Creating environment hook '/home/emmm/Desktop/rm/ROS2/learn/chapter3/fastdds_ws/install/fastdds/share/fastdds/hook/pythonscriptspath.sh'
[130.819s] INFO:colcon.colcon_core.shell:Creating package script '/home/emmm/Desktop/rm/ROS2/learn/chapter3/fastdds_ws/install/fastdds/share/fastdds/package.ps1'
[130.821s] INFO:colcon.colcon_core.shell:Creating package descriptor '/home/emmm/Desktop/rm/ROS2/learn/chapter3/fastdds_ws/install/fastdds/share/fastdds/package.dsv'
[130.822s] INFO:colcon.colcon_core.shell:Creating package script '/home/emmm/Desktop/rm/ROS2/learn/chapter3/fastdds_ws/install/fastdds/share/fastdds/package.sh'
[130.823s] INFO:colcon.colcon_core.shell:Creating package script '/home/emmm/Desktop/rm/ROS2/learn/chapter3/fastdds_ws/install/fastdds/share/fastdds/package.bash'
[130.825s] INFO:colcon.colcon_core.shell:Creating package script '/home/emmm/Desktop/rm/ROS2/learn/chapter3/fastdds_ws/install/fastdds/share/fastdds/package.zsh'
[130.826s] Level 1:colcon.colcon_core.environment:create_file_with_runtime_dependencies(/home/emmm/Desktop/rm/ROS2/learn/chapter3/fastdds_ws/install/fastdds/share/colcon-core/packages/fastdds)
[130.826s] DEBUG:colcon.colcon_parallel_executor.executor.parallel:closing loop
[130.826s] DEBUG:colcon.colcon_parallel_executor.executor.parallel:loop closed
[130.826s] DEBUG:colcon.colcon_parallel_executor.executor.parallel:run_until_complete finished with '0'
[130.826s] DEBUG:colcon.colcon_core.event_reactor:joining thread
[130.837s] INFO:colcon.colcon_core.plugin_system:Skipping extension 'colcon_notification.desktop_notification.terminal_notifier': Not used on non-Darwin systems
[130.838s] INFO:colcon.colcon_core.plugin_system:Skipping extension 'colcon_notification.desktop_notification.win32': Not used on non-Windows systems
[130.838s] INFO:colcon.colcon_notification.desktop_notification:Sending desktop notification using 'notify2'
[130.862s] DEBUG:colcon.colcon_core.event_reactor:joined thread
[130.863s] INFO:colcon.colcon_core.shell:Creating prefix script '/home/emmm/Desktop/rm/ROS2/learn/chapter3/fastdds_ws/install/local_setup.ps1'
[130.865s] INFO:colcon.colcon_core.shell:Creating prefix util module '/home/emmm/Desktop/rm/ROS2/learn/chapter3/fastdds_ws/install/_local_setup_util_ps1.py'
[130.867s] INFO:colcon.colcon_core.shell:Creating prefix chain script '/home/emmm/Desktop/rm/ROS2/learn/chapter3/fastdds_ws/install/setup.ps1'
[130.869s] INFO:colcon.colcon_core.shell:Creating prefix script '/home/emmm/Desktop/rm/ROS2/learn/chapter3/fastdds_ws/install/local_setup.sh'
[130.870s] INFO:colcon.colcon_core.shell:Creating prefix util module '/home/emmm/Desktop/rm/ROS2/learn/chapter3/fastdds_ws/install/_local_setup_util_sh.py'
[130.871s] INFO:colcon.colcon_core.shell:Creating prefix chain script '/home/emmm/Desktop/rm/ROS2/learn/chapter3/fastdds_ws/install/setup.sh'
[130.872s] INFO:colcon.colcon_core.shell:Creating prefix script '/home/emmm/Desktop/rm/ROS2/learn/chapter3/fastdds_ws/install/local_setup.bash'
[130.873s] INFO:colcon.colcon_core.shell:Creating prefix chain script '/home/emmm/Desktop/rm/ROS2/learn/chapter3/fastdds_ws/install/setup.bash'
[130.874s] INFO:colcon.colcon_core.shell:Creating prefix script '/home/emmm/Desktop/rm/ROS2/learn/chapter3/fastdds_ws/install/local_setup.zsh'
[130.875s] INFO:colcon.colcon_core.shell:Creating prefix chain script '/home/emmm/Desktop/rm/ROS2/learn/chapter3/fastdds_ws/install/setup.zsh'
