[0.014s] Invoking command in '/home/emmm/Desktop/rm/ROS2/learn/chapter3/topic_ws/build/custom_interfaces': CMAKE_PREFIX_PATH=${CMAKE_PREFIX_PATH}:/opt/ros/humble /usr/bin/cmake /home/emmm/Desktop/rm/ROS2/learn/chapter3/topic_ws/src/custom_interfaces -DCMAKE_INSTALL_PREFIX=/home/emmm/Desktop/rm/ROS2/learn/chapter3/topic_ws/install/custom_interfaces
[0.095s] -- The C compiler identification is GNU 11.4.0
[0.153s] -- The CXX compiler identification is GNU 11.4.0
[0.162s] -- Detecting C compiler ABI info
[0.226s] -- Detecting C compiler ABI info - done
[0.231s] -- Check for working C compiler: /usr/bin/cc - skipped
[0.231s] -- Detecting C compile features
[0.232s] -- Detecting C compile features - done
[0.235s] -- Detecting CXX compiler ABI info
[0.307s] -- Detecting CXX compiler ABI info - done
[0.314s] -- Check for working CXX compiler: /usr/bin/c++ - skipped
[0.314s] -- Detecting CXX compile features
[0.314s] -- Detecting CXX compile features - done
[0.315s] -- Found ament_cmake: 1.3.12 (/opt/ros/humble/share/ament_cmake/cmake)
[0.438s] -- Found Python3: /usr/bin/python3 (found version "3.10.12") found components: Interpreter 
[0.514s] -- Found rosidl_default_generators: 1.2.0 (/opt/ros/humble/share/rosidl_default_generators/cmake)
[0.518s] -- Using all available rosidl_typesupport_c: rosidl_typesupport_fastrtps_c;rosidl_typesupport_introspection_c
[0.525s] -- Found rosidl_adapter: 3.1.8 (/opt/ros/humble/share/rosidl_adapter/cmake)
[0.552s] -- Using all available rosidl_typesupport_cpp: rosidl_typesupport_fastrtps_cpp;rosidl_typesupport_introspection_cpp
[0.854s] -- Found ament_cmake_ros: 0.10.0 (/opt/ros/humble/share/ament_cmake_ros/cmake)
[1.043s] -- Using all available rosidl_typesupport_c: rosidl_typesupport_fastrtps_c;rosidl_typesupport_introspection_c
[1.277s] -- Using all available rosidl_typesupport_cpp: rosidl_typesupport_fastrtps_cpp;rosidl_typesupport_introspection_cpp
[1.306s] -- Found PythonInterp: /usr/bin/python3 (found suitable version "3.10.12", minimum required is "3.6") 
[1.308s] -- Found python_cmake_module: 0.10.0 (/opt/ros/humble/share/python_cmake_module/cmake)
[1.342s] -- Found PythonLibs: /usr/lib/x86_64-linux-gnu/libpython3.10.so (found suitable version "3.10.12", minimum required is "3.5") 
[1.342s] -- Using PYTHON_EXECUTABLE: /usr/bin/python3
[1.342s] -- Using PYTHON_INCLUDE_DIRS: /usr/include/python3.10
[1.342s] -- Using PYTHON_LIBRARIES: /usr/lib/x86_64-linux-gnu/libpython3.10.so
[1.364s] -- Found PythonExtra: .so  
[1.398s] -- Found ament_lint_auto: 0.12.14 (/opt/ros/humble/share/ament_lint_auto/cmake)
[1.422s] -- Added test 'lint_cmake' to check CMake code style
[1.423s] -- Added test 'xmllint' to check XML markup files
[1.426s] -- Configuring done
[1.460s] -- Generating done
[1.473s] -- Build files have been written to: /home/emmm/Desktop/rm/ROS2/learn/chapter3/topic_ws/build/custom_interfaces
[1.481s] Invoked command in '/home/emmm/Desktop/rm/ROS2/learn/chapter3/topic_ws/build/custom_interfaces' returned '0': CMAKE_PREFIX_PATH=${CMAKE_PREFIX_PATH}:/opt/ros/humble /usr/bin/cmake /home/emmm/Desktop/rm/ROS2/learn/chapter3/topic_ws/src/custom_interfaces -DCMAKE_INSTALL_PREFIX=/home/emmm/Desktop/rm/ROS2/learn/chapter3/topic_ws/install/custom_interfaces
[1.483s] Invoking command in '/home/emmm/Desktop/rm/ROS2/learn/chapter3/topic_ws/build/custom_interfaces': CMAKE_PREFIX_PATH=${CMAKE_PREFIX_PATH}:/opt/ros/humble /usr/bin/cmake --build /home/emmm/Desktop/rm/ROS2/learn/chapter3/topic_ws/build/custom_interfaces -- -j12 -l12
[1.533s] [  3%] [34m[1mGenerating C code for ROS interfaces[0m
[1.544s] [  6%] [34m[1mGenerating C++ code for ROS interfaces[0m
[1.555s] [  6%] Built target ament_cmake_python_copy_custom_interfaces
[1.859s] running egg_info
[1.859s] creating custom_interfaces.egg-info
[1.859s] writing custom_interfaces.egg-info/PKG-INFO
[1.859s] writing dependency_links to custom_interfaces.egg-info/dependency_links.txt
[1.859s] writing top-level names to custom_interfaces.egg-info/top_level.txt
[1.860s] writing manifest file 'custom_interfaces.egg-info/SOURCES.txt'
[1.865s] reading manifest file 'custom_interfaces.egg-info/SOURCES.txt'
[1.865s] writing manifest file 'custom_interfaces.egg-info/SOURCES.txt'
[1.903s] [  6%] Built target ament_cmake_python_build_custom_interfaces_egg
[1.944s] [  6%] Built target custom_interfaces__cpp
[1.952s] [  9%] [34m[1mGenerating C++ type support for eProsima Fast-RTPS[0m
[1.953s] [ 12%] [32mBuilding C object CMakeFiles/custom_interfaces__rosidl_generator_c.dir/rosidl_generator_c/custom_interfaces/msg/detail/my_message__functions.c.o[0m
[1.955s] [ 19%] [34m[1mGenerating C++ type support dispatch for ROS interfaces[0m
[1.955s] [ 19%] [34m[1mGenerating C++ introspection for ROS interfaces[0m
[2.018s] [ 22%] [32m[1mLinking C shared library libcustom_interfaces__rosidl_generator_c.so[0m
[2.066s] [ 22%] Built target custom_interfaces__rosidl_generator_c
[2.078s] [ 25%] [34m[1mGenerating C type support for eProsima Fast-RTPS[0m
[2.078s] [ 29%] [34m[1mGenerating C introspection for ROS interfaces[0m
[2.080s] [ 32%] [34m[1mGenerating C type support dispatch for ROS interfaces[0m
[2.187s] [ 35%] [32mBuilding CXX object CMakeFiles/custom_interfaces__rosidl_typesupport_cpp.dir/rosidl_typesupport_cpp/custom_interfaces/msg/my_message__type_support.cpp.o[0m
[2.318s] [ 41%] [32mBuilding CXX object CMakeFiles/custom_interfaces__rosidl_typesupport_introspection_cpp.dir/rosidl_typesupport_introspection_cpp/custom_interfaces/msg/detail/my_message__type_support.cpp.o[0m
[2.318s] [ 41%] [32mBuilding CXX object CMakeFiles/custom_interfaces__rosidl_typesupport_fastrtps_cpp.dir/rosidl_typesupport_fastrtps_cpp/custom_interfaces/msg/detail/dds_fastrtps/my_message__type_support.cpp.o[0m
[2.375s] [ 45%] [32m[1mLinking CXX shared library libcustom_interfaces__rosidl_typesupport_cpp.so[0m
[2.379s] [ 48%] [32mBuilding CXX object CMakeFiles/custom_interfaces__rosidl_typesupport_c.dir/rosidl_typesupport_c/custom_interfaces/msg/my_message__type_support.cpp.o[0m
[2.411s] [ 51%] [32m[1mLinking CXX shared library libcustom_interfaces__rosidl_typesupport_c.so[0m
[2.414s] [ 51%] Built target custom_interfaces__rosidl_typesupport_cpp
[2.442s] [ 54%] [32mBuilding C object CMakeFiles/custom_interfaces__rosidl_typesupport_introspection_c.dir/rosidl_typesupport_introspection_c/custom_interfaces/msg/detail/my_message__type_support.c.o[0m
[2.453s] [ 54%] Built target custom_interfaces__rosidl_typesupport_c
[2.455s] [ 58%] [32mBuilding CXX object CMakeFiles/custom_interfaces__rosidl_typesupport_fastrtps_c.dir/rosidl_typesupport_fastrtps_c/custom_interfaces/msg/detail/my_message__type_support_c.cpp.o[0m
[2.484s] [ 61%] [32m[1mLinking C shared library libcustom_interfaces__rosidl_typesupport_introspection_c.so[0m
[2.519s] [ 61%] Built target custom_interfaces__rosidl_typesupport_introspection_c
[2.617s] [ 64%] [32m[1mLinking CXX shared library libcustom_interfaces__rosidl_typesupport_fastrtps_cpp.so[0m
[2.668s] [ 67%] [32m[1mLinking CXX shared library libcustom_interfaces__rosidl_typesupport_introspection_cpp.so[0m
[2.700s] [ 67%] Built target custom_interfaces__rosidl_typesupport_fastrtps_cpp
[2.766s] [ 67%] Built target custom_interfaces__rosidl_typesupport_introspection_cpp
[2.912s] [ 70%] [32m[1mLinking CXX shared library libcustom_interfaces__rosidl_typesupport_fastrtps_c.so[0m
[2.988s] [ 70%] Built target custom_interfaces__rosidl_typesupport_fastrtps_c
[3.010s] [ 70%] Built target custom_interfaces
[3.030s] [ 74%] [34m[1mGenerating Python code for ROS interfaces[0m
[3.459s] [ 74%] Built target custom_interfaces__py
[3.484s] [ 77%] [32mBuilding C object CMakeFiles/custom_interfaces__rosidl_generator_py.dir/rosidl_generator_py/custom_interfaces/msg/_my_message_s.c.o[0m
[3.616s] [ 80%] [32m[1mLinking C shared library rosidl_generator_py/custom_interfaces/libcustom_interfaces__rosidl_generator_py.so[0m
[3.662s] [ 80%] Built target custom_interfaces__rosidl_generator_py
[3.687s] [ 90%] [32mBuilding C object CMakeFiles/custom_interfaces__rosidl_typesupport_c__pyext.dir/rosidl_generator_py/custom_interfaces/_custom_interfaces_s.ep.rosidl_typesupport_c.c.o[0m
[3.687s] [ 90%] [32mBuilding C object CMakeFiles/custom_interfaces__rosidl_typesupport_fastrtps_c__pyext.dir/rosidl_generator_py/custom_interfaces/_custom_interfaces_s.ep.rosidl_typesupport_fastrtps_c.c.o[0m
[3.687s] [ 90%] [32mBuilding C object CMakeFiles/custom_interfaces__rosidl_typesupport_introspection_c__pyext.dir/rosidl_generator_py/custom_interfaces/_custom_interfaces_s.ep.rosidl_typesupport_introspection_c.c.o[0m
[3.763s] [ 93%] [32m[1mLinking C shared library rosidl_generator_py/custom_interfaces/custom_interfaces_s__rosidl_typesupport_c.cpython-310-x86_64-linux-gnu.so[0m
[3.787s] [ 93%] Built target custom_interfaces__rosidl_typesupport_c__pyext
[3.799s] [ 96%] [32m[1mLinking C shared library rosidl_generator_py/custom_interfaces/custom_interfaces_s__rosidl_typesupport_introspection_c.cpython-310-x86_64-linux-gnu.so[0m
[3.805s] [100%] [32m[1mLinking C shared library rosidl_generator_py/custom_interfaces/custom_interfaces_s__rosidl_typesupport_fastrtps_c.cpython-310-x86_64-linux-gnu.so[0m
[3.828s] [100%] Built target custom_interfaces__rosidl_typesupport_introspection_c__pyext
[3.847s] [100%] Built target custom_interfaces__rosidl_typesupport_fastrtps_c__pyext
[3.861s] Invoked command in '/home/emmm/Desktop/rm/ROS2/learn/chapter3/topic_ws/build/custom_interfaces' returned '0': CMAKE_PREFIX_PATH=${CMAKE_PREFIX_PATH}:/opt/ros/humble /usr/bin/cmake --build /home/emmm/Desktop/rm/ROS2/learn/chapter3/topic_ws/build/custom_interfaces -- -j12 -l12
[3.879s] Invoking command in '/home/emmm/Desktop/rm/ROS2/learn/chapter3/topic_ws/build/custom_interfaces': CMAKE_PREFIX_PATH=${CMAKE_PREFIX_PATH}:/opt/ros/humble /usr/bin/cmake --install /home/emmm/Desktop/rm/ROS2/learn/chapter3/topic_ws/build/custom_interfaces
[3.891s] -- Install configuration: ""
[3.892s] -- Installing: /home/emmm/Desktop/rm/ROS2/learn/chapter3/topic_ws/install/custom_interfaces/share/ament_index/resource_index/rosidl_interfaces/custom_interfaces
[3.892s] -- Installing: /home/emmm/Desktop/rm/ROS2/learn/chapter3/topic_ws/install/custom_interfaces/include/custom_interfaces/custom_interfaces
[3.892s] -- Installing: /home/emmm/Desktop/rm/ROS2/learn/chapter3/topic_ws/install/custom_interfaces/include/custom_interfaces/custom_interfaces/msg
[3.893s] -- Installing: /home/emmm/Desktop/rm/ROS2/learn/chapter3/topic_ws/install/custom_interfaces/include/custom_interfaces/custom_interfaces/msg/rosidl_generator_c__visibility_control.h
[3.893s] -- Installing: /home/emmm/Desktop/rm/ROS2/learn/chapter3/topic_ws/install/custom_interfaces/include/custom_interfaces/custom_interfaces/msg/my_message.h
[3.893s] -- Installing: /home/emmm/Desktop/rm/ROS2/learn/chapter3/topic_ws/install/custom_interfaces/include/custom_interfaces/custom_interfaces/msg/detail
[3.893s] -- Installing: /home/emmm/Desktop/rm/ROS2/learn/chapter3/topic_ws/install/custom_interfaces/include/custom_interfaces/custom_interfaces/msg/detail/my_message__functions.h
[3.893s] -- Installing: /home/emmm/Desktop/rm/ROS2/learn/chapter3/topic_ws/install/custom_interfaces/include/custom_interfaces/custom_interfaces/msg/detail/my_message__type_support.h
[3.893s] -- Installing: /home/emmm/Desktop/rm/ROS2/learn/chapter3/topic_ws/install/custom_interfaces/include/custom_interfaces/custom_interfaces/msg/detail/my_message__functions.c
[3.893s] -- Installing: /home/emmm/Desktop/rm/ROS2/learn/chapter3/topic_ws/install/custom_interfaces/include/custom_interfaces/custom_interfaces/msg/detail/my_message__struct.h
[3.893s] -- Installing: /home/emmm/Desktop/rm/ROS2/learn/chapter3/topic_ws/install/custom_interfaces/share/custom_interfaces/environment/library_path.sh
[3.894s] -- Installing: /home/emmm/Desktop/rm/ROS2/learn/chapter3/topic_ws/install/custom_interfaces/share/custom_interfaces/environment/library_path.dsv
[3.894s] -- Installing: /home/emmm/Desktop/rm/ROS2/learn/chapter3/topic_ws/install/custom_interfaces/lib/libcustom_interfaces__rosidl_generator_c.so
[3.894s] -- Set runtime path of "/home/emmm/Desktop/rm/ROS2/learn/chapter3/topic_ws/install/custom_interfaces/lib/libcustom_interfaces__rosidl_generator_c.so" to ""
[3.894s] -- Up-to-date: /home/emmm/Desktop/rm/ROS2/learn/chapter3/topic_ws/install/custom_interfaces/include/custom_interfaces/custom_interfaces
[3.894s] -- Up-to-date: /home/emmm/Desktop/rm/ROS2/learn/chapter3/topic_ws/install/custom_interfaces/include/custom_interfaces/custom_interfaces/msg
[3.895s] -- Installing: /home/emmm/Desktop/rm/ROS2/learn/chapter3/topic_ws/install/custom_interfaces/include/custom_interfaces/custom_interfaces/msg/rosidl_typesupport_fastrtps_c__visibility_control.h
[3.895s] -- Up-to-date: /home/emmm/Desktop/rm/ROS2/learn/chapter3/topic_ws/install/custom_interfaces/include/custom_interfaces/custom_interfaces/msg/detail
[3.895s] -- Installing: /home/emmm/Desktop/rm/ROS2/learn/chapter3/topic_ws/install/custom_interfaces/include/custom_interfaces/custom_interfaces/msg/detail/my_message__rosidl_typesupport_fastrtps_c.h
[3.895s] -- Installing: /home/emmm/Desktop/rm/ROS2/learn/chapter3/topic_ws/install/custom_interfaces/lib/libcustom_interfaces__rosidl_typesupport_fastrtps_c.so
[3.895s] -- Set runtime path of "/home/emmm/Desktop/rm/ROS2/learn/chapter3/topic_ws/install/custom_interfaces/lib/libcustom_interfaces__rosidl_typesupport_fastrtps_c.so" to ""
[3.895s] -- Up-to-date: /home/emmm/Desktop/rm/ROS2/learn/chapter3/topic_ws/install/custom_interfaces/include/custom_interfaces/custom_interfaces
[3.895s] -- Up-to-date: /home/emmm/Desktop/rm/ROS2/learn/chapter3/topic_ws/install/custom_interfaces/include/custom_interfaces/custom_interfaces/msg
[3.895s] -- Installing: /home/emmm/Desktop/rm/ROS2/learn/chapter3/topic_ws/install/custom_interfaces/include/custom_interfaces/custom_interfaces/msg/rosidl_typesupport_introspection_c__visibility_control.h
[3.895s] -- Up-to-date: /home/emmm/Desktop/rm/ROS2/learn/chapter3/topic_ws/install/custom_interfaces/include/custom_interfaces/custom_interfaces/msg/detail
[3.895s] -- Installing: /home/emmm/Desktop/rm/ROS2/learn/chapter3/topic_ws/install/custom_interfaces/include/custom_interfaces/custom_interfaces/msg/detail/my_message__rosidl_typesupport_introspection_c.h
[3.895s] -- Installing: /home/emmm/Desktop/rm/ROS2/learn/chapter3/topic_ws/install/custom_interfaces/include/custom_interfaces/custom_interfaces/msg/detail/my_message__type_support.c
[3.895s] -- Installing: /home/emmm/Desktop/rm/ROS2/learn/chapter3/topic_ws/install/custom_interfaces/lib/libcustom_interfaces__rosidl_typesupport_introspection_c.so
[3.896s] -- Set runtime path of "/home/emmm/Desktop/rm/ROS2/learn/chapter3/topic_ws/install/custom_interfaces/lib/libcustom_interfaces__rosidl_typesupport_introspection_c.so" to ""
[3.896s] -- Installing: /home/emmm/Desktop/rm/ROS2/learn/chapter3/topic_ws/install/custom_interfaces/lib/libcustom_interfaces__rosidl_typesupport_c.so
[3.896s] -- Set runtime path of "/home/emmm/Desktop/rm/ROS2/learn/chapter3/topic_ws/install/custom_interfaces/lib/libcustom_interfaces__rosidl_typesupport_c.so" to ""
[3.896s] -- Up-to-date: /home/emmm/Desktop/rm/ROS2/learn/chapter3/topic_ws/install/custom_interfaces/include/custom_interfaces/custom_interfaces
[3.897s] -- Up-to-date: /home/emmm/Desktop/rm/ROS2/learn/chapter3/topic_ws/install/custom_interfaces/include/custom_interfaces/custom_interfaces/msg
[3.897s] -- Installing: /home/emmm/Desktop/rm/ROS2/learn/chapter3/topic_ws/install/custom_interfaces/include/custom_interfaces/custom_interfaces/msg/rosidl_generator_cpp__visibility_control.hpp
[3.897s] -- Installing: /home/emmm/Desktop/rm/ROS2/learn/chapter3/topic_ws/install/custom_interfaces/include/custom_interfaces/custom_interfaces/msg/my_message.hpp
[3.897s] -- Up-to-date: /home/emmm/Desktop/rm/ROS2/learn/chapter3/topic_ws/install/custom_interfaces/include/custom_interfaces/custom_interfaces/msg/detail
[3.897s] -- Installing: /home/emmm/Desktop/rm/ROS2/learn/chapter3/topic_ws/install/custom_interfaces/include/custom_interfaces/custom_interfaces/msg/detail/my_message__type_support.hpp
[3.897s] -- Installing: /home/emmm/Desktop/rm/ROS2/learn/chapter3/topic_ws/install/custom_interfaces/include/custom_interfaces/custom_interfaces/msg/detail/my_message__struct.hpp
[3.897s] -- Installing: /home/emmm/Desktop/rm/ROS2/learn/chapter3/topic_ws/install/custom_interfaces/include/custom_interfaces/custom_interfaces/msg/detail/my_message__traits.hpp
[3.897s] -- Installing: /home/emmm/Desktop/rm/ROS2/learn/chapter3/topic_ws/install/custom_interfaces/include/custom_interfaces/custom_interfaces/msg/detail/my_message__builder.hpp
[3.898s] -- Up-to-date: /home/emmm/Desktop/rm/ROS2/learn/chapter3/topic_ws/install/custom_interfaces/include/custom_interfaces/custom_interfaces
[3.898s] -- Up-to-date: /home/emmm/Desktop/rm/ROS2/learn/chapter3/topic_ws/install/custom_interfaces/include/custom_interfaces/custom_interfaces/msg
[3.898s] -- Installing: /home/emmm/Desktop/rm/ROS2/learn/chapter3/topic_ws/install/custom_interfaces/include/custom_interfaces/custom_interfaces/msg/rosidl_typesupport_fastrtps_cpp__visibility_control.h
[3.898s] -- Up-to-date: /home/emmm/Desktop/rm/ROS2/learn/chapter3/topic_ws/install/custom_interfaces/include/custom_interfaces/custom_interfaces/msg/detail
[3.898s] -- Installing: /home/emmm/Desktop/rm/ROS2/learn/chapter3/topic_ws/install/custom_interfaces/include/custom_interfaces/custom_interfaces/msg/detail/dds_fastrtps
[3.898s] -- Installing: /home/emmm/Desktop/rm/ROS2/learn/chapter3/topic_ws/install/custom_interfaces/include/custom_interfaces/custom_interfaces/msg/detail/my_message__rosidl_typesupport_fastrtps_cpp.hpp
[3.898s] -- Installing: /home/emmm/Desktop/rm/ROS2/learn/chapter3/topic_ws/install/custom_interfaces/lib/libcustom_interfaces__rosidl_typesupport_fastrtps_cpp.so
[3.899s] -- Set runtime path of "/home/emmm/Desktop/rm/ROS2/learn/chapter3/topic_ws/install/custom_interfaces/lib/libcustom_interfaces__rosidl_typesupport_fastrtps_cpp.so" to ""
[3.899s] -- Up-to-date: /home/emmm/Desktop/rm/ROS2/learn/chapter3/topic_ws/install/custom_interfaces/include/custom_interfaces/custom_interfaces
[3.899s] -- Up-to-date: /home/emmm/Desktop/rm/ROS2/learn/chapter3/topic_ws/install/custom_interfaces/include/custom_interfaces/custom_interfaces/msg
[3.899s] -- Up-to-date: /home/emmm/Desktop/rm/ROS2/learn/chapter3/topic_ws/install/custom_interfaces/include/custom_interfaces/custom_interfaces/msg/detail
[3.899s] -- Installing: /home/emmm/Desktop/rm/ROS2/learn/chapter3/topic_ws/install/custom_interfaces/include/custom_interfaces/custom_interfaces/msg/detail/my_message__type_support.cpp
[3.899s] -- Installing: /home/emmm/Desktop/rm/ROS2/learn/chapter3/topic_ws/install/custom_interfaces/include/custom_interfaces/custom_interfaces/msg/detail/my_message__rosidl_typesupport_introspection_cpp.hpp
[3.900s] -- Installing: /home/emmm/Desktop/rm/ROS2/learn/chapter3/topic_ws/install/custom_interfaces/lib/libcustom_interfaces__rosidl_typesupport_introspection_cpp.so
[3.900s] -- Set runtime path of "/home/emmm/Desktop/rm/ROS2/learn/chapter3/topic_ws/install/custom_interfaces/lib/libcustom_interfaces__rosidl_typesupport_introspection_cpp.so" to ""
[3.900s] -- Installing: /home/emmm/Desktop/rm/ROS2/learn/chapter3/topic_ws/install/custom_interfaces/lib/libcustom_interfaces__rosidl_typesupport_cpp.so
[3.900s] -- Set runtime path of "/home/emmm/Desktop/rm/ROS2/learn/chapter3/topic_ws/install/custom_interfaces/lib/libcustom_interfaces__rosidl_typesupport_cpp.so" to ""
[3.900s] -- Installing: /home/emmm/Desktop/rm/ROS2/learn/chapter3/topic_ws/install/custom_interfaces/share/custom_interfaces/environment/pythonpath.sh
[3.901s] -- Installing: /home/emmm/Desktop/rm/ROS2/learn/chapter3/topic_ws/install/custom_interfaces/share/custom_interfaces/environment/pythonpath.dsv
[3.901s] -- Installing: /home/emmm/Desktop/rm/ROS2/learn/chapter3/topic_ws/install/custom_interfaces/local/lib/python3.10/dist-packages/custom_interfaces-0.0.0-py3.10.egg-info
[3.901s] -- Installing: /home/emmm/Desktop/rm/ROS2/learn/chapter3/topic_ws/install/custom_interfaces/local/lib/python3.10/dist-packages/custom_interfaces-0.0.0-py3.10.egg-info/PKG-INFO
[3.901s] -- Installing: /home/emmm/Desktop/rm/ROS2/learn/chapter3/topic_ws/install/custom_interfaces/local/lib/python3.10/dist-packages/custom_interfaces-0.0.0-py3.10.egg-info/dependency_links.txt
[3.901s] -- Installing: /home/emmm/Desktop/rm/ROS2/learn/chapter3/topic_ws/install/custom_interfaces/local/lib/python3.10/dist-packages/custom_interfaces-0.0.0-py3.10.egg-info/SOURCES.txt
[3.901s] -- Installing: /home/emmm/Desktop/rm/ROS2/learn/chapter3/topic_ws/install/custom_interfaces/local/lib/python3.10/dist-packages/custom_interfaces-0.0.0-py3.10.egg-info/top_level.txt
[3.901s] -- Installing: /home/emmm/Desktop/rm/ROS2/learn/chapter3/topic_ws/install/custom_interfaces/local/lib/python3.10/dist-packages/custom_interfaces
[3.901s] -- Installing: /home/emmm/Desktop/rm/ROS2/learn/chapter3/topic_ws/install/custom_interfaces/local/lib/python3.10/dist-packages/custom_interfaces/_custom_interfaces_s.ep.rosidl_typesupport_fastrtps_c.c
[3.902s] -- Installing: /home/emmm/Desktop/rm/ROS2/learn/chapter3/topic_ws/install/custom_interfaces/local/lib/python3.10/dist-packages/custom_interfaces/custom_interfaces_s__rosidl_typesupport_c.cpython-310-x86_64-linux-gnu.so
[3.902s] -- Installing: /home/emmm/Desktop/rm/ROS2/learn/chapter3/topic_ws/install/custom_interfaces/local/lib/python3.10/dist-packages/custom_interfaces/msg
[3.902s] -- Installing: /home/emmm/Desktop/rm/ROS2/learn/chapter3/topic_ws/install/custom_interfaces/local/lib/python3.10/dist-packages/custom_interfaces/msg/__init__.py
[3.902s] -- Installing: /home/emmm/Desktop/rm/ROS2/learn/chapter3/topic_ws/install/custom_interfaces/local/lib/python3.10/dist-packages/custom_interfaces/msg/_my_message_s.c
[3.902s] -- Installing: /home/emmm/Desktop/rm/ROS2/learn/chapter3/topic_ws/install/custom_interfaces/local/lib/python3.10/dist-packages/custom_interfaces/msg/_my_message.py
[3.903s] -- Installing: /home/emmm/Desktop/rm/ROS2/learn/chapter3/topic_ws/install/custom_interfaces/local/lib/python3.10/dist-packages/custom_interfaces/custom_interfaces_s__rosidl_typesupport_introspection_c.cpython-310-x86_64-linux-gnu.so
[3.903s] -- Installing: /home/emmm/Desktop/rm/ROS2/learn/chapter3/topic_ws/install/custom_interfaces/local/lib/python3.10/dist-packages/custom_interfaces/libcustom_interfaces__rosidl_generator_py.so
[3.903s] -- Installing: /home/emmm/Desktop/rm/ROS2/learn/chapter3/topic_ws/install/custom_interfaces/local/lib/python3.10/dist-packages/custom_interfaces/_custom_interfaces_s.ep.rosidl_typesupport_c.c
[3.903s] -- Installing: /home/emmm/Desktop/rm/ROS2/learn/chapter3/topic_ws/install/custom_interfaces/local/lib/python3.10/dist-packages/custom_interfaces/__init__.py
[3.903s] -- Installing: /home/emmm/Desktop/rm/ROS2/learn/chapter3/topic_ws/install/custom_interfaces/local/lib/python3.10/dist-packages/custom_interfaces/_custom_interfaces_s.ep.rosidl_typesupport_introspection_c.c
[3.903s] -- Installing: /home/emmm/Desktop/rm/ROS2/learn/chapter3/topic_ws/install/custom_interfaces/local/lib/python3.10/dist-packages/custom_interfaces/custom_interfaces_s__rosidl_typesupport_fastrtps_c.cpython-310-x86_64-linux-gnu.so
[3.939s] Listing '/home/emmm/Desktop/rm/ROS2/learn/chapter3/topic_ws/install/custom_interfaces/local/lib/python3.10/dist-packages/custom_interfaces'...
[3.939s] Compiling '/home/emmm/Desktop/rm/ROS2/learn/chapter3/topic_ws/install/custom_interfaces/local/lib/python3.10/dist-packages/custom_interfaces/__init__.py'...
[3.939s] Listing '/home/emmm/Desktop/rm/ROS2/learn/chapter3/topic_ws/install/custom_interfaces/local/lib/python3.10/dist-packages/custom_interfaces/msg'...
[3.939s] Compiling '/home/emmm/Desktop/rm/ROS2/learn/chapter3/topic_ws/install/custom_interfaces/local/lib/python3.10/dist-packages/custom_interfaces/msg/__init__.py'...
[3.939s] Compiling '/home/emmm/Desktop/rm/ROS2/learn/chapter3/topic_ws/install/custom_interfaces/local/lib/python3.10/dist-packages/custom_interfaces/msg/_my_message.py'...
[3.948s] -- Installing: /home/emmm/Desktop/rm/ROS2/learn/chapter3/topic_ws/install/custom_interfaces/local/lib/python3.10/dist-packages/custom_interfaces/custom_interfaces_s__rosidl_typesupport_fastrtps_c.cpython-310-x86_64-linux-gnu.so
[3.948s] -- Set runtime path of "/home/emmm/Desktop/rm/ROS2/learn/chapter3/topic_ws/install/custom_interfaces/local/lib/python3.10/dist-packages/custom_interfaces/custom_interfaces_s__rosidl_typesupport_fastrtps_c.cpython-310-x86_64-linux-gnu.so" to ""
[3.949s] -- Installing: /home/emmm/Desktop/rm/ROS2/learn/chapter3/topic_ws/install/custom_interfaces/local/lib/python3.10/dist-packages/custom_interfaces/custom_interfaces_s__rosidl_typesupport_introspection_c.cpython-310-x86_64-linux-gnu.so
[3.949s] -- Set runtime path of "/home/emmm/Desktop/rm/ROS2/learn/chapter3/topic_ws/install/custom_interfaces/local/lib/python3.10/dist-packages/custom_interfaces/custom_interfaces_s__rosidl_typesupport_introspection_c.cpython-310-x86_64-linux-gnu.so" to ""
[3.949s] -- Installing: /home/emmm/Desktop/rm/ROS2/learn/chapter3/topic_ws/install/custom_interfaces/local/lib/python3.10/dist-packages/custom_interfaces/custom_interfaces_s__rosidl_typesupport_c.cpython-310-x86_64-linux-gnu.so
[3.950s] -- Set runtime path of "/home/emmm/Desktop/rm/ROS2/learn/chapter3/topic_ws/install/custom_interfaces/local/lib/python3.10/dist-packages/custom_interfaces/custom_interfaces_s__rosidl_typesupport_c.cpython-310-x86_64-linux-gnu.so" to ""
[3.950s] -- Installing: /home/emmm/Desktop/rm/ROS2/learn/chapter3/topic_ws/install/custom_interfaces/lib/libcustom_interfaces__rosidl_generator_py.so
[3.950s] -- Set runtime path of "/home/emmm/Desktop/rm/ROS2/learn/chapter3/topic_ws/install/custom_interfaces/lib/libcustom_interfaces__rosidl_generator_py.so" to ""
[3.950s] -- Installing: /home/emmm/Desktop/rm/ROS2/learn/chapter3/topic_ws/install/custom_interfaces/share/custom_interfaces/msg/MyMessage.idl
[3.950s] -- Installing: /home/emmm/Desktop/rm/ROS2/learn/chapter3/topic_ws/install/custom_interfaces/share/custom_interfaces/msg/MyMessage.msg
[3.951s] -- Installing: /home/emmm/Desktop/rm/ROS2/learn/chapter3/topic_ws/install/custom_interfaces/share/ament_index/resource_index/package_run_dependencies/custom_interfaces
[3.951s] -- Installing: /home/emmm/Desktop/rm/ROS2/learn/chapter3/topic_ws/install/custom_interfaces/share/ament_index/resource_index/parent_prefix_path/custom_interfaces
[3.951s] -- Installing: /home/emmm/Desktop/rm/ROS2/learn/chapter3/topic_ws/install/custom_interfaces/share/custom_interfaces/environment/ament_prefix_path.sh
[3.951s] -- Installing: /home/emmm/Desktop/rm/ROS2/learn/chapter3/topic_ws/install/custom_interfaces/share/custom_interfaces/environment/ament_prefix_path.dsv
[3.951s] -- Installing: /home/emmm/Desktop/rm/ROS2/learn/chapter3/topic_ws/install/custom_interfaces/share/custom_interfaces/environment/path.sh
[3.952s] -- Installing: /home/emmm/Desktop/rm/ROS2/learn/chapter3/topic_ws/install/custom_interfaces/share/custom_interfaces/environment/path.dsv
[3.952s] -- Installing: /home/emmm/Desktop/rm/ROS2/learn/chapter3/topic_ws/install/custom_interfaces/share/custom_interfaces/local_setup.bash
[3.952s] -- Installing: /home/emmm/Desktop/rm/ROS2/learn/chapter3/topic_ws/install/custom_interfaces/share/custom_interfaces/local_setup.sh
[3.952s] -- Installing: /home/emmm/Desktop/rm/ROS2/learn/chapter3/topic_ws/install/custom_interfaces/share/custom_interfaces/local_setup.zsh
[3.952s] -- Installing: /home/emmm/Desktop/rm/ROS2/learn/chapter3/topic_ws/install/custom_interfaces/share/custom_interfaces/local_setup.dsv
[3.952s] -- Installing: /home/emmm/Desktop/rm/ROS2/learn/chapter3/topic_ws/install/custom_interfaces/share/custom_interfaces/package.dsv
[3.953s] -- Installing: /home/emmm/Desktop/rm/ROS2/learn/chapter3/topic_ws/install/custom_interfaces/share/ament_index/resource_index/packages/custom_interfaces
[3.953s] -- Installing: /home/emmm/Desktop/rm/ROS2/learn/chapter3/topic_ws/install/custom_interfaces/share/custom_interfaces/cmake/export_custom_interfaces__rosidl_generator_cExport.cmake
[3.953s] -- Installing: /home/emmm/Desktop/rm/ROS2/learn/chapter3/topic_ws/install/custom_interfaces/share/custom_interfaces/cmake/export_custom_interfaces__rosidl_generator_cExport-noconfig.cmake
[3.953s] -- Installing: /home/emmm/Desktop/rm/ROS2/learn/chapter3/topic_ws/install/custom_interfaces/share/custom_interfaces/cmake/export_custom_interfaces__rosidl_typesupport_fastrtps_cExport.cmake
[3.953s] -- Installing: /home/emmm/Desktop/rm/ROS2/learn/chapter3/topic_ws/install/custom_interfaces/share/custom_interfaces/cmake/export_custom_interfaces__rosidl_typesupport_fastrtps_cExport-noconfig.cmake
[3.954s] -- Installing: /home/emmm/Desktop/rm/ROS2/learn/chapter3/topic_ws/install/custom_interfaces/share/custom_interfaces/cmake/custom_interfaces__rosidl_typesupport_introspection_cExport.cmake
[3.954s] -- Installing: /home/emmm/Desktop/rm/ROS2/learn/chapter3/topic_ws/install/custom_interfaces/share/custom_interfaces/cmake/custom_interfaces__rosidl_typesupport_introspection_cExport-noconfig.cmake
[3.954s] -- Installing: /home/emmm/Desktop/rm/ROS2/learn/chapter3/topic_ws/install/custom_interfaces/share/custom_interfaces/cmake/custom_interfaces__rosidl_typesupport_cExport.cmake
[3.954s] -- Installing: /home/emmm/Desktop/rm/ROS2/learn/chapter3/topic_ws/install/custom_interfaces/share/custom_interfaces/cmake/custom_interfaces__rosidl_typesupport_cExport-noconfig.cmake
[3.954s] -- Installing: /home/emmm/Desktop/rm/ROS2/learn/chapter3/topic_ws/install/custom_interfaces/share/custom_interfaces/cmake/export_custom_interfaces__rosidl_generator_cppExport.cmake
[3.955s] -- Installing: /home/emmm/Desktop/rm/ROS2/learn/chapter3/topic_ws/install/custom_interfaces/share/custom_interfaces/cmake/export_custom_interfaces__rosidl_typesupport_fastrtps_cppExport.cmake
[3.955s] -- Installing: /home/emmm/Desktop/rm/ROS2/learn/chapter3/topic_ws/install/custom_interfaces/share/custom_interfaces/cmake/export_custom_interfaces__rosidl_typesupport_fastrtps_cppExport-noconfig.cmake
[3.955s] -- Installing: /home/emmm/Desktop/rm/ROS2/learn/chapter3/topic_ws/install/custom_interfaces/share/custom_interfaces/cmake/custom_interfaces__rosidl_typesupport_introspection_cppExport.cmake
[3.955s] -- Installing: /home/emmm/Desktop/rm/ROS2/learn/chapter3/topic_ws/install/custom_interfaces/share/custom_interfaces/cmake/custom_interfaces__rosidl_typesupport_introspection_cppExport-noconfig.cmake
[3.955s] -- Installing: /home/emmm/Desktop/rm/ROS2/learn/chapter3/topic_ws/install/custom_interfaces/share/custom_interfaces/cmake/custom_interfaces__rosidl_typesupport_cppExport.cmake
[3.956s] -- Installing: /home/emmm/Desktop/rm/ROS2/learn/chapter3/topic_ws/install/custom_interfaces/share/custom_interfaces/cmake/custom_interfaces__rosidl_typesupport_cppExport-noconfig.cmake
[3.956s] -- Installing: /home/emmm/Desktop/rm/ROS2/learn/chapter3/topic_ws/install/custom_interfaces/share/custom_interfaces/cmake/export_custom_interfaces__rosidl_generator_pyExport.cmake
[3.956s] -- Installing: /home/emmm/Desktop/rm/ROS2/learn/chapter3/topic_ws/install/custom_interfaces/share/custom_interfaces/cmake/export_custom_interfaces__rosidl_generator_pyExport-noconfig.cmake
[3.956s] -- Installing: /home/emmm/Desktop/rm/ROS2/learn/chapter3/topic_ws/install/custom_interfaces/share/custom_interfaces/cmake/rosidl_cmake-extras.cmake
[3.956s] -- Installing: /home/emmm/Desktop/rm/ROS2/learn/chapter3/topic_ws/install/custom_interfaces/share/custom_interfaces/cmake/ament_cmake_export_include_directories-extras.cmake
[3.957s] -- Installing: /home/emmm/Desktop/rm/ROS2/learn/chapter3/topic_ws/install/custom_interfaces/share/custom_interfaces/cmake/ament_cmake_export_libraries-extras.cmake
[3.957s] -- Installing: /home/emmm/Desktop/rm/ROS2/learn/chapter3/topic_ws/install/custom_interfaces/share/custom_interfaces/cmake/ament_cmake_export_targets-extras.cmake
[3.957s] -- Installing: /home/emmm/Desktop/rm/ROS2/learn/chapter3/topic_ws/install/custom_interfaces/share/custom_interfaces/cmake/rosidl_cmake_export_typesupport_targets-extras.cmake
[3.957s] -- Installing: /home/emmm/Desktop/rm/ROS2/learn/chapter3/topic_ws/install/custom_interfaces/share/custom_interfaces/cmake/ament_cmake_export_dependencies-extras.cmake
[3.957s] -- Installing: /home/emmm/Desktop/rm/ROS2/learn/chapter3/topic_ws/install/custom_interfaces/share/custom_interfaces/cmake/rosidl_cmake_export_typesupport_libraries-extras.cmake
[3.958s] -- Installing: /home/emmm/Desktop/rm/ROS2/learn/chapter3/topic_ws/install/custom_interfaces/share/custom_interfaces/cmake/custom_interfacesConfig.cmake
[3.958s] -- Installing: /home/emmm/Desktop/rm/ROS2/learn/chapter3/topic_ws/install/custom_interfaces/share/custom_interfaces/cmake/custom_interfacesConfig-version.cmake
[3.958s] -- Installing: /home/emmm/Desktop/rm/ROS2/learn/chapter3/topic_ws/install/custom_interfaces/share/custom_interfaces/package.xml
[3.962s] Invoked command in '/home/emmm/Desktop/rm/ROS2/learn/chapter3/topic_ws/build/custom_interfaces' returned '0': CMAKE_PREFIX_PATH=${CMAKE_PREFIX_PATH}:/opt/ros/humble /usr/bin/cmake --install /home/emmm/Desktop/rm/ROS2/learn/chapter3/topic_ws/build/custom_interfaces
