[0.009s] Invoking command in '/home/emmm/Desktop/rm/ROS2/learn/chapter3/fastdds_ws/build/fastdds': CMAKE_PREFIX_PATH=/home/emmm/Desktop/rm/ROS2/learn/chapter3/fastdds_ws/install/foonathan_memory_vendor:/home/emmm/Desktop/rm/ROS2/learn/chapter3/fastdds_ws/install/fastcdr LD_LIBRARY_PATH=/home/emmm/Desktop/rm/ROS2/learn/chapter3/fastdds_ws/install/fastcdr/lib:${LD_LIBRARY_PATH} PKG_CONFIG_PATH=/home/emmm/Desktop/rm/ROS2/learn/chapter3/fastdds_ws/install/foonathan_memory_vendor/lib/x86_64-linux-gnu/pkgconfig:/home/emmm/Desktop/rm/ROS2/learn/chapter3/fastdds_ws/install/foonathan_memory_vendor/lib/pkgconfig /usr/bin/cmake --build /home/emmm/Desktop/rm/ROS2/learn/chapter3/fastdds_ws/build/fastdds -- -j12 -l12
[0.157s] [35m[1mConsolidate compiler generated dependencies of target fastdds[0m
[0.383s] [ 99%] Built target fastdds
[0.395s] [35m[1mConsolidate compiler generated dependencies of target fast-discovery-server[0m
[0.413s] [100%] Built target fast-discovery-server
[0.424s] Invoked command in '/home/emmm/Desktop/rm/ROS2/learn/chapter3/fastdds_ws/build/fastdds' returned '0': CMAKE_PREFIX_PATH=/home/emmm/Desktop/rm/ROS2/learn/chapter3/fastdds_ws/install/foonathan_memory_vendor:/home/emmm/Desktop/rm/ROS2/learn/chapter3/fastdds_ws/install/fastcdr LD_LIBRARY_PATH=/home/emmm/Desktop/rm/ROS2/learn/chapter3/fastdds_ws/install/fastcdr/lib:${LD_LIBRARY_PATH} PKG_CONFIG_PATH=/home/emmm/Desktop/rm/ROS2/learn/chapter3/fastdds_ws/install/foonathan_memory_vendor/lib/x86_64-linux-gnu/pkgconfig:/home/emmm/Desktop/rm/ROS2/learn/chapter3/fastdds_ws/install/foonathan_memory_vendor/lib/pkgconfig /usr/bin/cmake --build /home/emmm/Desktop/rm/ROS2/learn/chapter3/fastdds_ws/build/fastdds -- -j12 -l12
[0.426s] Invoking command in '/home/emmm/Desktop/rm/ROS2/learn/chapter3/fastdds_ws/build/fastdds': CMAKE_PREFIX_PATH=/home/emmm/Desktop/rm/ROS2/learn/chapter3/fastdds_ws/install/foonathan_memory_vendor:/home/emmm/Desktop/rm/ROS2/learn/chapter3/fastdds_ws/install/fastcdr LD_LIBRARY_PATH=/home/emmm/Desktop/rm/ROS2/learn/chapter3/fastdds_ws/install/fastcdr/lib:${LD_LIBRARY_PATH} PKG_CONFIG_PATH=/home/emmm/Desktop/rm/ROS2/learn/chapter3/fastdds_ws/install/foonathan_memory_vendor/lib/x86_64-linux-gnu/pkgconfig:/home/emmm/Desktop/rm/ROS2/learn/chapter3/fastdds_ws/install/foonathan_memory_vendor/lib/pkgconfig /usr/bin/cmake --install /home/emmm/Desktop/rm/ROS2/learn/chapter3/fastdds_ws/build/fastdds
[0.435s] -- Install configuration: "Release"
[0.435s] -- Up-to-date: /home/emmm/Desktop/rm/ROS2/learn/chapter3/fastdds_ws/install/fastdds/include/fastdds
[0.435s] -- Up-to-date: /home/emmm/Desktop/rm/ROS2/learn/chapter3/fastdds_ws/install/fastdds/include/fastdds/LibrarySettings.hpp
[0.435s] -- Up-to-date: /home/emmm/Desktop/rm/ROS2/learn/chapter3/fastdds_ws/install/fastdds/include/fastdds/config
[0.435s] -- Up-to-date: /home/emmm/Desktop/rm/ROS2/learn/chapter3/fastdds_ws/install/fastdds/include/fastdds/config/doxygen_modules.hpp
[0.436s] -- Up-to-date: /home/emmm/Desktop/rm/ROS2/learn/chapter3/fastdds_ws/install/fastdds/include/fastdds/utils
[0.436s] -- Up-to-date: /home/emmm/Desktop/rm/ROS2/learn/chapter3/fastdds_ws/install/fastdds/include/fastdds/utils/IPFinder.hpp
[0.436s] -- Up-to-date: /home/emmm/Desktop/rm/ROS2/learn/chapter3/fastdds_ws/install/fastdds/include/fastdds/utils/TimedConditionVariable.hpp
[0.436s] -- Up-to-date: /home/emmm/Desktop/rm/ROS2/learn/chapter3/fastdds_ws/install/fastdds/include/fastdds/utils/fixed_size_bitmap.hpp
[0.436s] -- Up-to-date: /home/emmm/Desktop/rm/ROS2/learn/chapter3/fastdds_ws/install/fastdds/include/fastdds/utils/md5.hpp
[0.436s] -- Up-to-date: /home/emmm/Desktop/rm/ROS2/learn/chapter3/fastdds_ws/install/fastdds/include/fastdds/utils/TimedMutex.hpp
[0.436s] -- Up-to-date: /home/emmm/Desktop/rm/ROS2/learn/chapter3/fastdds_ws/install/fastdds/include/fastdds/utils/collections
[0.436s] -- Up-to-date: /home/emmm/Desktop/rm/ROS2/learn/chapter3/fastdds_ws/install/fastdds/include/fastdds/utils/collections/ResourceLimitedVector.hpp
[0.436s] -- Up-to-date: /home/emmm/Desktop/rm/ROS2/learn/chapter3/fastdds_ws/install/fastdds/include/fastdds/utils/collections/ResourceLimitedContainerConfig.hpp
[0.436s] -- Up-to-date: /home/emmm/Desktop/rm/ROS2/learn/chapter3/fastdds_ws/install/fastdds/include/fastdds/utils/IPLocator.hpp
[0.437s] -- Up-to-date: /home/emmm/Desktop/rm/ROS2/learn/chapter3/fastdds_ws/install/fastdds/include/fastdds/statistics
[0.437s] -- Up-to-date: /home/emmm/Desktop/rm/ROS2/learn/chapter3/fastdds_ws/install/fastdds/include/fastdds/statistics/IListeners.hpp
[0.437s] -- Up-to-date: /home/emmm/Desktop/rm/ROS2/learn/chapter3/fastdds_ws/install/fastdds/include/fastdds/statistics/rtps
[0.437s] -- Up-to-date: /home/emmm/Desktop/rm/ROS2/learn/chapter3/fastdds_ws/install/fastdds/include/fastdds/statistics/rtps/monitor_service
[0.437s] -- Up-to-date: /home/emmm/Desktop/rm/ROS2/learn/chapter3/fastdds_ws/install/fastdds/include/fastdds/statistics/rtps/monitor_service/connections_fwd.hpp
[0.438s] -- Up-to-date: /home/emmm/Desktop/rm/ROS2/learn/chapter3/fastdds_ws/install/fastdds/include/fastdds/statistics/rtps/StatisticsCommon.hpp
[0.438s] -- Up-to-date: /home/emmm/Desktop/rm/ROS2/learn/chapter3/fastdds_ws/install/fastdds/include/fastdds/statistics/topic_names.hpp
[0.438s] -- Up-to-date: /home/emmm/Desktop/rm/ROS2/learn/chapter3/fastdds_ws/install/fastdds/include/fastdds/statistics/dds
[0.438s] -- Up-to-date: /home/emmm/Desktop/rm/ROS2/learn/chapter3/fastdds_ws/install/fastdds/include/fastdds/statistics/dds/publisher
[0.438s] -- Up-to-date: /home/emmm/Desktop/rm/ROS2/learn/chapter3/fastdds_ws/install/fastdds/include/fastdds/statistics/dds/publisher/qos
[0.438s] -- Up-to-date: /home/emmm/Desktop/rm/ROS2/learn/chapter3/fastdds_ws/install/fastdds/include/fastdds/statistics/dds/publisher/qos/DataWriterQos.hpp
[0.438s] -- Up-to-date: /home/emmm/Desktop/rm/ROS2/learn/chapter3/fastdds_ws/install/fastdds/include/fastdds/statistics/dds/subscriber
[0.438s] -- Up-to-date: /home/emmm/Desktop/rm/ROS2/learn/chapter3/fastdds_ws/install/fastdds/include/fastdds/statistics/dds/subscriber/qos
[0.438s] -- Up-to-date: /home/emmm/Desktop/rm/ROS2/learn/chapter3/fastdds_ws/install/fastdds/include/fastdds/statistics/dds/subscriber/qos/DataReaderQos.hpp
[0.439s] -- Up-to-date: /home/emmm/Desktop/rm/ROS2/learn/chapter3/fastdds_ws/install/fastdds/include/fastdds/statistics/dds/domain
[0.439s] -- Up-to-date: /home/emmm/Desktop/rm/ROS2/learn/chapter3/fastdds_ws/install/fastdds/include/fastdds/statistics/dds/domain/DomainParticipant.hpp
[0.439s] -- Up-to-date: /home/emmm/Desktop/rm/ROS2/learn/chapter3/fastdds_ws/install/fastdds/include/fastdds/rtps
[0.439s] -- Up-to-date: /home/emmm/Desktop/rm/ROS2/learn/chapter3/fastdds_ws/install/fastdds/include/fastdds/rtps/interfaces
[0.439s] -- Up-to-date: /home/emmm/Desktop/rm/ROS2/learn/chapter3/fastdds_ws/install/fastdds/include/fastdds/rtps/interfaces/IReaderDataFilter.hpp
[0.439s] -- Up-to-date: /home/emmm/Desktop/rm/ROS2/learn/chapter3/fastdds_ws/install/fastdds/include/fastdds/rtps/reader
[0.439s] -- Up-to-date: /home/emmm/Desktop/rm/ROS2/learn/chapter3/fastdds_ws/install/fastdds/include/fastdds/rtps/reader/ReaderListener.hpp
[0.439s] -- Up-to-date: /home/emmm/Desktop/rm/ROS2/learn/chapter3/fastdds_ws/install/fastdds/include/fastdds/rtps/reader/ReaderDiscoveryStatus.hpp
[0.439s] -- Up-to-date: /home/emmm/Desktop/rm/ROS2/learn/chapter3/fastdds_ws/install/fastdds/include/fastdds/rtps/reader/RTPSReader.hpp
[0.440s] -- Up-to-date: /home/emmm/Desktop/rm/ROS2/learn/chapter3/fastdds_ws/install/fastdds/include/fastdds/rtps/attributes
[0.440s] -- Up-to-date: /home/emmm/Desktop/rm/ROS2/learn/chapter3/fastdds_ws/install/fastdds/include/fastdds/rtps/attributes/ReaderAttributes.hpp
[0.440s] -- Up-to-date: /home/emmm/Desktop/rm/ROS2/learn/chapter3/fastdds_ws/install/fastdds/include/fastdds/rtps/attributes/HistoryAttributes.hpp
[0.440s] -- Up-to-date: /home/emmm/Desktop/rm/ROS2/learn/chapter3/fastdds_ws/install/fastdds/include/fastdds/rtps/attributes/RTPSParticipantAllocationAttributes.hpp
[0.440s] -- Up-to-date: /home/emmm/Desktop/rm/ROS2/learn/chapter3/fastdds_ws/install/fastdds/include/fastdds/rtps/attributes/ThreadSettings.hpp
[0.440s] -- Up-to-date: /home/emmm/Desktop/rm/ROS2/learn/chapter3/fastdds_ws/install/fastdds/include/fastdds/rtps/attributes/RTPSParticipantAttributes.hpp
[0.440s] -- Up-to-date: /home/emmm/Desktop/rm/ROS2/learn/chapter3/fastdds_ws/install/fastdds/include/fastdds/rtps/attributes/ResourceManagement.hpp
[0.440s] -- Up-to-date: /home/emmm/Desktop/rm/ROS2/learn/chapter3/fastdds_ws/install/fastdds/include/fastdds/rtps/attributes/BuiltinTransports.hpp
[0.440s] -- Up-to-date: /home/emmm/Desktop/rm/ROS2/learn/chapter3/fastdds_ws/install/fastdds/include/fastdds/rtps/attributes/EndpointSecurityAttributes.hpp
[0.440s] -- Up-to-date: /home/emmm/Desktop/rm/ROS2/learn/chapter3/fastdds_ws/install/fastdds/include/fastdds/rtps/attributes/ExternalLocators.hpp
[0.440s] -- Up-to-date: /home/emmm/Desktop/rm/ROS2/learn/chapter3/fastdds_ws/install/fastdds/include/fastdds/rtps/attributes/EndpointAttributes.hpp
[0.441s] -- Up-to-date: /home/emmm/Desktop/rm/ROS2/learn/chapter3/fastdds_ws/install/fastdds/include/fastdds/rtps/attributes/PropertyPolicy.hpp
[0.441s] -- Up-to-date: /home/emmm/Desktop/rm/ROS2/learn/chapter3/fastdds_ws/install/fastdds/include/fastdds/rtps/attributes/WriterAttributes.hpp
[0.441s] -- Up-to-date: /home/emmm/Desktop/rm/ROS2/learn/chapter3/fastdds_ws/install/fastdds/include/fastdds/rtps/builtin
[0.441s] -- Up-to-date: /home/emmm/Desktop/rm/ROS2/learn/chapter3/fastdds_ws/install/fastdds/include/fastdds/rtps/builtin/data
[0.441s] -- Up-to-date: /home/emmm/Desktop/rm/ROS2/learn/chapter3/fastdds_ws/install/fastdds/include/fastdds/rtps/builtin/data/TopicDescription.hpp
[0.441s] -- Up-to-date: /home/emmm/Desktop/rm/ROS2/learn/chapter3/fastdds_ws/install/fastdds/include/fastdds/rtps/builtin/data/BuiltinTopicKey.hpp
[0.441s] -- Up-to-date: /home/emmm/Desktop/rm/ROS2/learn/chapter3/fastdds_ws/install/fastdds/include/fastdds/rtps/builtin/data/BuiltinEndpoints.hpp
[0.441s] -- Up-to-date: /home/emmm/Desktop/rm/ROS2/learn/chapter3/fastdds_ws/install/fastdds/include/fastdds/rtps/builtin/data/PublicationBuiltinTopicData.hpp
[0.441s] -- Up-to-date: /home/emmm/Desktop/rm/ROS2/learn/chapter3/fastdds_ws/install/fastdds/include/fastdds/rtps/builtin/data/ContentFilterProperty.hpp
[0.441s] -- Up-to-date: /home/emmm/Desktop/rm/ROS2/learn/chapter3/fastdds_ws/install/fastdds/include/fastdds/rtps/builtin/data/ParticipantBuiltinTopicData.hpp
[0.441s] -- Up-to-date: /home/emmm/Desktop/rm/ROS2/learn/chapter3/fastdds_ws/install/fastdds/include/fastdds/rtps/builtin/data/SubscriptionBuiltinTopicData.hpp
[0.441s] -- Up-to-date: /home/emmm/Desktop/rm/ROS2/learn/chapter3/fastdds_ws/install/fastdds/include/fastdds/rtps/writer
[0.442s] -- Up-to-date: /home/emmm/Desktop/rm/ROS2/learn/chapter3/fastdds_ws/install/fastdds/include/fastdds/rtps/writer/WriterDiscoveryStatus.hpp
[0.442s] -- Up-to-date: /home/emmm/Desktop/rm/ROS2/learn/chapter3/fastdds_ws/install/fastdds/include/fastdds/rtps/writer/WriterListener.hpp
[0.442s] -- Up-to-date: /home/emmm/Desktop/rm/ROS2/learn/chapter3/fastdds_ws/install/fastdds/include/fastdds/rtps/writer/RTPSWriter.hpp
[0.442s] -- Up-to-date: /home/emmm/Desktop/rm/ROS2/learn/chapter3/fastdds_ws/install/fastdds/include/fastdds/rtps/history
[0.442s] -- Up-to-date: /home/emmm/Desktop/rm/ROS2/learn/chapter3/fastdds_ws/install/fastdds/include/fastdds/rtps/history/IChangePool.hpp
[0.442s] -- Up-to-date: /home/emmm/Desktop/rm/ROS2/learn/chapter3/fastdds_ws/install/fastdds/include/fastdds/rtps/history/History.hpp
[0.442s] -- Up-to-date: /home/emmm/Desktop/rm/ROS2/learn/chapter3/fastdds_ws/install/fastdds/include/fastdds/rtps/history/IPayloadPool.hpp
[0.442s] -- Up-to-date: /home/emmm/Desktop/rm/ROS2/learn/chapter3/fastdds_ws/install/fastdds/include/fastdds/rtps/history/ReaderHistory.hpp
[0.442s] -- Up-to-date: /home/emmm/Desktop/rm/ROS2/learn/chapter3/fastdds_ws/install/fastdds/include/fastdds/rtps/history/WriterHistory.hpp
[0.442s] -- Up-to-date: /home/emmm/Desktop/rm/ROS2/learn/chapter3/fastdds_ws/install/fastdds/include/fastdds/rtps/flowcontrol
[0.442s] -- Up-to-date: /home/emmm/Desktop/rm/ROS2/learn/chapter3/fastdds_ws/install/fastdds/include/fastdds/rtps/flowcontrol/FlowControllerSchedulerPolicy.hpp
[0.442s] -- Up-to-date: /home/emmm/Desktop/rm/ROS2/learn/chapter3/fastdds_ws/install/fastdds/include/fastdds/rtps/flowcontrol/FlowControllerConsts.hpp
[0.443s] -- Up-to-date: /home/emmm/Desktop/rm/ROS2/learn/chapter3/fastdds_ws/install/fastdds/include/fastdds/rtps/flowcontrol/FlowControllerDescriptor.hpp
[0.443s] -- Up-to-date: /home/emmm/Desktop/rm/ROS2/learn/chapter3/fastdds_ws/install/fastdds/include/fastdds/rtps/messages
[0.443s] -- Up-to-date: /home/emmm/Desktop/rm/ROS2/learn/chapter3/fastdds_ws/install/fastdds/include/fastdds/rtps/messages/RTPS_messages.hpp
[0.443s] -- Up-to-date: /home/emmm/Desktop/rm/ROS2/learn/chapter3/fastdds_ws/install/fastdds/include/fastdds/rtps/messages/RTPSMessageSenderInterface.hpp
[0.443s] -- Up-to-date: /home/emmm/Desktop/rm/ROS2/learn/chapter3/fastdds_ws/install/fastdds/include/fastdds/rtps/Endpoint.hpp
[0.443s] -- Up-to-date: /home/emmm/Desktop/rm/ROS2/learn/chapter3/fastdds_ws/install/fastdds/include/fastdds/rtps/common
[0.443s] -- Up-to-date: /home/emmm/Desktop/rm/ROS2/learn/chapter3/fastdds_ws/install/fastdds/include/fastdds/rtps/common/Token.hpp
[0.443s] -- Up-to-date: /home/emmm/Desktop/rm/ROS2/learn/chapter3/fastdds_ws/install/fastdds/include/fastdds/rtps/common/LocatorList.hpp
[0.443s] -- Up-to-date: /home/emmm/Desktop/rm/ROS2/learn/chapter3/fastdds_ws/install/fastdds/include/fastdds/rtps/common/RemoteLocators.hpp
[0.443s] -- Up-to-date: /home/emmm/Desktop/rm/ROS2/learn/chapter3/fastdds_ws/install/fastdds/include/fastdds/rtps/common/OriginalWriterInfo.hpp
[0.443s] -- Up-to-date: /home/emmm/Desktop/rm/ROS2/learn/chapter3/fastdds_ws/install/fastdds/include/fastdds/rtps/common/BinaryProperty.hpp
[0.444s] -- Up-to-date: /home/emmm/Desktop/rm/ROS2/learn/chapter3/fastdds_ws/install/fastdds/include/fastdds/rtps/common/Property.hpp
[0.444s] -- Up-to-date: /home/emmm/Desktop/rm/ROS2/learn/chapter3/fastdds_ws/install/fastdds/include/fastdds/rtps/common/FragmentNumber.hpp
[0.444s] -- Up-to-date: /home/emmm/Desktop/rm/ROS2/learn/chapter3/fastdds_ws/install/fastdds/include/fastdds/rtps/common/PortParameters.hpp
[0.444s] -- Up-to-date: /home/emmm/Desktop/rm/ROS2/learn/chapter3/fastdds_ws/install/fastdds/include/fastdds/rtps/common/MatchingInfo.hpp
[0.444s] -- Up-to-date: /home/emmm/Desktop/rm/ROS2/learn/chapter3/fastdds_ws/install/fastdds/include/fastdds/rtps/common/ProductVersion_t.hpp
[0.444s] -- Up-to-date: /home/emmm/Desktop/rm/ROS2/learn/chapter3/fastdds_ws/install/fastdds/include/fastdds/rtps/common/VendorId_t.hpp
[0.444s] -- Up-to-date: /home/emmm/Desktop/rm/ROS2/learn/chapter3/fastdds_ws/install/fastdds/include/fastdds/rtps/common/InstanceHandle.hpp
[0.444s] -- Up-to-date: /home/emmm/Desktop/rm/ROS2/learn/chapter3/fastdds_ws/install/fastdds/include/fastdds/rtps/common/LocatorListComparisons.hpp
[0.444s] -- Up-to-date: /home/emmm/Desktop/rm/ROS2/learn/chapter3/fastdds_ws/install/fastdds/include/fastdds/rtps/common/CacheChange.hpp
[0.444s] -- Up-to-date: /home/emmm/Desktop/rm/ROS2/learn/chapter3/fastdds_ws/install/fastdds/include/fastdds/rtps/common/LocatorsIterator.hpp
[0.444s] -- Up-to-date: /home/emmm/Desktop/rm/ROS2/learn/chapter3/fastdds_ws/install/fastdds/include/fastdds/rtps/common/LocatorWithMask.hpp
[0.444s] -- Up-to-date: /home/emmm/Desktop/rm/ROS2/learn/chapter3/fastdds_ws/install/fastdds/include/fastdds/rtps/common/Time_t.hpp
[0.444s] -- Up-to-date: /home/emmm/Desktop/rm/ROS2/learn/chapter3/fastdds_ws/install/fastdds/include/fastdds/rtps/common/Guid.hpp
[0.444s] -- Up-to-date: /home/emmm/Desktop/rm/ROS2/learn/chapter3/fastdds_ws/install/fastdds/include/fastdds/rtps/common/SampleIdentity.hpp
[0.444s] -- Up-to-date: /home/emmm/Desktop/rm/ROS2/learn/chapter3/fastdds_ws/install/fastdds/include/fastdds/rtps/common/Locator.hpp
[0.444s] -- Up-to-date: /home/emmm/Desktop/rm/ROS2/learn/chapter3/fastdds_ws/install/fastdds/include/fastdds/rtps/common/LocatorSelectorEntry.hpp
[0.444s] -- Up-to-date: /home/emmm/Desktop/rm/ROS2/learn/chapter3/fastdds_ws/install/fastdds/include/fastdds/rtps/common/WriteParams.hpp
[0.444s] -- Up-to-date: /home/emmm/Desktop/rm/ROS2/learn/chapter3/fastdds_ws/install/fastdds/include/fastdds/rtps/common/SequenceNumber.hpp
[0.444s] -- Up-to-date: /home/emmm/Desktop/rm/ROS2/learn/chapter3/fastdds_ws/install/fastdds/include/fastdds/rtps/common/Types.hpp
[0.444s] -- Up-to-date: /home/emmm/Desktop/rm/ROS2/learn/chapter3/fastdds_ws/install/fastdds/include/fastdds/rtps/common/EntityId_t.hpp
[0.444s] -- Up-to-date: /home/emmm/Desktop/rm/ROS2/learn/chapter3/fastdds_ws/install/fastdds/include/fastdds/rtps/common/CDRMessage_t.hpp
[0.445s] -- Up-to-date: /home/emmm/Desktop/rm/ROS2/learn/chapter3/fastdds_ws/install/fastdds/include/fastdds/rtps/common/GuidPrefix_t.hpp
[0.445s] -- Up-to-date: /home/emmm/Desktop/rm/ROS2/learn/chapter3/fastdds_ws/install/fastdds/include/fastdds/rtps/common/ChangeKind_t.hpp
[0.445s] -- Up-to-date: /home/emmm/Desktop/rm/ROS2/learn/chapter3/fastdds_ws/install/fastdds/include/fastdds/rtps/common/CdrSerialization.hpp
[0.445s] -- Up-to-date: /home/emmm/Desktop/rm/ROS2/learn/chapter3/fastdds_ws/install/fastdds/include/fastdds/rtps/common/LocatorSelector.hpp
[0.445s] -- Up-to-date: /home/emmm/Desktop/rm/ROS2/learn/chapter3/fastdds_ws/install/fastdds/include/fastdds/rtps/common/SerializedPayload.hpp
[0.445s] -- Up-to-date: /home/emmm/Desktop/rm/ROS2/learn/chapter3/fastdds_ws/install/fastdds/include/fastdds/rtps/RTPSDomain.hpp
[0.445s] -- Up-to-date: /home/emmm/Desktop/rm/ROS2/learn/chapter3/fastdds_ws/install/fastdds/include/fastdds/rtps/participant
[0.445s] -- Up-to-date: /home/emmm/Desktop/rm/ROS2/learn/chapter3/fastdds_ws/install/fastdds/include/fastdds/rtps/participant/ParticipantDiscoveryInfo.hpp
[0.445s] -- Up-to-date: /home/emmm/Desktop/rm/ROS2/learn/chapter3/fastdds_ws/install/fastdds/include/fastdds/rtps/participant/RTPSParticipant.hpp
[0.445s] -- Up-to-date: /home/emmm/Desktop/rm/ROS2/learn/chapter3/fastdds_ws/install/fastdds/include/fastdds/rtps/participant/RTPSParticipantListener.hpp
[0.445s] -- Up-to-date: /home/emmm/Desktop/rm/ROS2/learn/chapter3/fastdds_ws/install/fastdds/include/fastdds/rtps/transport
[0.445s] -- Up-to-date: /home/emmm/Desktop/rm/ROS2/learn/chapter3/fastdds_ws/install/fastdds/include/fastdds/rtps/transport/SocketTransportDescriptor.hpp
[0.445s] -- Up-to-date: /home/emmm/Desktop/rm/ROS2/learn/chapter3/fastdds_ws/install/fastdds/include/fastdds/rtps/transport/TransportDescriptorInterface.hpp
[0.445s] -- Up-to-date: /home/emmm/Desktop/rm/ROS2/learn/chapter3/fastdds_ws/install/fastdds/include/fastdds/rtps/transport/TCPTransportDescriptor.hpp
[0.445s] -- Up-to-date: /home/emmm/Desktop/rm/ROS2/learn/chapter3/fastdds_ws/install/fastdds/include/fastdds/rtps/transport/SenderResource.hpp
[0.445s] -- Up-to-date: /home/emmm/Desktop/rm/ROS2/learn/chapter3/fastdds_ws/install/fastdds/include/fastdds/rtps/transport/PortBasedTransportDescriptor.hpp
[0.445s] -- Up-to-date: /home/emmm/Desktop/rm/ROS2/learn/chapter3/fastdds_ws/install/fastdds/include/fastdds/rtps/transport/network
[0.445s] -- Up-to-date: /home/emmm/Desktop/rm/ROS2/learn/chapter3/fastdds_ws/install/fastdds/include/fastdds/rtps/transport/network/NetworkInterfaceWithFilter.hpp
[0.445s] -- Up-to-date: /home/emmm/Desktop/rm/ROS2/learn/chapter3/fastdds_ws/install/fastdds/include/fastdds/rtps/transport/network/NetmaskFilterKind.hpp
[0.445s] -- Up-to-date: /home/emmm/Desktop/rm/ROS2/learn/chapter3/fastdds_ws/install/fastdds/include/fastdds/rtps/transport/network/AllowedNetworkInterface.hpp
[0.445s] -- Up-to-date: /home/emmm/Desktop/rm/ROS2/learn/chapter3/fastdds_ws/install/fastdds/include/fastdds/rtps/transport/network/BlockedNetworkInterface.hpp
[0.445s] -- Up-to-date: /home/emmm/Desktop/rm/ROS2/learn/chapter3/fastdds_ws/install/fastdds/include/fastdds/rtps/transport/network/NetworkInterface.hpp
[0.445s] -- Up-to-date: /home/emmm/Desktop/rm/ROS2/learn/chapter3/fastdds_ws/install/fastdds/include/fastdds/rtps/transport/TransportReceiverInterface.hpp
[0.445s] -- Up-to-date: /home/emmm/Desktop/rm/ROS2/learn/chapter3/fastdds_ws/install/fastdds/include/fastdds/rtps/transport/test_UDPv4TransportDescriptor.hpp
[0.445s] -- Up-to-date: /home/emmm/Desktop/rm/ROS2/learn/chapter3/fastdds_ws/install/fastdds/include/fastdds/rtps/transport/shared_mem
[0.445s] -- Up-to-date: /home/emmm/Desktop/rm/ROS2/learn/chapter3/fastdds_ws/install/fastdds/include/fastdds/rtps/transport/shared_mem/SharedMemTransportDescriptor.hpp
[0.445s] -- Up-to-date: /home/emmm/Desktop/rm/ROS2/learn/chapter3/fastdds_ws/install/fastdds/include/fastdds/rtps/transport/shared_mem/test_SharedMemTransportDescriptor.hpp
[0.445s] -- Up-to-date: /home/emmm/Desktop/rm/ROS2/learn/chapter3/fastdds_ws/install/fastdds/include/fastdds/rtps/transport/TCPv4TransportDescriptor.hpp
[0.445s] -- Up-to-date: /home/emmm/Desktop/rm/ROS2/learn/chapter3/fastdds_ws/install/fastdds/include/fastdds/rtps/transport/TransportInterface.hpp
[0.445s] -- Up-to-date: /home/emmm/Desktop/rm/ROS2/learn/chapter3/fastdds_ws/install/fastdds/include/fastdds/rtps/transport/NetworkBuffer.hpp
[0.445s] -- Up-to-date: /home/emmm/Desktop/rm/ROS2/learn/chapter3/fastdds_ws/install/fastdds/include/fastdds/rtps/transport/UDPv6TransportDescriptor.hpp
[0.445s] -- Up-to-date: /home/emmm/Desktop/rm/ROS2/learn/chapter3/fastdds_ws/install/fastdds/include/fastdds/rtps/transport/ChainingTransportDescriptor.hpp
[0.446s] -- Up-to-date: /home/emmm/Desktop/rm/ROS2/learn/chapter3/fastdds_ws/install/fastdds/include/fastdds/rtps/transport/UDPv4TransportDescriptor.hpp
[0.446s] -- Up-to-date: /home/emmm/Desktop/rm/ROS2/learn/chapter3/fastdds_ws/install/fastdds/include/fastdds/rtps/transport/UDPTransportDescriptor.hpp
[0.446s] -- Up-to-date: /home/emmm/Desktop/rm/ROS2/learn/chapter3/fastdds_ws/install/fastdds/include/fastdds/rtps/transport/TCPv6TransportDescriptor.hpp
[0.446s] -- Up-to-date: /home/emmm/Desktop/rm/ROS2/learn/chapter3/fastdds_ws/install/fastdds/include/fastdds/rtps/transport/ChainingTransport.hpp
[0.446s] -- Up-to-date: /home/emmm/Desktop/rm/ROS2/learn/chapter3/fastdds_ws/install/fastdds/include/fastdds/fastdds_auto_link.hpp
[0.446s] -- Up-to-date: /home/emmm/Desktop/rm/ROS2/learn/chapter3/fastdds_ws/install/fastdds/include/fastdds/fastdds_dll.hpp
[0.446s] -- Up-to-date: /home/emmm/Desktop/rm/ROS2/learn/chapter3/fastdds_ws/install/fastdds/include/fastdds/dds
[0.446s] -- Up-to-date: /home/emmm/Desktop/rm/ROS2/learn/chapter3/fastdds_ws/install/fastdds/include/fastdds/dds/publisher
[0.446s] -- Up-to-date: /home/emmm/Desktop/rm/ROS2/learn/chapter3/fastdds_ws/install/fastdds/include/fastdds/dds/publisher/PublisherListener.hpp
[0.446s] -- Up-to-date: /home/emmm/Desktop/rm/ROS2/learn/chapter3/fastdds_ws/install/fastdds/include/fastdds/dds/publisher/Publisher.hpp
[0.446s] -- Up-to-date: /home/emmm/Desktop/rm/ROS2/learn/chapter3/fastdds_ws/install/fastdds/include/fastdds/dds/publisher/DataWriterListener.hpp
[0.446s] -- Up-to-date: /home/emmm/Desktop/rm/ROS2/learn/chapter3/fastdds_ws/install/fastdds/include/fastdds/dds/publisher/qos
[0.446s] -- Up-to-date: /home/emmm/Desktop/rm/ROS2/learn/chapter3/fastdds_ws/install/fastdds/include/fastdds/dds/publisher/qos/WriterQos.hpp
[0.446s] -- Up-to-date: /home/emmm/Desktop/rm/ROS2/learn/chapter3/fastdds_ws/install/fastdds/include/fastdds/dds/publisher/qos/PublisherQos.hpp
[0.446s] -- Up-to-date: /home/emmm/Desktop/rm/ROS2/learn/chapter3/fastdds_ws/install/fastdds/include/fastdds/dds/publisher/qos/DataWriterQos.hpp
[0.446s] -- Up-to-date: /home/emmm/Desktop/rm/ROS2/learn/chapter3/fastdds_ws/install/fastdds/include/fastdds/dds/publisher/DataWriter.hpp
[0.446s] -- Up-to-date: /home/emmm/Desktop/rm/ROS2/learn/chapter3/fastdds_ws/install/fastdds/include/fastdds/dds/subscriber
[0.446s] -- Up-to-date: /home/emmm/Desktop/rm/ROS2/learn/chapter3/fastdds_ws/install/fastdds/include/fastdds/dds/subscriber/InstanceState.hpp
[0.446s] -- Up-to-date: /home/emmm/Desktop/rm/ROS2/learn/chapter3/fastdds_ws/install/fastdds/include/fastdds/dds/subscriber/SubscriberListener.hpp
[0.446s] -- Up-to-date: /home/emmm/Desktop/rm/ROS2/learn/chapter3/fastdds_ws/install/fastdds/include/fastdds/dds/subscriber/SampleInfo.hpp
[0.446s] -- Up-to-date: /home/emmm/Desktop/rm/ROS2/learn/chapter3/fastdds_ws/install/fastdds/include/fastdds/dds/subscriber/Subscriber.hpp
[0.446s] -- Up-to-date: /home/emmm/Desktop/rm/ROS2/learn/chapter3/fastdds_ws/install/fastdds/include/fastdds/dds/subscriber/DataReader.hpp
[0.446s] -- Up-to-date: /home/emmm/Desktop/rm/ROS2/learn/chapter3/fastdds_ws/install/fastdds/include/fastdds/dds/subscriber/DataReaderListener.hpp
[0.446s] -- Up-to-date: /home/emmm/Desktop/rm/ROS2/learn/chapter3/fastdds_ws/install/fastdds/include/fastdds/dds/subscriber/qos
[0.446s] -- Up-to-date: /home/emmm/Desktop/rm/ROS2/learn/chapter3/fastdds_ws/install/fastdds/include/fastdds/dds/subscriber/qos/SubscriberQos.hpp
[0.446s] -- Up-to-date: /home/emmm/Desktop/rm/ROS2/learn/chapter3/fastdds_ws/install/fastdds/include/fastdds/dds/subscriber/qos/DataReaderQos.hpp
[0.447s] -- Up-to-date: /home/emmm/Desktop/rm/ROS2/learn/chapter3/fastdds_ws/install/fastdds/include/fastdds/dds/subscriber/qos/ReaderQos.hpp
[0.447s] -- Up-to-date: /home/emmm/Desktop/rm/ROS2/learn/chapter3/fastdds_ws/install/fastdds/include/fastdds/dds/subscriber/ReadCondition.hpp
[0.447s] -- Up-to-date: /home/emmm/Desktop/rm/ROS2/learn/chapter3/fastdds_ws/install/fastdds/include/fastdds/dds/subscriber/SampleState.hpp
[0.447s] -- Up-to-date: /home/emmm/Desktop/rm/ROS2/learn/chapter3/fastdds_ws/install/fastdds/include/fastdds/dds/subscriber/ViewState.hpp
[0.447s] -- Up-to-date: /home/emmm/Desktop/rm/ROS2/learn/chapter3/fastdds_ws/install/fastdds/include/fastdds/dds/rpc
[0.447s] -- Up-to-date: /home/emmm/Desktop/rm/ROS2/learn/chapter3/fastdds_ws/install/fastdds/include/fastdds/dds/rpc/interfaces
[0.447s] -- Up-to-date: /home/emmm/Desktop/rm/ROS2/learn/chapter3/fastdds_ws/install/fastdds/include/fastdds/dds/rpc/interfaces/RpcServerSchedulingStrategy.hpp
[0.447s] -- Up-to-date: /home/emmm/Desktop/rm/ROS2/learn/chapter3/fastdds_ws/install/fastdds/include/fastdds/dds/rpc/interfaces/RpcServer.hpp
[0.447s] -- Up-to-date: /home/emmm/Desktop/rm/ROS2/learn/chapter3/fastdds_ws/install/fastdds/include/fastdds/dds/rpc/interfaces/RpcStatusCode.hpp
[0.447s] -- Up-to-date: /home/emmm/Desktop/rm/ROS2/learn/chapter3/fastdds_ws/install/fastdds/include/fastdds/dds/rpc/interfaces/RpcRequest.hpp
[0.448s] -- Up-to-date: /home/emmm/Desktop/rm/ROS2/learn/chapter3/fastdds_ws/install/fastdds/include/fastdds/dds/rpc/interfaces/RpcFuture.hpp
[0.448s] -- Up-to-date: /home/emmm/Desktop/rm/ROS2/learn/chapter3/fastdds_ws/install/fastdds/include/fastdds/dds/rpc/Service.hpp
[0.449s] -- Up-to-date: /home/emmm/Desktop/rm/ROS2/learn/chapter3/fastdds_ws/install/fastdds/include/fastdds/dds/rpc/Requester.hpp
[0.449s] -- Up-to-date: /home/emmm/Desktop/rm/ROS2/learn/chapter3/fastdds_ws/install/fastdds/include/fastdds/dds/rpc/RemoteExceptionCode_t.hpp
[0.449s] -- Up-to-date: /home/emmm/Desktop/rm/ROS2/learn/chapter3/fastdds_ws/install/fastdds/include/fastdds/dds/rpc/RPCEntity.hpp
[0.449s] -- Up-to-date: /home/emmm/Desktop/rm/ROS2/learn/chapter3/fastdds_ws/install/fastdds/include/fastdds/dds/rpc/RequestInfo.hpp
[0.449s] -- Up-to-date: /home/emmm/Desktop/rm/ROS2/learn/chapter3/fastdds_ws/install/fastdds/include/fastdds/dds/rpc/interfaces.hpp
[0.449s] -- Up-to-date: /home/emmm/Desktop/rm/ROS2/learn/chapter3/fastdds_ws/install/fastdds/include/fastdds/dds/rpc/exceptions
[0.449s] -- Up-to-date: /home/emmm/Desktop/rm/ROS2/learn/chapter3/fastdds_ws/install/fastdds/include/fastdds/dds/rpc/exceptions/RpcTimeoutException.hpp
[0.449s] -- Up-to-date: /home/emmm/Desktop/rm/ROS2/learn/chapter3/fastdds_ws/install/fastdds/include/fastdds/dds/rpc/exceptions/RpcOperationError.hpp
[0.449s] -- Up-to-date: /home/emmm/Desktop/rm/ROS2/learn/chapter3/fastdds_ws/install/fastdds/include/fastdds/dds/rpc/exceptions/RemoteInvalidArgumentError.hpp
[0.449s] -- Up-to-date: /home/emmm/Desktop/rm/ROS2/learn/chapter3/fastdds_ws/install/fastdds/include/fastdds/dds/rpc/exceptions/RemoteUnsupportedError.hpp
[0.449s] -- Up-to-date: /home/emmm/Desktop/rm/ROS2/learn/chapter3/fastdds_ws/install/fastdds/include/fastdds/dds/rpc/exceptions/RpcException.hpp
[0.450s] -- Up-to-date: /home/emmm/Desktop/rm/ROS2/learn/chapter3/fastdds_ws/install/fastdds/include/fastdds/dds/rpc/exceptions/RemoteOutOfResourcesError.hpp
[0.450s] -- Up-to-date: /home/emmm/Desktop/rm/ROS2/learn/chapter3/fastdds_ws/install/fastdds/include/fastdds/dds/rpc/exceptions/RemoteUnknownExceptionError.hpp
[0.450s] -- Up-to-date: /home/emmm/Desktop/rm/ROS2/learn/chapter3/fastdds_ws/install/fastdds/include/fastdds/dds/rpc/exceptions/RpcBrokenPipeException.hpp
[0.450s] -- Up-to-date: /home/emmm/Desktop/rm/ROS2/learn/chapter3/fastdds_ws/install/fastdds/include/fastdds/dds/rpc/exceptions/RpcRemoteException.hpp
[0.450s] -- Up-to-date: /home/emmm/Desktop/rm/ROS2/learn/chapter3/fastdds_ws/install/fastdds/include/fastdds/dds/rpc/exceptions/RemoteUnknownOperationError.hpp
[0.450s] -- Up-to-date: /home/emmm/Desktop/rm/ROS2/learn/chapter3/fastdds_ws/install/fastdds/include/fastdds/dds/rpc/exceptions/RpcFeedCancelledException.hpp
[0.450s] -- Up-to-date: /home/emmm/Desktop/rm/ROS2/learn/chapter3/fastdds_ws/install/fastdds/include/fastdds/dds/rpc/Replier.hpp
[0.450s] -- Up-to-date: /home/emmm/Desktop/rm/ROS2/learn/chapter3/fastdds_ws/install/fastdds/include/fastdds/dds/rpc/RPCTypeObjectSupport.hpp
[0.450s] -- Up-to-date: /home/emmm/Desktop/rm/ROS2/learn/chapter3/fastdds_ws/install/fastdds/include/fastdds/dds/rpc/exceptions.hpp
[0.450s] -- Up-to-date: /home/emmm/Desktop/rm/ROS2/learn/chapter3/fastdds_ws/install/fastdds/include/fastdds/dds/rpc/ServiceTypeSupport.hpp
[0.451s] -- Up-to-date: /home/emmm/Desktop/rm/ROS2/learn/chapter3/fastdds_ws/install/fastdds/include/fastdds/dds/builtin
[0.451s] -- Up-to-date: /home/emmm/Desktop/rm/ROS2/learn/chapter3/fastdds_ws/install/fastdds/include/fastdds/dds/builtin/topic
[0.451s] -- Up-to-date: /home/emmm/Desktop/rm/ROS2/learn/chapter3/fastdds_ws/install/fastdds/include/fastdds/dds/builtin/topic/BuiltinTopicKey.hpp
[0.451s] -- Up-to-date: /home/emmm/Desktop/rm/ROS2/learn/chapter3/fastdds_ws/install/fastdds/include/fastdds/dds/builtin/topic/PublicationBuiltinTopicData.hpp
[0.451s] -- Up-to-date: /home/emmm/Desktop/rm/ROS2/learn/chapter3/fastdds_ws/install/fastdds/include/fastdds/dds/builtin/topic/TopicBuiltinTopicData.hpp
[0.451s] -- Up-to-date: /home/emmm/Desktop/rm/ROS2/learn/chapter3/fastdds_ws/install/fastdds/include/fastdds/dds/builtin/topic/ParticipantBuiltinTopicData.hpp
[0.451s] -- Up-to-date: /home/emmm/Desktop/rm/ROS2/learn/chapter3/fastdds_ws/install/fastdds/include/fastdds/dds/builtin/topic/SubscriptionBuiltinTopicData.hpp
[0.451s] -- Up-to-date: /home/emmm/Desktop/rm/ROS2/learn/chapter3/fastdds_ws/install/fastdds/include/fastdds/dds/topic
[0.451s] -- Up-to-date: /home/emmm/Desktop/rm/ROS2/learn/chapter3/fastdds_ws/install/fastdds/include/fastdds/dds/topic/TopicDataType.hpp
[0.451s] -- Up-to-date: /home/emmm/Desktop/rm/ROS2/learn/chapter3/fastdds_ws/install/fastdds/include/fastdds/dds/topic/TopicDescription.hpp
[0.451s] -- Up-to-date: /home/emmm/Desktop/rm/ROS2/learn/chapter3/fastdds_ws/install/fastdds/include/fastdds/dds/topic/TypeSupport.hpp
[0.452s] -- Up-to-date: /home/emmm/Desktop/rm/ROS2/learn/chapter3/fastdds_ws/install/fastdds/include/fastdds/dds/topic/ContentFilteredTopic.hpp
[0.452s] -- Up-to-date: /home/emmm/Desktop/rm/ROS2/learn/chapter3/fastdds_ws/install/fastdds/include/fastdds/dds/topic/qos
[0.452s] -- Up-to-date: /home/emmm/Desktop/rm/ROS2/learn/chapter3/fastdds_ws/install/fastdds/include/fastdds/dds/topic/qos/TopicQos.hpp
[0.452s] -- Up-to-date: /home/emmm/Desktop/rm/ROS2/learn/chapter3/fastdds_ws/install/fastdds/include/fastdds/dds/topic/IContentFilterFactory.hpp
[0.452s] -- Up-to-date: /home/emmm/Desktop/rm/ROS2/learn/chapter3/fastdds_ws/install/fastdds/include/fastdds/dds/topic/Topic.hpp
[0.452s] -- Up-to-date: /home/emmm/Desktop/rm/ROS2/learn/chapter3/fastdds_ws/install/fastdds/include/fastdds/dds/topic/IContentFilter.hpp
[0.452s] -- Up-to-date: /home/emmm/Desktop/rm/ROS2/learn/chapter3/fastdds_ws/install/fastdds/include/fastdds/dds/topic/TopicListener.hpp
[0.452s] -- Up-to-date: /home/emmm/Desktop/rm/ROS2/learn/chapter3/fastdds_ws/install/fastdds/include/fastdds/dds/log
[0.453s] -- Up-to-date: /home/emmm/Desktop/rm/ROS2/learn/chapter3/fastdds_ws/install/fastdds/include/fastdds/dds/log/Log.hpp
[0.453s] -- Up-to-date: /home/emmm/Desktop/rm/ROS2/learn/chapter3/fastdds_ws/install/fastdds/include/fastdds/dds/log/OStreamConsumer.hpp
[0.453s] -- Up-to-date: /home/emmm/Desktop/rm/ROS2/learn/chapter3/fastdds_ws/install/fastdds/include/fastdds/dds/log/StdoutErrConsumer.hpp
[0.454s] -- Up-to-date: /home/emmm/Desktop/rm/ROS2/learn/chapter3/fastdds_ws/install/fastdds/include/fastdds/dds/log/Colors.hpp
[0.454s] -- Up-to-date: /home/emmm/Desktop/rm/ROS2/learn/chapter3/fastdds_ws/install/fastdds/include/fastdds/dds/log/FileConsumer.hpp
[0.454s] -- Up-to-date: /home/emmm/Desktop/rm/ROS2/learn/chapter3/fastdds_ws/install/fastdds/include/fastdds/dds/log/StdoutConsumer.hpp
[0.454s] -- Up-to-date: /home/emmm/Desktop/rm/ROS2/learn/chapter3/fastdds_ws/install/fastdds/include/fastdds/dds/core
[0.454s] -- Up-to-date: /home/emmm/Desktop/rm/ROS2/learn/chapter3/fastdds_ws/install/fastdds/include/fastdds/dds/core/StackAllocatedSequence.hpp
[0.454s] -- Up-to-date: /home/emmm/Desktop/rm/ROS2/learn/chapter3/fastdds_ws/install/fastdds/include/fastdds/dds/core/UserAllocatedSequence.hpp
[0.455s] -- Up-to-date: /home/emmm/Desktop/rm/ROS2/learn/chapter3/fastdds_ws/install/fastdds/include/fastdds/dds/core/LoanableTypedCollection.hpp
[0.455s] -- Up-to-date: /home/emmm/Desktop/rm/ROS2/learn/chapter3/fastdds_ws/install/fastdds/include/fastdds/dds/core/LoanableArray.hpp
[0.455s] -- Up-to-date: /home/emmm/Desktop/rm/ROS2/learn/chapter3/fastdds_ws/install/fastdds/include/fastdds/dds/core/ReturnCode.hpp
[0.455s] -- Up-to-date: /home/emmm/Desktop/rm/ROS2/learn/chapter3/fastdds_ws/install/fastdds/include/fastdds/dds/core/Time_t.hpp
[0.455s] -- Up-to-date: /home/emmm/Desktop/rm/ROS2/learn/chapter3/fastdds_ws/install/fastdds/include/fastdds/dds/core/Entity.hpp
[0.455s] -- Up-to-date: /home/emmm/Desktop/rm/ROS2/learn/chapter3/fastdds_ws/install/fastdds/include/fastdds/dds/core/LoanableSequence.hpp
[0.455s] -- Up-to-date: /home/emmm/Desktop/rm/ROS2/learn/chapter3/fastdds_ws/install/fastdds/include/fastdds/dds/core/status
[0.456s] -- Up-to-date: /home/emmm/Desktop/rm/ROS2/learn/chapter3/fastdds_ws/install/fastdds/include/fastdds/dds/core/status/MatchedStatus.hpp
[0.456s] -- Up-to-date: /home/emmm/Desktop/rm/ROS2/learn/chapter3/fastdds_ws/install/fastdds/include/fastdds/dds/core/status/PublicationMatchedStatus.hpp
[0.456s] -- Up-to-date: /home/emmm/Desktop/rm/ROS2/learn/chapter3/fastdds_ws/install/fastdds/include/fastdds/dds/core/status/BaseStatus.hpp
[0.456s] -- Up-to-date: /home/emmm/Desktop/rm/ROS2/learn/chapter3/fastdds_ws/install/fastdds/include/fastdds/dds/core/status/IncompatibleQosStatus.hpp
[0.456s] -- Up-to-date: /home/emmm/Desktop/rm/ROS2/learn/chapter3/fastdds_ws/install/fastdds/include/fastdds/dds/core/status/SubscriptionMatchedStatus.hpp
[0.456s] -- Up-to-date: /home/emmm/Desktop/rm/ROS2/learn/chapter3/fastdds_ws/install/fastdds/include/fastdds/dds/core/status/SampleRejectedStatus.hpp
[0.457s] -- Up-to-date: /home/emmm/Desktop/rm/ROS2/learn/chapter3/fastdds_ws/install/fastdds/include/fastdds/dds/core/status/LivelinessChangedStatus.hpp
[0.457s] -- Up-to-date: /home/emmm/Desktop/rm/ROS2/learn/chapter3/fastdds_ws/install/fastdds/include/fastdds/dds/core/status/StatusMask.hpp
[0.457s] -- Up-to-date: /home/emmm/Desktop/rm/ROS2/learn/chapter3/fastdds_ws/install/fastdds/include/fastdds/dds/core/status/DeadlineMissedStatus.hpp
[0.457s] -- Up-to-date: /home/emmm/Desktop/rm/ROS2/learn/chapter3/fastdds_ws/install/fastdds/include/fastdds/dds/core/policy
[0.457s] -- Up-to-date: /home/emmm/Desktop/rm/ROS2/learn/chapter3/fastdds_ws/install/fastdds/include/fastdds/dds/core/policy/ParameterTypes.hpp
[0.457s] -- Up-to-date: /home/emmm/Desktop/rm/ROS2/learn/chapter3/fastdds_ws/install/fastdds/include/fastdds/dds/core/policy/ReaderDataLifecycleQosPolicy.hpp
[0.458s] -- Up-to-date: /home/emmm/Desktop/rm/ROS2/learn/chapter3/fastdds_ws/install/fastdds/include/fastdds/dds/core/policy/RTPSReliableReaderQos.hpp
[0.458s] -- Up-to-date: /home/emmm/Desktop/rm/ROS2/learn/chapter3/fastdds_ws/install/fastdds/include/fastdds/dds/core/policy/RTPSReliableWriterQos.hpp
[0.458s] -- Up-to-date: /home/emmm/Desktop/rm/ROS2/learn/chapter3/fastdds_ws/install/fastdds/include/fastdds/dds/core/policy/ReaderResourceLimitsQos.hpp
[0.458s] -- Up-to-date: /home/emmm/Desktop/rm/ROS2/learn/chapter3/fastdds_ws/install/fastdds/include/fastdds/dds/core/policy/QosPolicies.hpp
[0.459s] -- Up-to-date: /home/emmm/Desktop/rm/ROS2/learn/chapter3/fastdds_ws/install/fastdds/include/fastdds/dds/core/policy/WriterDataLifecycleQosPolicy.hpp
[0.459s] -- Up-to-date: /home/emmm/Desktop/rm/ROS2/learn/chapter3/fastdds_ws/install/fastdds/include/fastdds/dds/core/LoanableCollection.hpp
[0.459s] -- Up-to-date: /home/emmm/Desktop/rm/ROS2/learn/chapter3/fastdds_ws/install/fastdds/include/fastdds/dds/core/Types.hpp
[0.459s] -- Up-to-date: /home/emmm/Desktop/rm/ROS2/learn/chapter3/fastdds_ws/install/fastdds/include/fastdds/dds/core/condition
[0.459s] -- Up-to-date: /home/emmm/Desktop/rm/ROS2/learn/chapter3/fastdds_ws/install/fastdds/include/fastdds/dds/core/condition/StatusCondition.hpp
[0.459s] -- Up-to-date: /home/emmm/Desktop/rm/ROS2/learn/chapter3/fastdds_ws/install/fastdds/include/fastdds/dds/core/condition/WaitSet.hpp
[0.460s] -- Up-to-date: /home/emmm/Desktop/rm/ROS2/learn/chapter3/fastdds_ws/install/fastdds/include/fastdds/dds/core/condition/GuardCondition.hpp
[0.460s] -- Up-to-date: /home/emmm/Desktop/rm/ROS2/learn/chapter3/fastdds_ws/install/fastdds/include/fastdds/dds/core/condition/Condition.hpp
[0.460s] -- Up-to-date: /home/emmm/Desktop/rm/ROS2/learn/chapter3/fastdds_ws/install/fastdds/include/fastdds/dds/core/detail
[0.460s] -- Up-to-date: /home/emmm/Desktop/rm/ROS2/learn/chapter3/fastdds_ws/install/fastdds/include/fastdds/dds/core/detail/DDSSecurityReturnCode.hpp
[0.460s] -- Up-to-date: /home/emmm/Desktop/rm/ROS2/learn/chapter3/fastdds_ws/install/fastdds/include/fastdds/dds/core/detail/DDSReturnCode.hpp
[0.460s] -- Up-to-date: /home/emmm/Desktop/rm/ROS2/learn/chapter3/fastdds_ws/install/fastdds/include/fastdds/dds/common
[0.461s] -- Up-to-date: /home/emmm/Desktop/rm/ROS2/learn/chapter3/fastdds_ws/install/fastdds/include/fastdds/dds/common/InstanceHandle.hpp
[0.461s] -- Up-to-date: /home/emmm/Desktop/rm/ROS2/learn/chapter3/fastdds_ws/install/fastdds/include/fastdds/dds/domain
[0.461s] -- Up-to-date: /home/emmm/Desktop/rm/ROS2/learn/chapter3/fastdds_ws/install/fastdds/include/fastdds/dds/domain/DomainParticipantListener.hpp
[0.461s] -- Up-to-date: /home/emmm/Desktop/rm/ROS2/learn/chapter3/fastdds_ws/install/fastdds/include/fastdds/dds/domain/qos
[0.461s] -- Up-to-date: /home/emmm/Desktop/rm/ROS2/learn/chapter3/fastdds_ws/install/fastdds/include/fastdds/dds/domain/qos/RequesterQos.hpp
[0.462s] -- Up-to-date: /home/emmm/Desktop/rm/ROS2/learn/chapter3/fastdds_ws/install/fastdds/include/fastdds/dds/domain/qos/DomainParticipantExtendedQos.hpp
[0.462s] -- Up-to-date: /home/emmm/Desktop/rm/ROS2/learn/chapter3/fastdds_ws/install/fastdds/include/fastdds/dds/domain/qos/DomainParticipantFactoryQos.hpp
[0.462s] -- Up-to-date: /home/emmm/Desktop/rm/ROS2/learn/chapter3/fastdds_ws/install/fastdds/include/fastdds/dds/domain/qos/ReplierQos.hpp
[0.462s] -- Up-to-date: /home/emmm/Desktop/rm/ROS2/learn/chapter3/fastdds_ws/install/fastdds/include/fastdds/dds/domain/qos/DomainParticipantQos.hpp
[0.462s] -- Up-to-date: /home/emmm/Desktop/rm/ROS2/learn/chapter3/fastdds_ws/install/fastdds/include/fastdds/dds/domain/DomainParticipant.hpp
[0.462s] -- Up-to-date: /home/emmm/Desktop/rm/ROS2/learn/chapter3/fastdds_ws/install/fastdds/include/fastdds/dds/domain/DomainParticipantFactory.hpp
[0.463s] -- Up-to-date: /home/emmm/Desktop/rm/ROS2/learn/chapter3/fastdds_ws/install/fastdds/include/fastdds/dds/xtypes
[0.463s] -- Up-to-date: /home/emmm/Desktop/rm/ROS2/learn/chapter3/fastdds_ws/install/fastdds/include/fastdds/dds/xtypes/common.hpp
[0.463s] -- Up-to-date: /home/emmm/Desktop/rm/ROS2/learn/chapter3/fastdds_ws/install/fastdds/include/fastdds/dds/xtypes/utils.hpp
[0.463s] -- Up-to-date: /home/emmm/Desktop/rm/ROS2/learn/chapter3/fastdds_ws/install/fastdds/include/fastdds/dds/xtypes/type_representation
[0.463s] -- Up-to-date: /home/emmm/Desktop/rm/ROS2/learn/chapter3/fastdds_ws/install/fastdds/include/fastdds/dds/xtypes/type_representation/ITypeObjectRegistry.hpp
[0.464s] -- Up-to-date: /home/emmm/Desktop/rm/ROS2/learn/chapter3/fastdds_ws/install/fastdds/include/fastdds/dds/xtypes/type_representation/TypeObjectUtils.hpp
[0.464s] -- Up-to-date: /home/emmm/Desktop/rm/ROS2/learn/chapter3/fastdds_ws/install/fastdds/include/fastdds/dds/xtypes/type_representation/TypeObject.hpp
[0.464s] -- Up-to-date: /home/emmm/Desktop/rm/ROS2/learn/chapter3/fastdds_ws/install/fastdds/include/fastdds/dds/xtypes/type_representation/detail
[0.464s] -- Up-to-date: /home/emmm/Desktop/rm/ROS2/learn/chapter3/fastdds_ws/install/fastdds/include/fastdds/dds/xtypes/type_representation/detail/dds_xtypes_typeobject.hpp
[0.464s] -- Up-to-date: /home/emmm/Desktop/rm/ROS2/learn/chapter3/fastdds_ws/install/fastdds/include/fastdds/dds/xtypes/type_representation/detail/dds_xtypes_typeobjectCdrAux.hpp
[0.465s] -- Up-to-date: /home/emmm/Desktop/rm/ROS2/learn/chapter3/fastdds_ws/install/fastdds/include/fastdds/dds/xtypes/type_representation/detail/dds_xtypes_typeobjectPubSubTypes.hpp
[0.465s] -- Up-to-date: /home/emmm/Desktop/rm/ROS2/learn/chapter3/fastdds_ws/install/fastdds/include/fastdds/dds/xtypes/dynamic_types
[0.465s] -- Up-to-date: /home/emmm/Desktop/rm/ROS2/learn/chapter3/fastdds_ws/install/fastdds/include/fastdds/dds/xtypes/dynamic_types/DynamicDataFactory.hpp
[0.465s] -- Up-to-date: /home/emmm/Desktop/rm/ROS2/learn/chapter3/fastdds_ws/install/fastdds/include/fastdds/dds/xtypes/dynamic_types/DynamicTypeBuilderFactory.hpp
[0.465s] -- Up-to-date: /home/emmm/Desktop/rm/ROS2/learn/chapter3/fastdds_ws/install/fastdds/include/fastdds/dds/xtypes/dynamic_types/AnnotationDescriptor.hpp
[0.466s] -- Up-to-date: /home/emmm/Desktop/rm/ROS2/learn/chapter3/fastdds_ws/install/fastdds/include/fastdds/dds/xtypes/dynamic_types/DynamicPubSubType.hpp
[0.466s] -- Up-to-date: /home/emmm/Desktop/rm/ROS2/learn/chapter3/fastdds_ws/install/fastdds/include/fastdds/dds/xtypes/dynamic_types/MemberDescriptor.hpp
[0.466s] -- Up-to-date: /home/emmm/Desktop/rm/ROS2/learn/chapter3/fastdds_ws/install/fastdds/include/fastdds/dds/xtypes/dynamic_types/type_traits.hpp
[0.466s] -- Up-to-date: /home/emmm/Desktop/rm/ROS2/learn/chapter3/fastdds_ws/install/fastdds/include/fastdds/dds/xtypes/dynamic_types/TypeDescriptor.hpp
[0.466s] -- Up-to-date: /home/emmm/Desktop/rm/ROS2/learn/chapter3/fastdds_ws/install/fastdds/include/fastdds/dds/xtypes/dynamic_types/DynamicTypeBuilder.hpp
[0.466s] -- Up-to-date: /home/emmm/Desktop/rm/ROS2/learn/chapter3/fastdds_ws/install/fastdds/include/fastdds/dds/xtypes/dynamic_types/Types.hpp
[0.467s] -- Up-to-date: /home/emmm/Desktop/rm/ROS2/learn/chapter3/fastdds_ws/install/fastdds/include/fastdds/dds/xtypes/dynamic_types/DynamicData.hpp
[0.467s] -- Up-to-date: /home/emmm/Desktop/rm/ROS2/learn/chapter3/fastdds_ws/install/fastdds/include/fastdds/dds/xtypes/dynamic_types/VerbatimTextDescriptor.hpp
[0.467s] -- Up-to-date: /home/emmm/Desktop/rm/ROS2/learn/chapter3/fastdds_ws/install/fastdds/include/fastdds/dds/xtypes/dynamic_types/DynamicTypeMember.hpp
[0.467s] -- Up-to-date: /home/emmm/Desktop/rm/ROS2/learn/chapter3/fastdds_ws/install/fastdds/include/fastdds/dds/xtypes/dynamic_types/DynamicType.hpp
[0.467s] -- Up-to-date: /home/emmm/Desktop/rm/ROS2/learn/chapter3/fastdds_ws/install/fastdds/include/fastdds/dds/xtypes/dynamic_types/detail
[0.467s] -- Up-to-date: /home/emmm/Desktop/rm/ROS2/learn/chapter3/fastdds_ws/install/fastdds/include/fastdds/dds/xtypes/dynamic_types/detail/type_traits.hpp
[0.468s] -- Up-to-date: /home/emmm/Desktop/rm/ROS2/learn/chapter3/fastdds_ws/install/fastdds/include/fastdds/dds/xtypes/dynamic_types/detail/dynamic_language_binding.hpp
[0.468s] -- Up-to-date: /home/emmm/Desktop/rm/ROS2/learn/chapter3/fastdds_ws/install/fastdds/include/fastdds/dds/xtypes/exception
[0.468s] -- Up-to-date: /home/emmm/Desktop/rm/ROS2/learn/chapter3/fastdds_ws/install/fastdds/include/fastdds/dds/xtypes/exception/Exception.hpp
[0.468s] -- Up-to-date: /home/emmm/Desktop/rm/ROS2/learn/chapter3/fastdds_ws/install/fastdds/include/fastdds/config.hpp
[0.468s] -- Up-to-date: /home/emmm/Desktop/rm/ROS2/learn/chapter3/fastdds_ws/install/fastdds/include/fastdds/statistics
[0.468s] -- Up-to-date: /home/emmm/Desktop/rm/ROS2/learn/chapter3/fastdds_ws/install/fastdds/include/fastdds/statistics/rtps
[0.469s] -- Up-to-date: /home/emmm/Desktop/rm/ROS2/learn/chapter3/fastdds_ws/install/fastdds/include/fastdds/statistics/rtps/monitor_service
[0.469s] -- Up-to-date: /home/emmm/Desktop/rm/ROS2/learn/chapter3/fastdds_ws/install/fastdds/include/fastdds/statistics/types.idl
[0.469s] -- Up-to-date: /home/emmm/Desktop/rm/ROS2/learn/chapter3/fastdds_ws/install/fastdds/include/fastdds/statistics/monitorservice_types.idl
[0.469s] -- Up-to-date: /home/emmm/Desktop/rm/ROS2/learn/chapter3/fastdds_ws/install/fastdds/include/fastdds/statistics/dds
[0.469s] -- Up-to-date: /home/emmm/Desktop/rm/ROS2/learn/chapter3/fastdds_ws/install/fastdds/include/fastdds/statistics/dds/publisher
[0.470s] -- Up-to-date: /home/emmm/Desktop/rm/ROS2/learn/chapter3/fastdds_ws/install/fastdds/include/fastdds/statistics/dds/publisher/qos
[0.470s] -- Up-to-date: /home/emmm/Desktop/rm/ROS2/learn/chapter3/fastdds_ws/install/fastdds/include/fastdds/statistics/dds/subscriber
[0.470s] -- Up-to-date: /home/emmm/Desktop/rm/ROS2/learn/chapter3/fastdds_ws/install/fastdds/include/fastdds/statistics/dds/subscriber/qos
[0.470s] -- Up-to-date: /home/emmm/Desktop/rm/ROS2/learn/chapter3/fastdds_ws/install/fastdds/include/fastdds/statistics/dds/domain
[0.470s] -- Up-to-date: /home/emmm/Desktop/rm/ROS2/learn/chapter3/fastdds_ws/install/fastdds/lib/libfastdds.so.3.4.1.0
[0.470s] -- Up-to-date: /home/emmm/Desktop/rm/ROS2/learn/chapter3/fastdds_ws/install/fastdds/lib/libfastdds.so.3.4
[0.471s] -- Up-to-date: /home/emmm/Desktop/rm/ROS2/learn/chapter3/fastdds_ws/install/fastdds/lib/libfastdds.so
[0.471s] -- Up-to-date: /home/emmm/Desktop/rm/ROS2/learn/chapter3/fastdds_ws/install/fastdds/share/fastdds/cmake/fastdds-shared-targets.cmake
[0.471s] -- Up-to-date: /home/emmm/Desktop/rm/ROS2/learn/chapter3/fastdds_ws/install/fastdds/share/fastdds/cmake/fastdds-shared-targets-release.cmake
[0.471s] -- Up-to-date: /home/emmm/Desktop/rm/ROS2/learn/chapter3/fastdds_ws/install/fastdds/share/fastdds/cmake/fastdds-config.cmake
[0.471s] -- Up-to-date: /home/emmm/Desktop/rm/ROS2/learn/chapter3/fastdds_ws/install/fastdds/share/fastdds/cmake/fastdds-config-version.cmake
[0.471s] -- Up-to-date: /home/emmm/Desktop/rm/ROS2/learn/chapter3/fastdds_ws/install/fastdds/include/fastdds/thirdparty/optionparser
[0.471s] -- Up-to-date: /home/emmm/Desktop/rm/ROS2/learn/chapter3/fastdds_ws/install/fastdds/include/fastdds/thirdparty/optionparser/optionparser.hpp
[0.472s] -- Up-to-date: /home/emmm/Desktop/rm/ROS2/learn/chapter3/fastdds_ws/install/fastdds/include/fastdds/thirdparty/optionparser/optionparser
[0.472s] -- Up-to-date: /home/emmm/Desktop/rm/ROS2/learn/chapter3/fastdds_ws/install/fastdds/include/fastdds/thirdparty/optionparser/optionparser/optionparser.h
[0.472s] -- Up-to-date: /home/emmm/Desktop/rm/ROS2/learn/chapter3/fastdds_ws/install/fastdds/share/fastdds/cmake/optionparser-targets.cmake
[0.472s] -- Up-to-date: /home/emmm/Desktop/rm/ROS2/learn/chapter3/fastdds_ws/install/fastdds/bin/fast-discovery-server-1.0.1
[0.472s] -- Up-to-date: /home/emmm/Desktop/rm/ROS2/learn/chapter3/fastdds_ws/install/fastdds/tools/fastdds
[0.472s] -- Up-to-date: /home/emmm/Desktop/rm/ROS2/learn/chapter3/fastdds_ws/install/fastdds/tools/fastdds/shm
[0.473s] -- Up-to-date: /home/emmm/Desktop/rm/ROS2/learn/chapter3/fastdds_ws/install/fastdds/tools/fastdds/shm/clean.py
[0.473s] -- Up-to-date: /home/emmm/Desktop/rm/ROS2/learn/chapter3/fastdds_ws/install/fastdds/tools/fastdds/shm/parser.py
[0.473s] -- Up-to-date: /home/emmm/Desktop/rm/ROS2/learn/chapter3/fastdds_ws/install/fastdds/tools/fastdds/fastdds.py
[0.473s] -- Up-to-date: /home/emmm/Desktop/rm/ROS2/learn/chapter3/fastdds_ws/install/fastdds/tools/fastdds/discovery
[0.473s] -- Up-to-date: /home/emmm/Desktop/rm/ROS2/learn/chapter3/fastdds_ws/install/fastdds/tools/fastdds/discovery/parser.py
[0.473s] -- Up-to-date: /home/emmm/Desktop/rm/ROS2/learn/chapter3/fastdds_ws/install/fastdds/tools/fastdds/discovery/fastdds_daemon
[0.474s] -- Up-to-date: /home/emmm/Desktop/rm/ROS2/learn/chapter3/fastdds_ws/install/fastdds/tools/fastdds/discovery/fastdds_daemon/process_handler
[0.474s] -- Up-to-date: /home/emmm/Desktop/rm/ROS2/learn/chapter3/fastdds_ws/install/fastdds/tools/fastdds/discovery/fastdds_daemon/process_handler/process_handler.py
[0.475s] -- Up-to-date: /home/emmm/Desktop/rm/ROS2/learn/chapter3/fastdds_ws/install/fastdds/tools/fastdds/discovery/fastdds_daemon/process_handler/__init__.py
[0.475s] -- Up-to-date: /home/emmm/Desktop/rm/ROS2/learn/chapter3/fastdds_ws/install/fastdds/tools/fastdds/discovery/fastdds_daemon/helpers.py
[0.475s] -- Up-to-date: /home/emmm/Desktop/rm/ROS2/learn/chapter3/fastdds_ws/install/fastdds/tools/fastdds/discovery/fastdds_daemon/daemon
[0.475s] -- Up-to-date: /home/emmm/Desktop/rm/ROS2/learn/chapter3/fastdds_ws/install/fastdds/tools/fastdds/discovery/fastdds_daemon/daemon/daemonize.py
[0.475s] -- Up-to-date: /home/emmm/Desktop/rm/ROS2/learn/chapter3/fastdds_ws/install/fastdds/tools/fastdds/discovery/fastdds_daemon/daemon/__init__.py
[0.475s] -- Up-to-date: /home/emmm/Desktop/rm/ROS2/learn/chapter3/fastdds_ws/install/fastdds/tools/fastdds/discovery/fastdds_daemon/xmlrpc_local
[0.476s] -- Up-to-date: /home/emmm/Desktop/rm/ROS2/learn/chapter3/fastdds_ws/install/fastdds/tools/fastdds/discovery/fastdds_daemon/xmlrpc_local/local_server.py
[0.476s] -- Up-to-date: /home/emmm/Desktop/rm/ROS2/learn/chapter3/fastdds_ws/install/fastdds/tools/fastdds/discovery/fastdds_daemon/xmlrpc_local/__init__.py
[0.477s] -- Up-to-date: /home/emmm/Desktop/rm/ROS2/learn/chapter3/fastdds_ws/install/fastdds/tools/fastdds/discovery/fastdds_daemon/xmlrpc_local/local_client.py
[0.477s] -- Up-to-date: /home/emmm/Desktop/rm/ROS2/learn/chapter3/fastdds_ws/install/fastdds/tools/fastdds/discovery/fastdds_daemon/node
[0.477s] -- Up-to-date: /home/emmm/Desktop/rm/ROS2/learn/chapter3/fastdds_ws/install/fastdds/tools/fastdds/discovery/fastdds_daemon/node/daemon_node.py
[0.477s] -- Up-to-date: /home/emmm/Desktop/rm/ROS2/learn/chapter3/fastdds_ws/install/fastdds/tools/fastdds/discovery/fastdds_daemon/node/__init__.py
[0.477s] -- Up-to-date: /home/emmm/Desktop/rm/ROS2/learn/chapter3/fastdds_ws/install/fastdds/tools/fastdds/xml_ci
[0.477s] -- Up-to-date: /home/emmm/Desktop/rm/ROS2/learn/chapter3/fastdds_ws/install/fastdds/tools/fastdds/xml_ci/parser.py
[0.478s] -- Up-to-date: /home/emmm/Desktop/rm/ROS2/learn/chapter3/fastdds_ws/install/fastdds/tools/fastdds/xml_ci/validate.py
[0.478s] -- Up-to-date: /home/emmm/Desktop/rm/ROS2/learn/chapter3/fastdds_ws/install/fastdds/bin
[0.478s] -- Up-to-date: /home/emmm/Desktop/rm/ROS2/learn/chapter3/fastdds_ws/install/fastdds/bin/fastdds
[0.478s] -- Up-to-date: /home/emmm/Desktop/rm/ROS2/learn/chapter3/fastdds_ws/install/fastdds/bin/ros-discovery
[0.478s] -- Up-to-date: /home/emmm/Desktop/rm/ROS2/learn/chapter3/fastdds_ws/install/fastdds/share/fastdds/LICENSE
[0.478s] -- Up-to-date: /home/emmm/Desktop/rm/ROS2/learn/chapter3/fastdds_ws/install/fastdds/share/fastdds/fastdds_profiles.xsd
[0.479s] -- Up-to-date: /home/emmm/Desktop/rm/ROS2/learn/chapter3/fastdds_ws/install/fastdds/share/fastdds/fastdds_static_discovery.xsd
[0.479s] Invoked command in '/home/emmm/Desktop/rm/ROS2/learn/chapter3/fastdds_ws/build/fastdds' returned '0': CMAKE_PREFIX_PATH=/home/emmm/Desktop/rm/ROS2/learn/chapter3/fastdds_ws/install/foonathan_memory_vendor:/home/emmm/Desktop/rm/ROS2/learn/chapter3/fastdds_ws/install/fastcdr LD_LIBRARY_PATH=/home/emmm/Desktop/rm/ROS2/learn/chapter3/fastdds_ws/install/fastcdr/lib:${LD_LIBRARY_PATH} PKG_CONFIG_PATH=/home/emmm/Desktop/rm/ROS2/learn/chapter3/fastdds_ws/install/foonathan_memory_vendor/lib/x86_64-linux-gnu/pkgconfig:/home/emmm/Desktop/rm/ROS2/learn/chapter3/fastdds_ws/install/foonathan_memory_vendor/lib/pkgconfig /usr/bin/cmake --install /home/emmm/Desktop/rm/ROS2/learn/chapter3/fastdds_ws/build/fastdds
